16:03:48.725 [main                     ] DEBUG Logger               - Configured Logger
16:03:48.752 [main                     ] DEBUG GameApplication      - Logging settings
Title: Slime Conqueror
Version: v2.2
Width: 1280
Height: 900
Fullscreen: true
Intro: false
Profiling: false
Single step:false
App Mode: DEVELOPER
Menu Key: ESCAPE
Stage Style: DECORATED
Scene Factory: class GUI.MySceneFactory

16:03:49.142 [JavaFX Application Thread] DEBUG FXGLApplication      - Initializing FXGL
16:03:49.160 [JavaFX Application Thread] INFO  Engine               - FXGL-11.11 (08.09.2020 18.00) on WINDOWS (J:11.0.4 FX:14)
16:03:49.160 [JavaFX Application Thread] DEBUG Engine               - JRE Vendor Name: Oracle Corporation
16:03:49.160 [JavaFX Application Thread] DEBUG Engine               - Running on OS: Windows 10 version 10.0
16:03:49.160 [JavaFX Application Thread] DEBUG Engine               - Architecture: amd64
16:03:49.160 [JavaFX Application Thread] INFO  Engine               - Source code and latest versions at: https://github.com/AlmasB/FXGL
16:03:49.161 [JavaFX Application Thread] INFO  Engine               -              Join the FXGL chat at: https://gitter.im/AlmasB/FXGL
16:03:49.280 [JavaFX Application Thread] DEBUG MainWindow           - Creating a JavaFX scene
16:03:49.401 [JavaFX Application Thread] DEBUG MainWindow           - Target settings size: 1280.0 x 900.0
16:03:49.401 [JavaFX Application Thread] DEBUG MainWindow           - Scaled scene size:    1280.0 x 900.0
16:03:49.402 [JavaFX Application Thread] DEBUG MainWindow           - Scaled ratio: (1.0, 1.0)
16:03:49.404 [JavaFX Application Thread] DEBUG MainWindow           - Set initial scene to StartupScene
16:03:49.418 [JavaFX Application Thread] DEBUG MainWindow           - Opening main window
16:03:49.539 [JavaFX Application Thread] DEBUG MainWindow           - Window border size: (16.0, 39.0)
16:03:49.539 [JavaFX Application Thread] DEBUG MainWindow           - Scaled size: 1280.0 x 900.0
16:03:49.539 [JavaFX Application Thread] DEBUG MainWindow           - Scaled ratio: (1.0, 1.0)
16:03:49.540 [JavaFX Application Thread] DEBUG MainWindow           - Scene size: 1280.0 x 900.0
16:03:49.540 [JavaFX Application Thread] DEBUG MainWindow           - Stage size: 1296.0 x 939.0
16:03:49.555 [FXGL Background Thread 1 ] DEBUG Engine               - Initializing environment variables
16:03:49.609 [FXGL Background Thread 1 ] DEBUG GameApplicationServi - Applying CSS: fxgl_dark.css
16:03:49.611 [FXGL Background Thread 1 ] DEBUG FXGLAssetLoaderServi - Loading from file system: /assets/ui/css/fxgl_dark.css
16:03:49.704 [FXGL Background Thread 1 ] DEBUG GameApplicationServi - Initializing application scenes
16:03:49.795 [FXGL Background Thread 1 ] DEBUG GameWorld            - Game world initialized
16:03:49.893 [FXGL Background Thread 1 ] DEBUG PhysicsWorld         - Physics world initialized: appHeight=900, physics.ppm=50,0
16:03:49.896 [FXGL Background Thread 1 ] DEBUG GameScene            - Game scene initialized: 1280x900
16:03:50.262 [FXGL Background Thread 1 ] DEBUG GameApplicationServi - Application scenes initialized
16:03:50.281 [FXGL Background Thread 1 ] DEBUG SystemBundleService  - Loading FXGL system data
16:03:50.285 [FXGL Background Thread 1 ] DEBUG FileSystemAccess     - Reading from: D:\informatique\eclipse\workspace_e\Slime-Conqueror\system\fxgl.bundle
16:03:50.290 [FXGL Background Thread 1 ] DEBUG SystemBundleService  - Bundle FXGL: {}
16:03:50.290 [FXGL Background Thread 1 ] DEBUG UpdaterService       - Checking for updates
16:03:50.296 [FXGL Background Thread 4 ] DEBUG FXGLApplication      - Loading fonts
16:03:50.296 [FXGL Background Thread 4 ] DEBUG FXGLAssetLoaderServi - Loading from file system: /assets/ui/fonts/VarelaRound-Regular.ttf
16:03:50.296 [FXGL Background Thread 1 ] DEBUG FXGLApplication      - Loading default localization
16:03:50.297 [FXGL Background Thread 1 ] DEBUG FXGLAssetLoaderServi - Loading from file system: /assets/languages/english.lang
16:03:50.315 [FXGL Background Thread 1 ] INFO  FXGLApplication      - FXGL initialization took: 0,761 sec
16:03:50.331 [JavaFX Application Thread] DEBUG Input                - Registered new binding: HideGUI - H
16:03:50.331 [JavaFX Application Thread] DEBUG Input                - Registered new binding: Up - Z
16:03:50.331 [JavaFX Application Thread] DEBUG Input                - Registered new binding: Down - S
16:03:50.332 [JavaFX Application Thread] DEBUG Input                - Registered new binding: Left - Q
16:03:50.332 [JavaFX Application Thread] DEBUG Input                - Registered new binding: Right - D
16:03:50.332 [JavaFX Application Thread] DEBUG Input                - Registered new binding: Teleport - F
16:03:50.333 [JavaFX Application Thread] DEBUG Input                - Registered new binding: AttackPos - LMB
16:03:50.334 [JavaFX Application Thread] DEBUG Input                - Registered new binding: Attack - I
16:03:50.334 [JavaFX Application Thread] DEBUG FXGLAssetLoaderServi - Loading from file system: /assets/textures/fxgl_icon.png
16:03:50.394 [JavaFX Application Thread] DEBUG FXGLAssetLoaderServi - Loading from file system: /assets/ui/cursors/fxgl_default.png
16:03:50.399 [JavaFX Application Thread] DEBUG Input                - Registered new binding: Screenshot - P
16:03:50.399 [JavaFX Application Thread] DEBUG Input                - Registered new binding: System info dump - CTRL+9
16:03:50.400 [JavaFX Application Thread] DEBUG Input                - Registered new binding: Restart - CTRL+R
16:03:50.401 [JavaFX Application Thread] DEBUG Input                - Registered new binding: Toggle Debug Camera - CTRL+C
16:03:50.405 [JavaFX Application Thread] DEBUG LoopRunner           - Starting loop
16:03:50.408 [JavaFX Application Thread] DEBUG Input                - Clearing active input actions
16:03:50.433 [JavaFX Application Thread] DEBUG GameApplicationServi - Removing overlay from StartupScene and adding to FXGLMainMenuDummyScene
16:03:50.434 [JavaFX Application Thread] DEBUG MainWindow           - StartupScene -> FXGLMainMenuDummyScene
16:03:50.434 [JavaFX Application Thread] DEBUG MainWindow           - Push state: MyMenu
16:03:50.434 [JavaFX Application Thread] DEBUG Input                - Clearing active input actions
16:03:50.449 [JavaFX Application Thread] DEBUG GameApplicationServi - Removing overlay from FXGLMainMenuDummyScene and adding to MyMenu
16:03:50.450 [JavaFX Application Thread] DEBUG MainWindow           - FXGLMainMenuDummyScene -> MyMenu
16:03:50.813 [FXGL Background Thread 4 ] DEBUG FXGLAssetLoaderServi - Loading from file system: /assets/ui/fonts/Abel-Regular.ttf
16:03:50.817 [FXGL Background Thread 4 ] DEBUG FXGLAssetLoaderServi - Loading from file system: /assets/ui/fonts/lucida_console.ttf
16:03:50.823 [FXGL Background Thread 4 ] DEBUG FXGLAssetLoaderServi - Loading from file system: /assets/ui/fonts/Courier-Prime.ttf
16:03:50.828 [JavaFX Application Thread] DEBUG FXGLApplication      - Registering font factories with UI factory
16:03:52.670 [FXGL Background Thread 2 ] INFO  UpdaterService       - Your current version:  11.11
16:03:52.671 [FXGL Background Thread 2 ] INFO  UpdaterService       - Latest stable version: dev-SNAPSHOT
16:03:53.295 [FXGL Background Thread 3 ] DEBUG Engine               - Logging environment variables
16:03:53.295 [FXGL Background Thread 3 ] DEBUG Engine               - achievements: []
16:03:53.296 [FXGL Background Thread 3 ] DEBUG Engine               - appIcon: fxgl_icon.png
16:03:53.296 [FXGL Background Thread 3 ] DEBUG Engine               - applicationMode: DEVELOPER
16:03:53.296 [FXGL Background Thread 3 ] DEBUG Engine               - cSSList: [fxgl_dark.css]
16:03:53.296 [FXGL Background Thread 3 ] DEBUG Engine               - configClass: Optional.empty
16:03:53.296 [FXGL Background Thread 3 ] DEBUG Engine               - credits: []
16:03:53.296 [FXGL Background Thread 3 ] DEBUG Engine               - devBBoxColorProperty: ObjectProperty [value: 0xff0000ff]
16:03:53.296 [FXGL Background Thread 3 ] DEBUG Engine               - devEnableDebugCameraProperty: BooleanProperty [value: false]
16:03:53.296 [FXGL Background Thread 3 ] DEBUG Engine               - devSensorColorProperty: ObjectProperty [value: 0xffff00ff]
16:03:53.296 [FXGL Background Thread 3 ] DEBUG Engine               - devShowBBoxProperty: BooleanProperty [value: false]
16:03:53.296 [FXGL Background Thread 3 ] DEBUG Engine               - devShowPositionProperty: BooleanProperty [value: false]
16:03:53.297 [FXGL Background Thread 3 ] DEBUG Engine               - enabledMenuItems: []
16:03:53.297 [FXGL Background Thread 3 ] DEBUG Engine               - engineServices: [class com.almasb.fxgl.app.FXGLApplication$GameApplicationService, class com.almasb.fxgl.app.services.FXGLDialogService, class com.almasb.fxgl.app.services.IOTaskExecutorService, class com.almasb.fxgl.event.EventBusService, class com.almasb.fxgl.io.FileSystemService, class com.almasb.fxgl.localization.LocalizationService, class com.almasb.fxgl.app.services.FXGLAssetLoaderService, class com.almasb.fxgl.app.services.SystemBundleService, class com.almasb.fxgl.profile.SaveLoadService, class com.almasb.fxgl.ui.FXGLUIFactoryServiceProvider, class com.almasb.fxgl.ui.FXGLDialogFactoryServiceProvider, class com.almasb.fxgl.audio.AudioPlayer, class com.almasb.fxgl.notification.impl.NotificationServiceProvider, class com.almasb.fxgl.achievement.AchievementService, class com.almasb.fxgl.cutscene.CutsceneService, class com.almasb.fxgl.minigames.MiniGameService, class com.almasb.fxgl.net.NetService, class com.almasb.fxgl.app.services.UpdaterService, class com.almasb.fxgl.dev.DevService]
16:03:53.297 [FXGL Background Thread 3 ] DEBUG Engine               - fontGame: Abel-Regular.ttf
16:03:53.297 [FXGL Background Thread 3 ] DEBUG Engine               - fontMono: lucida_console.ttf
16:03:53.297 [FXGL Background Thread 3 ] DEBUG Engine               - fontText: Courier-Prime.ttf
16:03:53.297 [FXGL Background Thread 3 ] DEBUG Engine               - fontUI: VarelaRound-Regular.ttf
16:03:53.297 [FXGL Background Thread 3 ] DEBUG Engine               - fullScreen: BooleanProperty [value: false]
16:03:53.297 [FXGL Background Thread 3 ] DEBUG Engine               - gameDifficulty: MEDIUM
16:03:53.297 [FXGL Background Thread 3 ] DEBUG Engine               - gameDifficultyProperty: ObjectProperty [value: MEDIUM]
16:03:53.297 [FXGL Background Thread 3 ] DEBUG Engine               - globalMusicVolume: 0.5
16:03:53.297 [FXGL Background Thread 3 ] DEBUG Engine               - globalMusicVolumeProperty: DoubleProperty [value: 0.5]
16:03:53.297 [FXGL Background Thread 3 ] DEBUG Engine               - globalSoundVolume: 0.5
16:03:53.297 [FXGL Background Thread 3 ] DEBUG Engine               - globalSoundVolumeProperty: DoubleProperty [value: 0.5]
16:03:53.298 [FXGL Background Thread 3 ] DEBUG Engine               - height: 900
16:03:53.298 [FXGL Background Thread 3 ] DEBUG Engine               - isAndroid: false
16:03:53.298 [FXGL Background Thread 3 ] DEBUG Engine               - isBrowser: false
16:03:53.298 [FXGL Background Thread 3 ] DEBUG Engine               - isClickFeedbackEnabled: false
16:03:53.298 [FXGL Background Thread 3 ] DEBUG Engine               - isCloseConfirmation: false
16:03:53.298 [FXGL Background Thread 3 ] DEBUG Engine               - isDesktop: true
16:03:53.298 [FXGL Background Thread 3 ] DEBUG Engine               - isDeveloperMenuEnabled: false
16:03:53.298 [FXGL Background Thread 3 ] DEBUG Engine               - isEntityPreloadEnabled: true
16:03:53.298 [FXGL Background Thread 3 ] DEBUG Engine               - isExperimentalNative: false
16:03:53.298 [FXGL Background Thread 3 ] DEBUG Engine               - isExperimentalTiledLargeMap: false
16:03:53.298 [FXGL Background Thread 3 ] DEBUG Engine               - isFileSystemWriteAllowed: true
16:03:53.298 [FXGL Background Thread 3 ] DEBUG Engine               - isFullScreenAllowed: true
16:03:53.299 [FXGL Background Thread 3 ] DEBUG Engine               - isFullScreenFromStart: false
16:03:53.299 [FXGL Background Thread 3 ] DEBUG Engine               - isGameMenuEnabled: true
16:03:53.299 [FXGL Background Thread 3 ] DEBUG Engine               - isIOS: false
16:03:53.299 [FXGL Background Thread 3 ] DEBUG Engine               - isIntroEnabled: false
16:03:53.299 [FXGL Background Thread 3 ] DEBUG Engine               - isLinux: false
16:03:53.299 [FXGL Background Thread 3 ] DEBUG Engine               - isMac: false
16:03:53.299 [FXGL Background Thread 3 ] DEBUG Engine               - isMainMenuEnabled: true
16:03:53.299 [FXGL Background Thread 3 ] DEBUG Engine               - isManualResizeEnabled: true
16:03:53.299 [FXGL Background Thread 3 ] DEBUG Engine               - isMobile: false
16:03:53.299 [FXGL Background Thread 3 ] DEBUG Engine               - isPreserveResizeRatio: true
16:03:53.299 [FXGL Background Thread 3 ] DEBUG Engine               - isProfilingEnabled: false
16:03:53.299 [FXGL Background Thread 3 ] DEBUG Engine               - isSingleStep: false
16:03:53.299 [FXGL Background Thread 3 ] DEBUG Engine               - isUserProfileEnabled: false
16:03:53.299 [FXGL Background Thread 3 ] DEBUG Engine               - isWindows: true
16:03:53.300 [FXGL Background Thread 3 ] DEBUG Engine               - language: ObjectProperty [value: ENGLISH]
16:03:53.300 [FXGL Background Thread 3 ] DEBUG Engine               - menuKey: ESCAPE
16:03:53.300 [FXGL Background Thread 3 ] DEBUG Engine               - notificationViewClass: class com.almasb.fxgl.notification.view.XboxNotificationView
16:03:53.300 [FXGL Background Thread 3 ] DEBUG Engine               - pixelsPerMeter: 50.0
16:03:53.300 [FXGL Background Thread 3 ] DEBUG Engine               - platform: WINDOWS
16:03:53.300 [FXGL Background Thread 3 ] DEBUG Engine               - profileDir: profiles/
16:03:53.300 [FXGL Background Thread 3 ] DEBUG Engine               - profileName: StringProperty [value: DEFAULT]
16:03:53.300 [FXGL Background Thread 3 ] DEBUG Engine               - randomSeed: -1
16:03:53.301 [FXGL Background Thread 3 ] DEBUG Engine               - runtimeInfo: RuntimeInfo(platform=WINDOWS, version=11.11, build=08.09.2020 18.00)
16:03:53.301 [FXGL Background Thread 3 ] DEBUG Engine               - saveFileExt: sav
16:03:53.301 [FXGL Background Thread 3 ] DEBUG Engine               - sceneFactory: GUI.MySceneFactory@70a92a1e
16:03:53.301 [FXGL Background Thread 3 ] DEBUG Engine               - secondsIn24h: 60
16:03:53.301 [FXGL Background Thread 3 ] DEBUG Engine               - soundMenuBack: menu/back.wav
16:03:53.301 [FXGL Background Thread 3 ] DEBUG Engine               - soundMenuPress: menu/press.wav
16:03:53.301 [FXGL Background Thread 3 ] DEBUG Engine               - soundMenuSelect: menu/select.wav
16:03:53.301 [FXGL Background Thread 3 ] DEBUG Engine               - soundNotification: core/notification.wav
16:03:53.301 [FXGL Background Thread 3 ] DEBUG Engine               - stageStyle: DECORATED
16:03:53.301 [FXGL Background Thread 3 ] DEBUG Engine               - supportedLanguages: [ENGLISH, FRENCH, GERMAN, HUNGARIAN, RUSSIAN]
16:03:53.301 [FXGL Background Thread 3 ] DEBUG Engine               - title: Slime Conqueror
16:03:53.301 [FXGL Background Thread 3 ] DEBUG Engine               - urlGithub: https://github.com/AlmasB/FXGL
16:03:53.302 [FXGL Background Thread 3 ] DEBUG Engine               - urlLeaderboard: http://fxgl-top.herokuapp.com/
16:03:53.302 [FXGL Background Thread 3 ] DEBUG Engine               - urlPOM: https://raw.githubusercontent.com/AlmasB/FXGL/master/pom.xml
16:03:53.302 [FXGL Background Thread 3 ] DEBUG Engine               - version: v2.2
16:03:53.302 [FXGL Background Thread 3 ] DEBUG Engine               - versionCheckDays: 7
16:03:53.302 [FXGL Background Thread 3 ] DEBUG Engine               - width: 1280
16:03:53.302 [FXGL Background Thread 3 ] DEBUG Engine               - Logging services
16:03:53.302 [FXGL Background Thread 3 ] DEBUG Engine               - class com.almasb.fxgl.app.FXGLApplication$GameApplicationService
16:03:53.302 [FXGL Background Thread 3 ] DEBUG Engine               - class com.almasb.fxgl.app.services.FXGLDialogService
16:03:53.302 [FXGL Background Thread 3 ] DEBUG Engine               - class com.almasb.fxgl.app.services.IOTaskExecutorService
16:03:53.302 [FXGL Background Thread 3 ] DEBUG Engine               - class com.almasb.fxgl.event.EventBusService
16:03:53.302 [FXGL Background Thread 3 ] DEBUG Engine               - class com.almasb.fxgl.io.FileSystemService
16:03:53.302 [FXGL Background Thread 3 ] DEBUG Engine               - class com.almasb.fxgl.localization.LocalizationService
16:03:53.302 [FXGL Background Thread 3 ] DEBUG Engine               - class com.almasb.fxgl.app.services.FXGLAssetLoaderService
16:03:53.302 [FXGL Background Thread 3 ] DEBUG Engine               - class com.almasb.fxgl.app.services.SystemBundleService
16:03:53.302 [FXGL Background Thread 3 ] DEBUG Engine               - class com.almasb.fxgl.profile.SaveLoadService
16:03:53.303 [FXGL Background Thread 3 ] DEBUG Engine               - class com.almasb.fxgl.ui.FXGLUIFactoryServiceProvider
16:03:53.303 [FXGL Background Thread 3 ] DEBUG Engine               - class com.almasb.fxgl.ui.FXGLDialogFactoryServiceProvider
16:03:53.303 [FXGL Background Thread 3 ] DEBUG Engine               - class com.almasb.fxgl.audio.AudioPlayer
16:03:53.303 [FXGL Background Thread 3 ] DEBUG Engine               - class com.almasb.fxgl.notification.impl.NotificationServiceProvider
16:03:53.303 [FXGL Background Thread 3 ] DEBUG Engine               - class com.almasb.fxgl.achievement.AchievementService
16:03:53.303 [FXGL Background Thread 3 ] DEBUG Engine               - class com.almasb.fxgl.cutscene.CutsceneService
16:03:53.303 [FXGL Background Thread 3 ] DEBUG Engine               - class com.almasb.fxgl.minigames.MiniGameService
16:03:53.303 [FXGL Background Thread 3 ] DEBUG Engine               - class com.almasb.fxgl.net.NetService
16:03:53.303 [FXGL Background Thread 3 ] DEBUG Engine               - class com.almasb.fxgl.app.services.UpdaterService
16:03:53.303 [FXGL Background Thread 3 ] DEBUG Engine               - class com.almasb.fxgl.dev.DevService
16:03:53.688 [JavaFX Application Thread] DEBUG GameApplicationServi - Starting new game
16:03:53.689 [JavaFX Application Thread] DEBUG MainWindow           - Pop state: MyMenu
16:03:53.689 [JavaFX Application Thread] DEBUG Input                - Clearing active input actions
16:03:53.689 [JavaFX Application Thread] DEBUG GameApplicationServi - Removing overlay from MyMenu and adding to FXGLMainMenuDummyScene
16:03:53.690 [JavaFX Application Thread] DEBUG MainWindow           - FXGLMainMenuDummyScene <- MyMenu
16:03:53.690 [JavaFX Application Thread] DEBUG Input                - Clearing active input actions
16:03:53.703 [JavaFX Application Thread] DEBUG GameApplicationServi - Removing overlay from FXGLMainMenuDummyScene and adding to FXGLLoadingScene
16:03:53.704 [JavaFX Application Thread] DEBUG MainWindow           - FXGLMainMenuDummyScene -> FXGLLoadingScene
16:03:53.704 [JavaFX Application Thread] DEBUG GameApplicationServi - Clearing previous game
16:03:53.704 [JavaFX Application Thread] DEBUG GameScene            - Clearing game scene
16:03:53.704 [JavaFX Application Thread] DEBUG GameWorld            - Clearing game world
16:03:53.704 [JavaFX Application Thread] DEBUG PhysicsWorld         - Clearing physics world
16:03:53.706 [FXGL Background Thread 2 ] DEBUG FXGLApplication      - Initializing game
16:03:53.724 [FXGL Background Thread 2 ] DEBUG FXGLAssetLoaderServi - Loading from file system: /assets/levels/map_level0.txt
16:03:53.738 [FXGL Background Thread 2 ] DEBUG FXGLAssetLoaderServi - Loading from file system: /assets/textures/murGauche.png
16:03:53.751 [FXGL Background Thread 2 ] DEBUG FXGLAssetLoaderServi - Loading from file system: /assets/textures/murHautBas.png
16:03:53.754 [FXGL Background Thread 2 ] DEBUG FXGLAssetLoaderServi - Loading from cache: /assets/textures/murHautBas.png
16:03:53.755 [FXGL Background Thread 2 ] DEBUG FXGLAssetLoaderServi - Loading from cache: /assets/textures/murHautBas.png
16:03:53.756 [FXGL Background Thread 2 ] DEBUG FXGLAssetLoaderServi - Loading from cache: /assets/textures/murHautBas.png
16:03:53.757 [FXGL Background Thread 2 ] DEBUG FXGLAssetLoaderServi - Loading from cache: /assets/textures/murHautBas.png
16:03:53.758 [FXGL Background Thread 2 ] DEBUG FXGLAssetLoaderServi - Loading from cache: /assets/textures/murHautBas.png
16:03:53.760 [FXGL Background Thread 2 ] DEBUG FXGLAssetLoaderServi - Loading from cache: /assets/textures/murHautBas.png
16:03:53.762 [FXGL Background Thread 2 ] DEBUG FXGLAssetLoaderServi - Loading from cache: /assets/textures/murHautBas.png
16:03:53.764 [FXGL Background Thread 2 ] DEBUG FXGLAssetLoaderServi - Loading from cache: /assets/textures/murHautBas.png
16:03:53.767 [FXGL Background Thread 2 ] DEBUG FXGLAssetLoaderServi - Loading from cache: /assets/textures/murHautBas.png
16:03:53.769 [FXGL Background Thread 2 ] DEBUG FXGLAssetLoaderServi - Loading from cache: /assets/textures/murHautBas.png
16:03:53.770 [FXGL Background Thread 2 ] DEBUG FXGLAssetLoaderServi - Loading from cache: /assets/textures/murHautBas.png
16:03:53.771 [FXGL Background Thread 2 ] DEBUG FXGLAssetLoaderServi - Loading from cache: /assets/textures/murHautBas.png
16:03:53.772 [FXGL Background Thread 2 ] DEBUG FXGLAssetLoaderServi - Loading from cache: /assets/textures/murHautBas.png
16:03:53.774 [FXGL Background Thread 2 ] DEBUG FXGLAssetLoaderServi - Loading from cache: /assets/textures/murHautBas.png
16:03:53.775 [FXGL Background Thread 2 ] DEBUG FXGLAssetLoaderServi - Loading from cache: /assets/textures/murHautBas.png
16:03:53.776 [FXGL Background Thread 2 ] DEBUG FXGLAssetLoaderServi - Loading from cache: /assets/textures/murHautBas.png
16:03:53.777 [FXGL Background Thread 2 ] DEBUG FXGLAssetLoaderServi - Loading from cache: /assets/textures/murHautBas.png
16:03:53.778 [FXGL Background Thread 2 ] DEBUG FXGLAssetLoaderServi - Loading from cache: /assets/textures/murHautBas.png
16:03:53.780 [FXGL Background Thread 2 ] DEBUG FXGLAssetLoaderServi - Loading from file system: /assets/textures/murDroite.png
16:03:53.785 [FXGL Background Thread 2 ] DEBUG FXGLAssetLoaderServi - Loading from cache: /assets/textures/murGauche.png
16:03:53.786 [FXGL Background Thread 2 ] DEBUG FXGLAssetLoaderServi - Loading from file system: /assets/textures/sol.png
16:03:53.791 [FXGL Background Thread 2 ] DEBUG FXGLAssetLoaderServi - Loading from cache: /assets/textures/sol.png
16:03:53.793 [FXGL Background Thread 2 ] DEBUG FXGLAssetLoaderServi - Loading from cache: /assets/textures/sol.png
16:03:53.795 [FXGL Background Thread 2 ] DEBUG FXGLAssetLoaderServi - Loading from cache: /assets/textures/sol.png
16:03:53.796 [FXGL Background Thread 2 ] DEBUG FXGLAssetLoaderServi - Loading from cache: /assets/textures/sol.png
16:03:53.799 [FXGL Background Thread 2 ] DEBUG FXGLAssetLoaderServi - Loading from cache: /assets/textures/sol.png
16:03:53.802 [FXGL Background Thread 2 ] DEBUG FXGLAssetLoaderServi - Loading from cache: /assets/textures/sol.png
16:03:53.804 [FXGL Background Thread 2 ] DEBUG FXGLAssetLoaderServi - Loading from cache: /assets/textures/sol.png
16:03:53.807 [FXGL Background Thread 2 ] DEBUG FXGLAssetLoaderServi - Loading from cache: /assets/textures/sol.png
16:03:53.809 [FXGL Background Thread 2 ] DEBUG FXGLAssetLoaderServi - Loading from file system: /assets/textures/TP.png
16:03:53.827 [FXGL Background Thread 2 ] DEBUG FXGLAssetLoaderServi - Loading from cache: /assets/textures/sol.png
16:03:53.828 [FXGL Background Thread 2 ] DEBUG FXGLAssetLoaderServi - Loading from cache: /assets/textures/sol.png
16:03:53.828 [FXGL Background Thread 2 ] DEBUG FXGLAssetLoaderServi - Loading from cache: /assets/textures/sol.png
16:03:53.829 [FXGL Background Thread 2 ] DEBUG FXGLAssetLoaderServi - Loading from cache: /assets/textures/sol.png
16:03:53.830 [FXGL Background Thread 2 ] DEBUG FXGLAssetLoaderServi - Loading from cache: /assets/textures/sol.png
16:03:53.834 [FXGL Background Thread 2 ] DEBUG FXGLAssetLoaderServi - Loading from cache: /assets/textures/sol.png
16:03:53.836 [FXGL Background Thread 2 ] DEBUG FXGLAssetLoaderServi - Loading from cache: /assets/textures/sol.png
16:03:53.838 [FXGL Background Thread 2 ] DEBUG FXGLAssetLoaderServi - Loading from cache: /assets/textures/sol.png
16:03:53.838 [FXGL Background Thread 2 ] DEBUG FXGLAssetLoaderServi - Loading from cache: /assets/textures/sol.png
16:03:53.839 [FXGL Background Thread 2 ] DEBUG FXGLAssetLoaderServi - Loading from cache: /assets/textures/murDroite.png
16:03:53.839 [FXGL Background Thread 2 ] DEBUG FXGLAssetLoaderServi - Loading from cache: /assets/textures/murGauche.png
16:03:53.840 [FXGL Background Thread 2 ] DEBUG FXGLAssetLoaderServi - Loading from cache: /assets/textures/sol.png
16:03:53.841 [FXGL Background Thread 2 ] DEBUG FXGLAssetLoaderServi - Loading from cache: /assets/textures/sol.png
16:03:53.841 [FXGL Background Thread 2 ] DEBUG FXGLAssetLoaderServi - Loading from cache: /assets/textures/sol.png
16:03:53.842 [FXGL Background Thread 2 ] DEBUG FXGLAssetLoaderServi - Loading from cache: /assets/textures/sol.png
16:03:53.843 [FXGL Background Thread 2 ] DEBUG FXGLAssetLoaderServi - Loading from cache: /assets/textures/sol.png
16:03:53.843 [FXGL Background Thread 2 ] DEBUG FXGLAssetLoaderServi - Loading from cache: /assets/textures/sol.png
16:03:53.844 [FXGL Background Thread 2 ] DEBUG FXGLAssetLoaderServi - Loading from cache: /assets/textures/sol.png
16:03:53.844 [FXGL Background Thread 2 ] DEBUG FXGLAssetLoaderServi - Loading from cache: /assets/textures/sol.png
16:03:53.845 [FXGL Background Thread 2 ] DEBUG FXGLAssetLoaderServi - Loading from cache: /assets/textures/sol.png
16:03:53.845 [FXGL Background Thread 2 ] DEBUG FXGLAssetLoaderServi - Loading from cache: /assets/textures/sol.png
16:03:53.847 [FXGL Background Thread 2 ] DEBUG FXGLAssetLoaderServi - Loading from cache: /assets/textures/sol.png
16:03:53.850 [FXGL Background Thread 2 ] DEBUG FXGLAssetLoaderServi - Loading from cache: /assets/textures/sol.png
16:03:53.853 [FXGL Background Thread 2 ] DEBUG FXGLAssetLoaderServi - Loading from cache: /assets/textures/sol.png
16:03:53.855 [FXGL Background Thread 2 ] DEBUG FXGLAssetLoaderServi - Loading from cache: /assets/textures/sol.png
16:03:53.856 [FXGL Background Thread 2 ] DEBUG FXGLAssetLoaderServi - Loading from cache: /assets/textures/sol.png
16:03:53.857 [FXGL Background Thread 2 ] DEBUG FXGLAssetLoaderServi - Loading from cache: /assets/textures/sol.png
16:03:53.858 [FXGL Background Thread 2 ] DEBUG FXGLAssetLoaderServi - Loading from cache: /assets/textures/sol.png
16:03:53.858 [FXGL Background Thread 2 ] DEBUG FXGLAssetLoaderServi - Loading from cache: /assets/textures/sol.png
16:03:53.859 [FXGL Background Thread 2 ] DEBUG FXGLAssetLoaderServi - Loading from cache: /assets/textures/sol.png
16:03:53.860 [FXGL Background Thread 2 ] DEBUG FXGLAssetLoaderServi - Loading from cache: /assets/textures/murDroite.png
16:03:53.861 [FXGL Background Thread 2 ] DEBUG FXGLAssetLoaderServi - Loading from cache: /assets/textures/murGauche.png
16:03:53.861 [FXGL Background Thread 2 ] DEBUG FXGLAssetLoaderServi - Loading from cache: /assets/textures/sol.png
16:03:53.862 [FXGL Background Thread 2 ] DEBUG FXGLAssetLoaderServi - Loading from cache: /assets/textures/sol.png
16:03:53.865 [FXGL Background Thread 2 ] DEBUG FXGLAssetLoaderServi - Loading from cache: /assets/textures/sol.png
16:03:53.868 [FXGL Background Thread 2 ] DEBUG FXGLAssetLoaderServi - Loading from cache: /assets/textures/sol.png
16:03:53.871 [FXGL Background Thread 2 ] DEBUG FXGLAssetLoaderServi - Loading from cache: /assets/textures/sol.png
16:03:53.873 [FXGL Background Thread 2 ] DEBUG FXGLAssetLoaderServi - Loading from cache: /assets/textures/sol.png
16:03:53.875 [FXGL Background Thread 2 ] DEBUG FXGLAssetLoaderServi - Loading from cache: /assets/textures/sol.png
16:03:53.876 [FXGL Background Thread 2 ] DEBUG FXGLAssetLoaderServi - Loading from cache: /assets/textures/sol.png
16:03:53.877 [FXGL Background Thread 2 ] DEBUG FXGLAssetLoaderServi - Loading from cache: /assets/textures/sol.png
16:03:53.878 [FXGL Background Thread 2 ] DEBUG FXGLAssetLoaderServi - Loading from cache: /assets/textures/sol.png
16:03:53.878 [FXGL Background Thread 2 ] DEBUG FXGLAssetLoaderServi - Loading from cache: /assets/textures/sol.png
16:03:53.883 [FXGL Background Thread 2 ] DEBUG FXGLAssetLoaderServi - Loading from cache: /assets/textures/sol.png
16:03:53.886 [FXGL Background Thread 2 ] DEBUG FXGLAssetLoaderServi - Loading from cache: /assets/textures/sol.png
16:03:53.887 [FXGL Background Thread 2 ] DEBUG FXGLAssetLoaderServi - Loading from cache: /assets/textures/sol.png
16:03:53.888 [FXGL Background Thread 2 ] DEBUG FXGLAssetLoaderServi - Loading from cache: /assets/textures/sol.png
16:03:53.889 [FXGL Background Thread 2 ] DEBUG FXGLAssetLoaderServi - Loading from cache: /assets/textures/sol.png
16:03:53.891 [FXGL Background Thread 2 ] DEBUG FXGLAssetLoaderServi - Loading from cache: /assets/textures/sol.png
16:03:53.892 [FXGL Background Thread 2 ] DEBUG FXGLAssetLoaderServi - Loading from cache: /assets/textures/sol.png
16:03:53.893 [FXGL Background Thread 2 ] DEBUG FXGLAssetLoaderServi - Loading from cache: /assets/textures/sol.png
16:03:53.893 [FXGL Background Thread 2 ] DEBUG FXGLAssetLoaderServi - Loading from cache: /assets/textures/murDroite.png
16:03:53.894 [FXGL Background Thread 2 ] DEBUG FXGLAssetLoaderServi - Loading from cache: /assets/textures/murGauche.png
16:03:53.895 [FXGL Background Thread 2 ] DEBUG FXGLAssetLoaderServi - Loading from cache: /assets/textures/sol.png
16:03:53.896 [FXGL Background Thread 2 ] DEBUG FXGLAssetLoaderServi - Loading from cache: /assets/textures/sol.png
16:03:53.898 [FXGL Background Thread 2 ] DEBUG FXGLAssetLoaderServi - Loading from cache: /assets/textures/sol.png
16:03:53.901 [FXGL Background Thread 2 ] DEBUG FXGLAssetLoaderServi - Loading from cache: /assets/textures/sol.png
16:03:53.903 [FXGL Background Thread 2 ] DEBUG FXGLAssetLoaderServi - Loading from cache: /assets/textures/sol.png
16:03:53.905 [FXGL Background Thread 2 ] DEBUG FXGLAssetLoaderServi - Loading from cache: /assets/textures/murHautBas.png
16:03:53.906 [FXGL Background Thread 2 ] DEBUG FXGLAssetLoaderServi - Loading from cache: /assets/textures/murHautBas.png
16:03:53.906 [FXGL Background Thread 2 ] DEBUG FXGLAssetLoaderServi - Loading from cache: /assets/textures/murHautBas.png
16:03:53.907 [FXGL Background Thread 2 ] DEBUG FXGLAssetLoaderServi - Loading from cache: /assets/textures/murHautBas.png
16:03:53.908 [FXGL Background Thread 2 ] DEBUG FXGLAssetLoaderServi - Loading from cache: /assets/textures/murHautBas.png
16:03:53.908 [FXGL Background Thread 2 ] DEBUG FXGLAssetLoaderServi - Loading from cache: /assets/textures/murHautBas.png
16:03:53.909 [FXGL Background Thread 2 ] DEBUG FXGLAssetLoaderServi - Loading from cache: /assets/textures/murHautBas.png
16:03:53.910 [FXGL Background Thread 2 ] DEBUG FXGLAssetLoaderServi - Loading from cache: /assets/textures/murHautBas.png
16:03:53.910 [FXGL Background Thread 2 ] DEBUG FXGLAssetLoaderServi - Loading from cache: /assets/textures/murHautBas.png
16:03:53.911 [FXGL Background Thread 2 ] DEBUG FXGLAssetLoaderServi - Loading from cache: /assets/textures/sol.png
16:03:53.912 [FXGL Background Thread 2 ] DEBUG FXGLAssetLoaderServi - Loading from cache: /assets/textures/sol.png
16:03:53.912 [FXGL Background Thread 2 ] DEBUG FXGLAssetLoaderServi - Loading from cache: /assets/textures/sol.png
16:03:53.913 [FXGL Background Thread 2 ] DEBUG FXGLAssetLoaderServi - Loading from cache: /assets/textures/sol.png
16:03:53.916 [FXGL Background Thread 2 ] DEBUG FXGLAssetLoaderServi - Loading from cache: /assets/textures/sol.png
16:03:53.918 [FXGL Background Thread 2 ] DEBUG FXGLAssetLoaderServi - Loading from cache: /assets/textures/murDroite.png
16:03:53.921 [FXGL Background Thread 2 ] DEBUG FXGLAssetLoaderServi - Loading from cache: /assets/textures/murGauche.png
16:03:53.922 [FXGL Background Thread 2 ] DEBUG FXGLAssetLoaderServi - Loading from cache: /assets/textures/sol.png
16:03:53.923 [FXGL Background Thread 2 ] DEBUG FXGLAssetLoaderServi - Loading from cache: /assets/textures/sol.png
16:03:53.924 [FXGL Background Thread 2 ] DEBUG FXGLAssetLoaderServi - Loading from cache: /assets/textures/sol.png
16:03:53.925 [FXGL Background Thread 2 ] DEBUG FXGLAssetLoaderServi - Loading from cache: /assets/textures/sol.png
16:03:53.926 [FXGL Background Thread 2 ] DEBUG FXGLAssetLoaderServi - Loading from cache: /assets/textures/sol.png
16:03:53.927 [FXGL Background Thread 2 ] DEBUG FXGLAssetLoaderServi - Loading from cache: /assets/textures/sol.png
16:03:53.928 [FXGL Background Thread 2 ] DEBUG FXGLAssetLoaderServi - Loading from cache: /assets/textures/sol.png
16:03:53.929 [FXGL Background Thread 2 ] DEBUG FXGLAssetLoaderServi - Loading from cache: /assets/textures/sol.png
16:03:53.929 [FXGL Background Thread 2 ] DEBUG FXGLAssetLoaderServi - Loading from cache: /assets/textures/sol.png
16:03:53.931 [FXGL Background Thread 2 ] DEBUG FXGLAssetLoaderServi - Loading from cache: /assets/textures/sol.png
16:03:53.935 [FXGL Background Thread 2 ] DEBUG FXGLAssetLoaderServi - Loading from cache: /assets/textures/sol.png
16:03:53.938 [FXGL Background Thread 2 ] DEBUG FXGLAssetLoaderServi - Loading from cache: /assets/textures/sol.png
16:03:53.939 [FXGL Background Thread 2 ] DEBUG FXGLAssetLoaderServi - Loading from cache: /assets/textures/sol.png
16:03:53.940 [FXGL Background Thread 2 ] DEBUG FXGLAssetLoaderServi - Loading from cache: /assets/textures/sol.png
16:03:53.941 [FXGL Background Thread 2 ] DEBUG FXGLAssetLoaderServi - Loading from cache: /assets/textures/sol.png
16:03:53.942 [FXGL Background Thread 2 ] DEBUG FXGLAssetLoaderServi - Loading from cache: /assets/textures/sol.png
16:03:53.942 [FXGL Background Thread 2 ] DEBUG FXGLAssetLoaderServi - Loading from cache: /assets/textures/sol.png
16:03:53.943 [FXGL Background Thread 2 ] DEBUG FXGLAssetLoaderServi - Loading from cache: /assets/textures/sol.png
16:03:53.944 [FXGL Background Thread 2 ] DEBUG FXGLAssetLoaderServi - Loading from cache: /assets/textures/sol.png
16:03:53.946 [FXGL Background Thread 2 ] DEBUG FXGLAssetLoaderServi - Loading from cache: /assets/textures/murDroite.png
16:03:53.949 [FXGL Background Thread 2 ] DEBUG FXGLAssetLoaderServi - Loading from cache: /assets/textures/murGauche.png
16:03:53.952 [FXGL Background Thread 2 ] DEBUG FXGLAssetLoaderServi - Loading from cache: /assets/textures/sol.png
16:03:53.954 [FXGL Background Thread 2 ] DEBUG FXGLAssetLoaderServi - Loading from cache: /assets/textures/sol.png
16:03:53.955 [FXGL Background Thread 2 ] DEBUG FXGLAssetLoaderServi - Loading from cache: /assets/textures/sol.png
16:03:53.956 [FXGL Background Thread 2 ] DEBUG FXGLAssetLoaderServi - Loading from cache: /assets/textures/sol.png
16:03:53.956 [FXGL Background Thread 2 ] DEBUG FXGLAssetLoaderServi - Loading from cache: /assets/textures/sol.png
16:03:53.957 [FXGL Background Thread 2 ] DEBUG FXGLAssetLoaderServi - Loading from cache: /assets/textures/sol.png
16:03:53.958 [FXGL Background Thread 2 ] DEBUG FXGLAssetLoaderServi - Loading from cache: /assets/textures/sol.png
16:03:53.958 [FXGL Background Thread 2 ] DEBUG FXGLAssetLoaderServi - Loading from cache: /assets/textures/sol.png
16:03:53.960 [FXGL Background Thread 2 ] DEBUG FXGLAssetLoaderServi - Loading from cache: /assets/textures/sol.png
16:03:53.962 [FXGL Background Thread 2 ] DEBUG FXGLAssetLoaderServi - Loading from cache: /assets/textures/sol.png
16:03:53.964 [FXGL Background Thread 2 ] DEBUG FXGLAssetLoaderServi - Loading from cache: /assets/textures/sol.png
16:03:53.967 [FXGL Background Thread 2 ] DEBUG FXGLAssetLoaderServi - Loading from cache: /assets/textures/sol.png
16:03:53.971 [FXGL Background Thread 2 ] DEBUG FXGLAssetLoaderServi - Loading from cache: /assets/textures/sol.png
16:03:53.972 [FXGL Background Thread 2 ] DEBUG FXGLAssetLoaderServi - Loading from cache: /assets/textures/sol.png
16:03:53.973 [FXGL Background Thread 2 ] DEBUG FXGLAssetLoaderServi - Loading from cache: /assets/textures/sol.png
16:03:53.974 [FXGL Background Thread 2 ] DEBUG FXGLAssetLoaderServi - Loading from cache: /assets/textures/sol.png
16:03:53.974 [FXGL Background Thread 2 ] DEBUG FXGLAssetLoaderServi - Loading from cache: /assets/textures/sol.png
16:03:53.975 [FXGL Background Thread 2 ] DEBUG FXGLAssetLoaderServi - Loading from cache: /assets/textures/sol.png
16:03:53.975 [FXGL Background Thread 2 ] DEBUG FXGLAssetLoaderServi - Loading from cache: /assets/textures/sol.png
16:03:53.977 [FXGL Background Thread 2 ] DEBUG FXGLAssetLoaderServi - Loading from cache: /assets/textures/murDroite.png
16:03:53.977 [FXGL Background Thread 2 ] DEBUG FXGLAssetLoaderServi - Loading from cache: /assets/textures/murGauche.png
16:03:53.978 [FXGL Background Thread 2 ] DEBUG FXGLAssetLoaderServi - Loading from cache: /assets/textures/sol.png
16:03:53.978 [FXGL Background Thread 2 ] DEBUG FXGLAssetLoaderServi - Loading from cache: /assets/textures/sol.png
16:03:53.979 [FXGL Background Thread 2 ] DEBUG FXGLAssetLoaderServi - Loading from cache: /assets/textures/sol.png
16:03:53.980 [FXGL Background Thread 2 ] DEBUG FXGLAssetLoaderServi - Loading from cache: /assets/textures/sol.png
16:03:53.983 [FXGL Background Thread 2 ] DEBUG FXGLAssetLoaderServi - Loading from cache: /assets/textures/sol.png
16:03:53.985 [FXGL Background Thread 2 ] DEBUG FXGLAssetLoaderServi - Loading from cache: /assets/textures/sol.png
16:03:53.987 [FXGL Background Thread 2 ] DEBUG FXGLAssetLoaderServi - Loading from cache: /assets/textures/sol.png
16:03:53.989 [FXGL Background Thread 2 ] DEBUG FXGLAssetLoaderServi - Loading from cache: /assets/textures/sol.png
16:03:53.990 [FXGL Background Thread 2 ] DEBUG FXGLAssetLoaderServi - Loading from cache: /assets/textures/sol.png
16:03:53.991 [FXGL Background Thread 2 ] DEBUG FXGLAssetLoaderServi - Loading from cache: /assets/textures/sol.png
16:03:53.992 [FXGL Background Thread 2 ] DEBUG FXGLAssetLoaderServi - Loading from cache: /assets/textures/sol.png
16:03:53.992 [FXGL Background Thread 2 ] DEBUG FXGLAssetLoaderServi - Loading from cache: /assets/textures/sol.png
16:03:53.993 [FXGL Background Thread 2 ] DEBUG FXGLAssetLoaderServi - Loading from cache: /assets/textures/sol.png
16:03:53.994 [FXGL Background Thread 2 ] DEBUG FXGLAssetLoaderServi - Loading from cache: /assets/textures/sol.png
16:03:53.995 [FXGL Background Thread 2 ] DEBUG FXGLAssetLoaderServi - Loading from cache: /assets/textures/sol.png
16:03:53.996 [FXGL Background Thread 2 ] DEBUG FXGLAssetLoaderServi - Loading from cache: /assets/textures/sol.png
16:03:53.997 [FXGL Background Thread 2 ] DEBUG FXGLAssetLoaderServi - Loading from cache: /assets/textures/sol.png
16:03:53.998 [FXGL Background Thread 2 ] DEBUG FXGLAssetLoaderServi - Loading from cache: /assets/textures/sol.png
16:03:54.001 [FXGL Background Thread 2 ] DEBUG FXGLAssetLoaderServi - Loading from cache: /assets/textures/sol.png
16:03:54.002 [FXGL Background Thread 2 ] DEBUG FXGLAssetLoaderServi - Loading from cache: /assets/textures/murDroite.png
16:03:54.002 [FXGL Background Thread 2 ] DEBUG FXGLAssetLoaderServi - Loading from cache: /assets/textures/murGauche.png
16:03:54.003 [FXGL Background Thread 2 ] DEBUG FXGLAssetLoaderServi - Loading from cache: /assets/textures/murHautBas.png
16:03:54.003 [FXGL Background Thread 2 ] DEBUG FXGLAssetLoaderServi - Loading from cache: /assets/textures/murHautBas.png
16:03:54.004 [FXGL Background Thread 2 ] DEBUG FXGLAssetLoaderServi - Loading from cache: /assets/textures/murHautBas.png
16:03:54.005 [FXGL Background Thread 2 ] DEBUG FXGLAssetLoaderServi - Loading from cache: /assets/textures/murHautBas.png
16:03:54.005 [FXGL Background Thread 2 ] DEBUG FXGLAssetLoaderServi - Loading from cache: /assets/textures/murHautBas.png
16:03:54.006 [FXGL Background Thread 2 ] DEBUG FXGLAssetLoaderServi - Loading from cache: /assets/textures/murHautBas.png
16:03:54.007 [FXGL Background Thread 2 ] DEBUG FXGLAssetLoaderServi - Loading from cache: /assets/textures/murHautBas.png
16:03:54.007 [FXGL Background Thread 2 ] DEBUG FXGLAssetLoaderServi - Loading from cache: /assets/textures/murHautBas.png
16:03:54.008 [FXGL Background Thread 2 ] DEBUG FXGLAssetLoaderServi - Loading from cache: /assets/textures/murHautBas.png
16:03:54.009 [FXGL Background Thread 2 ] DEBUG FXGLAssetLoaderServi - Loading from cache: /assets/textures/sol.png
16:03:54.009 [FXGL Background Thread 2 ] DEBUG FXGLAssetLoaderServi - Loading from cache: /assets/textures/murHautBas.png
16:03:54.010 [FXGL Background Thread 2 ] DEBUG FXGLAssetLoaderServi - Loading from cache: /assets/textures/murHautBas.png
16:03:54.011 [FXGL Background Thread 2 ] DEBUG FXGLAssetLoaderServi - Loading from cache: /assets/textures/murHautBas.png
16:03:54.011 [FXGL Background Thread 2 ] DEBUG FXGLAssetLoaderServi - Loading from cache: /assets/textures/murHautBas.png
16:03:54.012 [FXGL Background Thread 2 ] DEBUG FXGLAssetLoaderServi - Loading from cache: /assets/textures/murHautBas.png
16:03:54.013 [FXGL Background Thread 2 ] DEBUG FXGLAssetLoaderServi - Loading from cache: /assets/textures/murHautBas.png
16:03:54.013 [FXGL Background Thread 2 ] DEBUG FXGLAssetLoaderServi - Loading from cache: /assets/textures/murHautBas.png
16:03:54.014 [FXGL Background Thread 2 ] DEBUG FXGLAssetLoaderServi - Loading from cache: /assets/textures/murHautBas.png
16:03:54.015 [FXGL Background Thread 2 ] DEBUG FXGLAssetLoaderServi - Loading from cache: /assets/textures/murHautBas.png
16:03:54.015 [FXGL Background Thread 2 ] DEBUG FXGLAssetLoaderServi - Loading from cache: /assets/textures/murDroite.png
16:03:54.016 [FXGL Background Thread 2 ] DEBUG FXGLAssetLoaderServi - Loading from cache: /assets/textures/murGauche.png
16:03:54.017 [FXGL Background Thread 2 ] DEBUG FXGLAssetLoaderServi - Loading from cache: /assets/textures/sol.png
16:03:54.017 [FXGL Background Thread 2 ] DEBUG FXGLAssetLoaderServi - Loading from cache: /assets/textures/sol.png
16:03:54.018 [FXGL Background Thread 2 ] DEBUG FXGLAssetLoaderServi - Loading from cache: /assets/textures/sol.png
16:03:54.019 [FXGL Background Thread 2 ] DEBUG FXGLAssetLoaderServi - Loading from cache: /assets/textures/sol.png
16:03:54.019 [FXGL Background Thread 2 ] DEBUG FXGLAssetLoaderServi - Loading from cache: /assets/textures/sol.png
16:03:54.020 [FXGL Background Thread 2 ] DEBUG FXGLAssetLoaderServi - Loading from cache: /assets/textures/sol.png
16:03:54.021 [FXGL Background Thread 2 ] DEBUG FXGLAssetLoaderServi - Loading from cache: /assets/textures/sol.png
16:03:54.021 [FXGL Background Thread 2 ] DEBUG FXGLAssetLoaderServi - Loading from cache: /assets/textures/sol.png
16:03:54.022 [FXGL Background Thread 2 ] DEBUG FXGLAssetLoaderServi - Loading from cache: /assets/textures/sol.png
16:03:54.023 [FXGL Background Thread 2 ] DEBUG FXGLAssetLoaderServi - Loading from cache: /assets/textures/sol.png
16:03:54.023 [FXGL Background Thread 2 ] DEBUG FXGLAssetLoaderServi - Loading from cache: /assets/textures/sol.png
16:03:54.024 [FXGL Background Thread 2 ] DEBUG FXGLAssetLoaderServi - Loading from cache: /assets/textures/sol.png
16:03:54.025 [FXGL Background Thread 2 ] DEBUG FXGLAssetLoaderServi - Loading from cache: /assets/textures/sol.png
16:03:54.026 [FXGL Background Thread 2 ] DEBUG FXGLAssetLoaderServi - Loading from cache: /assets/textures/sol.png
16:03:54.026 [FXGL Background Thread 2 ] DEBUG FXGLAssetLoaderServi - Loading from cache: /assets/textures/sol.png
16:03:54.027 [FXGL Background Thread 2 ] DEBUG FXGLAssetLoaderServi - Loading from cache: /assets/textures/sol.png
16:03:54.028 [FXGL Background Thread 2 ] DEBUG FXGLAssetLoaderServi - Loading from cache: /assets/textures/sol.png
16:03:54.028 [FXGL Background Thread 2 ] DEBUG FXGLAssetLoaderServi - Loading from cache: /assets/textures/sol.png
16:03:54.029 [FXGL Background Thread 2 ] DEBUG FXGLAssetLoaderServi - Loading from cache: /assets/textures/murGauche.png
16:03:54.029 [FXGL Background Thread 2 ] DEBUG FXGLAssetLoaderServi - Loading from cache: /assets/textures/murDroite.png
16:03:54.030 [FXGL Background Thread 2 ] DEBUG FXGLAssetLoaderServi - Loading from cache: /assets/textures/murGauche.png
16:03:54.030 [FXGL Background Thread 2 ] DEBUG FXGLAssetLoaderServi - Loading from cache: /assets/textures/sol.png
16:03:54.031 [FXGL Background Thread 2 ] DEBUG FXGLAssetLoaderServi - Loading from cache: /assets/textures/sol.png
16:03:54.031 [FXGL Background Thread 2 ] DEBUG FXGLAssetLoaderServi - Loading from cache: /assets/textures/sol.png
16:03:54.032 [FXGL Background Thread 2 ] DEBUG FXGLAssetLoaderServi - Loading from cache: /assets/textures/sol.png
16:03:54.032 [FXGL Background Thread 2 ] DEBUG FXGLAssetLoaderServi - Loading from cache: /assets/textures/sol.png
16:03:54.033 [FXGL Background Thread 2 ] DEBUG FXGLAssetLoaderServi - Loading from cache: /assets/textures/sol.png
16:03:54.033 [FXGL Background Thread 2 ] DEBUG FXGLAssetLoaderServi - Loading from cache: /assets/textures/sol.png
16:03:54.034 [FXGL Background Thread 2 ] DEBUG FXGLAssetLoaderServi - Loading from cache: /assets/textures/sol.png
16:03:54.035 [FXGL Background Thread 2 ] DEBUG FXGLAssetLoaderServi - Loading from cache: /assets/textures/sol.png
16:03:54.035 [FXGL Background Thread 2 ] DEBUG FXGLAssetLoaderServi - Loading from cache: /assets/textures/sol.png
16:03:54.036 [FXGL Background Thread 2 ] DEBUG FXGLAssetLoaderServi - Loading from cache: /assets/textures/sol.png
16:03:54.037 [FXGL Background Thread 2 ] DEBUG FXGLAssetLoaderServi - Loading from cache: /assets/textures/sol.png
16:03:54.037 [FXGL Background Thread 2 ] DEBUG FXGLAssetLoaderServi - Loading from cache: /assets/textures/sol.png
16:03:54.038 [FXGL Background Thread 2 ] DEBUG FXGLAssetLoaderServi - Loading from cache: /assets/textures/sol.png
16:03:54.038 [FXGL Background Thread 2 ] DEBUG FXGLAssetLoaderServi - Loading from cache: /assets/textures/sol.png
16:03:54.039 [FXGL Background Thread 2 ] DEBUG FXGLAssetLoaderServi - Loading from cache: /assets/textures/murGauche.png
16:03:54.040 [FXGL Background Thread 2 ] DEBUG FXGLAssetLoaderServi - Loading from cache: /assets/textures/sol.png
16:03:54.041 [FXGL Background Thread 2 ] DEBUG FXGLAssetLoaderServi - Loading from cache: /assets/textures/sol.png
16:03:54.042 [FXGL Background Thread 2 ] DEBUG FXGLAssetLoaderServi - Loading from cache: /assets/textures/sol.png
16:03:54.042 [FXGL Background Thread 2 ] DEBUG FXGLAssetLoaderServi - Loading from cache: /assets/textures/murDroite.png
16:03:54.043 [FXGL Background Thread 2 ] DEBUG FXGLAssetLoaderServi - Loading from cache: /assets/textures/murGauche.png
16:03:54.050 [FXGL Background Thread 2 ] DEBUG FXGLAssetLoaderServi - Loading from cache: /assets/textures/murHautBas.png
16:03:54.051 [FXGL Background Thread 2 ] DEBUG FXGLAssetLoaderServi - Loading from cache: /assets/textures/murHautBas.png
16:03:54.054 [FXGL Background Thread 2 ] DEBUG FXGLAssetLoaderServi - Loading from cache: /assets/textures/murHautBas.png
16:03:54.055 [FXGL Background Thread 2 ] DEBUG FXGLAssetLoaderServi - Loading from cache: /assets/textures/murHautBas.png
16:03:54.056 [FXGL Background Thread 2 ] DEBUG FXGLAssetLoaderServi - Loading from cache: /assets/textures/murHautBas.png
16:03:54.056 [FXGL Background Thread 2 ] DEBUG FXGLAssetLoaderServi - Loading from cache: /assets/textures/murHautBas.png
16:03:54.056 [FXGL Background Thread 2 ] DEBUG FXGLAssetLoaderServi - Loading from cache: /assets/textures/murHautBas.png
16:03:54.057 [FXGL Background Thread 2 ] DEBUG FXGLAssetLoaderServi - Loading from cache: /assets/textures/murHautBas.png
16:03:54.057 [FXGL Background Thread 2 ] DEBUG FXGLAssetLoaderServi - Loading from cache: /assets/textures/murHautBas.png
16:03:54.058 [FXGL Background Thread 2 ] DEBUG FXGLAssetLoaderServi - Loading from cache: /assets/textures/murHautBas.png
16:03:54.059 [FXGL Background Thread 2 ] DEBUG FXGLAssetLoaderServi - Loading from cache: /assets/textures/murHautBas.png
16:03:54.059 [FXGL Background Thread 2 ] DEBUG FXGLAssetLoaderServi - Loading from cache: /assets/textures/murHautBas.png
16:03:54.060 [FXGL Background Thread 2 ] DEBUG FXGLAssetLoaderServi - Loading from cache: /assets/textures/murHautBas.png
16:03:54.061 [FXGL Background Thread 2 ] DEBUG FXGLAssetLoaderServi - Loading from cache: /assets/textures/murHautBas.png
16:03:54.061 [FXGL Background Thread 2 ] DEBUG FXGLAssetLoaderServi - Loading from cache: /assets/textures/murHautBas.png
16:03:54.062 [FXGL Background Thread 2 ] DEBUG FXGLAssetLoaderServi - Loading from cache: /assets/textures/murHautBas.png
16:03:54.063 [FXGL Background Thread 2 ] DEBUG FXGLAssetLoaderServi - Loading from cache: /assets/textures/sol.png
16:03:54.063 [FXGL Background Thread 2 ] DEBUG FXGLAssetLoaderServi - Loading from cache: /assets/textures/sol.png
16:03:54.064 [FXGL Background Thread 2 ] DEBUG FXGLAssetLoaderServi - Loading from cache: /assets/textures/sol.png
16:03:54.066 [FXGL Background Thread 2 ] DEBUG FXGLAssetLoaderServi - Loading from cache: /assets/textures/murDroite.png
16:03:54.068 [FXGL Background Thread 2 ] DEBUG FXGLAssetLoaderServi - Loading from cache: /assets/textures/murGauche.png
16:03:54.069 [FXGL Background Thread 2 ] DEBUG FXGLAssetLoaderServi - Loading from cache: /assets/textures/sol.png
16:03:54.071 [FXGL Background Thread 2 ] DEBUG FXGLAssetLoaderServi - Loading from cache: /assets/textures/sol.png
16:03:54.072 [FXGL Background Thread 2 ] DEBUG FXGLAssetLoaderServi - Loading from cache: /assets/textures/sol.png
16:03:54.073 [FXGL Background Thread 2 ] DEBUG FXGLAssetLoaderServi - Loading from cache: /assets/textures/sol.png
16:03:54.073 [FXGL Background Thread 2 ] DEBUG FXGLAssetLoaderServi - Loading from cache: /assets/textures/sol.png
16:03:54.074 [FXGL Background Thread 2 ] DEBUG FXGLAssetLoaderServi - Loading from cache: /assets/textures/sol.png
16:03:54.075 [FXGL Background Thread 2 ] DEBUG FXGLAssetLoaderServi - Loading from cache: /assets/textures/sol.png
16:03:54.076 [FXGL Background Thread 2 ] DEBUG FXGLAssetLoaderServi - Loading from cache: /assets/textures/sol.png
16:03:54.076 [FXGL Background Thread 2 ] DEBUG FXGLAssetLoaderServi - Loading from cache: /assets/textures/sol.png
16:03:54.077 [FXGL Background Thread 2 ] DEBUG FXGLAssetLoaderServi - Loading from cache: /assets/textures/sol.png
16:03:54.077 [FXGL Background Thread 2 ] DEBUG FXGLAssetLoaderServi - Loading from cache: /assets/textures/sol.png
16:03:54.078 [FXGL Background Thread 2 ] DEBUG FXGLAssetLoaderServi - Loading from cache: /assets/textures/sol.png
16:03:54.079 [FXGL Background Thread 2 ] DEBUG FXGLAssetLoaderServi - Loading from cache: /assets/textures/sol.png
16:03:54.079 [FXGL Background Thread 2 ] DEBUG FXGLAssetLoaderServi - Loading from cache: /assets/textures/sol.png
16:03:54.082 [FXGL Background Thread 2 ] DEBUG FXGLAssetLoaderServi - Loading from cache: /assets/textures/sol.png
16:03:54.085 [FXGL Background Thread 2 ] DEBUG FXGLAssetLoaderServi - Loading from cache: /assets/textures/murGauche.png
16:03:54.087 [FXGL Background Thread 2 ] DEBUG FXGLAssetLoaderServi - Loading from cache: /assets/textures/sol.png
16:03:54.087 [FXGL Background Thread 2 ] DEBUG FXGLAssetLoaderServi - Loading from cache: /assets/textures/sol.png
16:03:54.088 [FXGL Background Thread 2 ] DEBUG FXGLAssetLoaderServi - Loading from cache: /assets/textures/sol.png
16:03:54.088 [FXGL Background Thread 2 ] DEBUG FXGLAssetLoaderServi - Loading from cache: /assets/textures/murDroite.png
16:03:54.089 [FXGL Background Thread 2 ] DEBUG FXGLAssetLoaderServi - Loading from cache: /assets/textures/murGauche.png
16:03:54.090 [FXGL Background Thread 2 ] DEBUG FXGLAssetLoaderServi - Loading from cache: /assets/textures/sol.png
16:03:54.090 [FXGL Background Thread 2 ] DEBUG FXGLAssetLoaderServi - Loading from cache: /assets/textures/sol.png
16:03:54.091 [FXGL Background Thread 2 ] DEBUG FXGLAssetLoaderServi - Loading from cache: /assets/textures/sol.png
16:03:54.091 [FXGL Background Thread 2 ] DEBUG FXGLAssetLoaderServi - Loading from cache: /assets/textures/sol.png
16:03:54.092 [FXGL Background Thread 2 ] DEBUG FXGLAssetLoaderServi - Loading from cache: /assets/textures/sol.png
16:03:54.092 [FXGL Background Thread 2 ] DEBUG FXGLAssetLoaderServi - Loading from cache: /assets/textures/sol.png
16:03:54.093 [FXGL Background Thread 2 ] DEBUG FXGLAssetLoaderServi - Loading from cache: /assets/textures/sol.png
16:03:54.093 [FXGL Background Thread 2 ] DEBUG FXGLAssetLoaderServi - Loading from cache: /assets/textures/sol.png
16:03:54.094 [FXGL Background Thread 2 ] DEBUG FXGLAssetLoaderServi - Loading from file system: /assets/textures/renard.png
16:03:54.124 [FXGL Background Thread 2 ] DEBUG FXGLAssetLoaderServi - Loading from cache: /assets/textures/sol.png
16:03:54.124 [FXGL Background Thread 2 ] DEBUG FXGLAssetLoaderServi - Loading from cache: /assets/textures/sol.png
16:03:54.125 [FXGL Background Thread 2 ] DEBUG FXGLAssetLoaderServi - Loading from cache: /assets/textures/sol.png
16:03:54.125 [FXGL Background Thread 2 ] DEBUG FXGLAssetLoaderServi - Loading from file system: /assets/textures/bat.png
16:03:54.256 [FXGL Background Thread 2 ] DEBUG FXGLAssetLoaderServi - Loading from cache: /assets/textures/sol.png
16:03:54.257 [FXGL Background Thread 2 ] DEBUG FXGLAssetLoaderServi - Loading from cache: /assets/textures/sol.png
16:03:54.257 [FXGL Background Thread 2 ] DEBUG FXGLAssetLoaderServi - Loading from cache: /assets/textures/sol.png
16:03:54.257 [FXGL Background Thread 2 ] DEBUG FXGLAssetLoaderServi - Loading from cache: /assets/textures/sol.png
16:03:54.258 [FXGL Background Thread 2 ] DEBUG FXGLAssetLoaderServi - Loading from cache: /assets/textures/sol.png
16:03:54.258 [FXGL Background Thread 2 ] DEBUG FXGLAssetLoaderServi - Loading from cache: /assets/textures/sol.png
16:03:54.258 [FXGL Background Thread 2 ] DEBUG FXGLAssetLoaderServi - Loading from cache: /assets/textures/murDroite.png
16:03:54.259 [FXGL Background Thread 2 ] DEBUG FXGLAssetLoaderServi - Loading from cache: /assets/textures/murGauche.png
16:03:54.259 [FXGL Background Thread 2 ] DEBUG FXGLAssetLoaderServi - Loading from cache: /assets/textures/murHautBas.png
16:03:54.259 [FXGL Background Thread 2 ] DEBUG FXGLAssetLoaderServi - Loading from cache: /assets/textures/murHautBas.png
16:03:54.260 [FXGL Background Thread 2 ] DEBUG FXGLAssetLoaderServi - Loading from cache: /assets/textures/sol.png
16:03:54.260 [FXGL Background Thread 2 ] DEBUG FXGLAssetLoaderServi - Loading from cache: /assets/textures/murHautBas.png
16:03:54.260 [FXGL Background Thread 2 ] DEBUG FXGLAssetLoaderServi - Loading from cache: /assets/textures/murHautBas.png
16:03:54.261 [FXGL Background Thread 2 ] DEBUG FXGLAssetLoaderServi - Loading from cache: /assets/textures/murHautBas.png
16:03:54.261 [FXGL Background Thread 2 ] DEBUG FXGLAssetLoaderServi - Loading from cache: /assets/textures/murHautBas.png
16:03:54.262 [FXGL Background Thread 2 ] DEBUG FXGLAssetLoaderServi - Loading from cache: /assets/textures/murHautBas.png
16:03:54.263 [FXGL Background Thread 2 ] DEBUG FXGLAssetLoaderServi - Loading from cache: /assets/textures/murHautBas.png
16:03:54.263 [FXGL Background Thread 2 ] DEBUG FXGLAssetLoaderServi - Loading from cache: /assets/textures/murHautBas.png
16:03:54.264 [FXGL Background Thread 2 ] DEBUG FXGLAssetLoaderServi - Loading from cache: /assets/textures/murHautBas.png
16:03:54.266 [FXGL Background Thread 2 ] DEBUG FXGLAssetLoaderServi - Loading from cache: /assets/textures/murHautBas.png
16:03:54.267 [FXGL Background Thread 2 ] DEBUG FXGLAssetLoaderServi - Loading from cache: /assets/textures/murHautBas.png
16:03:54.268 [FXGL Background Thread 2 ] DEBUG FXGLAssetLoaderServi - Loading from cache: /assets/textures/murHautBas.png
16:03:54.271 [FXGL Background Thread 2 ] DEBUG FXGLAssetLoaderServi - Loading from cache: /assets/textures/murHautBas.png
16:03:54.272 [FXGL Background Thread 2 ] DEBUG FXGLAssetLoaderServi - Loading from cache: /assets/textures/murHautBas.png
16:03:54.272 [FXGL Background Thread 2 ] DEBUG FXGLAssetLoaderServi - Loading from cache: /assets/textures/murHautBas.png
16:03:54.273 [FXGL Background Thread 2 ] DEBUG FXGLAssetLoaderServi - Loading from cache: /assets/textures/murHautBas.png
16:03:54.273 [FXGL Background Thread 2 ] DEBUG FXGLAssetLoaderServi - Loading from cache: /assets/textures/murHautBas.png
16:03:54.274 [FXGL Background Thread 2 ] DEBUG FXGLAssetLoaderServi - Loading from cache: /assets/textures/murDroite.png
16:03:54.274 [FXGL Background Thread 2 ] DEBUG FXGLAssetLoaderServi - Loading from cache: /assets/textures/murGauche.png
16:03:54.275 [FXGL Background Thread 2 ] DEBUG FXGLAssetLoaderServi - Loading from cache: /assets/textures/sol.png
16:03:54.275 [FXGL Background Thread 2 ] DEBUG FXGLAssetLoaderServi - Loading from cache: /assets/textures/sol.png
16:03:54.276 [FXGL Background Thread 2 ] DEBUG FXGLAssetLoaderServi - Loading from cache: /assets/textures/sol.png
16:03:54.276 [FXGL Background Thread 2 ] DEBUG FXGLAssetLoaderServi - Loading from cache: /assets/textures/sol.png
16:03:54.277 [FXGL Background Thread 2 ] DEBUG FXGLAssetLoaderServi - Loading from cache: /assets/textures/sol.png
16:03:54.278 [FXGL Background Thread 2 ] DEBUG FXGLAssetLoaderServi - Loading from cache: /assets/textures/sol.png
16:03:54.279 [FXGL Background Thread 2 ] DEBUG FXGLAssetLoaderServi - Loading from cache: /assets/textures/sol.png
16:03:54.279 [FXGL Background Thread 2 ] DEBUG FXGLAssetLoaderServi - Loading from cache: /assets/textures/sol.png
16:03:54.282 [FXGL Background Thread 2 ] DEBUG FXGLAssetLoaderServi - Loading from cache: /assets/textures/renard.png
16:03:54.284 [FXGL Background Thread 2 ] DEBUG FXGLAssetLoaderServi - Loading from cache: /assets/textures/sol.png
16:03:54.287 [FXGL Background Thread 2 ] DEBUG FXGLAssetLoaderServi - Loading from cache: /assets/textures/sol.png
16:03:54.287 [FXGL Background Thread 2 ] DEBUG FXGLAssetLoaderServi - Loading from cache: /assets/textures/sol.png
16:03:54.288 [FXGL Background Thread 2 ] DEBUG FXGLAssetLoaderServi - Loading from cache: /assets/textures/sol.png
16:03:54.288 [FXGL Background Thread 2 ] DEBUG FXGLAssetLoaderServi - Loading from cache: /assets/textures/sol.png
16:03:54.289 [FXGL Background Thread 2 ] DEBUG FXGLAssetLoaderServi - Loading from cache: /assets/textures/sol.png
16:03:54.290 [FXGL Background Thread 2 ] DEBUG FXGLAssetLoaderServi - Loading from cache: /assets/textures/sol.png
16:03:54.290 [FXGL Background Thread 2 ] DEBUG FXGLAssetLoaderServi - Loading from cache: /assets/textures/sol.png
16:03:54.291 [FXGL Background Thread 2 ] DEBUG FXGLAssetLoaderServi - Loading from cache: /assets/textures/sol.png
16:03:54.291 [FXGL Background Thread 2 ] DEBUG FXGLAssetLoaderServi - Loading from cache: /assets/textures/sol.png
16:03:54.292 [FXGL Background Thread 2 ] DEBUG FXGLAssetLoaderServi - Loading from cache: /assets/textures/murDroite.png
16:03:54.293 [FXGL Background Thread 2 ] DEBUG FXGLAssetLoaderServi - Loading from cache: /assets/textures/murGauche.png
16:03:54.295 [FXGL Background Thread 2 ] DEBUG FXGLAssetLoaderServi - Loading from cache: /assets/textures/sol.png
16:03:54.295 [FXGL Background Thread 2 ] DEBUG FXGLAssetLoaderServi - Loading from cache: /assets/textures/sol.png
16:03:54.296 [FXGL Background Thread 2 ] DEBUG FXGLAssetLoaderServi - Loading from cache: /assets/textures/sol.png
16:03:54.297 [FXGL Background Thread 2 ] DEBUG FXGLAssetLoaderServi - Loading from cache: /assets/textures/sol.png
16:03:54.299 [FXGL Background Thread 2 ] DEBUG FXGLAssetLoaderServi - Loading from cache: /assets/textures/sol.png
16:03:54.303 [FXGL Background Thread 2 ] DEBUG FXGLAssetLoaderServi - Loading from cache: /assets/textures/sol.png
16:03:54.305 [FXGL Background Thread 2 ] DEBUG FXGLAssetLoaderServi - Loading from cache: /assets/textures/sol.png
16:03:54.306 [FXGL Background Thread 2 ] DEBUG FXGLAssetLoaderServi - Loading from cache: /assets/textures/sol.png
16:03:54.307 [FXGL Background Thread 2 ] DEBUG FXGLAssetLoaderServi - Loading from cache: /assets/textures/sol.png
16:03:54.307 [FXGL Background Thread 2 ] DEBUG FXGLAssetLoaderServi - Loading from cache: /assets/textures/sol.png
16:03:54.308 [FXGL Background Thread 2 ] DEBUG FXGLAssetLoaderServi - Loading from cache: /assets/textures/sol.png
16:03:54.308 [FXGL Background Thread 2 ] DEBUG FXGLAssetLoaderServi - Loading from cache: /assets/textures/sol.png
16:03:54.309 [FXGL Background Thread 2 ] DEBUG FXGLAssetLoaderServi - Loading from file system: /assets/textures/lezard.png
16:03:54.313 [FXGL Background Thread 2 ] DEBUG FXGLAssetLoaderServi - Loading from cache: /assets/textures/sol.png
16:03:54.316 [FXGL Background Thread 2 ] DEBUG FXGLAssetLoaderServi - Loading from cache: /assets/textures/sol.png
16:03:54.317 [FXGL Background Thread 2 ] DEBUG FXGLAssetLoaderServi - Loading from cache: /assets/textures/sol.png
16:03:54.319 [FXGL Background Thread 2 ] DEBUG FXGLAssetLoaderServi - Loading from cache: /assets/textures/sol.png
16:03:54.320 [FXGL Background Thread 2 ] DEBUG FXGLAssetLoaderServi - Loading from cache: /assets/textures/sol.png
16:03:54.320 [FXGL Background Thread 2 ] DEBUG FXGLAssetLoaderServi - Loading from cache: /assets/textures/sol.png
16:03:54.321 [FXGL Background Thread 2 ] DEBUG FXGLAssetLoaderServi - Loading from cache: /assets/textures/murDroite.png
16:03:54.321 [FXGL Background Thread 2 ] DEBUG FXGLAssetLoaderServi - Loading from cache: /assets/textures/murGauche.png
16:03:54.322 [FXGL Background Thread 2 ] DEBUG FXGLAssetLoaderServi - Loading from cache: /assets/textures/sol.png
16:03:54.322 [FXGL Background Thread 2 ] DEBUG FXGLAssetLoaderServi - Loading from cache: /assets/textures/sol.png
16:03:54.323 [FXGL Background Thread 2 ] DEBUG FXGLAssetLoaderServi - Loading from cache: /assets/textures/sol.png
16:03:54.323 [FXGL Background Thread 2 ] DEBUG FXGLAssetLoaderServi - Loading from cache: /assets/textures/sol.png
16:03:54.324 [FXGL Background Thread 2 ] DEBUG FXGLAssetLoaderServi - Loading from cache: /assets/textures/sol.png
16:03:54.324 [FXGL Background Thread 2 ] DEBUG FXGLAssetLoaderServi - Loading from cache: /assets/textures/sol.png
16:03:54.325 [FXGL Background Thread 2 ] DEBUG FXGLAssetLoaderServi - Loading from cache: /assets/textures/sol.png
16:03:54.325 [FXGL Background Thread 2 ] DEBUG FXGLAssetLoaderServi - Loading from cache: /assets/textures/sol.png
16:03:54.326 [FXGL Background Thread 2 ] DEBUG FXGLAssetLoaderServi - Loading from cache: /assets/textures/sol.png
16:03:54.326 [FXGL Background Thread 2 ] DEBUG FXGLAssetLoaderServi - Loading from cache: /assets/textures/sol.png
16:03:54.327 [FXGL Background Thread 2 ] DEBUG FXGLAssetLoaderServi - Loading from cache: /assets/textures/sol.png
16:03:54.327 [FXGL Background Thread 2 ] DEBUG FXGLAssetLoaderServi - Loading from cache: /assets/textures/sol.png
16:03:54.327 [FXGL Background Thread 2 ] DEBUG FXGLAssetLoaderServi - Loading from cache: /assets/textures/sol.png
16:03:54.328 [FXGL Background Thread 2 ] DEBUG FXGLAssetLoaderServi - Loading from cache: /assets/textures/sol.png
16:03:54.328 [FXGL Background Thread 2 ] DEBUG FXGLAssetLoaderServi - Loading from cache: /assets/textures/sol.png
16:03:54.329 [FXGL Background Thread 2 ] DEBUG FXGLAssetLoaderServi - Loading from cache: /assets/textures/sol.png
16:03:54.332 [FXGL Background Thread 2 ] DEBUG FXGLAssetLoaderServi - Loading from cache: /assets/textures/sol.png
16:03:54.334 [FXGL Background Thread 2 ] DEBUG FXGLAssetLoaderServi - Loading from cache: /assets/textures/sol.png
16:03:54.336 [FXGL Background Thread 2 ] DEBUG FXGLAssetLoaderServi - Loading from cache: /assets/textures/sol.png
16:03:54.336 [FXGL Background Thread 2 ] DEBUG FXGLAssetLoaderServi - Loading from cache: /assets/textures/murDroite.png
16:03:54.337 [FXGL Background Thread 2 ] DEBUG FXGLAssetLoaderServi - Loading from cache: /assets/textures/murGauche.png
16:03:54.337 [FXGL Background Thread 2 ] DEBUG FXGLAssetLoaderServi - Loading from cache: /assets/textures/murHautBas.png
16:03:54.338 [FXGL Background Thread 2 ] DEBUG FXGLAssetLoaderServi - Loading from cache: /assets/textures/murHautBas.png
16:03:54.339 [FXGL Background Thread 2 ] DEBUG FXGLAssetLoaderServi - Loading from cache: /assets/textures/murHautBas.png
16:03:54.340 [FXGL Background Thread 2 ] DEBUG FXGLAssetLoaderServi - Loading from cache: /assets/textures/murHautBas.png
16:03:54.340 [FXGL Background Thread 2 ] DEBUG FXGLAssetLoaderServi - Loading from cache: /assets/textures/murHautBas.png
16:03:54.341 [FXGL Background Thread 2 ] DEBUG FXGLAssetLoaderServi - Loading from cache: /assets/textures/murHautBas.png
16:03:54.342 [FXGL Background Thread 2 ] DEBUG FXGLAssetLoaderServi - Loading from cache: /assets/textures/murHautBas.png
16:03:54.342 [FXGL Background Thread 2 ] DEBUG FXGLAssetLoaderServi - Loading from cache: /assets/textures/murHautBas.png
16:03:54.343 [FXGL Background Thread 2 ] DEBUG FXGLAssetLoaderServi - Loading from cache: /assets/textures/murHautBas.png
16:03:54.343 [FXGL Background Thread 2 ] DEBUG FXGLAssetLoaderServi - Loading from cache: /assets/textures/murHautBas.png
16:03:54.344 [FXGL Background Thread 2 ] DEBUG FXGLAssetLoaderServi - Loading from cache: /assets/textures/murHautBas.png
16:03:54.344 [FXGL Background Thread 2 ] DEBUG FXGLAssetLoaderServi - Loading from cache: /assets/textures/murHautBas.png
16:03:54.345 [FXGL Background Thread 2 ] DEBUG FXGLAssetLoaderServi - Loading from cache: /assets/textures/murHautBas.png
16:03:54.345 [FXGL Background Thread 2 ] DEBUG FXGLAssetLoaderServi - Loading from cache: /assets/textures/murHautBas.png
16:03:54.346 [FXGL Background Thread 2 ] DEBUG FXGLAssetLoaderServi - Loading from cache: /assets/textures/murHautBas.png
16:03:54.346 [FXGL Background Thread 2 ] DEBUG FXGLAssetLoaderServi - Loading from cache: /assets/textures/murHautBas.png
16:03:54.347 [FXGL Background Thread 2 ] DEBUG FXGLAssetLoaderServi - Loading from cache: /assets/textures/murHautBas.png
16:03:54.348 [FXGL Background Thread 2 ] DEBUG FXGLAssetLoaderServi - Loading from cache: /assets/textures/murHautBas.png
16:03:54.348 [FXGL Background Thread 2 ] DEBUG FXGLAssetLoaderServi - Loading from cache: /assets/textures/sol.png
16:03:54.349 [FXGL Background Thread 2 ] DEBUG FXGLAssetLoaderServi - Loading from cache: /assets/textures/murDroite.png
16:03:54.350 [FXGL Background Thread 2 ] DEBUG FXGLAssetLoaderServi - Loading from cache: /assets/textures/murGauche.png
16:03:54.351 [FXGL Background Thread 2 ] DEBUG FXGLAssetLoaderServi - Loading from cache: /assets/textures/sol.png
16:03:54.351 [FXGL Background Thread 2 ] DEBUG FXGLAssetLoaderServi - Loading from cache: /assets/textures/sol.png
16:03:54.352 [FXGL Background Thread 2 ] DEBUG FXGLAssetLoaderServi - Loading from cache: /assets/textures/sol.png
16:03:54.352 [FXGL Background Thread 2 ] DEBUG FXGLAssetLoaderServi - Loading from cache: /assets/textures/sol.png
16:03:54.353 [FXGL Background Thread 2 ] DEBUG FXGLAssetLoaderServi - Loading from cache: /assets/textures/sol.png
16:03:54.353 [FXGL Background Thread 2 ] DEBUG FXGLAssetLoaderServi - Loading from cache: /assets/textures/sol.png
16:03:54.354 [FXGL Background Thread 2 ] DEBUG FXGLAssetLoaderServi - Loading from cache: /assets/textures/sol.png
16:03:54.354 [FXGL Background Thread 2 ] DEBUG FXGLAssetLoaderServi - Loading from cache: /assets/textures/sol.png
16:03:54.355 [FXGL Background Thread 2 ] DEBUG FXGLAssetLoaderServi - Loading from cache: /assets/textures/sol.png
16:03:54.355 [FXGL Background Thread 2 ] DEBUG FXGLAssetLoaderServi - Loading from cache: /assets/textures/sol.png
16:03:54.356 [FXGL Background Thread 2 ] DEBUG FXGLAssetLoaderServi - Loading from cache: /assets/textures/sol.png
16:03:54.357 [FXGL Background Thread 2 ] DEBUG FXGLAssetLoaderServi - Loading from cache: /assets/textures/sol.png
16:03:54.357 [FXGL Background Thread 2 ] DEBUG FXGLAssetLoaderServi - Loading from cache: /assets/textures/sol.png
16:03:54.358 [FXGL Background Thread 2 ] DEBUG FXGLAssetLoaderServi - Loading from cache: /assets/textures/sol.png
16:03:54.358 [FXGL Background Thread 2 ] DEBUG FXGLAssetLoaderServi - Loading from cache: /assets/textures/sol.png
16:03:54.358 [FXGL Background Thread 2 ] DEBUG FXGLAssetLoaderServi - Loading from cache: /assets/textures/sol.png
16:03:54.428 [FXGL Background Thread 2 ] DEBUG FXGLAssetLoaderServi - Loading from file system: /assets/textures/player.png
16:03:54.466 [FXGL Background Thread 2 ] DEBUG FXGLAssetLoaderServi - Loading from cache: /assets/textures/sol.png
16:03:54.468 [FXGL Background Thread 2 ] DEBUG FXGLAssetLoaderServi - Loading from cache: /assets/textures/sol.png
16:03:54.470 [FXGL Background Thread 2 ] DEBUG FXGLAssetLoaderServi - Loading from cache: /assets/textures/murDroite.png
16:03:54.471 [FXGL Background Thread 2 ] DEBUG FXGLAssetLoaderServi - Loading from file system: /assets/textures/murCoinGauche.png
16:03:54.474 [FXGL Background Thread 2 ] DEBUG FXGLAssetLoaderServi - Loading from cache: /assets/textures/murHautBas.png
16:03:54.475 [FXGL Background Thread 2 ] DEBUG FXGLAssetLoaderServi - Loading from cache: /assets/textures/murHautBas.png
16:03:54.475 [FXGL Background Thread 2 ] DEBUG FXGLAssetLoaderServi - Loading from cache: /assets/textures/murHautBas.png
16:03:54.476 [FXGL Background Thread 2 ] DEBUG FXGLAssetLoaderServi - Loading from cache: /assets/textures/murHautBas.png
16:03:54.477 [FXGL Background Thread 2 ] DEBUG FXGLAssetLoaderServi - Loading from cache: /assets/textures/murHautBas.png
16:03:54.477 [FXGL Background Thread 2 ] DEBUG FXGLAssetLoaderServi - Loading from cache: /assets/textures/murHautBas.png
16:03:54.477 [FXGL Background Thread 2 ] DEBUG FXGLAssetLoaderServi - Loading from cache: /assets/textures/murHautBas.png
16:03:54.478 [FXGL Background Thread 2 ] DEBUG FXGLAssetLoaderServi - Loading from cache: /assets/textures/murHautBas.png
16:03:54.478 [FXGL Background Thread 2 ] DEBUG FXGLAssetLoaderServi - Loading from cache: /assets/textures/murHautBas.png
16:03:54.478 [FXGL Background Thread 2 ] DEBUG FXGLAssetLoaderServi - Loading from cache: /assets/textures/murHautBas.png
16:03:54.479 [FXGL Background Thread 2 ] DEBUG FXGLAssetLoaderServi - Loading from cache: /assets/textures/murHautBas.png
16:03:54.480 [FXGL Background Thread 2 ] DEBUG FXGLAssetLoaderServi - Loading from cache: /assets/textures/murHautBas.png
16:03:54.482 [FXGL Background Thread 2 ] DEBUG FXGLAssetLoaderServi - Loading from cache: /assets/textures/murHautBas.png
16:03:54.483 [FXGL Background Thread 2 ] DEBUG FXGLAssetLoaderServi - Loading from cache: /assets/textures/murHautBas.png
16:03:54.486 [FXGL Background Thread 2 ] DEBUG FXGLAssetLoaderServi - Loading from cache: /assets/textures/murHautBas.png
16:03:54.487 [FXGL Background Thread 2 ] DEBUG FXGLAssetLoaderServi - Loading from cache: /assets/textures/murHautBas.png
16:03:54.487 [FXGL Background Thread 2 ] DEBUG FXGLAssetLoaderServi - Loading from cache: /assets/textures/murHautBas.png
16:03:54.488 [FXGL Background Thread 2 ] DEBUG FXGLAssetLoaderServi - Loading from cache: /assets/textures/murHautBas.png
16:03:54.489 [FXGL Background Thread 2 ] DEBUG FXGLAssetLoaderServi - Loading from cache: /assets/textures/murHautBas.png
16:03:54.489 [FXGL Background Thread 2 ] DEBUG FXGLAssetLoaderServi - Loading from file system: /assets/textures/murCoinDroite.png
16:03:54.548 [FXGL Background Thread 2 ] DEBUG GameWorld            - Clearing removable entities
16:03:54.601 [FXGL Background Thread 2 ] DEBUG GameWorld            - Setting level: com.almasb.fxgl.entity.level.Level@16406cd7
16:03:55.110 [FXGL Background Thread 2 ] INFO  FXGLApplication      - Game initialization took: 1,405 sec
16:03:55.111 [JavaFX Application Thread] DEBUG Input                - Clearing active input actions
16:03:55.314 [JavaFX Application Thread] DEBUG GameApplicationServi - Removing overlay from FXGLLoadingScene and adding to GameScene
16:03:55.315 [JavaFX Application Thread] DEBUG MainWindow           - FXGLLoadingScene -> GameScene
16:04:16.960 [JavaFX Application Thread] DEBUG FXGLAssetLoaderServi - Loading from file system: /assets/textures/Chest.png
16:04:22.647 [JavaFX Application Thread] DEBUG MainWindow           - Push state: DialogSubScene
16:04:22.647 [JavaFX Application Thread] DEBUG Input                - Clearing active input actions
16:04:22.648 [JavaFX Application Thread] DEBUG GameApplicationServi - Removing overlay from GameScene and adding to DialogSubScene
16:04:22.649 [JavaFX Application Thread] DEBUG MainWindow           - GameScene -> DialogSubScene
16:04:23.907 [JavaFX Application Thread] DEBUG MainWindow           - Pop state: DialogSubScene
16:04:23.907 [JavaFX Application Thread] DEBUG Input                - Clearing active input actions
16:04:23.909 [JavaFX Application Thread] DEBUG GameApplicationServi - Removing overlay from DialogSubScene and adding to GameScene
16:04:23.909 [JavaFX Application Thread] DEBUG MainWindow           - GameScene <- DialogSubScene
16:04:23.909 [JavaFX Application Thread] DEBUG FXGLApplication      - Exiting FXGL
16:04:23.909 [JavaFX Application Thread] DEBUG LoopRunner           - Stopping loop
16:04:23.909 [JavaFX Application Thread] DEBUG SystemBundleService  - Saving FXGL system data
16:04:23.911 [JavaFX Application Thread] DEBUG FileSystemAccess     - Writing to: D:\informatique\eclipse\workspace_e\Slime-Conqueror\system\fxgl.bundle
16:04:23.914 [JavaFX Application Thread] DEBUG Async                - Shutting down background threads
16:04:23.915 [JavaFX Application Thread] DEBUG MainWindow           - Closing main window
16:04:23.930 [JavaFX Application Thread] DEBUG Logger               - Closing Logger
