18:11:56.765 [main                     ] DEBUG Logger               - Configured Logger
18:11:56.794 [main                     ] DEBUG GameApplication      - Logging settings
Title: Slime Conqueror
Version: v2.2
Width: 1280
Height: 900
Fullscreen: true
Intro: false
Profiling: false
Single step:false
App Mode: DEVELOPER
Menu Key: ESCAPE
Stage Style: DECORATED
Scene Factory: class GUI.MySceneFactory

18:11:57.278 [JavaFX Application Thread] DEBUG FXGLApplication      - Initializing FXGL
18:11:57.301 [JavaFX Application Thread] INFO  Engine               - FXGL-11.11 (08.09.2020 18.00) on WINDOWS (J:14.0.2 FX:14)
18:11:57.301 [JavaFX Application Thread] DEBUG Engine               - JRE Vendor Name: Oracle Corporation
18:11:57.302 [JavaFX Application Thread] DEBUG Engine               - Running on OS: Windows 10 version 10.0
18:11:57.302 [JavaFX Application Thread] DEBUG Engine               - Architecture: amd64
18:11:57.302 [JavaFX Application Thread] INFO  Engine               - Source code and latest versions at: https://github.com/AlmasB/FXGL
18:11:57.302 [JavaFX Application Thread] INFO  Engine               -              Join the FXGL chat at: https://gitter.im/AlmasB/FXGL
18:11:57.467 [JavaFX Application Thread] DEBUG MainWindow           - Creating a JavaFX scene
18:11:57.556 [JavaFX Application Thread] DEBUG MainWindow           - Target settings size: 1280.0 x 900.0
18:11:57.556 [JavaFX Application Thread] DEBUG MainWindow           - Scaled scene size:    1280.0 x 900.0
18:11:57.557 [JavaFX Application Thread] DEBUG MainWindow           - Scaled ratio: (1.0, 1.0)
18:11:57.559 [JavaFX Application Thread] DEBUG MainWindow           - Set initial scene to StartupScene
18:11:57.570 [JavaFX Application Thread] DEBUG MainWindow           - Opening main window
18:11:57.700 [JavaFX Application Thread] DEBUG MainWindow           - Window border size: (16.0, 39.0)
18:11:57.700 [JavaFX Application Thread] DEBUG MainWindow           - Scaled size: 1280.0 x 900.0
18:11:57.701 [JavaFX Application Thread] DEBUG MainWindow           - Scaled ratio: (1.0, 1.0)
18:11:57.701 [JavaFX Application Thread] DEBUG MainWindow           - Scene size: 1280.0 x 900.0
18:11:57.701 [JavaFX Application Thread] DEBUG MainWindow           - Stage size: 1296.0 x 939.0
18:11:57.710 [FXGL Background Thread 1 ] DEBUG Engine               - Initializing environment variables
18:11:57.772 [FXGL Background Thread 1 ] DEBUG GameApplicationServi - Applying CSS: fxgl_dark.css
18:11:57.778 [FXGL Background Thread 1 ] DEBUG FXGLAssetLoaderServi - Loading from file system: /assets/ui/css/fxgl_dark.css
18:11:57.961 [FXGL Background Thread 1 ] DEBUG GameApplicationServi - Initializing application scenes
18:11:58.097 [FXGL Background Thread 1 ] DEBUG GameWorld            - Game world initialized
18:11:58.167 [FXGL Background Thread 1 ] DEBUG PhysicsWorld         - Physics world initialized: appHeight=900, physics.ppm=50,0
18:11:58.170 [FXGL Background Thread 1 ] DEBUG GameScene            - Game scene initialized: 1280x900
18:11:58.605 [FXGL Background Thread 1 ] DEBUG GameApplicationServi - Application scenes initialized
18:11:58.628 [FXGL Background Thread 1 ] DEBUG SystemBundleService  - Loading FXGL system data
18:11:58.632 [FXGL Background Thread 1 ] DEBUG FileSystemAccess     - Reading from: E:\informatique\git\Slime-Conquror\system\fxgl.bundle
18:11:58.639 [FXGL Background Thread 1 ] DEBUG SystemBundleService  - Bundle FXGL: {}
18:11:58.639 [FXGL Background Thread 1 ] DEBUG UpdaterService       - Checking for updates
18:11:58.646 [FXGL Background Thread 4 ] DEBUG FXGLApplication      - Loading fonts
18:11:58.646 [FXGL Background Thread 4 ] DEBUG FXGLAssetLoaderServi - Loading from file system: /assets/ui/fonts/VarelaRound-Regular.ttf
18:11:58.646 [FXGL Background Thread 1 ] DEBUG FXGLApplication      - Loading default localization
18:11:58.647 [FXGL Background Thread 1 ] DEBUG FXGLAssetLoaderServi - Loading from file system: /assets/languages/english.lang
18:11:58.667 [FXGL Background Thread 1 ] INFO  FXGLApplication      - FXGL initialization took: 0,956 sec
18:11:58.675 [JavaFX Application Thread] DEBUG Input                - Registered new binding: HideGUI - H
18:11:58.675 [JavaFX Application Thread] DEBUG Input                - Registered new binding: Up - Z
18:11:58.676 [JavaFX Application Thread] DEBUG Input                - Registered new binding: Down - S
18:11:58.677 [JavaFX Application Thread] DEBUG Input                - Registered new binding: Left - Q
18:11:58.677 [JavaFX Application Thread] DEBUG Input                - Registered new binding: Right - D
18:11:58.683 [JavaFX Application Thread] DEBUG Input                - Registered new binding: Teleport - F
18:11:58.687 [JavaFX Application Thread] DEBUG Input                - Registered new binding: AttackPos - LMB
18:11:58.687 [JavaFX Application Thread] DEBUG Input                - Registered new binding: Attack - I
18:11:58.687 [JavaFX Application Thread] DEBUG FXGLAssetLoaderServi - Loading from file system: /assets/textures/fxgl_icon.png
18:11:58.739 [JavaFX Application Thread] DEBUG FXGLAssetLoaderServi - Loading from file system: /assets/ui/cursors/fxgl_default.png
18:11:58.745 [JavaFX Application Thread] DEBUG Input                - Registered new binding: Screenshot - P
18:11:58.746 [JavaFX Application Thread] DEBUG Input                - Registered new binding: System info dump - CTRL+9
18:11:58.747 [JavaFX Application Thread] DEBUG Input                - Registered new binding: Restart - CTRL+R
18:11:58.748 [JavaFX Application Thread] DEBUG Input                - Registered new binding: Toggle Debug Camera - CTRL+C
18:11:58.751 [JavaFX Application Thread] DEBUG LoopRunner           - Starting loop
18:11:58.755 [JavaFX Application Thread] DEBUG Input                - Clearing active input actions
18:11:58.767 [JavaFX Application Thread] DEBUG GameApplicationServi - Removing overlay from StartupScene and adding to FXGLMainMenuDummyScene
18:11:58.768 [JavaFX Application Thread] DEBUG MainWindow           - StartupScene -> FXGLMainMenuDummyScene
18:11:58.768 [JavaFX Application Thread] DEBUG MainWindow           - Push state: MyMenu
18:11:58.769 [JavaFX Application Thread] DEBUG Input                - Clearing active input actions
18:11:58.782 [FXGL Background Thread 4 ] DEBUG FXGLAssetLoaderServi - Loading from file system: /assets/ui/fonts/Abel-Regular.ttf
18:11:58.786 [JavaFX Application Thread] DEBUG GameApplicationServi - Removing overlay from FXGLMainMenuDummyScene and adding to MyMenu
18:11:58.787 [JavaFX Application Thread] DEBUG MainWindow           - FXGLMainMenuDummyScene -> MyMenu
18:11:58.788 [FXGL Background Thread 4 ] DEBUG FXGLAssetLoaderServi - Loading from file system: /assets/ui/fonts/lucida_console.ttf
18:11:58.801 [FXGL Background Thread 4 ] DEBUG FXGLAssetLoaderServi - Loading from file system: /assets/ui/fonts/Courier-Prime.ttf
18:11:58.903 [JavaFX Application Thread] DEBUG FXGLApplication      - Registering font factories with UI factory
18:12:00.049 [FXGL Background Thread 2 ] INFO  UpdaterService       - Your current version:  11.11
18:12:00.049 [FXGL Background Thread 2 ] INFO  UpdaterService       - Latest stable version: dev-SNAPSHOT
18:12:01.644 [FXGL Background Thread 3 ] DEBUG Engine               - Logging environment variables
18:12:01.645 [FXGL Background Thread 3 ] DEBUG Engine               - achievements: []
18:12:01.645 [FXGL Background Thread 3 ] DEBUG Engine               - appIcon: fxgl_icon.png
18:12:01.645 [FXGL Background Thread 3 ] DEBUG Engine               - applicationMode: DEVELOPER
18:12:01.645 [FXGL Background Thread 3 ] DEBUG Engine               - cSSList: [fxgl_dark.css]
18:12:01.646 [FXGL Background Thread 3 ] DEBUG Engine               - configClass: Optional.empty
18:12:01.646 [FXGL Background Thread 3 ] DEBUG Engine               - credits: []
18:12:01.646 [FXGL Background Thread 3 ] DEBUG Engine               - devBBoxColorProperty: ObjectProperty [value: 0xff0000ff]
18:12:01.646 [FXGL Background Thread 3 ] DEBUG Engine               - devEnableDebugCameraProperty: BooleanProperty [value: false]
18:12:01.647 [FXGL Background Thread 3 ] DEBUG Engine               - devSensorColorProperty: ObjectProperty [value: 0xffff00ff]
18:12:01.647 [FXGL Background Thread 3 ] DEBUG Engine               - devShowBBoxProperty: BooleanProperty [value: false]
18:12:01.647 [FXGL Background Thread 3 ] DEBUG Engine               - devShowPositionProperty: BooleanProperty [value: false]
18:12:01.647 [FXGL Background Thread 3 ] DEBUG Engine               - enabledMenuItems: []
18:12:01.647 [FXGL Background Thread 3 ] DEBUG Engine               - engineServices: [class com.almasb.fxgl.app.FXGLApplication$GameApplicationService, class com.almasb.fxgl.app.services.FXGLDialogService, class com.almasb.fxgl.app.services.IOTaskExecutorService, class com.almasb.fxgl.event.EventBusService, class com.almasb.fxgl.io.FileSystemService, class com.almasb.fxgl.localization.LocalizationService, class com.almasb.fxgl.app.services.FXGLAssetLoaderService, class com.almasb.fxgl.app.services.SystemBundleService, class com.almasb.fxgl.profile.SaveLoadService, class com.almasb.fxgl.ui.FXGLUIFactoryServiceProvider, class com.almasb.fxgl.ui.FXGLDialogFactoryServiceProvider, class com.almasb.fxgl.audio.AudioPlayer, class com.almasb.fxgl.notification.impl.NotificationServiceProvider, class com.almasb.fxgl.achievement.AchievementService, class com.almasb.fxgl.cutscene.CutsceneService, class com.almasb.fxgl.minigames.MiniGameService, class com.almasb.fxgl.net.NetService, class com.almasb.fxgl.app.services.UpdaterService, class com.almasb.fxgl.dev.DevService]
18:12:01.647 [FXGL Background Thread 3 ] DEBUG Engine               - fontGame: Abel-Regular.ttf
18:12:01.647 [FXGL Background Thread 3 ] DEBUG Engine               - fontMono: lucida_console.ttf
18:12:01.647 [FXGL Background Thread 3 ] DEBUG Engine               - fontText: Courier-Prime.ttf
18:12:01.648 [FXGL Background Thread 3 ] DEBUG Engine               - fontUI: VarelaRound-Regular.ttf
18:12:01.648 [FXGL Background Thread 3 ] DEBUG Engine               - fullScreen: BooleanProperty [value: false]
18:12:01.648 [FXGL Background Thread 3 ] DEBUG Engine               - gameDifficulty: MEDIUM
18:12:01.648 [FXGL Background Thread 3 ] DEBUG Engine               - gameDifficultyProperty: ObjectProperty [value: MEDIUM]
18:12:01.648 [FXGL Background Thread 3 ] DEBUG Engine               - globalMusicVolume: 0.5
18:12:01.648 [FXGL Background Thread 3 ] DEBUG Engine               - globalMusicVolumeProperty: DoubleProperty [value: 0.5]
18:12:01.648 [FXGL Background Thread 3 ] DEBUG Engine               - globalSoundVolume: 0.5
18:12:01.649 [FXGL Background Thread 3 ] DEBUG Engine               - globalSoundVolumeProperty: DoubleProperty [value: 0.5]
18:12:01.649 [FXGL Background Thread 3 ] DEBUG Engine               - height: 900
18:12:01.649 [FXGL Background Thread 3 ] DEBUG Engine               - isAndroid: false
18:12:01.649 [FXGL Background Thread 3 ] DEBUG Engine               - isBrowser: false
18:12:01.649 [FXGL Background Thread 3 ] DEBUG Engine               - isClickFeedbackEnabled: false
18:12:01.649 [FXGL Background Thread 3 ] DEBUG Engine               - isCloseConfirmation: false
18:12:01.649 [FXGL Background Thread 3 ] DEBUG Engine               - isDesktop: true
18:12:01.650 [FXGL Background Thread 3 ] DEBUG Engine               - isDeveloperMenuEnabled: false
18:12:01.650 [FXGL Background Thread 3 ] DEBUG Engine               - isEntityPreloadEnabled: true
18:12:01.650 [FXGL Background Thread 3 ] DEBUG Engine               - isExperimentalNative: false
18:12:01.650 [FXGL Background Thread 3 ] DEBUG Engine               - isExperimentalTiledLargeMap: false
18:12:01.650 [FXGL Background Thread 3 ] DEBUG Engine               - isFileSystemWriteAllowed: true
18:12:01.650 [FXGL Background Thread 3 ] DEBUG Engine               - isFullScreenAllowed: true
18:12:01.650 [FXGL Background Thread 3 ] DEBUG Engine               - isFullScreenFromStart: false
18:12:01.650 [FXGL Background Thread 3 ] DEBUG Engine               - isGameMenuEnabled: true
18:12:01.650 [FXGL Background Thread 3 ] DEBUG Engine               - isIOS: false
18:12:01.650 [FXGL Background Thread 3 ] DEBUG Engine               - isIntroEnabled: false
18:12:01.651 [FXGL Background Thread 3 ] DEBUG Engine               - isLinux: false
18:12:01.651 [FXGL Background Thread 3 ] DEBUG Engine               - isMac: false
18:12:01.651 [FXGL Background Thread 3 ] DEBUG Engine               - isMainMenuEnabled: true
18:12:01.651 [FXGL Background Thread 3 ] DEBUG Engine               - isManualResizeEnabled: true
18:12:01.651 [FXGL Background Thread 3 ] DEBUG Engine               - isMobile: false
18:12:01.651 [FXGL Background Thread 3 ] DEBUG Engine               - isPreserveResizeRatio: true
18:12:01.651 [FXGL Background Thread 3 ] DEBUG Engine               - isProfilingEnabled: false
18:12:01.652 [FXGL Background Thread 3 ] DEBUG Engine               - isSingleStep: false
18:12:01.652 [FXGL Background Thread 3 ] DEBUG Engine               - isUserProfileEnabled: false
18:12:01.652 [FXGL Background Thread 3 ] DEBUG Engine               - isWindows: true
18:12:01.652 [FXGL Background Thread 3 ] DEBUG Engine               - language: ObjectProperty [value: ENGLISH]
18:12:01.652 [FXGL Background Thread 3 ] DEBUG Engine               - menuKey: ESCAPE
18:12:01.652 [FXGL Background Thread 3 ] DEBUG Engine               - notificationViewClass: class com.almasb.fxgl.notification.view.XboxNotificationView
18:12:01.652 [FXGL Background Thread 3 ] DEBUG Engine               - pixelsPerMeter: 50.0
18:12:01.652 [FXGL Background Thread 3 ] DEBUG Engine               - platform: WINDOWS
18:12:01.652 [FXGL Background Thread 3 ] DEBUG Engine               - profileDir: profiles/
18:12:01.652 [FXGL Background Thread 3 ] DEBUG Engine               - profileName: StringProperty [value: DEFAULT]
18:12:01.653 [FXGL Background Thread 3 ] DEBUG Engine               - randomSeed: -1
18:12:01.653 [FXGL Background Thread 3 ] DEBUG Engine               - runtimeInfo: RuntimeInfo(platform=WINDOWS, version=11.11, build=08.09.2020 18.00)
18:12:01.653 [FXGL Background Thread 3 ] DEBUG Engine               - saveFileExt: sav
18:12:01.653 [FXGL Background Thread 3 ] DEBUG Engine               - sceneFactory: GUI.MySceneFactory@429914cc
18:12:01.653 [FXGL Background Thread 3 ] DEBUG Engine               - secondsIn24h: 60
18:12:01.653 [FXGL Background Thread 3 ] DEBUG Engine               - soundMenuBack: menu/back.wav
18:12:01.653 [FXGL Background Thread 3 ] DEBUG Engine               - soundMenuPress: menu/press.wav
18:12:01.653 [FXGL Background Thread 3 ] DEBUG Engine               - soundMenuSelect: menu/select.wav
18:12:01.653 [FXGL Background Thread 3 ] DEBUG Engine               - soundNotification: core/notification.wav
18:12:01.653 [FXGL Background Thread 3 ] DEBUG Engine               - stageStyle: DECORATED
18:12:01.653 [FXGL Background Thread 3 ] DEBUG Engine               - supportedLanguages: [ENGLISH, FRENCH, GERMAN, HUNGARIAN, RUSSIAN]
18:12:01.654 [FXGL Background Thread 3 ] DEBUG Engine               - title: Slime Conqueror
18:12:01.654 [FXGL Background Thread 3 ] DEBUG Engine               - urlGithub: https://github.com/AlmasB/FXGL
18:12:01.654 [FXGL Background Thread 3 ] DEBUG Engine               - urlLeaderboard: http://fxgl-top.herokuapp.com/
18:12:01.654 [FXGL Background Thread 3 ] DEBUG Engine               - urlPOM: https://raw.githubusercontent.com/AlmasB/FXGL/master/pom.xml
18:12:01.654 [FXGL Background Thread 3 ] DEBUG Engine               - version: v2.2
18:12:01.654 [FXGL Background Thread 3 ] DEBUG Engine               - versionCheckDays: 7
18:12:01.654 [FXGL Background Thread 3 ] DEBUG Engine               - width: 1280
18:12:01.654 [FXGL Background Thread 3 ] DEBUG Engine               - Logging services
18:12:01.654 [FXGL Background Thread 3 ] DEBUG Engine               - class com.almasb.fxgl.app.FXGLApplication$GameApplicationService
18:12:01.654 [FXGL Background Thread 3 ] DEBUG Engine               - class com.almasb.fxgl.app.services.FXGLDialogService
18:12:01.654 [FXGL Background Thread 3 ] DEBUG Engine               - class com.almasb.fxgl.app.services.IOTaskExecutorService
18:12:01.654 [FXGL Background Thread 3 ] DEBUG Engine               - class com.almasb.fxgl.event.EventBusService
18:12:01.655 [FXGL Background Thread 3 ] DEBUG Engine               - class com.almasb.fxgl.io.FileSystemService
18:12:01.655 [FXGL Background Thread 3 ] DEBUG Engine               - class com.almasb.fxgl.localization.LocalizationService
18:12:01.655 [FXGL Background Thread 3 ] DEBUG Engine               - class com.almasb.fxgl.app.services.FXGLAssetLoaderService
18:12:01.655 [FXGL Background Thread 3 ] DEBUG Engine               - class com.almasb.fxgl.app.services.SystemBundleService
18:12:01.655 [FXGL Background Thread 3 ] DEBUG Engine               - class com.almasb.fxgl.profile.SaveLoadService
18:12:01.655 [FXGL Background Thread 3 ] DEBUG Engine               - class com.almasb.fxgl.ui.FXGLUIFactoryServiceProvider
18:12:01.655 [FXGL Background Thread 3 ] DEBUG Engine               - class com.almasb.fxgl.ui.FXGLDialogFactoryServiceProvider
18:12:01.655 [FXGL Background Thread 3 ] DEBUG Engine               - class com.almasb.fxgl.audio.AudioPlayer
18:12:01.655 [FXGL Background Thread 3 ] DEBUG Engine               - class com.almasb.fxgl.notification.impl.NotificationServiceProvider
18:12:01.655 [FXGL Background Thread 3 ] DEBUG Engine               - class com.almasb.fxgl.achievement.AchievementService
18:12:01.655 [FXGL Background Thread 3 ] DEBUG Engine               - class com.almasb.fxgl.cutscene.CutsceneService
18:12:01.655 [FXGL Background Thread 3 ] DEBUG Engine               - class com.almasb.fxgl.minigames.MiniGameService
18:12:01.655 [FXGL Background Thread 3 ] DEBUG Engine               - class com.almasb.fxgl.net.NetService
18:12:01.656 [FXGL Background Thread 3 ] DEBUG Engine               - class com.almasb.fxgl.app.services.UpdaterService
18:12:01.656 [FXGL Background Thread 3 ] DEBUG Engine               - class com.almasb.fxgl.dev.DevService
18:12:03.798 [JavaFX Application Thread] DEBUG GameApplicationServi - Starting new game
18:12:03.798 [JavaFX Application Thread] DEBUG MainWindow           - Pop state: MyMenu
18:12:03.798 [JavaFX Application Thread] DEBUG Input                - Clearing active input actions
18:12:03.799 [JavaFX Application Thread] DEBUG GameApplicationServi - Removing overlay from MyMenu and adding to FXGLMainMenuDummyScene
18:12:03.800 [JavaFX Application Thread] DEBUG MainWindow           - FXGLMainMenuDummyScene <- MyMenu
18:12:03.800 [JavaFX Application Thread] DEBUG Input                - Clearing active input actions
18:12:03.806 [JavaFX Application Thread] DEBUG GameApplicationServi - Removing overlay from FXGLMainMenuDummyScene and adding to FXGLLoadingScene
18:12:03.806 [JavaFX Application Thread] DEBUG MainWindow           - FXGLMainMenuDummyScene -> FXGLLoadingScene
18:12:03.806 [JavaFX Application Thread] DEBUG GameApplicationServi - Clearing previous game
18:12:03.806 [JavaFX Application Thread] DEBUG GameScene            - Clearing game scene
18:12:03.807 [JavaFX Application Thread] DEBUG GameWorld            - Clearing game world
18:12:03.807 [JavaFX Application Thread] DEBUG PhysicsWorld         - Clearing physics world
18:12:03.808 [FXGL Background Thread 2 ] DEBUG FXGLApplication      - Initializing game
18:12:10.358 [JavaFX Application Thread] DEBUG LoopRunner           - Stopping loop
18:12:10.363 [JavaFX Application Thread] FATAL FXGLApplication      - Uncaught Exception:
java.lang.RuntimeException: Initialization failed
	at com.almasb.fxgl.app.FXGLApplication$InitAppTask.failed(FXGLApplication.kt:324)
	at javafx.concurrent.Task.setState(Task.java:710)
	at javafx.concurrent.Task$TaskCallable.lambda$call$2(Task.java:1455)
	at com.sun.javafx.application.PlatformImpl.lambda$runLater$10(PlatformImpl.java:428)
	at java.base/java.security.AccessController.doPrivileged(AccessController.java:391)
	at com.sun.javafx.application.PlatformImpl.lambda$runLater$11(PlatformImpl.java:427)
	at com.sun.glass.ui.InvokeLaterDispatcher$Future.run(InvokeLaterDispatcher.java:96)
	at com.sun.glass.ui.win.WinApplication._runLoop(Native Method)
	at com.sun.glass.ui.win.WinApplication.lambda$runLoop$3(WinApplication.java:174)
	at java.base/java.lang.Thread.run(Thread.java:832)
Caused by: java.lang.StackOverflowError
	at java.base/sun.nio.cs.UTF_8$Encoder.encodeLoop(UTF_8.java:564)
	at java.base/java.nio.charset.CharsetEncoder.encode(CharsetEncoder.java:585)
	at java.base/sun.nio.cs.StreamEncoder.implWrite(StreamEncoder.java:301)
	at java.base/sun.nio.cs.StreamEncoder.implWrite(StreamEncoder.java:290)
	at java.base/sun.nio.cs.StreamEncoder.write(StreamEncoder.java:131)
	at java.base/java.io.OutputStreamWriter.write(OutputStreamWriter.java:208)
	at java.base/java.io.BufferedWriter.flushBuffer(BufferedWriter.java:120)
	at java.base/java.io.PrintStream.writeln(PrintStream.java:722)
	at java.base/java.io.PrintStream.println(PrintStream.java:1028)
	at game.and.map.CreatAlea.compt0(CreatAlea.java:85)
	at game.and.map.CreatAlea.compt0(CreatAlea.java:93)
	at game.and.map.CreatAlea.compt0(CreatAlea.java:96)
	at game.and.map.CreatAlea.compt0(CreatAlea.java:96)
	at game.and.map.CreatAlea.compt0(CreatAlea.java:96)
	at game.and.map.CreatAlea.compt0(CreatAlea.java:102)
	at game.and.map.CreatAlea.compt0(CreatAlea.java:93)
	at game.and.map.CreatAlea.compt0(CreatAlea.java:93)
	at game.and.map.CreatAlea.compt0(CreatAlea.java:93)
	at game.and.map.CreatAlea.compt0(CreatAlea.java:93)
	at game.and.map.CreatAlea.compt0(CreatAlea.java:102)
	at game.and.map.CreatAlea.compt0(CreatAlea.java:96)
	at game.and.map.CreatAlea.compt0(CreatAlea.java:96)
	at game.and.map.CreatAlea.compt0(CreatAlea.java:96)
	at game.and.map.CreatAlea.compt0(CreatAlea.java:96)
	at game.and.map.CreatAlea.compt0(CreatAlea.java:96)
	at game.and.map.CreatAlea.compt0(CreatAlea.java:96)
	at game.and.map.CreatAlea.compt0(CreatAlea.java:96)
	at game.and.map.CreatAlea.compt0(CreatAlea.java:99)
	at game.and.map.CreatAlea.compt0(CreatAlea.java:93)
	at game.and.map.CreatAlea.compt0(CreatAlea.java:99)
	at game.and.map.CreatAlea.compt0(CreatAlea.java:96)
	at game.and.map.CreatAlea.compt0(CreatAlea.java:96)
	at game.and.map.CreatAlea.compt0(CreatAlea.java:96)
	at game.and.map.CreatAlea.compt0(CreatAlea.java:96)
	at game.and.map.CreatAlea.compt0(CreatAlea.java:96)
	at game.and.map.CreatAlea.compt0(CreatAlea.java:102)
	at game.and.map.CreatAlea.compt0(CreatAlea.java:93)
	at game.and.map.CreatAlea.compt0(CreatAlea.java:102)
	at game.and.map.CreatAlea.compt0(CreatAlea.java:96)
	at game.and.map.CreatAlea.compt0(CreatAlea.java:96)
	at game.and.map.CreatAlea.compt0(CreatAlea.java:96)
	at game.and.map.CreatAlea.compt0(CreatAlea.java:96)
	at game.and.map.CreatAlea.compt0(CreatAlea.java:96)
	at game.and.map.CreatAlea.compt0(CreatAlea.java:99)
	at game.and.map.CreatAlea.compt0(CreatAlea.java:93)
	at game.and.map.CreatAlea.compt0(CreatAlea.java:99)
	at game.and.map.CreatAlea.compt0(CreatAlea.java:93)
	at game.and.map.CreatAlea.compt0(CreatAlea.java:99)
	at game.and.map.CreatAlea.compt0(CreatAlea.java:93)
	at game.and.map.CreatAlea.compt0(CreatAlea.java:93)
	at game.and.map.CreatAlea.compt0(CreatAlea.java:93)
	at game.and.map.CreatAlea.compt0(CreatAlea.java:93)
	at game.and.map.CreatAlea.compt0(CreatAlea.java:93)
	at game.and.map.CreatAlea.compt0(CreatAlea.java:93)
	at game.and.map.CreatAlea.compt0(CreatAlea.java:93)
	at game.and.map.CreatAlea.compt0(CreatAlea.java:99)
	at game.and.map.CreatAlea.compt0(CreatAlea.java:96)
	at game.and.map.CreatAlea.compt0(CreatAlea.java:96)
	at game.and.map.CreatAlea.compt0(CreatAlea.java:96)
	at game.and.map.CreatAlea.compt0(CreatAlea.java:96)
	at game.and.map.CreatAlea.compt0(CreatAlea.java:96)
	at game.and.map.CreatAlea.compt0(CreatAlea.java:96)
	at game.and.map.CreatAlea.compt0(CreatAlea.java:96)
	at game.and.map.CreatAlea.compt0(CreatAlea.java:96)
	at game.and.map.CreatAlea.compt0(CreatAlea.java:96)
	at game.and.map.CreatAlea.compt0(CreatAlea.java:99)
	at game.and.map.CreatAlea.compt0(CreatAlea.java:93)
	at game.and.map.CreatAlea.compt0(CreatAlea.java:99)
	at game.and.map.CreatAlea.compt0(CreatAlea.java:93)
	at game.and.map.CreatAlea.compt0(CreatAlea.java:93)
	at game.and.map.CreatAlea.compt0(CreatAlea.java:93)
	at game.and.map.CreatAlea.compt0(CreatAlea.java:99)
	at game.and.map.CreatAlea.compt0(CreatAlea.java:96)
	at game.and.map.CreatAlea.compt0(CreatAlea.java:96)
	at game.and.map.CreatAlea.compt0(CreatAlea.java:96)
	at game.and.map.CreatAlea.compt0(CreatAlea.java:96)
	at game.and.map.CreatAlea.compt0(CreatAlea.java:96)
	at game.and.map.CreatAlea.compt0(CreatAlea.java:96)
	at game.and.map.CreatAlea.compt0(CreatAlea.java:96)
	at game.and.map.CreatAlea.compt0(CreatAlea.java:99)
	at game.and.map.CreatAlea.compt0(CreatAlea.java:93)
	at game.and.map.CreatAlea.compt0(CreatAlea.java:93)
	at game.and.map.CreatAlea.compt0(CreatAlea.java:93)
	at game.and.map.CreatAlea.compt0(CreatAlea.java:93)
	at game.and.map.CreatAlea.compt0(CreatAlea.java:99)
	at game.and.map.CreatAlea.compt0(CreatAlea.java:93)
	at game.and.map.CreatAlea.compt0(CreatAlea.java:93)
	at game.and.map.CreatAlea.compt0(CreatAlea.java:93)
	at game.and.map.CreatAlea.compt0(CreatAlea.java:93)
	at game.and.map.CreatAlea.compt0(CreatAlea.java:93)
	at game.and.map.CreatAlea.compt0(CreatAlea.java:93)
	at game.and.map.CreatAlea.compt0(CreatAlea.java:99)
	at game.and.map.CreatAlea.compt0(CreatAlea.java:96)
	at game.and.map.CreatAlea.compt0(CreatAlea.java:96)
	at game.and.map.CreatAlea.compt0(CreatAlea.java:96)
	at game.and.map.CreatAlea.compt0(CreatAlea.java:96)
	at game.and.map.CreatAlea.compt0(CreatAlea.java:96)
	at game.and.map.CreatAlea.compt0(CreatAlea.java:96)
	at game.and.map.CreatAlea.compt0(CreatAlea.java:96)
	at game.and.map.CreatAlea.compt0(CreatAlea.java:96)
	at game.and.map.CreatAlea.compt0(CreatAlea.java:96)
	at game.and.map.CreatAlea.compt0(CreatAlea.java:96)
	at game.and.map.CreatAlea.compt0(CreatAlea.java:99)
	at game.and.map.CreatAlea.compt0(CreatAlea.java:93)
	at game.and.map.CreatAlea.compt0(CreatAlea.java:93)
	at game.and.map.CreatAlea.compt0(CreatAlea.java:99)
	at game.and.map.CreatAlea.compt0(CreatAlea.java:96)
	at game.and.map.CreatAlea.compt0(CreatAlea.java:96)
	at game.and.map.CreatAlea.compt0(CreatAlea.java:99)
	at game.and.map.CreatAlea.compt0(CreatAlea.java:93)
	at game.and.map.CreatAlea.compt0(CreatAlea.java:99)
	at game.and.map.CreatAlea.compt0(CreatAlea.java:96)
	at game.and.map.CreatAlea.compt0(CreatAlea.java:99)
	at game.and.map.CreatAlea.compt0(CreatAlea.java:93)
	at game.and.map.CreatAlea.compt0(CreatAlea.java:99)
	at game.and.map.CreatAlea.compt0(CreatAlea.java:96)
	at game.and.map.CreatAlea.first0(CreatAlea.java:118)
	at game.and.map.CreatAlea.verif0(CreatAlea.java:75)
	at game.and.map.CreatAlea.creat(CreatAlea.java:55)
	at game.and.map.CreatAlea.verif0(CreatAlea.java:80)
	at game.and.map.CreatAlea.creat(CreatAlea.java:55)
	at game.and.map.CreatAlea.verif0(CreatAlea.java:80)
	at game.and.map.CreatAlea.creat(CreatAlea.java:55)
	at game.and.map.CreatAlea.verif0(CreatAlea.java:80)
	at game.and.map.CreatAlea.creat(CreatAlea.java:55)
	at game.and.map.CreatAlea.verif0(CreatAlea.java:80)
	at game.and.map.CreatAlea.creat(CreatAlea.java:55)
	at game.and.map.CreatAlea.verif0(CreatAlea.java:80)
	at game.and.map.CreatAlea.creat(CreatAlea.java:55)
	at game.and.map.CreatAlea.verif0(CreatAlea.java:80)
	at game.and.map.CreatAlea.creat(CreatAlea.java:55)
	at game.and.map.CreatAlea.verif0(CreatAlea.java:80)
	at game.and.map.CreatAlea.creat(CreatAlea.java:55)
	at game.and.map.CreatAlea.verif0(CreatAlea.java:80)
	at game.and.map.CreatAlea.creat(CreatAlea.java:55)
	at game.and.map.CreatAlea.verif0(CreatAlea.java:80)
	at game.and.map.CreatAlea.creat(CreatAlea.java:55)
	at game.and.map.CreatAlea.verif0(CreatAlea.java:80)
	at game.and.map.CreatAlea.creat(CreatAlea.java:55)
	at game.and.map.CreatAlea.verif0(CreatAlea.java:80)
	at game.and.map.CreatAlea.creat(CreatAlea.java:55)
	at game.and.map.CreatAlea.verif0(CreatAlea.java:80)
	at game.and.map.CreatAlea.creat(CreatAlea.java:55)
	at game.and.map.CreatAlea.verif0(CreatAlea.java:80)
	at game.and.map.CreatAlea.creat(CreatAlea.java:55)
	at game.and.map.CreatAlea.verif0(CreatAlea.java:80)
	at game.and.map.CreatAlea.creat(CreatAlea.java:55)
	at game.and.map.CreatAlea.verif0(CreatAlea.java:80)
	at game.and.map.CreatAlea.creat(CreatAlea.java:55)
	at game.and.map.CreatAlea.verif0(CreatAlea.java:80)
	at game.and.map.CreatAlea.creat(CreatAlea.java:55)
	at game.and.map.CreatAlea.verif0(CreatAlea.java:80)
	at game.and.map.CreatAlea.creat(CreatAlea.java:55)
	at game.and.map.CreatAlea.verif0(CreatAlea.java:80)
	at game.and.map.CreatAlea.creat(CreatAlea.java:55)
	at game.and.map.CreatAlea.verif0(CreatAlea.java:80)
	at game.and.map.CreatAlea.creat(CreatAlea.java:55)
	at game.and.map.CreatAlea.verif0(CreatAlea.java:80)
	at game.and.map.CreatAlea.creat(CreatAlea.java:55)
	at game.and.map.CreatAlea.verif0(CreatAlea.java:80)
	at game.and.map.CreatAlea.creat(CreatAlea.java:55)
	at game.and.map.CreatAlea.verif0(CreatAlea.java:80)
	at game.and.map.CreatAlea.creat(CreatAlea.java:55)
	at game.and.map.CreatAlea.verif0(CreatAlea.java:80)
	at game.and.map.CreatAlea.creat(CreatAlea.java:55)
	at game.and.map.CreatAlea.verif0(CreatAlea.java:80)
	at game.and.map.CreatAlea.creat(CreatAlea.java:55)
	at game.and.map.CreatAlea.verif0(CreatAlea.java:80)
	at game.and.map.CreatAlea.creat(CreatAlea.java:55)
	at game.and.map.CreatAlea.verif0(CreatAlea.java:80)
	at game.and.map.CreatAlea.creat(CreatAlea.java:55)
	at game.and.map.CreatAlea.verif0(CreatAlea.java:80)
	at game.and.map.CreatAlea.creat(CreatAlea.java:55)
	at game.and.map.CreatAlea.verif0(CreatAlea.java:80)
	at game.and.map.CreatAlea.creat(CreatAlea.java:55)
	at game.and.map.CreatAlea.verif0(CreatAlea.java:80)
	at game.and.map.CreatAlea.creat(CreatAlea.java:55)
	at game.and.map.CreatAlea.verif0(CreatAlea.java:80)
	at game.and.map.CreatAlea.creat(CreatAlea.java:55)
	at game.and.map.CreatAlea.verif0(CreatAlea.java:80)
	at game.and.map.CreatAlea.creat(CreatAlea.java:55)
	at game.and.map.CreatAlea.verif0(CreatAlea.java:80)
	at game.and.map.CreatAlea.creat(CreatAlea.java:55)
	at game.and.map.CreatAlea.verif0(CreatAlea.java:80)
	at game.and.map.CreatAlea.creat(CreatAlea.java:55)
	at game.and.map.CreatAlea.verif0(CreatAlea.java:80)
	at game.and.map.CreatAlea.creat(CreatAlea.java:55)
	at game.and.map.CreatAlea.verif0(CreatAlea.java:80)
	at game.and.map.CreatAlea.creat(CreatAlea.java:55)
	at game.and.map.CreatAlea.verif0(CreatAlea.java:80)
	at game.and.map.CreatAlea.creat(CreatAlea.java:55)
	at game.and.map.CreatAlea.verif0(CreatAlea.java:80)
	at game.and.map.CreatAlea.creat(CreatAlea.java:55)
	at game.and.map.CreatAlea.verif0(CreatAlea.java:80)
	at game.and.map.CreatAlea.creat(CreatAlea.java:55)
	at game.and.map.CreatAlea.verif0(CreatAlea.java:80)
	at game.and.map.CreatAlea.creat(CreatAlea.java:55)
	at game.and.map.CreatAlea.verif0(CreatAlea.java:80)
	at game.and.map.CreatAlea.creat(CreatAlea.java:55)
	at game.and.map.CreatAlea.verif0(CreatAlea.java:80)
	at game.and.map.CreatAlea.creat(CreatAlea.java:55)
	at game.and.map.CreatAlea.verif0(CreatAlea.java:80)
	at game.and.map.CreatAlea.creat(CreatAlea.java:55)
	at game.and.map.CreatAlea.verif0(CreatAlea.java:80)
	at game.and.map.CreatAlea.creat(CreatAlea.java:55)
	at game.and.map.CreatAlea.verif0(CreatAlea.java:80)
	at game.and.map.CreatAlea.creat(CreatAlea.java:55)
	at game.and.map.CreatAlea.verif0(CreatAlea.java:80)
	at game.and.map.CreatAlea.creat(CreatAlea.java:55)
	at game.and.map.CreatAlea.verif0(CreatAlea.java:80)
	at game.and.map.CreatAlea.creat(CreatAlea.java:55)
	at game.and.map.CreatAlea.verif0(CreatAlea.java:80)
	at game.and.map.CreatAlea.creat(CreatAlea.java:55)
	at game.and.map.CreatAlea.verif0(CreatAlea.java:80)
	at game.and.map.CreatAlea.creat(CreatAlea.java:55)
	at game.and.map.CreatAlea.verif0(CreatAlea.java:80)
	at game.and.map.CreatAlea.creat(CreatAlea.java:55)
	at game.and.map.CreatAlea.verif0(CreatAlea.java:80)
	at game.and.map.CreatAlea.creat(CreatAlea.java:55)
	at game.and.map.CreatAlea.verif0(CreatAlea.java:80)
	at game.and.map.CreatAlea.creat(CreatAlea.java:55)
	at game.and.map.CreatAlea.verif0(CreatAlea.java:80)
	at game.and.map.CreatAlea.creat(CreatAlea.java:55)
	at game.and.map.CreatAlea.verif0(CreatAlea.java:80)
	at game.and.map.CreatAlea.creat(CreatAlea.java:55)
	at game.and.map.CreatAlea.verif0(CreatAlea.java:80)
	at game.and.map.CreatAlea.creat(CreatAlea.java:55)
	at game.and.map.CreatAlea.verif0(CreatAlea.java:80)
	at game.and.map.CreatAlea.creat(CreatAlea.java:55)
	at game.and.map.CreatAlea.verif0(CreatAlea.java:80)
	at game.and.map.CreatAlea.creat(CreatAlea.java:55)
	at game.and.map.CreatAlea.verif0(CreatAlea.java:80)
	at game.and.map.CreatAlea.creat(CreatAlea.java:55)
	at game.and.map.CreatAlea.verif0(CreatAlea.java:80)
	at game.and.map.CreatAlea.creat(CreatAlea.java:55)
	at game.and.map.CreatAlea.verif0(CreatAlea.java:80)
	at game.and.map.CreatAlea.creat(CreatAlea.java:55)
	at game.and.map.CreatAlea.verif0(CreatAlea.java:80)
	at game.and.map.CreatAlea.creat(CreatAlea.java:55)
	at game.and.map.CreatAlea.verif0(CreatAlea.java:80)
	at game.and.map.CreatAlea.creat(CreatAlea.java:55)
	at game.and.map.CreatAlea.verif0(CreatAlea.java:80)
	at game.and.map.CreatAlea.creat(CreatAlea.java:55)
	at game.and.map.CreatAlea.verif0(CreatAlea.java:80)
	at game.and.map.CreatAlea.creat(CreatAlea.java:55)
	at game.and.map.CreatAlea.verif0(CreatAlea.java:80)
	at game.and.map.CreatAlea.creat(CreatAlea.java:55)
	at game.and.map.CreatAlea.verif0(CreatAlea.java:80)
	at game.and.map.CreatAlea.creat(CreatAlea.java:55)
	at game.and.map.CreatAlea.verif0(CreatAlea.java:80)
	at game.and.map.CreatAlea.creat(CreatAlea.java:55)
	at game.and.map.CreatAlea.verif0(CreatAlea.java:80)
	at game.and.map.CreatAlea.creat(CreatAlea.java:55)
	at game.and.map.CreatAlea.verif0(CreatAlea.java:80)
	at game.and.map.CreatAlea.creat(CreatAlea.java:55)
	at game.and.map.CreatAlea.verif0(CreatAlea.java:80)
	at game.and.map.CreatAlea.creat(CreatAlea.java:55)
	at game.and.map.CreatAlea.verif0(CreatAlea.java:80)
	at game.and.map.CreatAlea.creat(CreatAlea.java:55)
	at game.and.map.CreatAlea.verif0(CreatAlea.java:80)
	at game.and.map.CreatAlea.creat(CreatAlea.java:55)
	at game.and.map.CreatAlea.verif0(CreatAlea.java:80)
	at game.and.map.CreatAlea.creat(CreatAlea.java:55)
	at game.and.map.CreatAlea.verif0(CreatAlea.java:80)
	at game.and.map.CreatAlea.creat(CreatAlea.java:55)
	at game.and.map.CreatAlea.verif0(CreatAlea.java:80)
	at game.and.map.CreatAlea.creat(CreatAlea.java:55)
	at game.and.map.CreatAlea.verif0(CreatAlea.java:80)
	at game.and.map.CreatAlea.creat(CreatAlea.java:55)
	at game.and.map.CreatAlea.verif0(CreatAlea.java:80)
	at game.and.map.CreatAlea.creat(CreatAlea.java:55)
	at game.and.map.CreatAlea.verif0(CreatAlea.java:80)
	at game.and.map.CreatAlea.creat(CreatAlea.java:55)
	at game.and.map.CreatAlea.verif0(CreatAlea.java:80)
	at game.and.map.CreatAlea.creat(CreatAlea.java:55)
	at game.and.map.CreatAlea.verif0(CreatAlea.java:80)
	at game.and.map.CreatAlea.creat(CreatAlea.java:55)
	at game.and.map.CreatAlea.verif0(CreatAlea.java:80)
	at game.and.map.CreatAlea.creat(CreatAlea.java:55)
	at game.and.map.CreatAlea.verif0(CreatAlea.java:80)
	at game.and.map.CreatAlea.creat(CreatAlea.java:55)
	at game.and.map.CreatAlea.verif0(CreatAlea.java:80)
	at game.and.map.CreatAlea.creat(CreatAlea.java:55)
	at game.and.map.CreatAlea.verif0(CreatAlea.java:80)
	at game.and.map.CreatAlea.creat(CreatAlea.java:55)
	at game.and.map.CreatAlea.verif0(CreatAlea.java:80)
	at game.and.map.CreatAlea.creat(CreatAlea.java:55)
	at game.and.map.CreatAlea.verif0(CreatAlea.java:80)
	at game.and.map.CreatAlea.creat(CreatAlea.java:55)
	at game.and.map.CreatAlea.verif0(CreatAlea.java:80)
	at game.and.map.CreatAlea.creat(CreatAlea.java:55)
	at game.and.map.CreatAlea.verif0(CreatAlea.java:80)
	at game.and.map.CreatAlea.creat(CreatAlea.java:55)
	at game.and.map.CreatAlea.verif0(CreatAlea.java:80)
	at game.and.map.CreatAlea.creat(CreatAlea.java:55)
	at game.and.map.CreatAlea.verif0(CreatAlea.java:80)
	at game.and.map.CreatAlea.creat(CreatAlea.java:55)
	at game.and.map.CreatAlea.verif0(CreatAlea.java:80)
	at game.and.map.CreatAlea.creat(CreatAlea.java:55)
	at game.and.map.CreatAlea.verif0(CreatAlea.java:80)
	at game.and.map.CreatAlea.creat(CreatAlea.java:55)
	at game.and.map.CreatAlea.verif0(CreatAlea.java:80)
	at game.and.map.CreatAlea.creat(CreatAlea.java:55)
	at game.and.map.CreatAlea.verif0(CreatAlea.java:80)
	at game.and.map.CreatAlea.creat(CreatAlea.java:55)
	at game.and.map.CreatAlea.verif0(CreatAlea.java:80)
	at game.and.map.CreatAlea.creat(CreatAlea.java:55)
	at game.and.map.CreatAlea.verif0(CreatAlea.java:80)
	at game.and.map.CreatAlea.creat(CreatAlea.java:55)
	at game.and.map.CreatAlea.verif0(CreatAlea.java:80)
	at game.and.map.CreatAlea.creat(CreatAlea.java:55)
	at game.and.map.CreatAlea.verif0(CreatAlea.java:80)
	at game.and.map.CreatAlea.creat(CreatAlea.java:55)
	at game.and.map.CreatAlea.verif0(CreatAlea.java:80)
	at game.and.map.CreatAlea.creat(CreatAlea.java:55)
	at game.and.map.CreatAlea.verif0(CreatAlea.java:80)
	at game.and.map.CreatAlea.creat(CreatAlea.java:55)
	at game.and.map.CreatAlea.verif0(CreatAlea.java:80)
	at game.and.map.CreatAlea.creat(CreatAlea.java:55)
	at game.and.map.CreatAlea.verif0(CreatAlea.java:80)
	at game.and.map.CreatAlea.creat(CreatAlea.java:55)
	at game.and.map.CreatAlea.verif0(CreatAlea.java:80)
	at game.and.map.CreatAlea.creat(CreatAlea.java:55)
	at game.and.map.CreatAlea.verif0(CreatAlea.java:80)
	at game.and.map.CreatAlea.creat(CreatAlea.java:55)
	at game.and.map.CreatAlea.verif0(CreatAlea.java:80)
	at game.and.map.CreatAlea.creat(CreatAlea.java:55)
	at game.and.map.CreatAlea.verif0(CreatAlea.java:80)
	at game.and.map.CreatAlea.creat(CreatAlea.java:55)
	at game.and.map.CreatAlea.verif0(CreatAlea.java:80)
	at game.and.map.CreatAlea.creat(CreatAlea.java:55)
	at game.and.map.CreatAlea.verif0(CreatAlea.java:80)
	at game.and.map.CreatAlea.creat(CreatAlea.java:55)
	at game.and.map.CreatAlea.verif0(CreatAlea.java:80)
	at game.and.map.CreatAlea.creat(CreatAlea.java:55)
	at game.and.map.CreatAlea.verif0(CreatAlea.java:80)
	at game.and.map.CreatAlea.creat(CreatAlea.java:55)
	at game.and.map.CreatAlea.verif0(CreatAlea.java:80)
	at game.and.map.CreatAlea.creat(CreatAlea.java:55)
	at game.and.map.CreatAlea.verif0(CreatAlea.java:80)
	at game.and.map.CreatAlea.creat(CreatAlea.java:55)
	at game.and.map.CreatAlea.verif0(CreatAlea.java:80)
	at game.and.map.CreatAlea.creat(CreatAlea.java:55)
	at game.and.map.CreatAlea.verif0(CreatAlea.java:80)
	at game.and.map.CreatAlea.creat(CreatAlea.java:55)
	at game.and.map.CreatAlea.verif0(CreatAlea.java:80)
	at game.and.map.CreatAlea.creat(CreatAlea.java:55)
	at game.and.map.CreatAlea.verif0(CreatAlea.java:80)
	at game.and.map.CreatAlea.creat(CreatAlea.java:55)
	at game.and.map.CreatAlea.verif0(CreatAlea.java:80)
	at game.and.map.CreatAlea.creat(CreatAlea.java:55)
	at game.and.map.CreatAlea.verif0(CreatAlea.java:80)
	at game.and.map.CreatAlea.creat(CreatAlea.java:55)
	at game.and.map.CreatAlea.verif0(CreatAlea.java:80)
	at game.and.map.CreatAlea.creat(CreatAlea.java:55)
	at game.and.map.CreatAlea.verif0(CreatAlea.java:80)
	at game.and.map.CreatAlea.creat(CreatAlea.java:55)
	at game.and.map.CreatAlea.verif0(CreatAlea.java:80)
	at game.and.map.CreatAlea.creat(CreatAlea.java:55)
	at game.and.map.CreatAlea.verif0(CreatAlea.java:80)
	at game.and.map.CreatAlea.creat(CreatAlea.java:55)
	at game.and.map.CreatAlea.verif0(CreatAlea.java:80)
	at game.and.map.CreatAlea.creat(CreatAlea.java:55)
	at game.and.map.CreatAlea.verif0(CreatAlea.java:80)
	at game.and.map.CreatAlea.creat(CreatAlea.java:55)
	at game.and.map.CreatAlea.verif0(CreatAlea.java:80)
	at game.and.map.CreatAlea.creat(CreatAlea.java:55)
	at game.and.map.CreatAlea.verif0(CreatAlea.java:80)
	at game.and.map.CreatAlea.creat(CreatAlea.java:55)
	at game.and.map.CreatAlea.verif0(CreatAlea.java:80)
	at game.and.map.CreatAlea.creat(CreatAlea.java:55)
	at game.and.map.CreatAlea.verif0(CreatAlea.java:80)
	at game.and.map.CreatAlea.creat(CreatAlea.java:55)
	at game.and.map.CreatAlea.verif0(CreatAlea.java:80)
	at game.and.map.CreatAlea.creat(CreatAlea.java:55)
	at game.and.map.CreatAlea.verif0(CreatAlea.java:80)
	at game.and.map.CreatAlea.creat(CreatAlea.java:55)
	at game.and.map.CreatAlea.verif0(CreatAlea.java:80)
	at game.and.map.CreatAlea.creat(CreatAlea.java:55)
	at game.and.map.CreatAlea.verif0(CreatAlea.java:80)
	at game.and.map.CreatAlea.creat(CreatAlea.java:55)
	at game.and.map.CreatAlea.verif0(CreatAlea.java:80)
	at game.and.map.CreatAlea.creat(CreatAlea.java:55)
	at game.and.map.CreatAlea.verif0(CreatAlea.java:80)
	at game.and.map.CreatAlea.creat(CreatAlea.java:55)
	at game.and.map.CreatAlea.verif0(CreatAlea.java:80)
	at game.and.map.CreatAlea.creat(CreatAlea.java:55)
	at game.and.map.CreatAlea.verif0(CreatAlea.java:80)
	at game.and.map.CreatAlea.creat(CreatAlea.java:55)
	at game.and.map.CreatAlea.verif0(CreatAlea.java:80)
	at game.and.map.CreatAlea.creat(CreatAlea.java:55)
	at game.and.map.CreatAlea.verif0(CreatAlea.java:80)
	at game.and.map.CreatAlea.creat(CreatAlea.java:55)
	at game.and.map.CreatAlea.verif0(CreatAlea.java:80)
	at game.and.map.CreatAlea.creat(CreatAlea.java:55)
	at game.and.map.CreatAlea.verif0(CreatAlea.java:80)
	at game.and.map.CreatAlea.creat(CreatAlea.java:55)
	at game.and.map.CreatAlea.verif0(CreatAlea.java:80)
	at game.and.map.CreatAlea.creat(CreatAlea.java:55)
	at game.and.map.CreatAlea.verif0(CreatAlea.java:80)
	at game.and.map.CreatAlea.creat(CreatAlea.java:55)
	at game.and.map.CreatAlea.verif0(CreatAlea.java:80)
	at game.and.map.CreatAlea.creat(CreatAlea.java:55)
	at game.and.map.CreatAlea.verif0(CreatAlea.java:80)
	at game.and.map.CreatAlea.creat(CreatAlea.java:55)
	at game.and.map.CreatAlea.verif0(CreatAlea.java:80)
	at game.and.map.CreatAlea.creat(CreatAlea.java:55)
	at game.and.map.CreatAlea.verif0(CreatAlea.java:80)
	at game.and.map.CreatAlea.creat(CreatAlea.java:55)
	at game.and.map.CreatAlea.verif0(CreatAlea.java:80)
	at game.and.map.CreatAlea.creat(CreatAlea.java:55)
	at game.and.map.CreatAlea.verif0(CreatAlea.java:80)
	at game.and.map.CreatAlea.creat(CreatAlea.java:55)
	at game.and.map.CreatAlea.verif0(CreatAlea.java:80)
	at game.and.map.CreatAlea.creat(CreatAlea.java:55)
	at game.and.map.CreatAlea.verif0(CreatAlea.java:80)
	at game.and.map.CreatAlea.creat(CreatAlea.java:55)
	at game.and.map.CreatAlea.verif0(CreatAlea.java:80)
	at game.and.map.CreatAlea.creat(CreatAlea.java:55)
	at game.and.map.CreatAlea.verif0(CreatAlea.java:80)
	at game.and.map.CreatAlea.creat(CreatAlea.java:55)
	at game.and.map.CreatAlea.verif0(CreatAlea.java:80)
	at game.and.map.CreatAlea.creat(CreatAlea.java:55)
	at game.and.map.CreatAlea.verif0(CreatAlea.java:80)
	at game.and.map.CreatAlea.creat(CreatAlea.java:55)
	at game.and.map.CreatAlea.verif0(CreatAlea.java:80)
	at game.and.map.CreatAlea.creat(CreatAlea.java:55)
	at game.and.map.CreatAlea.verif0(CreatAlea.java:80)
	at game.and.map.CreatAlea.creat(CreatAlea.java:55)
	at game.and.map.CreatAlea.verif0(CreatAlea.java:80)
	at game.and.map.CreatAlea.creat(CreatAlea.java:55)
	at game.and.map.CreatAlea.verif0(CreatAlea.java:80)
	at game.and.map.CreatAlea.creat(CreatAlea.java:55)
	at game.and.map.CreatAlea.verif0(CreatAlea.java:80)
	at game.and.map.CreatAlea.creat(CreatAlea.java:55)
	at game.and.map.CreatAlea.verif0(CreatAlea.java:80)
	at game.and.map.CreatAlea.creat(CreatAlea.java:55)
	at game.and.map.CreatAlea.verif0(CreatAlea.java:80)
	at game.and.map.CreatAlea.creat(CreatAlea.java:55)
	at game.and.map.CreatAlea.verif0(CreatAlea.java:80)
	at game.and.map.CreatAlea.creat(CreatAlea.java:55)
	at game.and.map.CreatAlea.verif0(CreatAlea.java:80)
	at game.and.map.CreatAlea.creat(CreatAlea.java:55)
	at game.and.map.CreatAlea.verif0(CreatAlea.java:80)
	at game.and.map.CreatAlea.creat(CreatAlea.java:55)
	at game.and.map.CreatAlea.verif0(CreatAlea.java:80)
	at game.and.map.CreatAlea.creat(CreatAlea.java:55)
	at game.and.map.CreatAlea.verif0(CreatAlea.java:80)
	at game.and.map.CreatAlea.creat(CreatAlea.java:55)
	at game.and.map.CreatAlea.verif0(CreatAlea.java:80)
	at game.and.map.CreatAlea.creat(CreatAlea.java:55)
	at game.and.map.CreatAlea.verif0(CreatAlea.java:80)
	at game.and.map.CreatAlea.creat(CreatAlea.java:55)
	at game.and.map.CreatAlea.verif0(CreatAlea.java:80)
	at game.and.map.CreatAlea.creat(CreatAlea.java:55)
	at game.and.map.CreatAlea.verif0(CreatAlea.java:80)
	at game.and.map.CreatAlea.creat(CreatAlea.java:55)
	at game.and.map.CreatAlea.verif0(CreatAlea.java:80)
	at game.and.map.CreatAlea.creat(CreatAlea.java:55)
	at game.and.map.CreatAlea.verif0(CreatAlea.java:80)
	at game.and.map.CreatAlea.creat(CreatAlea.java:55)
	at game.and.map.CreatAlea.verif0(CreatAlea.java:80)
	at game.and.map.CreatAlea.creat(CreatAlea.java:55)
	at game.and.map.CreatAlea.verif0(CreatAlea.java:80)
	at game.and.map.CreatAlea.creat(CreatAlea.java:55)
	at game.and.map.CreatAlea.verif0(CreatAlea.java:80)
	at game.and.map.CreatAlea.creat(CreatAlea.java:55)
	at game.and.map.CreatAlea.verif0(CreatAlea.java:80)
	at game.and.map.CreatAlea.creat(CreatAlea.java:55)
	at game.and.map.CreatAlea.verif0(CreatAlea.java:80)
	at game.and.map.CreatAlea.creat(CreatAlea.java:55)
	at game.and.map.CreatAlea.verif0(CreatAlea.java:80)
	at game.and.map.CreatAlea.creat(CreatAlea.java:55)
	at game.and.map.CreatAlea.verif0(CreatAlea.java:80)
	at game.and.map.CreatAlea.creat(CreatAlea.java:55)
	at game.and.map.CreatAlea.verif0(CreatAlea.java:80)
	at game.and.map.CreatAlea.creat(CreatAlea.java:55)
	at game.and.map.CreatAlea.verif0(CreatAlea.java:80)
	at game.and.map.CreatAlea.creat(CreatAlea.java:55)
	at game.and.map.CreatAlea.verif0(CreatAlea.java:80)
	at game.and.map.CreatAlea.creat(CreatAlea.java:55)
	at game.and.map.CreatAlea.verif0(CreatAlea.java:80)
	at game.and.map.CreatAlea.creat(CreatAlea.java:55)
	at game.and.map.CreatAlea.verif0(CreatAlea.java:80)
	at game.and.map.CreatAlea.creat(CreatAlea.java:55)
	at game.and.map.CreatAlea.verif0(CreatAlea.java:80)
	at game.and.map.CreatAlea.creat(CreatAlea.java:55)
	at game.and.map.CreatAlea.verif0(CreatAlea.java:80)
	at game.and.map.CreatAlea.creat(CreatAlea.java:55)
	at game.and.map.CreatAlea.verif0(CreatAlea.java:80)
	at game.and.map.CreatAlea.creat(CreatAlea.java:55)
	at game.and.map.CreatAlea.verif0(CreatAlea.java:80)
	at game.and.map.CreatAlea.creat(CreatAlea.java:55)
	at game.and.map.CreatAlea.verif0(CreatAlea.java:80)
	at game.and.map.CreatAlea.creat(CreatAlea.java:55)
	at game.and.map.CreatAlea.verif0(CreatAlea.java:80)
	at game.and.map.CreatAlea.creat(CreatAlea.java:55)
	at game.and.map.CreatAlea.verif0(CreatAlea.java:80)
	at game.and.map.CreatAlea.creat(CreatAlea.java:55)
	at game.and.map.CreatAlea.verif0(CreatAlea.java:80)
	at game.and.map.CreatAlea.creat(CreatAlea.java:55)
	at game.and.map.CreatAlea.verif0(CreatAlea.java:80)
	at game.and.map.CreatAlea.creat(CreatAlea.java:55)
	at game.and.map.CreatAlea.verif0(CreatAlea.java:80)
	at game.and.map.CreatAlea.creat(CreatAlea.java:55)
	at game.and.map.CreatAlea.verif0(CreatAlea.java:80)
	at game.and.map.CreatAlea.creat(CreatAlea.java:55)
	at game.and.map.CreatAlea.verif0(CreatAlea.java:80)
	at game.and.map.CreatAlea.creat(CreatAlea.java:55)
	at game.and.map.CreatAlea.verif0(CreatAlea.java:80)
	at game.and.map.CreatAlea.creat(CreatAlea.java:55)
	at game.and.map.CreatAlea.verif0(CreatAlea.java:80)
	at game.and.map.CreatAlea.creat(CreatAlea.java:55)
	at game.and.map.CreatAlea.verif0(CreatAlea.java:80)
	at game.and.map.CreatAlea.creat(CreatAlea.java:55)
	at game.and.map.CreatAlea.verif0(CreatAlea.java:80)
	at game.and.map.CreatAlea.creat(CreatAlea.java:55)
	at game.and.map.CreatAlea.verif0(CreatAlea.java:80)
	at game.and.map.CreatAlea.creat(CreatAlea.java:55)
	at game.and.map.CreatAlea.verif0(CreatAlea.java:80)
	at game.and.map.CreatAlea.creat(CreatAlea.java:55)
	at game.and.map.CreatAlea.verif0(CreatAlea.java:80)
	at game.and.map.CreatAlea.creat(CreatAlea.java:55)
	at game.and.map.CreatAlea.verif0(CreatAlea.java:80)
	at game.and.map.CreatAlea.creat(CreatAlea.java:55)
	at game.and.map.CreatAlea.verif0(CreatAlea.java:80)
	at game.and.map.CreatAlea.creat(CreatAlea.java:55)
	at game.and.map.CreatAlea.verif0(CreatAlea.java:80)
	at game.and.map.CreatAlea.creat(CreatAlea.java:55)
	at game.and.map.CreatAlea.verif0(CreatAlea.java:80)
	at game.and.map.CreatAlea.creat(CreatAlea.java:55)
	at game.and.map.CreatAlea.verif0(CreatAlea.java:80)
	at game.and.map.CreatAlea.creat(CreatAlea.java:55)
	at game.and.map.CreatAlea.verif0(CreatAlea.java:80)
	at game.and.map.CreatAlea.creat(CreatAlea.java:55)
	at game.and.map.CreatAlea.verif0(CreatAlea.java:80)
	at game.and.map.CreatAlea.creat(CreatAlea.java:55)
	at game.and.map.CreatAlea.verif0(CreatAlea.java:80)
	at game.and.map.CreatAlea.creat(CreatAlea.java:55)
	at game.and.map.CreatAlea.verif0(CreatAlea.java:80)
	at game.and.map.CreatAlea.creat(CreatAlea.java:55)
	at game.and.map.CreatAlea.verif0(CreatAlea.java:80)
	at game.and.map.CreatAlea.creat(CreatAlea.java:55)
	at game.and.map.CreatAlea.verif0(CreatAlea.java:80)
	at game.and.map.CreatAlea.creat(CreatAlea.java:55)
	at game.and.map.CreatAlea.verif0(CreatAlea.java:80)
	at game.and.map.CreatAlea.creat(CreatAlea.java:55)
	at game.and.map.CreatAlea.verif0(CreatAlea.java:80)
	at game.and.map.CreatAlea.creat(CreatAlea.java:55)
	at game.and.map.CreatAlea.verif0(CreatAlea.java:80)
	at game.and.map.CreatAlea.creat(CreatAlea.java:55)
	at game.and.map.CreatAlea.verif0(CreatAlea.java:80)
	at game.and.map.CreatAlea.creat(CreatAlea.java:55)
	at game.and.map.CreatAlea.verif0(CreatAlea.java:80)
	at game.and.map.CreatAlea.creat(CreatAlea.java:55)
	at game.and.map.CreatAlea.verif0(CreatAlea.java:80)
	at game.and.map.CreatAlea.creat(CreatAlea.java:55)
	at game.and.map.CreatAlea.verif0(CreatAlea.java:80)
	at game.and.map.CreatAlea.creat(CreatAlea.java:55)
	at game.and.map.CreatAlea.verif0(CreatAlea.java:80)
	at game.and.map.CreatAlea.creat(CreatAlea.java:55)
	at game.and.map.CreatAlea.verif0(CreatAlea.java:80)
	at game.and.map.CreatAlea.creat(CreatAlea.java:55)
	at game.and.map.CreatAlea.verif0(CreatAlea.java:80)
	at game.and.map.CreatAlea.creat(CreatAlea.java:55)
	at game.and.map.CreatAlea.verif0(CreatAlea.java:80)
	at game.and.map.CreatAlea.creat(CreatAlea.java:55)
	at game.and.map.CreatAlea.verif0(CreatAlea.java:80)
	at game.and.map.CreatAlea.creat(CreatAlea.java:55)
	at game.and.map.CreatAlea.verif0(CreatAlea.java:80)
	at game.and.map.CreatAlea.creat(CreatAlea.java:55)
	at game.and.map.CreatAlea.verif0(CreatAlea.java:80)
	at game.and.map.CreatAlea.creat(CreatAlea.java:55)
	at game.and.map.CreatAlea.verif0(CreatAlea.java:80)
	at game.and.map.CreatAlea.creat(CreatAlea.java:55)
	at game.and.map.CreatAlea.verif0(CreatAlea.java:80)
	at game.and.map.CreatAlea.creat(CreatAlea.java:55)
	at game.and.map.CreatAlea.verif0(CreatAlea.java:80)
	at game.and.map.CreatAlea.creat(CreatAlea.java:55)
	at game.and.map.CreatAlea.verif0(CreatAlea.java:80)
	at game.and.map.CreatAlea.creat(CreatAlea.java:55)
	at game.and.map.CreatAlea.verif0(CreatAlea.java:80)
	at game.and.map.CreatAlea.creat(CreatAlea.java:55)
	at game.and.map.CreatAlea.verif0(CreatAlea.java:80)
	at game.and.map.CreatAlea.creat(CreatAlea.java:55)
	at game.and.map.CreatAlea.verif0(CreatAlea.java:80)
	at game.and.map.CreatAlea.creat(CreatAlea.java:55)
	at game.and.map.CreatAlea.verif0(CreatAlea.java:80)
	at game.and.map.CreatAlea.creat(CreatAlea.java:55)
	at game.and.map.CreatAlea.verif0(CreatAlea.java:80)
	at game.and.map.CreatAlea.creat(CreatAlea.java:55)
	at game.and.map.CreatAlea.verif0(CreatAlea.java:80)
	at game.and.map.CreatAlea.creat(CreatAlea.java:55)
	at game.and.map.CreatAlea.verif0(CreatAlea.java:80)
	at game.and.map.CreatAlea.creat(CreatAlea.java:55)
	at game.and.map.CreatAlea.verif0(CreatAlea.java:80)
	at game.and.map.CreatAlea.creat(CreatAlea.java:55)
	at game.and.map.CreatAlea.verif0(CreatAlea.java:80)
	at game.and.map.CreatAlea.creat(CreatAlea.java:55)
	at game.and.map.CreatAlea.verif0(CreatAlea.java:80)
	at game.and.map.CreatAlea.creat(CreatAlea.java:55)
	at game.and.map.CreatAlea.verif0(CreatAlea.java:80)
	at game.and.map.CreatAlea.creat(CreatAlea.java:55)
	at game.and.map.CreatAlea.verif0(CreatAlea.java:80)
	at game.and.map.CreatAlea.creat(CreatAlea.java:55)
	at game.and.map.CreatAlea.verif0(CreatAlea.java:80)
	at game.and.map.CreatAlea.creat(CreatAlea.java:55)
	at game.and.map.CreatAlea.verif0(CreatAlea.java:80)
	at game.and.map.CreatAlea.creat(CreatAlea.java:55)
	at game.and.map.CreatAlea.verif0(CreatAlea.java:80)
	at game.and.map.CreatAlea.creat(CreatAlea.java:55)
	at game.and.map.CreatAlea.verif0(CreatAlea.java:80)
	at game.and.map.CreatAlea.creat(CreatAlea.java:55)
	at game.and.map.CreatAlea.verif0(CreatAlea.java:80)
	at game.and.map.CreatAlea.creat(CreatAlea.java:55)
	at game.and.map.CreatAlea.verif0(CreatAlea.java:80)
	at game.and.map.CreatAlea.creat(CreatAlea.java:55)
	at game.and.map.CreatAlea.verif0(CreatAlea.java:80)
	at game.and.map.CreatAlea.creat(CreatAlea.java:55)
	at game.and.map.CreatAlea.verif0(CreatAlea.java:80)
	at game.and.map.CreatAlea.creat(CreatAlea.java:55)
	at game.and.map.CreatAlea.verif0(CreatAlea.java:80)
	at game.and.map.CreatAlea.creat(CreatAlea.java:55)
	at game.and.map.CreatAlea.verif0(CreatAlea.java:80)
	at game.and.map.CreatAlea.creat(CreatAlea.java:55)
	at game.and.map.CreatAlea.verif0(CreatAlea.java:80)
	at game.and.map.CreatAlea.creat(CreatAlea.java:55)
	at game.and.map.CreatAlea.verif0(CreatAlea.java:80)
	at game.and.map.CreatAlea.creat(CreatAlea.java:55)
	at game.and.map.CreatAlea.verif0(CreatAlea.java:80)
	at game.and.map.CreatAlea.creat(CreatAlea.java:55)
	at game.and.map.CreatAlea.verif0(CreatAlea.java:80)
	at game.and.map.CreatAlea.creat(CreatAlea.java:55)
	at game.and.map.CreatAlea.verif0(CreatAlea.java:80)
	at game.and.map.CreatAlea.creat(CreatAlea.java:55)
	at game.and.map.CreatAlea.verif0(CreatAlea.java:80)
	at game.and.map.CreatAlea.creat(CreatAlea.java:55)
	at game.and.map.CreatAlea.verif0(CreatAlea.java:80)
	at game.and.map.CreatAlea.creat(CreatAlea.java:55)
	at game.and.map.CreatAlea.verif0(CreatAlea.java:80)
	at game.and.map.CreatAlea.creat(CreatAlea.java:55)
	at game.and.map.CreatAlea.verif0(CreatAlea.java:80)
	at game.and.map.CreatAlea.creat(CreatAlea.java:55)
	at game.and.map.CreatAlea.verif0(CreatAlea.java:80)
	at game.and.map.CreatAlea.creat(CreatAlea.java:55)
	at game.and.map.CreatAlea.verif0(CreatAlea.java:80)
	at game.and.map.CreatAlea.creat(CreatAlea.java:55)
	at game.and.map.CreatAlea.verif0(CreatAlea.java:80)
	at game.and.map.CreatAlea.creat(CreatAlea.java:55)
	at game.and.map.CreatAlea.verif0(CreatAlea.java:80)
	at game.and.map.CreatAlea.creat(CreatAlea.java:55)
	at game.and.map.CreatAlea.verif0(CreatAlea.java:80)
	at game.and.map.CreatAlea.creat(CreatAlea.java:55)
	at game.and.map.CreatAlea.verif0(CreatAlea.java:80)
	at game.and.map.CreatAlea.creat(CreatAlea.java:55)
	at game.and.map.CreatAlea.verif0(CreatAlea.java:80)
	at game.and.map.CreatAlea.creat(CreatAlea.java:55)
	at game.and.map.CreatAlea.verif0(CreatAlea.java:80)
	at game.and.map.CreatAlea.creat(CreatAlea.java:55)
	at game.and.map.CreatAlea.verif0(CreatAlea.java:80)
	at game.and.map.CreatAlea.creat(CreatAlea.java:55)
	at game.and.map.CreatAlea.verif0(CreatAlea.java:80)
	at game.and.map.CreatAlea.creat(CreatAlea.java:55)
	at game.and.map.CreatAlea.verif0(CreatAlea.java:80)
	at game.and.map.CreatAlea.creat(CreatAlea.java:55)
	at game.and.map.CreatAlea.verif0(CreatAlea.java:80)
	at game.and.map.CreatAlea.creat(CreatAlea.java:55)
	at game.and.map.CreatAlea.verif0(CreatAlea.java:80)
	at game.and.map.CreatAlea.creat(CreatAlea.java:55)
	at game.and.map.CreatAlea.verif0(CreatAlea.java:80)
	at game.and.map.CreatAlea.creat(CreatAlea.java:55)
	at game.and.map.CreatAlea.verif0(CreatAlea.java:80)
	at game.and.map.CreatAlea.creat(CreatAlea.java:55)
	at game.and.map.CreatAlea.verif0(CreatAlea.java:80)
	at game.and.map.CreatAlea.creat(CreatAlea.java:55)
	at game.and.map.CreatAlea.verif0(CreatAlea.java:80)
	at game.and.map.CreatAlea.creat(CreatAlea.java:55)
	at game.and.map.CreatAlea.verif0(CreatAlea.java:80)
	at game.and.map.CreatAlea.creat(CreatAlea.java:55)
	at game.and.map.CreatAlea.verif0(CreatAlea.java:80)
	at game.and.map.CreatAlea.creat(CreatAlea.java:55)
	at game.and.map.CreatAlea.verif0(CreatAlea.java:80)
	at game.and.map.CreatAlea.creat(CreatAlea.java:55)
	at game.and.map.CreatAlea.verif0(CreatAlea.java:80)
	at game.and.map.CreatAlea.creat(CreatAlea.java:55)
	at game.and.map.CreatAlea.verif0(CreatAlea.java:80)
	at game.and.map.CreatAlea.creat(CreatAlea.java:55)
	at game.and.map.CreatAlea.verif0(CreatAlea.java:80)
	at game.and.map.CreatAlea.creat(CreatAlea.java:55)
	at game.and.map.CreatAlea.verif0(CreatAlea.java:80)
	at game.and.map.CreatAlea.creat(CreatAlea.java:55)
	at game.and.map.CreatAlea.verif0(CreatAlea.java:80)
	at game.and.map.CreatAlea.creat(CreatAlea.java:55)
	at game.and.map.CreatAlea.verif0(CreatAlea.java:80)
	at game.and.map.CreatAlea.creat(CreatAlea.java:55)
	at game.and.map.CreatAlea.verif0(CreatAlea.java:80)
	at game.and.map.CreatAlea.creat(CreatAlea.java:55)
	at game.and.map.CreatAlea.verif0(CreatAlea.java:80)
	at game.and.map.CreatAlea.creat(CreatAlea.java:55)
	at game.and.map.CreatAlea.verif0(CreatAlea.java:80)
	at game.and.map.CreatAlea.creat(CreatAlea.java:55)
	at game.and.map.CreatAlea.verif0(CreatAlea.java:80)
	at game.and.map.CreatAlea.creat(CreatAlea.java:55)
	at game.and.map.CreatAlea.verif0(CreatAlea.java:80)
	at game.and.map.CreatAlea.creat(CreatAlea.java:55)
	at game.and.map.CreatAlea.verif0(CreatAlea.java:80)
	at game.and.map.CreatAlea.creat(CreatAlea.java:55)
	at game.and.map.CreatAlea.verif0(CreatAlea.java:80)
	at game.and.map.CreatAlea.creat(CreatAlea.java:55)
	at game.and.map.CreatAlea.verif0(CreatAlea.java:80)
	at game.and.map.CreatAlea.creat(CreatAlea.java:55)
	at game.and.map.CreatAlea.verif0(CreatAlea.java:80)
	at game.and.map.CreatAlea.creat(CreatAlea.java:55)
	at game.and.map.CreatAlea.verif0(CreatAlea.java:80)
	at game.and.map.CreatAlea.creat(CreatAlea.java:55)
	at game.and.map.CreatAlea.verif0(CreatAlea.java:80)
	at game.and.map.CreatAlea.creat(CreatAlea.java:55)
	at game.and.map.CreatAlea.verif0(CreatAlea.java:80)
	at game.and.map.CreatAlea.creat(CreatAlea.java:55)
	at game.and.map.CreatAlea.verif0(CreatAlea.java:80)
	at game.and.map.CreatAlea.creat(CreatAlea.java:55)
	at game.and.map.CreatAlea.verif0(CreatAlea.java:80)
	at game.and.map.CreatAlea.creat(CreatAlea.java:55)
	at game.and.map.CreatAlea.verif0(CreatAlea.java:80)
	at game.and.map.CreatAlea.creat(CreatAlea.java:55)
	at game.and.map.CreatAlea.verif0(CreatAlea.java:80)
	at game.and.map.CreatAlea.creat(CreatAlea.java:55)
	at game.and.map.CreatAlea.verif0(CreatAlea.java:80)
	at game.and.map.CreatAlea.creat(CreatAlea.java:55)
	at game.and.map.CreatAlea.verif0(CreatAlea.java:80)
	at game.and.map.CreatAlea.creat(CreatAlea.java:55)
	at game.and.map.CreatAlea.verif0(CreatAlea.java:80)
	at game.and.map.CreatAlea.creat(CreatAlea.java:55)
	at game.and.map.CreatAlea.verif0(CreatAlea.java:80)
	at game.and.map.CreatAlea.creat(CreatAlea.java:55)
	at game.and.map.CreatAlea.verif0(CreatAlea.java:80)
	at game.and.map.CreatAlea.creat(CreatAlea.java:55)
	at game.and.map.CreatAlea.verif0(CreatAlea.java:80)
	at game.and.map.CreatAlea.creat(CreatAlea.java:55)
	at game.and.map.CreatAlea.verif0(CreatAlea.java:80)
	at game.and.map.CreatAlea.creat(CreatAlea.java:55)
	at game.and.map.CreatAlea.verif0(CreatAlea.java:80)
	at game.and.map.CreatAlea.creat(CreatAlea.java:55)
	at game.and.map.CreatAlea.verif0(CreatAlea.java:80)
	at game.and.map.CreatAlea.creat(CreatAlea.java:55)
	at game.and.map.CreatAlea.verif0(CreatAlea.java:80)
	at game.and.map.CreatAlea.creat(CreatAlea.java:55)
	at game.and.map.CreatAlea.verif0(CreatAlea.java:80)
	at game.and.map.CreatAlea.creat(CreatAlea.java:55)
	at game.and.map.CreatAlea.verif0(CreatAlea.java:80)
	at game.and.map.CreatAlea.creat(CreatAlea.java:55)
	at game.and.map.CreatAlea.verif0(CreatAlea.java:80)
	at game.and.map.CreatAlea.creat(CreatAlea.java:55)
	at game.and.map.CreatAlea.verif0(CreatAlea.java:80)
	at game.and.map.CreatAlea.creat(CreatAlea.java:55)
	at game.and.map.CreatAlea.verif0(CreatAlea.java:80)
	at game.and.map.CreatAlea.creat(CreatAlea.java:55)
	at game.and.map.CreatAlea.verif0(CreatAlea.java:80)
	at game.and.map.CreatAlea.creat(CreatAlea.java:55)
	at game.and.map.CreatAlea.verif0(CreatAlea.java:80)
	at game.and.map.CreatAlea.creat(CreatAlea.java:55)
	at game.and.map.CreatAlea.verif0(CreatAlea.java:80)
	at game.and.map.CreatAlea.creat(CreatAlea.java:55)
	at game.and.map.CreatAlea.verif0(CreatAlea.java:80)
	at game.and.map.CreatAlea.creat(CreatAlea.java:55)
	at game.and.map.CreatAlea.verif0(CreatAlea.java:80)
	at game.and.map.CreatAlea.creat(CreatAlea.java:55)
	at game.and.map.CreatAlea.verif0(CreatAlea.java:80)
	at game.and.map.CreatAlea.creat(CreatAlea.java:55)
	at game.and.map.CreatAlea.verif0(CreatAlea.java:80)
	at game.and.map.CreatAlea.creat(CreatAlea.java:55)
	at game.and.map.CreatAlea.verif0(CreatAlea.java:80)
	at game.and.map.CreatAlea.creat(CreatAlea.java:55)
	at game.and.map.CreatAlea.verif0(CreatAlea.java:80)
	at game.and.map.CreatAlea.creat(CreatAlea.java:55)
	at game.and.map.CreatAlea.verif0(CreatAlea.java:80)
	at game.and.map.CreatAlea.creat(CreatAlea.java:55)
	at game.and.map.CreatAlea.verif0(CreatAlea.java:80)
	at game.and.map.CreatAlea.creat(CreatAlea.java:55)
	at game.and.map.CreatAlea.verif0(CreatAlea.java:80)
	at game.and.map.CreatAlea.creat(CreatAlea.java:55)
	at game.and.map.CreatAlea.verif0(CreatAlea.java:80)
	at game.and.map.CreatAlea.creat(CreatAlea.java:55)
	at game.and.map.CreatAlea.verif0(CreatAlea.java:80)
	at game.and.map.CreatAlea.creat(CreatAlea.java:55)
	at game.and.map.CreatAlea.verif0(CreatAlea.java:80)
	at game.and.map.CreatAlea.creat(CreatAlea.java:55)
	at game.and.map.CreatAlea.verif0(CreatAlea.java:80)
	at game.and.map.CreatAlea.creat(CreatAlea.java:55)
	at game.and.map.CreatAlea.verif0(CreatAlea.java:80)
	at game.and.map.CreatAlea.creat(CreatAlea.java:55)
	at game.and.map.CreatAlea.verif0(CreatAlea.java:80)
	at game.and.map.CreatAlea.creat(CreatAlea.java:55)
	at game.and.map.CreatAlea.verif0(CreatAlea.java:80)
	at game.and.map.CreatAlea.creat(CreatAlea.java:55)
	at game.and.map.CreatAlea.verif0(CreatAlea.java:80)
	at game.and.map.CreatAlea.creat(CreatAlea.java:55)
	at game.and.map.CreatAlea.verif0(CreatAlea.java:80)
	at game.and.map.CreatAlea.creat(CreatAlea.java:55)
	at game.and.map.CreatAlea.verif0(CreatAlea.java:80)
	at game.and.map.CreatAlea.creat(CreatAlea.java:55)
	at game.and.map.CreatAlea.verif0(CreatAlea.java:80)
	at game.and.map.CreatAlea.creat(CreatAlea.java:55)
	at game.and.map.CreatAlea.verif0(CreatAlea.java:80)
	at game.and.map.CreatAlea.creat(CreatAlea.java:55)
	at game.and.map.CreatAlea.verif0(CreatAlea.java:80)
	at game.and.map.CreatAlea.creat(CreatAlea.java:55)
	at game.and.map.CreatAlea.verif0(CreatAlea.java:80)
	at game.and.map.CreatAlea.creat(CreatAlea.java:55)
	at game.and.map.CreatAlea.verif0(CreatAlea.java:80)
	at game.and.map.CreatAlea.creat(CreatAlea.java:55)
	at game.and.map.CreatAlea.verif0(CreatAlea.java:80)
	at game.and.map.CreatAlea.creat(CreatAlea.java:55)
	at game.and.map.CreatAlea.verif0(CreatAlea.java:80)
	at game.and.map.CreatAlea.creat(CreatAlea.java:55)
	at game.and.map.CreatAlea.verif0(CreatAlea.java:80)
	at game.and.map.CreatAlea.creat(CreatAlea.java:55)
	at game.and.map.CreatAlea.verif0(CreatAlea.java:80)
	at game.and.map.CreatAlea.creat(CreatAlea.java:55)
	at game.and.map.CreatAlea.verif0(CreatAlea.java:80)
	at game.and.map.CreatAlea.creat(CreatAlea.java:55)
	at game.and.map.CreatAlea.verif0(CreatAlea.java:80)
	at game.and.map.CreatAlea.creat(CreatAlea.java:55)
	at game.and.map.CreatAlea.verif0(CreatAlea.java:80)
	at game.and.map.CreatAlea.creat(CreatAlea.java:55)
	at game.and.map.CreatAlea.verif0(CreatAlea.java:80)
	at game.and.map.CreatAlea.creat(CreatAlea.java:55)
	at game.and.map.CreatAlea.verif0(CreatAlea.java:80)
	at game.and.map.CreatAlea.creat(CreatAlea.java:55)
	at game.and.map.CreatAlea.verif0(CreatAlea.java:80)
	at game.and.map.CreatAlea.creat(CreatAlea.java:55)
	at game.and.map.CreatAlea.verif0(CreatAlea.java:80)
	at game.and.map.CreatAlea.creat(CreatAlea.java:55)
	at game.and.map.CreatAlea.verif0(CreatAlea.java:80)
	at game.and.map.CreatAlea.creat(CreatAlea.java:55)
	at game.and.map.CreatAlea.verif0(CreatAlea.java:80)
	at game.and.map.CreatAlea.creat(CreatAlea.java:55)
	at game.and.map.CreatAlea.verif0(CreatAlea.java:80)
	at game.and.map.CreatAlea.creat(CreatAlea.java:55)
	at game.and.map.CreatAlea.verif0(CreatAlea.java:80)
	at game.and.map.CreatAlea.creat(CreatAlea.java:55)
	at game.and.map.CreatAlea.verif0(CreatAlea.java:80)
	at game.and.map.CreatAlea.creat(CreatAlea.java:55)
	at game.and.map.CreatAlea.verif0(CreatAlea.java:80)
	at game.and.map.CreatAlea.creat(CreatAlea.java:55)
	at game.and.map.CreatAlea.verif0(CreatAlea.java:80)
	at game.and.map.CreatAlea.creat(CreatAlea.java:55)
	at game.and.map.CreatAlea.verif0(CreatAlea.java:80)
	at game.and.map.CreatAlea.creat(CreatAlea.java:55)
	at game.and.map.CreatAlea.verif0(CreatAlea.java:80)
	at game.and.map.CreatAlea.creat(CreatAlea.java:55)
	at game.and.map.CreatAlea.verif0(CreatAlea.java:80)
	at game.and.map.CreatAlea.creat(CreatAlea.java:55)
	at game.and.map.CreatAlea.verif0(CreatAlea.java:80)
	at game.and.map.CreatAlea.creat(CreatAlea.java:55)
	at game.and.map.CreatAlea.verif0(CreatAlea.java:80)
	at game.and.map.CreatAlea.creat(CreatAlea.java:55)
	at game.and.map.CreatAlea.verif0(CreatAlea.java:80)
	at game.and.map.CreatAlea.creat(CreatAlea.java:55)
	at game.and.map.CreatAlea.verif0(CreatAlea.java:80)
	at game.and.map.CreatAlea.creat(CreatAlea.java:55)
	at game.and.map.CreatAlea.verif0(CreatAlea.java:80)
	at game.and.map.CreatAlea.creat(CreatAlea.java:55)
	at game.and.map.CreatAlea.verif0(CreatAlea.java:80)
	at game.and.map.CreatAlea.creat(CreatAlea.java:55)
	at game.and.map.CreatAlea.verif0(CreatAlea.java:80)
	at game.and.map.CreatAlea.creat(CreatAlea.java:55)
	at game.and.map.CreatAlea.verif0(CreatAlea.java:80)
	at game.and.map.CreatAlea.creat(CreatAlea.java:55)
	at game.and.map.CreatAlea.verif0(CreatAlea.java:80)
	at game.and.map.CreatAlea.creat(CreatAlea.java:55)
	at game.and.map.CreatAlea.verif0(CreatAlea.java:80)
	at game.and.map.CreatAlea.creat(CreatAlea.java:55)
	at game.and.map.CreatAlea.verif0(CreatAlea.java:80)
	at game.and.map.CreatAlea.creat(CreatAlea.java:55)
	at game.and.map.CreatAlea.verif0(CreatAlea.java:80)
	at game.and.map.CreatAlea.creat(CreatAlea.java:55)
	at game.and.map.CreatAlea.verif0(CreatAlea.java:80)
	at game.and.map.CreatAlea.creat(CreatAlea.java:55)
	at game.and.map.CreatAlea.verif0(CreatAlea.java:80)
	at game.and.map.CreatAlea.creat(CreatAlea.java:55)
	at game.and.map.CreatAlea.verif0(CreatAlea.java:80)
	at game.and.map.CreatAlea.creat(CreatAlea.java:55)
	at game.and.map.CreatAlea.verif0(CreatAlea.java:80)
	at game.and.map.CreatAlea.creat(CreatAlea.java:55)
	at game.and.map.CreatAlea.verif0(CreatAlea.java:80)
	at game.and.map.CreatAlea.creat(CreatAlea.java:55)
	at game.and.map.CreatAlea.verif0(CreatAlea.java:80)
	at game.and.map.CreatAlea.creat(CreatAlea.java:55)
	at game.and.map.CreatAlea.verif0(CreatAlea.java:80)
	at game.and.map.CreatAlea.creat(CreatAlea.java:55)
	at game.and.map.CreatAlea.verif0(CreatAlea.java:80)
	at game.and.map.CreatAlea.creat(CreatAlea.java:55)
	at game.and.map.CreatAlea.verif0(CreatAlea.java:80)
	at game.and.map.CreatAlea.creat(CreatAlea.java:55)
	at game.and.map.CreatAlea.verif0(CreatAlea.java:80)
	at game.and.map.CreatAlea.creat(CreatAlea.java:55)
	at game.and.map.CreatAlea.verif0(CreatAlea.java:80)
	at game.and.map.CreatAlea.creat(CreatAlea.java:55)
	at game.and.map.CreatAlea.verif0(CreatAlea.java:80)
	at game.and.map.CreatAlea.creat(CreatAlea.java:55)
	at game.and.map.CreatAlea.verif0(CreatAlea.java:80)
	at game.and.map.CreatAlea.creat(CreatAlea.java:55)
	at game.and.map.CreatAlea.verif0(CreatAlea.java:80)
	at game.and.map.CreatAlea.creat(CreatAlea.java:55)
	at game.and.map.CreatAlea.verif0(CreatAlea.java:80)
	at game.and.map.CreatAlea.creat(CreatAlea.java:55)
	at game.and.map.CreatAlea.verif0(CreatAlea.java:80)
	at game.and.map.CreatAlea.creat(CreatAlea.java:55)
	at game.and.map.CreatAlea.verif0(CreatAlea.java:80)
	at game.and.map.CreatAlea.creat(CreatAlea.java:55)
	at game.and.map.CreatAlea.verif0(CreatAlea.java:80)
	at game.and.map.CreatAlea.creat(CreatAlea.java:55)
	at game.and.map.CreatAlea.verif0(CreatAlea.java:80)
	at game.and.map.CreatAlea.creat(CreatAlea.java:55)
	at game.and.map.CreatAlea.verif0(CreatAlea.java:80)
	at game.and.map.CreatAlea.creat(CreatAlea.java:55)
	at game.and.map.CreatAlea.verif0(CreatAlea.java:80)
	at game.and.map.CreatAlea.creat(CreatAlea.java:55)
	at game.and.map.CreatAlea.verif0(CreatAlea.java:80)
	at game.and.map.CreatAlea.creat(CreatAlea.java:55)
	at game.and.map.CreatAlea.verif0(CreatAlea.java:80)
	at game.and.map.CreatAlea.creat(CreatAlea.java:55)
	at game.and.map.CreatAlea.verif0(CreatAlea.java:80)
	at game.and.map.CreatAlea.creat(CreatAlea.java:55)
	at game.and.map.CreatAlea.verif0(CreatAlea.java:80)
	at game.and.map.CreatAlea.creat(CreatAlea.java:55)
	at game.and.map.CreatAlea.verif0(CreatAlea.java:80)
	at game.and.map.CreatAlea.creat(CreatAlea.java:55)
	at game.and.map.CreatAlea.verif0(CreatAlea.java:80)
	at game.and.map.CreatAlea.creat(CreatAlea.java:55)
	at game.and.map.CreatAlea.verif0(CreatAlea.java:80)
	at game.and.map.CreatAlea.creat(CreatAlea.java:55)
	at game.and.map.CreatAlea.verif0(CreatAlea.java:80)
	at game.and.map.CreatAlea.creat(CreatAlea.java:55)
	at game.and.map.CreatAlea.verif0(CreatAlea.java:80)
	at game.and.map.CreatAlea.creat(CreatAlea.java:55)
	at game.and.map.CreatAlea.verif0(CreatAlea.java:80)
	at game.and.map.CreatAlea.creat(CreatAlea.java:55)
	at game.and.map.CreatAlea.verif0(CreatAlea.java:80)
	at game.and.map.CreatAlea.creat(CreatAlea.java:55)
	at game.and.map.CreatAlea.verif0(CreatAlea.java:80)
	at game.and.map.CreatAlea.creat(CreatAlea.java:55)
	at game.and.map.CreatAlea.verif0(CreatAlea.java:80)
	at game.and.map.CreatAlea.creat(CreatAlea.java:55)
	at game.and.map.CreatAlea.verif0(CreatAlea.java:80)
	at game.and.map.CreatAlea.creat(CreatAlea.java:55)
	at game.and.map.CreatAlea.verif0(CreatAlea.java:80)
	at game.and.map.CreatAlea.creat(CreatAlea.java:55)
	at game.and.map.CreatAlea.verif0(CreatAlea.java:80)
	at game.and.map.CreatAlea.creat(CreatAlea.java:55)
	at game.and.map.CreatAlea.verif0(CreatAlea.java:80)
	at game.and.map.CreatAlea.creat(CreatAlea.java:55)
	at game.and.map.CreatAlea.verif0(CreatAlea.java:80)
	at game.and.map.CreatAlea.creat(CreatAlea.java:55)
	at game.and.map.CreatAlea.verif0(CreatAlea.java:80)
	at game.and.map.CreatAlea.creat(CreatAlea.java:55)
	at game.and.map.CreatAlea.verif0(CreatAlea.java:80)
	at game.and.map.CreatAlea.creat(CreatAlea.java:55)
	at game.and.map.CreatAlea.verif0(CreatAlea.java:80)
	at game.and.map.CreatAlea.creat(CreatAlea.java:55)
	at game.and.map.CreatAlea.verif0(CreatAlea.java:80)
	at game.and.map.CreatAlea.creat(CreatAlea.java:55)
	at game.and.map.CreatAlea.verif0(CreatAlea.java:80)
	at game.and.map.CreatAlea.creat(CreatAlea.java:55)
	at game.and.map.CreatAlea.verif0(CreatAlea.java:80)
	at game.and.map.CreatAlea.creat(CreatAlea.java:55)
	at game.and.map.CreatAlea.verif0(CreatAlea.java:80)
	at game.and.map.CreatAlea.creat(CreatAlea.java:55)
	at game.and.map.CreatAlea.verif0(CreatAlea.java:80)
	at game.and.map.CreatAlea.creat(CreatAlea.java:55)
	at game.and.map.CreatAlea.verif0(CreatAlea.java:80)
	at game.and.map.CreatAlea.creat(CreatAlea.java:55)
	at game.and.map.CreatAlea.verif0(CreatAlea.java:80)
	at game.and.map.CreatAlea.creat(CreatAlea.java:55)
	at game.and.map.CreatAlea.verif0(CreatAlea.java:80)
	at game.and.map.CreatAlea.creat(CreatAlea.java:55)
	at game.and.map.CreatAlea.verif0(CreatAlea.java:80)
	at game.and.map.CreatAlea.creat(CreatAlea.java:55)
	at game.and.map.CreatAlea.verif0(CreatAlea.java:80)
	at game.and.map.CreatAlea.creat(CreatAlea.java:55)
	at game.and.map.CreatAlea.verif0(CreatAlea.java:80)
	at game.and.map.CreatAlea.creat(CreatAlea.java:55)
	at game.and.map.CreatAlea.verif0(CreatAlea.java:80)
	at game.and.map.CreatAlea.creat(CreatAlea.java:55)
	at game.and.map.CreatAlea.verif0(CreatAlea.java:80)
	at game.and.map.CreatAlea.creat(CreatAlea.java:55)
	at game.and.map.CreatAlea.verif0(CreatAlea.java:80)
	at game.and.map.CreatAlea.creat(CreatAlea.java:55)
	at game.and.map.CreatAlea.verif0(CreatAlea.java:80)
	at game.and.map.CreatAlea.creat(CreatAlea.java:55)
	at game.and.map.CreatAlea.verif0(CreatAlea.java:80)
	at game.and.map.CreatAlea.creat(CreatAlea.java:55)
	at game.and.map.CreatAlea.verif0(CreatAlea.java:80)
	at game.and.map.CreatAlea.creat(CreatAlea.java:55)
	at game.and.map.CreatAlea.verif0(CreatAlea.java:80)
	at game.and.map.CreatAlea.creat(CreatAlea.java:55)
	at game.and.map.CreatAlea.verif0(CreatAlea.java:80)
	at game.and.map.CreatAlea.creat(CreatAlea.java:55)
	at game.and.map.CreatAlea.verif0(CreatAlea.java:80)
	at game.and.map.CreatAlea.creat(CreatAlea.java:55)
	at game.and.map.CreatAlea.verif0(CreatAlea.java:80)
	at game.and.map.CreatAlea.creat(CreatAlea.java:55)
	at game.and.map.CreatAlea.verif0(CreatAlea.java:80)
	at game.and.map.CreatAlea.creat(CreatAlea.java:55)
	at game.and.map.CreatAlea.verif0(CreatAlea.java:80)
	at game.and.map.CreatAlea.creat(CreatAlea.java:55)
	at game.and.map.CreatAlea.verif0(CreatAlea.java:80)
	at game.and.map.CreatAlea.creat(CreatAlea.java:55)
	at game.and.map.CreatAlea.verif0(CreatAlea.java:80)
	at game.and.map.CreatAlea.creat(CreatAlea.java:55)
	at game.and.map.CreatAlea.verif0(CreatAlea.java:80)
	at game.and.map.CreatAlea.creat(CreatAlea.java:55)
	at game.and.map.CreatAlea.verif0(CreatAlea.java:80)
	at game.and.map.CreatAlea.creat(CreatAlea.java:55)
	at game.and.map.CreatAlea.verif0(CreatAlea.java:80)
	at game.and.map.CreatAlea.creat(CreatAlea.java:55)
	at game.and.map.CreatAlea.verif0(CreatAlea.java:80)
	at game.and.map.CreatAlea.creat(CreatAlea.java:55)
	at game.and.map.CreatAlea.verif0(CreatAlea.java:80)
	at game.and.map.CreatAlea.creat(CreatAlea.java:55)
	at game.and.map.CreatAlea.verif0(CreatAlea.java:80)
	at game.and.map.CreatAlea.creat(CreatAlea.java:55)
	at game.and.map.CreatAlea.verif0(CreatAlea.java:80)

18:12:10.365 [JavaFX Application Thread] FATAL FXGLApplication      - Application will now exit
18:12:10.402 [JavaFX Application Thread] DEBUG MainWindow           - Push state: ErrorSubScene
18:12:10.402 [JavaFX Application Thread] DEBUG Input                - Clearing active input actions
18:12:10.405 [JavaFX Application Thread] DEBUG GameApplicationServi - Removing overlay from FXGLLoadingScene and adding to ErrorSubScene
18:12:10.405 [JavaFX Application Thread] DEBUG MainWindow           - FXGLLoadingScene -> ErrorSubScene
18:12:22.533 [JavaFX Application Thread] DEBUG FXGLApplication      - Exiting FXGL
18:12:22.533 [JavaFX Application Thread] DEBUG Async                - Shutting down background threads
18:12:22.534 [JavaFX Application Thread] DEBUG MainWindow           - Closing main window
18:12:22.559 [JavaFX Application Thread] DEBUG Logger               - Closing Logger
