11:15:01.898 [main                     ] DEBUG Logger               - Configured Logger
11:15:01.937 [main                     ] DEBUG GameApplication      - Logging settings
Title: Slime Conqueror
Version: v2.2
Width: 1280
Height: 900
Fullscreen: true
Intro: false
Profiling: false
Single step:false
App Mode: DEVELOPER
Menu Key: ESCAPE
Stage Style: DECORATED
Scene Factory: class GUI.MySceneFactory

11:15:02.442 [JavaFX Application Thread] DEBUG FXGLApplication      - Initializing FXGL
11:15:02.457 [JavaFX Application Thread] INFO  Engine               - FXGL-11.11 (08.09.2020 18.00) on WINDOWS (J:14.0.2 FX:14)
11:15:02.457 [JavaFX Application Thread] DEBUG Engine               - JRE Vendor Name: Oracle Corporation
11:15:02.458 [JavaFX Application Thread] DEBUG Engine               - Running on OS: Windows 10 version 10.0
11:15:02.458 [JavaFX Application Thread] DEBUG Engine               - Architecture: amd64
11:15:02.458 [JavaFX Application Thread] INFO  Engine               - Source code and latest versions at: https://github.com/AlmasB/FXGL
11:15:02.458 [JavaFX Application Thread] INFO  Engine               -              Join the FXGL chat at: https://gitter.im/AlmasB/FXGL
11:15:02.667 [JavaFX Application Thread] DEBUG MainWindow           - Creating a JavaFX scene
11:15:02.790 [JavaFX Application Thread] DEBUG MainWindow           - Target settings size: 1280.0 x 900.0
11:15:02.790 [JavaFX Application Thread] DEBUG MainWindow           - Scaled scene size:    1280.0 x 900.0
11:15:02.790 [JavaFX Application Thread] DEBUG MainWindow           - Scaled ratio: (1.0, 1.0)
11:15:02.792 [JavaFX Application Thread] DEBUG MainWindow           - Set initial scene to StartupScene
11:15:02.802 [JavaFX Application Thread] DEBUG MainWindow           - Opening main window
11:15:02.928 [JavaFX Application Thread] DEBUG MainWindow           - Window border size: (16.0, 39.0)
11:15:02.928 [JavaFX Application Thread] DEBUG MainWindow           - Scaled size: 1280.0 x 900.0
11:15:02.929 [JavaFX Application Thread] DEBUG MainWindow           - Scaled ratio: (1.0, 1.0)
11:15:02.929 [JavaFX Application Thread] DEBUG MainWindow           - Scene size: 1280.0 x 900.0
11:15:02.930 [JavaFX Application Thread] DEBUG MainWindow           - Stage size: 1296.0 x 939.0
11:15:02.945 [FXGL Background Thread 1 ] DEBUG Engine               - Initializing environment variables
11:15:03.037 [FXGL Background Thread 1 ] DEBUG GameApplicationServi - Applying CSS: fxgl_dark.css
11:15:03.040 [FXGL Background Thread 1 ] DEBUG FXGLAssetLoaderServi - Loading from file system: /assets/ui/css/fxgl_dark.css
11:15:03.242 [FXGL Background Thread 1 ] DEBUG GameApplicationServi - Initializing application scenes
11:15:03.296 [FXGL Background Thread 1 ] DEBUG GameWorld            - Game world initialized
11:15:03.370 [FXGL Background Thread 1 ] DEBUG PhysicsWorld         - Physics world initialized: appHeight=900, physics.ppm=50,0
11:15:03.372 [FXGL Background Thread 1 ] DEBUG GameScene            - Game scene initialized: 1280x900
11:15:03.763 [FXGL Background Thread 1 ] DEBUG GameApplicationServi - Application scenes initialized
11:15:03.781 [FXGL Background Thread 1 ] DEBUG SystemBundleService  - Loading FXGL system data
11:15:03.787 [FXGL Background Thread 1 ] DEBUG FileSystemAccess     - Reading from: E:\informatique\git\branche\Slime-Conqueror\system\fxgl.bundle
11:15:03.793 [FXGL Background Thread 1 ] DEBUG SystemBundleService  - Bundle FXGL: {}
11:15:03.794 [FXGL Background Thread 1 ] DEBUG UpdaterService       - Checking for updates
11:15:03.800 [FXGL Background Thread 4 ] DEBUG FXGLApplication      - Loading fonts
11:15:03.801 [FXGL Background Thread 4 ] DEBUG FXGLAssetLoaderServi - Loading from file system: /assets/ui/fonts/VarelaRound-Regular.ttf
11:15:03.801 [FXGL Background Thread 1 ] DEBUG FXGLApplication      - Loading default localization
11:15:03.805 [FXGL Background Thread 1 ] DEBUG FXGLAssetLoaderServi - Loading from file system: /assets/languages/english.lang
11:15:03.823 [FXGL Background Thread 1 ] INFO  FXGLApplication      - FXGL initialization took: 0,878 sec
11:15:03.835 [JavaFX Application Thread] DEBUG Input                - Registered new binding: HideGUI - H
11:15:03.836 [JavaFX Application Thread] DEBUG Input                - Registered new binding: Up - Z
11:15:03.836 [JavaFX Application Thread] DEBUG Input                - Registered new binding: Down - S
11:15:03.837 [JavaFX Application Thread] DEBUG Input                - Registered new binding: Left - Q
11:15:03.837 [JavaFX Application Thread] DEBUG Input                - Registered new binding: Right - D
11:15:03.840 [JavaFX Application Thread] DEBUG Input                - Registered new binding: AttackPos - LMB
11:15:03.840 [JavaFX Application Thread] DEBUG FXGLAssetLoaderServi - Loading from file system: /assets/textures/fxgl_icon.png
11:15:03.888 [FXGL Background Thread 4 ] DEBUG FXGLAssetLoaderServi - Loading from file system: /assets/ui/fonts/Abel-Regular.ttf
11:15:03.894 [JavaFX Application Thread] DEBUG FXGLAssetLoaderServi - Loading from file system: /assets/ui/cursors/fxgl_default.png
11:15:03.895 [FXGL Background Thread 4 ] DEBUG FXGLAssetLoaderServi - Loading from file system: /assets/ui/fonts/lucida_console.ttf
11:15:03.898 [JavaFX Application Thread] DEBUG Input                - Registered new binding: Screenshot - P
11:15:03.899 [JavaFX Application Thread] DEBUG Input                - Registered new binding: System info dump - CTRL+9
11:15:03.900 [JavaFX Application Thread] DEBUG Input                - Registered new binding: Restart - CTRL+R
11:15:03.904 [JavaFX Application Thread] DEBUG Input                - Registered new binding: Toggle Debug Camera - CTRL+C
11:15:03.907 [FXGL Background Thread 4 ] DEBUG FXGLAssetLoaderServi - Loading from file system: /assets/ui/fonts/Courier-Prime.ttf
11:15:03.908 [JavaFX Application Thread] DEBUG LoopRunner           - Starting loop
11:15:03.911 [JavaFX Application Thread] DEBUG Input                - Clearing active input actions
11:15:03.921 [JavaFX Application Thread] DEBUG GameApplicationServi - Removing overlay from StartupScene and adding to FXGLMainMenuDummyScene
11:15:03.922 [JavaFX Application Thread] DEBUG MainWindow           - StartupScene -> FXGLMainMenuDummyScene
11:15:03.922 [JavaFX Application Thread] DEBUG MainWindow           - Push state: MyMenu
11:15:03.922 [JavaFX Application Thread] DEBUG Input                - Clearing active input actions
11:15:03.940 [JavaFX Application Thread] DEBUG GameApplicationServi - Removing overlay from FXGLMainMenuDummyScene and adding to MyMenu
11:15:03.941 [JavaFX Application Thread] DEBUG MainWindow           - FXGLMainMenuDummyScene -> MyMenu
11:15:03.962 [JavaFX Application Thread] DEBUG FXGLApplication      - Registering font factories with UI factory
11:15:04.688 [FXGL Background Thread 2 ] INFO  UpdaterService       - Your current version:  11.11
11:15:04.688 [FXGL Background Thread 2 ] INFO  UpdaterService       - Latest stable version: dev-SNAPSHOT
11:15:06.357 [JavaFX Application Thread] DEBUG GameApplicationServi - Starting new game
11:15:06.357 [JavaFX Application Thread] DEBUG MainWindow           - Pop state: MyMenu
11:15:06.358 [JavaFX Application Thread] DEBUG Input                - Clearing active input actions
11:15:06.358 [JavaFX Application Thread] DEBUG GameApplicationServi - Removing overlay from MyMenu and adding to FXGLMainMenuDummyScene
11:15:06.359 [JavaFX Application Thread] DEBUG MainWindow           - FXGLMainMenuDummyScene <- MyMenu
11:15:06.360 [JavaFX Application Thread] DEBUG Input                - Clearing active input actions
11:15:06.370 [JavaFX Application Thread] DEBUG GameApplicationServi - Removing overlay from FXGLMainMenuDummyScene and adding to FXGLLoadingScene
11:15:06.372 [JavaFX Application Thread] DEBUG MainWindow           - FXGLMainMenuDummyScene -> FXGLLoadingScene
11:15:06.372 [JavaFX Application Thread] DEBUG GameApplicationServi - Clearing previous game
11:15:06.373 [JavaFX Application Thread] DEBUG GameScene            - Clearing game scene
11:15:06.373 [JavaFX Application Thread] DEBUG GameWorld            - Clearing game world
11:15:06.373 [JavaFX Application Thread] DEBUG PhysicsWorld         - Clearing physics world
11:15:06.377 [FXGL Background Thread 2 ] DEBUG FXGLApplication      - Initializing game
11:15:06.416 [FXGL Background Thread 2 ] DEBUG FXGLAssetLoaderServi - Loading from file system: /assets/levels/map_level0.txt
11:15:06.438 [FXGL Background Thread 2 ] DEBUG FXGLAssetLoaderServi - Loading from file system: /assets/textures/murGauche.png
11:15:06.464 [FXGL Background Thread 2 ] DEBUG FXGLAssetLoaderServi - Loading from file system: /assets/textures/murHautBas.png
11:15:06.470 [FXGL Background Thread 2 ] DEBUG FXGLAssetLoaderServi - Loading from cache: /assets/textures/murHautBas.png
11:15:06.472 [FXGL Background Thread 2 ] DEBUG FXGLAssetLoaderServi - Loading from cache: /assets/textures/murHautBas.png
11:15:06.474 [FXGL Background Thread 2 ] DEBUG FXGLAssetLoaderServi - Loading from cache: /assets/textures/murHautBas.png
11:15:06.485 [FXGL Background Thread 2 ] DEBUG FXGLAssetLoaderServi - Loading from cache: /assets/textures/murHautBas.png
11:15:06.488 [FXGL Background Thread 2 ] DEBUG FXGLAssetLoaderServi - Loading from cache: /assets/textures/murHautBas.png
11:15:06.490 [FXGL Background Thread 2 ] DEBUG FXGLAssetLoaderServi - Loading from cache: /assets/textures/murHautBas.png
11:15:06.494 [FXGL Background Thread 2 ] DEBUG FXGLAssetLoaderServi - Loading from cache: /assets/textures/murHautBas.png
11:15:06.499 [FXGL Background Thread 2 ] DEBUG FXGLAssetLoaderServi - Loading from cache: /assets/textures/murHautBas.png
11:15:06.502 [FXGL Background Thread 2 ] DEBUG FXGLAssetLoaderServi - Loading from file system: /assets/textures/murDroite.png
11:15:06.527 [FXGL Background Thread 2 ] DEBUG FXGLAssetLoaderServi - Loading from cache: /assets/textures/murGauche.png
11:15:06.614 [FXGL Background Thread 2 ] DEBUG FXGLAssetLoaderServi - Loading from file system: /assets/textures/player.png
11:15:06.673 [FXGL Background Thread 2 ] DEBUG FXGLAssetLoaderServi - Loading from cache: /assets/textures/murDroite.png
11:15:06.679 [FXGL Background Thread 2 ] DEBUG FXGLAssetLoaderServi - Loading from cache: /assets/textures/murGauche.png
11:15:06.689 [FXGL Background Thread 2 ] DEBUG FXGLAssetLoaderServi - Loading from cache: /assets/textures/murDroite.png
11:15:06.695 [FXGL Background Thread 2 ] DEBUG FXGLAssetLoaderServi - Loading from cache: /assets/textures/murGauche.png
11:15:06.695 [FXGL Background Thread 2 ] DEBUG FXGLAssetLoaderServi - Loading from cache: /assets/textures/murHautBas.png
11:15:06.696 [FXGL Background Thread 2 ] DEBUG FXGLAssetLoaderServi - Loading from cache: /assets/textures/murHautBas.png
11:15:06.696 [FXGL Background Thread 2 ] DEBUG FXGLAssetLoaderServi - Loading from cache: /assets/textures/murHautBas.png
11:15:06.697 [FXGL Background Thread 2 ] DEBUG FXGLAssetLoaderServi - Loading from cache: /assets/textures/murHautBas.png
11:15:06.697 [FXGL Background Thread 2 ] DEBUG FXGLAssetLoaderServi - Loading from cache: /assets/textures/murHautBas.png
11:15:06.698 [FXGL Background Thread 2 ] DEBUG FXGLAssetLoaderServi - Loading from cache: /assets/textures/murHautBas.png
11:15:06.703 [FXGL Background Thread 2 ] DEBUG FXGLAssetLoaderServi - Loading from cache: /assets/textures/murDroite.png
11:15:06.707 [FXGL Background Thread 2 ] DEBUG FXGLAssetLoaderServi - Loading from cache: /assets/textures/murGauche.png
11:15:06.710 [FXGL Background Thread 2 ] DEBUG FXGLAssetLoaderServi - Loading from file system: /assets/textures/bat.png
11:15:06.718 [FXGL Background Thread 2 ] DEBUG FXGLAssetLoaderServi - Loading from cache: /assets/textures/murHautBas.png
11:15:06.721 [FXGL Background Thread 2 ] DEBUG FXGLAssetLoaderServi - Loading from cache: /assets/textures/murHautBas.png
11:15:06.723 [FXGL Background Thread 2 ] DEBUG FXGLAssetLoaderServi - Loading from cache: /assets/textures/murHautBas.png
11:15:06.725 [FXGL Background Thread 2 ] DEBUG FXGLAssetLoaderServi - Loading from cache: /assets/textures/murHautBas.png
11:15:06.725 [FXGL Background Thread 2 ] DEBUG FXGLAssetLoaderServi - Loading from cache: /assets/textures/murHautBas.png
11:15:06.726 [FXGL Background Thread 2 ] DEBUG FXGLAssetLoaderServi - Loading from cache: /assets/textures/murHautBas.png
11:15:06.726 [FXGL Background Thread 2 ] DEBUG FXGLAssetLoaderServi - Loading from cache: /assets/textures/murHautBas.png
11:15:06.727 [FXGL Background Thread 2 ] DEBUG FXGLAssetLoaderServi - Loading from cache: /assets/textures/murHautBas.png
11:15:06.728 [FXGL Background Thread 2 ] DEBUG FXGLAssetLoaderServi - Loading from cache: /assets/textures/murHautBas.png
11:15:06.729 [FXGL Background Thread 2 ] DEBUG FXGLAssetLoaderServi - Loading from cache: /assets/textures/murHautBas.png
11:15:06.729 [FXGL Background Thread 2 ] DEBUG FXGLAssetLoaderServi - Loading from cache: /assets/textures/murDroite.png
11:15:06.730 [FXGL Background Thread 2 ] DEBUG FXGLAssetLoaderServi - Loading from cache: /assets/textures/murGauche.png
11:15:06.741 [FXGL Background Thread 2 ] DEBUG FXGLAssetLoaderServi - Loading from cache: /assets/textures/murDroite.png
11:15:06.742 [FXGL Background Thread 2 ] DEBUG FXGLAssetLoaderServi - Loading from cache: /assets/textures/murGauche.png
11:15:06.743 [FXGL Background Thread 2 ] DEBUG FXGLAssetLoaderServi - Loading from cache: /assets/textures/murHautBas.png
11:15:06.743 [FXGL Background Thread 2 ] DEBUG FXGLAssetLoaderServi - Loading from cache: /assets/textures/murHautBas.png
11:15:06.744 [FXGL Background Thread 2 ] DEBUG FXGLAssetLoaderServi - Loading from cache: /assets/textures/murHautBas.png
11:15:06.744 [FXGL Background Thread 2 ] DEBUG FXGLAssetLoaderServi - Loading from cache: /assets/textures/murHautBas.png
11:15:06.745 [FXGL Background Thread 2 ] DEBUG FXGLAssetLoaderServi - Loading from file system: /assets/textures/lezard.png
11:15:06.748 [FXGL Background Thread 2 ] DEBUG FXGLAssetLoaderServi - Loading from cache: /assets/textures/bat.png
11:15:06.755 [FXGL Background Thread 2 ] DEBUG FXGLAssetLoaderServi - Loading from cache: /assets/textures/murDroite.png
11:15:06.756 [FXGL Background Thread 2 ] DEBUG FXGLAssetLoaderServi - Loading from cache: /assets/textures/murGauche.png
11:15:06.773 [FXGL Background Thread 2 ] DEBUG FXGLAssetLoaderServi - Loading from cache: /assets/textures/murDroite.png
11:15:06.774 [FXGL Background Thread 2 ] DEBUG FXGLAssetLoaderServi - Loading from cache: /assets/textures/murGauche.png
11:15:06.774 [FXGL Background Thread 2 ] DEBUG FXGLAssetLoaderServi - Loading from cache: /assets/textures/murHautBas.png
11:15:06.774 [FXGL Background Thread 2 ] DEBUG FXGLAssetLoaderServi - Loading from cache: /assets/textures/murHautBas.png
11:15:06.775 [FXGL Background Thread 2 ] DEBUG FXGLAssetLoaderServi - Loading from cache: /assets/textures/murHautBas.png
11:15:06.775 [FXGL Background Thread 2 ] DEBUG FXGLAssetLoaderServi - Loading from cache: /assets/textures/murHautBas.png
11:15:06.775 [FXGL Background Thread 2 ] DEBUG FXGLAssetLoaderServi - Loading from cache: /assets/textures/murHautBas.png
11:15:06.776 [FXGL Background Thread 2 ] DEBUG FXGLAssetLoaderServi - Loading from cache: /assets/textures/murHautBas.png
11:15:06.777 [FXGL Background Thread 2 ] DEBUG FXGLAssetLoaderServi - Loading from cache: /assets/textures/murHautBas.png
11:15:06.777 [FXGL Background Thread 2 ] DEBUG FXGLAssetLoaderServi - Loading from cache: /assets/textures/murHautBas.png
11:15:06.778 [FXGL Background Thread 2 ] DEBUG FXGLAssetLoaderServi - Loading from cache: /assets/textures/murHautBas.png
11:15:06.778 [FXGL Background Thread 2 ] DEBUG FXGLAssetLoaderServi - Loading from cache: /assets/textures/murHautBas.png
11:15:06.778 [FXGL Background Thread 2 ] DEBUG FXGLAssetLoaderServi - Loading from cache: /assets/textures/murHautBas.png
11:15:06.779 [FXGL Background Thread 2 ] DEBUG FXGLAssetLoaderServi - Loading from cache: /assets/textures/murHautBas.png
11:15:06.779 [FXGL Background Thread 2 ] DEBUG FXGLAssetLoaderServi - Loading from cache: /assets/textures/murHautBas.png
11:15:06.779 [FXGL Background Thread 2 ] DEBUG FXGLAssetLoaderServi - Loading from cache: /assets/textures/murHautBas.png
11:15:06.779 [FXGL Background Thread 2 ] DEBUG FXGLAssetLoaderServi - Loading from cache: /assets/textures/murHautBas.png
11:15:06.780 [FXGL Background Thread 2 ] DEBUG FXGLAssetLoaderServi - Loading from file system: /assets/textures/murCoinDroite.png
11:15:06.787 [FXGL Background Thread 2 ] DEBUG FXGLAssetLoaderServi - Loading from cache: /assets/textures/murGauche.png
11:15:06.793 [FXGL Background Thread 2 ] DEBUG FXGLAssetLoaderServi - Loading from cache: /assets/textures/murDroite.png
11:15:06.795 [FXGL Background Thread 2 ] DEBUG FXGLAssetLoaderServi - Loading from cache: /assets/textures/murGauche.png
11:15:06.797 [FXGL Background Thread 2 ] DEBUG FXGLAssetLoaderServi - Loading from cache: /assets/textures/murDroite.png
11:15:06.798 [FXGL Background Thread 3 ] DEBUG Engine               - Logging environment variables
11:15:06.798 [FXGL Background Thread 3 ] DEBUG Engine               - achievements: []
11:15:06.799 [FXGL Background Thread 2 ] DEBUG FXGLAssetLoaderServi - Loading from cache: /assets/textures/murGauche.png
11:15:06.799 [FXGL Background Thread 3 ] DEBUG Engine               - appIcon: fxgl_icon.png
11:15:06.799 [FXGL Background Thread 3 ] DEBUG Engine               - applicationMode: DEVELOPER
11:15:06.799 [FXGL Background Thread 3 ] DEBUG Engine               - cSSList: [fxgl_dark.css]
11:15:06.799 [FXGL Background Thread 3 ] DEBUG Engine               - configClass: Optional.empty
11:15:06.799 [FXGL Background Thread 2 ] DEBUG FXGLAssetLoaderServi - Loading from cache: /assets/textures/murHautBas.png
11:15:06.799 [FXGL Background Thread 3 ] DEBUG Engine               - credits: []
11:15:06.800 [FXGL Background Thread 3 ] DEBUG Engine               - devBBoxColorProperty: ObjectProperty [value: 0xff0000ff]
11:15:06.800 [FXGL Background Thread 2 ] DEBUG FXGLAssetLoaderServi - Loading from cache: /assets/textures/murHautBas.png
11:15:06.800 [FXGL Background Thread 3 ] DEBUG Engine               - devEnableDebugCameraProperty: BooleanProperty [value: false]
11:15:06.801 [FXGL Background Thread 3 ] DEBUG Engine               - devSensorColorProperty: ObjectProperty [value: 0xffff00ff]
11:15:06.801 [FXGL Background Thread 2 ] DEBUG FXGLAssetLoaderServi - Loading from cache: /assets/textures/murHautBas.png
11:15:06.804 [FXGL Background Thread 3 ] DEBUG Engine               - devShowBBoxProperty: BooleanProperty [value: false]
11:15:06.804 [FXGL Background Thread 3 ] DEBUG Engine               - devShowPositionProperty: BooleanProperty [value: false]
11:15:06.804 [FXGL Background Thread 2 ] DEBUG FXGLAssetLoaderServi - Loading from cache: /assets/textures/murHautBas.png
11:15:06.804 [FXGL Background Thread 3 ] DEBUG Engine               - enabledMenuItems: []
11:15:06.805 [FXGL Background Thread 3 ] DEBUG Engine               - engineServices: [class com.almasb.fxgl.app.FXGLApplication$GameApplicationService, class com.almasb.fxgl.app.services.FXGLDialogService, class com.almasb.fxgl.app.services.IOTaskExecutorService, class com.almasb.fxgl.event.EventBusService, class com.almasb.fxgl.io.FileSystemService, class com.almasb.fxgl.localization.LocalizationService, class com.almasb.fxgl.app.services.FXGLAssetLoaderService, class com.almasb.fxgl.app.services.SystemBundleService, class com.almasb.fxgl.profile.SaveLoadService, class com.almasb.fxgl.ui.FXGLUIFactoryServiceProvider, class com.almasb.fxgl.ui.FXGLDialogFactoryServiceProvider, class com.almasb.fxgl.audio.AudioPlayer, class com.almasb.fxgl.notification.impl.NotificationServiceProvider, class com.almasb.fxgl.achievement.AchievementService, class com.almasb.fxgl.cutscene.CutsceneService, class com.almasb.fxgl.minigames.MiniGameService, class com.almasb.fxgl.net.NetService, class com.almasb.fxgl.app.services.UpdaterService, class com.almasb.fxgl.dev.DevService]
11:15:06.805 [FXGL Background Thread 3 ] DEBUG Engine               - fontGame: Abel-Regular.ttf
11:15:06.805 [FXGL Background Thread 3 ] DEBUG Engine               - fontMono: lucida_console.ttf
11:15:06.805 [FXGL Background Thread 2 ] DEBUG FXGLAssetLoaderServi - Loading from cache: /assets/textures/murHautBas.png
11:15:06.805 [FXGL Background Thread 3 ] DEBUG Engine               - fontText: Courier-Prime.ttf
11:15:06.805 [FXGL Background Thread 3 ] DEBUG Engine               - fontUI: VarelaRound-Regular.ttf
11:15:06.805 [FXGL Background Thread 3 ] DEBUG Engine               - fullScreen: BooleanProperty [value: false]
11:15:06.805 [FXGL Background Thread 3 ] DEBUG Engine               - gameDifficulty: MEDIUM
11:15:06.805 [FXGL Background Thread 3 ] DEBUG Engine               - gameDifficultyProperty: ObjectProperty [value: MEDIUM]
11:15:06.806 [FXGL Background Thread 3 ] DEBUG Engine               - globalMusicVolume: 0.5
11:15:06.806 [FXGL Background Thread 2 ] DEBUG FXGLAssetLoaderServi - Loading from cache: /assets/textures/murHautBas.png
11:15:06.806 [FXGL Background Thread 3 ] DEBUG Engine               - globalMusicVolumeProperty: DoubleProperty [value: 0.5]
11:15:06.806 [FXGL Background Thread 3 ] DEBUG Engine               - globalSoundVolume: 0.5
11:15:06.806 [FXGL Background Thread 2 ] DEBUG FXGLAssetLoaderServi - Loading from cache: /assets/textures/murHautBas.png
11:15:06.806 [FXGL Background Thread 3 ] DEBUG Engine               - globalSoundVolumeProperty: DoubleProperty [value: 0.5]
11:15:06.806 [FXGL Background Thread 3 ] DEBUG Engine               - height: 900
11:15:06.806 [FXGL Background Thread 2 ] DEBUG FXGLAssetLoaderServi - Loading from cache: /assets/textures/murHautBas.png
11:15:06.806 [FXGL Background Thread 3 ] DEBUG Engine               - isAndroid: false
11:15:06.806 [FXGL Background Thread 3 ] DEBUG Engine               - isBrowser: false
11:15:06.807 [FXGL Background Thread 3 ] DEBUG Engine               - isClickFeedbackEnabled: false
11:15:06.807 [FXGL Background Thread 2 ] DEBUG FXGLAssetLoaderServi - Loading from cache: /assets/textures/murHautBas.png
11:15:06.807 [FXGL Background Thread 3 ] DEBUG Engine               - isCloseConfirmation: false
11:15:06.807 [FXGL Background Thread 3 ] DEBUG Engine               - isDesktop: true
11:15:06.807 [FXGL Background Thread 2 ] DEBUG FXGLAssetLoaderServi - Loading from cache: /assets/textures/murHautBas.png
11:15:06.807 [FXGL Background Thread 3 ] DEBUG Engine               - isDeveloperMenuEnabled: false
11:15:06.807 [FXGL Background Thread 3 ] DEBUG Engine               - isEntityPreloadEnabled: true
11:15:06.807 [FXGL Background Thread 2 ] DEBUG FXGLAssetLoaderServi - Loading from cache: /assets/textures/murHautBas.png
11:15:06.807 [FXGL Background Thread 3 ] DEBUG Engine               - isExperimentalNative: false
11:15:06.807 [FXGL Background Thread 3 ] DEBUG Engine               - isExperimentalTiledLargeMap: false
11:15:06.807 [FXGL Background Thread 3 ] DEBUG Engine               - isFileSystemWriteAllowed: true
11:15:06.807 [FXGL Background Thread 2 ] DEBUG FXGLAssetLoaderServi - Loading from cache: /assets/textures/murDroite.png
11:15:06.807 [FXGL Background Thread 3 ] DEBUG Engine               - isFullScreenAllowed: true
11:15:06.807 [FXGL Background Thread 3 ] DEBUG Engine               - isFullScreenFromStart: false
11:15:06.808 [FXGL Background Thread 3 ] DEBUG Engine               - isGameMenuEnabled: true
11:15:06.808 [FXGL Background Thread 3 ] DEBUG Engine               - isIOS: false
11:15:06.808 [FXGL Background Thread 3 ] DEBUG Engine               - isIntroEnabled: false
11:15:06.808 [FXGL Background Thread 3 ] DEBUG Engine               - isLinux: false
11:15:06.808 [FXGL Background Thread 3 ] DEBUG Engine               - isMac: false
11:15:06.808 [FXGL Background Thread 3 ] DEBUG Engine               - isMainMenuEnabled: true
11:15:06.808 [FXGL Background Thread 3 ] DEBUG Engine               - isManualResizeEnabled: true
11:15:06.808 [FXGL Background Thread 3 ] DEBUG Engine               - isMobile: false
11:15:06.809 [FXGL Background Thread 3 ] DEBUG Engine               - isPreserveResizeRatio: true
11:15:06.809 [FXGL Background Thread 3 ] DEBUG Engine               - isProfilingEnabled: false
11:15:06.809 [FXGL Background Thread 3 ] DEBUG Engine               - isSingleStep: false
11:15:06.809 [FXGL Background Thread 3 ] DEBUG Engine               - isUserProfileEnabled: false
11:15:06.809 [FXGL Background Thread 3 ] DEBUG Engine               - isWindows: true
11:15:06.809 [FXGL Background Thread 3 ] DEBUG Engine               - language: ObjectProperty [value: ENGLISH]
11:15:06.809 [FXGL Background Thread 2 ] DEBUG FXGLAssetLoaderServi - Loading from cache: /assets/textures/murGauche.png
11:15:06.809 [FXGL Background Thread 3 ] DEBUG Engine               - menuKey: ESCAPE
11:15:06.809 [FXGL Background Thread 3 ] DEBUG Engine               - notificationViewClass: class com.almasb.fxgl.notification.view.XboxNotificationView
11:15:06.809 [FXGL Background Thread 3 ] DEBUG Engine               - pixelsPerMeter: 50.0
11:15:06.810 [FXGL Background Thread 3 ] DEBUG Engine               - platform: WINDOWS
11:15:06.810 [FXGL Background Thread 3 ] DEBUG Engine               - profileDir: profiles/
11:15:06.810 [FXGL Background Thread 3 ] DEBUG Engine               - profileName: StringProperty [value: DEFAULT]
11:15:06.810 [FXGL Background Thread 3 ] DEBUG Engine               - randomSeed: -1
11:15:06.810 [FXGL Background Thread 3 ] DEBUG Engine               - runtimeInfo: RuntimeInfo(platform=WINDOWS, version=11.11, build=08.09.2020 18.00)
11:15:06.810 [FXGL Background Thread 3 ] DEBUG Engine               - saveFileExt: sav
11:15:06.810 [FXGL Background Thread 3 ] DEBUG Engine               - sceneFactory: GUI.MySceneFactory@5ad59f33
11:15:06.810 [FXGL Background Thread 3 ] DEBUG Engine               - secondsIn24h: 60
11:15:06.811 [FXGL Background Thread 3 ] DEBUG Engine               - soundMenuBack: menu/back.wav
11:15:06.811 [FXGL Background Thread 3 ] DEBUG Engine               - soundMenuPress: menu/press.wav
11:15:06.811 [FXGL Background Thread 3 ] DEBUG Engine               - soundMenuSelect: menu/select.wav
11:15:06.811 [FXGL Background Thread 3 ] DEBUG Engine               - soundNotification: core/notification.wav
11:15:06.811 [FXGL Background Thread 3 ] DEBUG Engine               - stageStyle: DECORATED
11:15:06.811 [FXGL Background Thread 3 ] DEBUG Engine               - supportedLanguages: [ENGLISH, FRENCH, GERMAN, HUNGARIAN, RUSSIAN]
11:15:06.811 [FXGL Background Thread 3 ] DEBUG Engine               - title: Slime Conqueror
11:15:06.811 [FXGL Background Thread 3 ] DEBUG Engine               - urlGithub: https://github.com/AlmasB/FXGL
11:15:06.811 [FXGL Background Thread 3 ] DEBUG Engine               - urlLeaderboard: http://fxgl-top.herokuapp.com/
11:15:06.812 [FXGL Background Thread 3 ] DEBUG Engine               - urlPOM: https://raw.githubusercontent.com/AlmasB/FXGL/master/pom.xml
11:15:06.812 [FXGL Background Thread 3 ] DEBUG Engine               - version: v2.2
11:15:06.812 [FXGL Background Thread 3 ] DEBUG Engine               - versionCheckDays: 7
11:15:06.812 [FXGL Background Thread 3 ] DEBUG Engine               - width: 1280
11:15:06.812 [FXGL Background Thread 3 ] DEBUG Engine               - Logging services
11:15:06.812 [FXGL Background Thread 3 ] DEBUG Engine               - class com.almasb.fxgl.app.FXGLApplication$GameApplicationService
11:15:06.812 [FXGL Background Thread 3 ] DEBUG Engine               - class com.almasb.fxgl.app.services.FXGLDialogService
11:15:06.812 [FXGL Background Thread 3 ] DEBUG Engine               - class com.almasb.fxgl.app.services.IOTaskExecutorService
11:15:06.812 [FXGL Background Thread 2 ] DEBUG FXGLAssetLoaderServi - Loading from cache: /assets/textures/murDroite.png
11:15:06.813 [FXGL Background Thread 3 ] DEBUG Engine               - class com.almasb.fxgl.event.EventBusService
11:15:06.813 [FXGL Background Thread 3 ] DEBUG Engine               - class com.almasb.fxgl.io.FileSystemService
11:15:06.813 [FXGL Background Thread 3 ] DEBUG Engine               - class com.almasb.fxgl.localization.LocalizationService
11:15:06.813 [FXGL Background Thread 3 ] DEBUG Engine               - class com.almasb.fxgl.app.services.FXGLAssetLoaderService
11:15:06.813 [FXGL Background Thread 3 ] DEBUG Engine               - class com.almasb.fxgl.app.services.SystemBundleService
11:15:06.813 [FXGL Background Thread 3 ] DEBUG Engine               - class com.almasb.fxgl.profile.SaveLoadService
11:15:06.813 [FXGL Background Thread 3 ] DEBUG Engine               - class com.almasb.fxgl.ui.FXGLUIFactoryServiceProvider
11:15:06.813 [FXGL Background Thread 3 ] DEBUG Engine               - class com.almasb.fxgl.ui.FXGLDialogFactoryServiceProvider
11:15:06.814 [FXGL Background Thread 3 ] DEBUG Engine               - class com.almasb.fxgl.audio.AudioPlayer
11:15:06.814 [FXGL Background Thread 3 ] DEBUG Engine               - class com.almasb.fxgl.notification.impl.NotificationServiceProvider
11:15:06.814 [FXGL Background Thread 3 ] DEBUG Engine               - class com.almasb.fxgl.achievement.AchievementService
11:15:06.814 [FXGL Background Thread 3 ] DEBUG Engine               - class com.almasb.fxgl.cutscene.CutsceneService
11:15:06.814 [FXGL Background Thread 3 ] DEBUG Engine               - class com.almasb.fxgl.minigames.MiniGameService
11:15:06.814 [FXGL Background Thread 2 ] DEBUG FXGLAssetLoaderServi - Loading from cache: /assets/textures/murGauche.png
11:15:06.814 [FXGL Background Thread 3 ] DEBUG Engine               - class com.almasb.fxgl.net.NetService
11:15:06.814 [FXGL Background Thread 3 ] DEBUG Engine               - class com.almasb.fxgl.app.services.UpdaterService
11:15:06.814 [FXGL Background Thread 3 ] DEBUG Engine               - class com.almasb.fxgl.dev.DevService
11:15:06.817 [FXGL Background Thread 2 ] DEBUG FXGLAssetLoaderServi - Loading from cache: /assets/textures/bat.png
11:15:06.822 [FXGL Background Thread 2 ] DEBUG FXGLAssetLoaderServi - Loading from file system: /assets/textures/renard.png
11:15:06.825 [FXGL Background Thread 2 ] DEBUG FXGLAssetLoaderServi - Loading from cache: /assets/textures/murHautBas.png
11:15:06.826 [FXGL Background Thread 2 ] DEBUG FXGLAssetLoaderServi - Loading from cache: /assets/textures/murHautBas.png
11:15:06.826 [FXGL Background Thread 2 ] DEBUG FXGLAssetLoaderServi - Loading from cache: /assets/textures/murHautBas.png
11:15:06.827 [FXGL Background Thread 2 ] DEBUG FXGLAssetLoaderServi - Loading from cache: /assets/textures/murHautBas.png
11:15:06.827 [FXGL Background Thread 2 ] DEBUG FXGLAssetLoaderServi - Loading from cache: /assets/textures/murHautBas.png
11:15:06.827 [FXGL Background Thread 2 ] DEBUG FXGLAssetLoaderServi - Loading from cache: /assets/textures/murHautBas.png
11:15:06.827 [FXGL Background Thread 2 ] DEBUG FXGLAssetLoaderServi - Loading from cache: /assets/textures/murDroite.png
11:15:06.828 [FXGL Background Thread 2 ] DEBUG FXGLAssetLoaderServi - Loading from cache: /assets/textures/murGauche.png
11:15:06.828 [FXGL Background Thread 2 ] DEBUG FXGLAssetLoaderServi - Loading from cache: /assets/textures/murHautBas.png
11:15:06.829 [FXGL Background Thread 2 ] DEBUG FXGLAssetLoaderServi - Loading from cache: /assets/textures/murHautBas.png
11:15:06.841 [FXGL Background Thread 2 ] DEBUG FXGLAssetLoaderServi - Loading from cache: /assets/textures/murDroite.png
11:15:06.842 [FXGL Background Thread 2 ] DEBUG FXGLAssetLoaderServi - Loading from cache: /assets/textures/murGauche.png
11:15:06.846 [FXGL Background Thread 2 ] DEBUG FXGLAssetLoaderServi - Loading from cache: /assets/textures/murDroite.png
11:15:06.847 [FXGL Background Thread 2 ] DEBUG FXGLAssetLoaderServi - Loading from cache: /assets/textures/murGauche.png
11:15:06.848 [FXGL Background Thread 2 ] DEBUG FXGLAssetLoaderServi - Loading from cache: /assets/textures/lezard.png
11:15:06.854 [FXGL Background Thread 2 ] DEBUG FXGLAssetLoaderServi - Loading from cache: /assets/textures/renard.png
11:15:06.859 [FXGL Background Thread 2 ] DEBUG FXGLAssetLoaderServi - Loading from cache: /assets/textures/murDroite.png
11:15:06.859 [FXGL Background Thread 2 ] DEBUG FXGLAssetLoaderServi - Loading from cache: /assets/textures/murGauche.png
11:15:06.863 [FXGL Background Thread 2 ] DEBUG FXGLAssetLoaderServi - Loading from cache: /assets/textures/bat.png
11:15:06.864 [FXGL Background Thread 2 ] DEBUG FXGLAssetLoaderServi - Loading from cache: /assets/textures/bat.png
11:15:06.866 [FXGL Background Thread 2 ] DEBUG FXGLAssetLoaderServi - Loading from cache: /assets/textures/murDroite.png
11:15:06.866 [FXGL Background Thread 2 ] DEBUG FXGLAssetLoaderServi - Loading from cache: /assets/textures/murGauche.png
11:15:06.868 [FXGL Background Thread 2 ] DEBUG FXGLAssetLoaderServi - Loading from cache: /assets/textures/murHautBas.png
11:15:06.870 [FXGL Background Thread 2 ] DEBUG FXGLAssetLoaderServi - Loading from cache: /assets/textures/murHautBas.png
11:15:06.871 [FXGL Background Thread 2 ] DEBUG FXGLAssetLoaderServi - Loading from cache: /assets/textures/murHautBas.png
11:15:06.872 [FXGL Background Thread 2 ] DEBUG FXGLAssetLoaderServi - Loading from cache: /assets/textures/murHautBas.png
11:15:06.873 [FXGL Background Thread 2 ] DEBUG FXGLAssetLoaderServi - Loading from cache: /assets/textures/murHautBas.png
11:15:06.881 [FXGL Background Thread 2 ] DEBUG FXGLAssetLoaderServi - Loading from cache: /assets/textures/murHautBas.png
11:15:06.885 [FXGL Background Thread 2 ] DEBUG FXGLAssetLoaderServi - Loading from cache: /assets/textures/murHautBas.png
11:15:06.886 [FXGL Background Thread 2 ] DEBUG FXGLAssetLoaderServi - Loading from cache: /assets/textures/murHautBas.png
11:15:06.895 [FXGL Background Thread 2 ] DEBUG FXGLAssetLoaderServi - Loading from cache: /assets/textures/murHautBas.png
11:15:06.896 [FXGL Background Thread 2 ] DEBUG FXGLAssetLoaderServi - Loading from cache: /assets/textures/murHautBas.png
11:15:06.897 [FXGL Background Thread 2 ] DEBUG FXGLAssetLoaderServi - Loading from cache: /assets/textures/murHautBas.png
11:15:06.897 [FXGL Background Thread 2 ] DEBUG FXGLAssetLoaderServi - Loading from cache: /assets/textures/murHautBas.png
11:15:06.897 [FXGL Background Thread 2 ] DEBUG FXGLAssetLoaderServi - Loading from cache: /assets/textures/murHautBas.png
11:15:06.898 [FXGL Background Thread 2 ] DEBUG FXGLAssetLoaderServi - Loading from cache: /assets/textures/murHautBas.png
11:15:06.898 [FXGL Background Thread 2 ] DEBUG FXGLAssetLoaderServi - Loading from cache: /assets/textures/murHautBas.png
11:15:06.898 [FXGL Background Thread 2 ] DEBUG FXGLAssetLoaderServi - Loading from cache: /assets/textures/murHautBas.png
11:15:06.899 [FXGL Background Thread 2 ] DEBUG FXGLAssetLoaderServi - Loading from cache: /assets/textures/murHautBas.png
11:15:06.901 [FXGL Background Thread 2 ] DEBUG FXGLAssetLoaderServi - Loading from cache: /assets/textures/murHautBas.png
11:15:06.902 [FXGL Background Thread 2 ] DEBUG FXGLAssetLoaderServi - Loading from cache: /assets/textures/murDroite.png
11:15:06.904 [FXGL Background Thread 2 ] DEBUG FXGLAssetLoaderServi - Loading from cache: /assets/textures/murGauche.png
11:15:06.906 [FXGL Background Thread 2 ] DEBUG FXGLAssetLoaderServi - Loading from file system: /assets/textures/escalier.png
11:15:06.910 [FXGL Background Thread 2 ] DEBUG FXGLAssetLoaderServi - Loading from cache: /assets/textures/bat.png
11:15:06.919 [FXGL Background Thread 2 ] DEBUG FXGLAssetLoaderServi - Loading from cache: /assets/textures/murDroite.png
11:15:06.921 [FXGL Background Thread 2 ] DEBUG FXGLAssetLoaderServi - Loading from file system: /assets/textures/murCoinGauche.png
11:15:06.924 [FXGL Background Thread 2 ] DEBUG FXGLAssetLoaderServi - Loading from cache: /assets/textures/murHautBas.png
11:15:06.924 [FXGL Background Thread 2 ] DEBUG FXGLAssetLoaderServi - Loading from cache: /assets/textures/murHautBas.png
11:15:06.925 [FXGL Background Thread 2 ] DEBUG FXGLAssetLoaderServi - Loading from cache: /assets/textures/murHautBas.png
11:15:06.925 [FXGL Background Thread 2 ] DEBUG FXGLAssetLoaderServi - Loading from cache: /assets/textures/murHautBas.png
11:15:06.925 [FXGL Background Thread 2 ] DEBUG FXGLAssetLoaderServi - Loading from cache: /assets/textures/murHautBas.png
11:15:06.926 [FXGL Background Thread 2 ] DEBUG FXGLAssetLoaderServi - Loading from cache: /assets/textures/murHautBas.png
11:15:06.926 [FXGL Background Thread 2 ] DEBUG FXGLAssetLoaderServi - Loading from cache: /assets/textures/murHautBas.png
11:15:06.927 [FXGL Background Thread 2 ] DEBUG FXGLAssetLoaderServi - Loading from cache: /assets/textures/murHautBas.png
11:15:06.927 [FXGL Background Thread 2 ] DEBUG FXGLAssetLoaderServi - Loading from cache: /assets/textures/murHautBas.png
11:15:06.928 [FXGL Background Thread 2 ] DEBUG FXGLAssetLoaderServi - Loading from cache: /assets/textures/murHautBas.png
11:15:06.928 [FXGL Background Thread 2 ] DEBUG FXGLAssetLoaderServi - Loading from cache: /assets/textures/murHautBas.png
11:15:06.929 [FXGL Background Thread 2 ] DEBUG FXGLAssetLoaderServi - Loading from cache: /assets/textures/murHautBas.png
11:15:06.930 [FXGL Background Thread 2 ] DEBUG FXGLAssetLoaderServi - Loading from cache: /assets/textures/murHautBas.png
11:15:06.930 [FXGL Background Thread 2 ] DEBUG FXGLAssetLoaderServi - Loading from cache: /assets/textures/murHautBas.png
11:15:06.930 [FXGL Background Thread 2 ] DEBUG FXGLAssetLoaderServi - Loading from cache: /assets/textures/murHautBas.png
11:15:06.931 [FXGL Background Thread 2 ] DEBUG FXGLAssetLoaderServi - Loading from cache: /assets/textures/murHautBas.png
11:15:06.931 [FXGL Background Thread 2 ] DEBUG FXGLAssetLoaderServi - Loading from cache: /assets/textures/murHautBas.png
11:15:06.931 [FXGL Background Thread 2 ] DEBUG FXGLAssetLoaderServi - Loading from cache: /assets/textures/murHautBas.png
11:15:06.932 [FXGL Background Thread 2 ] DEBUG FXGLAssetLoaderServi - Loading from cache: /assets/textures/murHautBas.png
11:15:06.933 [FXGL Background Thread 2 ] DEBUG FXGLAssetLoaderServi - Loading from cache: /assets/textures/murCoinDroite.png
11:15:06.944 [FXGL Background Thread 2 ] DEBUG GameWorld            - Clearing removable entities
11:15:06.945 [FXGL Background Thread 2 ] DEBUG GameWorld            - Setting level: com.almasb.fxgl.entity.level.Level@6b4a5a65
11:15:07.221 [FXGL Background Thread 2 ] INFO  FXGLApplication      - Game initialization took: 0,844 sec
11:15:07.235 [JavaFX Application Thread] DEBUG Input                - Clearing active input actions
11:15:07.339 [JavaFX Application Thread] DEBUG GameApplicationServi - Removing overlay from FXGLLoadingScene and adding to GameScene
11:15:07.340 [JavaFX Application Thread] DEBUG MainWindow           - FXGLLoadingScene -> GameScene
11:15:13.223 [JavaFX Application Thread] DEBUG FXGLAssetLoaderServi - Loading from file system: /assets/textures/Chest.png
11:15:14.610 [JavaFX Application Thread] DEBUG FXGLAssetLoaderServi - Loading from cache: /assets/textures/Chest.png
11:15:16.369 [JavaFX Application Thread] DEBUG FXGLAssetLoaderServi - Loading from cache: /assets/textures/Chest.png
11:15:21.491 [JavaFX Application Thread] DEBUG FXGLAssetLoaderServi - Loading from cache: /assets/textures/Chest.png
11:15:25.448 [JavaFX Application Thread] DEBUG FXGLAssetLoaderServi - Loading from cache: /assets/textures/Chest.png
11:15:29.117 [JavaFX Application Thread] DEBUG MainWindow           - Push state: MyMenu
11:15:29.117 [JavaFX Application Thread] DEBUG Input                - Clearing active input actions
11:15:29.118 [JavaFX Application Thread] DEBUG GameApplicationServi - Removing overlay from GameScene and adding to MyMenu
11:15:29.119 [JavaFX Application Thread] DEBUG MainWindow           - GameScene -> MyMenu
11:15:30.129 [JavaFX Application Thread] DEBUG FXGLApplication      - Exiting FXGL
11:15:30.130 [JavaFX Application Thread] DEBUG LoopRunner           - Stopping loop
11:15:30.130 [JavaFX Application Thread] DEBUG SystemBundleService  - Saving FXGL system data
11:15:30.132 [JavaFX Application Thread] DEBUG FileSystemAccess     - Writing to: E:\informatique\git\branche\Slime-Conqueror\system\fxgl.bundle
11:15:30.136 [JavaFX Application Thread] DEBUG Async                - Shutting down background threads
11:15:30.136 [JavaFX Application Thread] DEBUG MainWindow           - Closing main window
11:15:30.152 [JavaFX Application Thread] DEBUG Logger               - Closing Logger
