15:17:35.730 [main                     ] DEBUG Logger               - Configured Logger
15:17:35.769 [main                     ] DEBUG GameApplication      - Logging settings
Title: Slime Conqueror
Version: v2.2
Width: 1280
Height: 900
Fullscreen: true
Intro: false
Profiling: false
Single step:false
App Mode: DEVELOPER
Menu Key: ESCAPE
Stage Style: DECORATED
Scene Factory: class GUI.MySceneFactory

15:17:36.398 [JavaFX Application Thread] DEBUG FXGLApplication      - Initializing FXGL
15:17:36.409 [JavaFX Application Thread] INFO  Engine               - FXGL-11.11 (08.09.2020 18.00) on WINDOWS (J:14.0.2 FX:14)
15:17:36.410 [JavaFX Application Thread] DEBUG Engine               - JRE Vendor Name: Oracle Corporation
15:17:36.410 [JavaFX Application Thread] DEBUG Engine               - Running on OS: Windows 10 version 10.0
15:17:36.410 [JavaFX Application Thread] DEBUG Engine               - Architecture: amd64
15:17:36.411 [JavaFX Application Thread] INFO  Engine               - Source code and latest versions at: https://github.com/AlmasB/FXGL
15:17:36.411 [JavaFX Application Thread] INFO  Engine               -              Join the FXGL chat at: https://gitter.im/AlmasB/FXGL
15:17:36.580 [JavaFX Application Thread] DEBUG MainWindow           - Creating a JavaFX scene
15:17:36.676 [JavaFX Application Thread] DEBUG MainWindow           - Target settings size: 1280.0 x 900.0
15:17:36.676 [JavaFX Application Thread] DEBUG MainWindow           - Scaled scene size:    1280.0 x 900.0
15:17:36.677 [JavaFX Application Thread] DEBUG MainWindow           - Scaled ratio: (1.0, 1.0)
15:17:36.678 [JavaFX Application Thread] DEBUG MainWindow           - Set initial scene to StartupScene
15:17:36.691 [JavaFX Application Thread] DEBUG MainWindow           - Opening main window
15:17:36.842 [JavaFX Application Thread] DEBUG MainWindow           - Window border size: (16.0, 39.0)
15:17:36.842 [JavaFX Application Thread] DEBUG MainWindow           - Scaled size: 1280.0 x 900.0
15:17:36.843 [JavaFX Application Thread] DEBUG MainWindow           - Scaled ratio: (1.0, 1.0)
15:17:36.843 [JavaFX Application Thread] DEBUG MainWindow           - Scene size: 1280.0 x 900.0
15:17:36.843 [JavaFX Application Thread] DEBUG MainWindow           - Stage size: 1296.0 x 939.0
15:17:36.864 [FXGL Background Thread 1 ] DEBUG Engine               - Initializing environment variables
15:17:36.952 [FXGL Background Thread 1 ] DEBUG GameApplicationServi - Applying CSS: fxgl_dark.css
15:17:36.955 [FXGL Background Thread 1 ] DEBUG FXGLAssetLoaderServi - Loading from file system: /assets/ui/css/fxgl_dark.css
15:17:37.168 [FXGL Background Thread 1 ] DEBUG GameApplicationServi - Initializing application scenes
15:17:37.272 [FXGL Background Thread 1 ] DEBUG GameWorld            - Game world initialized
15:17:37.367 [FXGL Background Thread 1 ] DEBUG PhysicsWorld         - Physics world initialized: appHeight=900, physics.ppm=50,0
15:17:37.371 [FXGL Background Thread 1 ] DEBUG GameScene            - Game scene initialized: 1280x900
15:17:37.618 [FXGL Background Thread 1 ] DEBUG GameApplicationServi - Application scenes initialized
15:17:37.641 [FXGL Background Thread 1 ] DEBUG SystemBundleService  - Loading FXGL system data
15:17:37.646 [FXGL Background Thread 1 ] DEBUG FileSystemAccess     - Reading from: E:\informatique\git\branche\Slime-Conqueror\system\fxgl.bundle
15:17:37.657 [FXGL Background Thread 1 ] DEBUG SystemBundleService  - Bundle FXGL: {}
15:17:37.657 [FXGL Background Thread 1 ] DEBUG UpdaterService       - Checking for updates
15:17:37.662 [FXGL Background Thread 4 ] DEBUG FXGLApplication      - Loading fonts
15:17:37.663 [FXGL Background Thread 4 ] DEBUG FXGLAssetLoaderServi - Loading from file system: /assets/ui/fonts/VarelaRound-Regular.ttf
15:17:37.663 [FXGL Background Thread 1 ] DEBUG FXGLApplication      - Loading default localization
15:17:37.663 [FXGL Background Thread 1 ] DEBUG FXGLAssetLoaderServi - Loading from file system: /assets/languages/english.lang
15:17:37.683 [FXGL Background Thread 1 ] INFO  FXGLApplication      - FXGL initialization took: 0,819 sec
15:17:37.693 [JavaFX Application Thread] DEBUG Input                - Registered new binding: HideGUI - H
15:17:37.694 [JavaFX Application Thread] DEBUG Input                - Registered new binding: Up - Z
15:17:37.694 [JavaFX Application Thread] DEBUG Input                - Registered new binding: Down - S
15:17:37.694 [JavaFX Application Thread] DEBUG Input                - Registered new binding: Left - Q
15:17:37.694 [JavaFX Application Thread] DEBUG Input                - Registered new binding: Right - D
15:17:37.697 [JavaFX Application Thread] DEBUG Input                - Registered new binding: AttackPos - LMB
15:17:37.697 [JavaFX Application Thread] DEBUG FXGLAssetLoaderServi - Loading from file system: /assets/textures/fxgl_icon.png
15:17:37.769 [FXGL Background Thread 4 ] DEBUG FXGLAssetLoaderServi - Loading from file system: /assets/ui/fonts/Abel-Regular.ttf
15:17:37.778 [FXGL Background Thread 4 ] DEBUG FXGLAssetLoaderServi - Loading from file system: /assets/ui/fonts/lucida_console.ttf
15:17:37.791 [FXGL Background Thread 4 ] DEBUG FXGLAssetLoaderServi - Loading from file system: /assets/ui/fonts/Courier-Prime.ttf
15:17:37.793 [JavaFX Application Thread] DEBUG FXGLAssetLoaderServi - Loading from file system: /assets/ui/cursors/fxgl_default.png
15:17:37.798 [JavaFX Application Thread] DEBUG Input                - Registered new binding: Screenshot - P
15:17:37.799 [JavaFX Application Thread] DEBUG Input                - Registered new binding: System info dump - CTRL+9
15:17:37.799 [JavaFX Application Thread] DEBUG Input                - Registered new binding: Restart - CTRL+R
15:17:37.802 [JavaFX Application Thread] DEBUG Input                - Registered new binding: Toggle Debug Camera - CTRL+C
15:17:37.809 [JavaFX Application Thread] DEBUG LoopRunner           - Starting loop
15:17:37.813 [JavaFX Application Thread] DEBUG Input                - Clearing active input actions
15:17:37.825 [JavaFX Application Thread] DEBUG GameApplicationServi - Removing overlay from StartupScene and adding to FXGLMainMenuDummyScene
15:17:37.825 [JavaFX Application Thread] DEBUG MainWindow           - StartupScene -> FXGLMainMenuDummyScene
15:17:37.825 [JavaFX Application Thread] DEBUG MainWindow           - Push state: MyMenu
15:17:37.826 [JavaFX Application Thread] DEBUG Input                - Clearing active input actions
15:17:37.845 [JavaFX Application Thread] DEBUG GameApplicationServi - Removing overlay from FXGLMainMenuDummyScene and adding to MyMenu
15:17:37.846 [JavaFX Application Thread] DEBUG MainWindow           - FXGLMainMenuDummyScene -> MyMenu
15:17:37.846 [JavaFX Application Thread] DEBUG FXGLApplication      - Registering font factories with UI factory
15:17:37.991 [JavaFX Application Thread] DEBUG LoopRunner           - Stopping loop
15:17:37.997 [JavaFX Application Thread] FATAL FXGLApplication      - Uncaught Exception:
java.lang.RuntimeException: java.lang.reflect.InvocationTargetException
	at javafx.fxml.FXMLLoader$MethodHandler.invoke(FXMLLoader.java:1787)
	at javafx.fxml.FXMLLoader$ControllerMethodEventHandler.handle(FXMLLoader.java:1670)
	at com.sun.javafx.event.CompositeEventHandler.dispatchBubblingEvent(CompositeEventHandler.java:86)
	at com.sun.javafx.event.EventHandlerManager.dispatchBubblingEvent(EventHandlerManager.java:234)
	at com.sun.javafx.event.EventHandlerManager.dispatchBubblingEvent(EventHandlerManager.java:191)
	at com.sun.javafx.event.CompositeEventDispatcher.dispatchBubblingEvent(CompositeEventDispatcher.java:59)
	at com.sun.javafx.event.BasicEventDispatcher.dispatchEvent(BasicEventDispatcher.java:58)
	at com.sun.javafx.event.EventDispatchChainImpl.dispatchEvent(EventDispatchChainImpl.java:114)
	at com.sun.javafx.event.BasicEventDispatcher.dispatchEvent(BasicEventDispatcher.java:56)
	at com.sun.javafx.event.EventDispatchChainImpl.dispatchEvent(EventDispatchChainImpl.java:114)
	at com.sun.javafx.event.BasicEventDispatcher.dispatchEvent(BasicEventDispatcher.java:56)
	at com.sun.javafx.event.EventDispatchChainImpl.dispatchEvent(EventDispatchChainImpl.java:114)
	at com.sun.javafx.event.EventUtil.fireEventImpl(EventUtil.java:74)
	at com.sun.javafx.event.EventUtil.fireEvent(EventUtil.java:54)
	at javafx.event.Event.fireEvent(Event.java:198)
	at com.sun.javafx.event.EventQueue.fire(EventQueue.java:48)
	at javafx.scene.Scene$MouseHandler.handleEnterExit(Scene.java:3805)
	at javafx.scene.Scene$MouseHandler.process(Scene.java:3875)
	at javafx.scene.Scene$MouseHandler$1.run(Scene.java:3650)
	at com.sun.javafx.application.PlatformImpl.lambda$runLater$10(PlatformImpl.java:428)
	at java.base/java.security.AccessController.doPrivileged(AccessController.java:391)
	at com.sun.javafx.application.PlatformImpl.lambda$runLater$11(PlatformImpl.java:427)
	at com.sun.glass.ui.InvokeLaterDispatcher$Future.run(InvokeLaterDispatcher.java:96)
	at com.sun.glass.ui.win.WinApplication._runLoop(Native Method)
	at com.sun.glass.ui.win.WinApplication.lambda$runLoop$3(WinApplication.java:174)
	at java.base/java.lang.Thread.run(Thread.java:832)
Caused by: java.lang.reflect.InvocationTargetException
	at java.base/jdk.internal.reflect.NativeMethodAccessorImpl.invoke0(Native Method)
	at java.base/jdk.internal.reflect.NativeMethodAccessorImpl.invoke(NativeMethodAccessorImpl.java:62)
	at java.base/jdk.internal.reflect.DelegatingMethodAccessorImpl.invoke(DelegatingMethodAccessorImpl.java:43)
	at java.base/java.lang.reflect.Method.invoke(Method.java:564)
	at com.sun.javafx.reflect.Trampoline.invoke(MethodUtil.java:76)
	at java.base/jdk.internal.reflect.NativeMethodAccessorImpl.invoke0(Native Method)
	at java.base/jdk.internal.reflect.NativeMethodAccessorImpl.invoke(NativeMethodAccessorImpl.java:62)
	at java.base/jdk.internal.reflect.DelegatingMethodAccessorImpl.invoke(DelegatingMethodAccessorImpl.java:43)
	at java.base/java.lang.reflect.Method.invoke(Method.java:564)
	at com.sun.javafx.reflect.MethodUtil.invoke(MethodUtil.java:273)
	at com.sun.javafx.fxml.MethodHelper.invoke(MethodHelper.java:83)
	at javafx.fxml.FXMLLoader$MethodHandler.invoke(FXMLLoader.java:1784)
	... 25 more
Caused by: java.lang.NullPointerException: Cannot invoke "javafx.scene.media.MediaPlayer.play()" because "GUI.MyMainMenuController.mediaPlayer" is null
	at GUI.MyMainMenuController.mouseEntered(MyMainMenuController.java:179)
	... 37 more

15:17:37.997 [JavaFX Application Thread] FATAL FXGLApplication      - Application will now exit
15:17:38.052 [JavaFX Application Thread] DEBUG MainWindow           - Push state: ErrorSubScene
15:17:38.053 [JavaFX Application Thread] DEBUG Input                - Clearing active input actions
15:17:38.059 [JavaFX Application Thread] DEBUG GameApplicationServi - Removing overlay from MyMenu and adding to ErrorSubScene
15:17:38.060 [JavaFX Application Thread] DEBUG MainWindow           - MyMenu -> ErrorSubScene
15:17:38.593 [FXGL Background Thread 2 ] INFO  UpdaterService       - Your current version:  11.11
15:17:38.593 [FXGL Background Thread 2 ] INFO  UpdaterService       - Latest stable version: dev-SNAPSHOT
15:17:40.661 [FXGL Background Thread 3 ] DEBUG Engine               - Logging environment variables
15:17:40.662 [FXGL Background Thread 3 ] DEBUG Engine               - achievements: []
15:17:40.662 [FXGL Background Thread 3 ] DEBUG Engine               - appIcon: fxgl_icon.png
15:17:40.662 [FXGL Background Thread 3 ] DEBUG Engine               - applicationMode: DEVELOPER
15:17:40.662 [FXGL Background Thread 3 ] DEBUG Engine               - cSSList: [fxgl_dark.css]
15:17:40.662 [FXGL Background Thread 3 ] DEBUG Engine               - configClass: Optional.empty
15:17:40.662 [FXGL Background Thread 3 ] DEBUG Engine               - credits: []
15:17:40.663 [FXGL Background Thread 3 ] DEBUG Engine               - devBBoxColorProperty: ObjectProperty [value: 0xff0000ff]
15:17:40.663 [FXGL Background Thread 3 ] DEBUG Engine               - devEnableDebugCameraProperty: BooleanProperty [value: false]
15:17:40.663 [FXGL Background Thread 3 ] DEBUG Engine               - devSensorColorProperty: ObjectProperty [value: 0xffff00ff]
15:17:40.663 [FXGL Background Thread 3 ] DEBUG Engine               - devShowBBoxProperty: BooleanProperty [value: false]
15:17:40.663 [FXGL Background Thread 3 ] DEBUG Engine               - devShowPositionProperty: BooleanProperty [value: false]
15:17:40.663 [FXGL Background Thread 3 ] DEBUG Engine               - enabledMenuItems: []
15:17:40.663 [FXGL Background Thread 3 ] DEBUG Engine               - engineServices: [class com.almasb.fxgl.app.FXGLApplication$GameApplicationService, class com.almasb.fxgl.app.services.FXGLDialogService, class com.almasb.fxgl.app.services.IOTaskExecutorService, class com.almasb.fxgl.event.EventBusService, class com.almasb.fxgl.io.FileSystemService, class com.almasb.fxgl.localization.LocalizationService, class com.almasb.fxgl.app.services.FXGLAssetLoaderService, class com.almasb.fxgl.app.services.SystemBundleService, class com.almasb.fxgl.profile.SaveLoadService, class com.almasb.fxgl.ui.FXGLUIFactoryServiceProvider, class com.almasb.fxgl.ui.FXGLDialogFactoryServiceProvider, class com.almasb.fxgl.audio.AudioPlayer, class com.almasb.fxgl.notification.impl.NotificationServiceProvider, class com.almasb.fxgl.achievement.AchievementService, class com.almasb.fxgl.cutscene.CutsceneService, class com.almasb.fxgl.minigames.MiniGameService, class com.almasb.fxgl.net.NetService, class com.almasb.fxgl.app.services.UpdaterService, class com.almasb.fxgl.dev.DevService]
15:17:40.663 [FXGL Background Thread 3 ] DEBUG Engine               - fontGame: Abel-Regular.ttf
15:17:40.663 [FXGL Background Thread 3 ] DEBUG Engine               - fontMono: lucida_console.ttf
15:17:40.664 [FXGL Background Thread 3 ] DEBUG Engine               - fontText: Courier-Prime.ttf
15:17:40.664 [FXGL Background Thread 3 ] DEBUG Engine               - fontUI: VarelaRound-Regular.ttf
15:17:40.664 [FXGL Background Thread 3 ] DEBUG Engine               - fullScreen: BooleanProperty [value: false]
15:17:40.664 [FXGL Background Thread 3 ] DEBUG Engine               - gameDifficulty: MEDIUM
15:17:40.664 [FXGL Background Thread 3 ] DEBUG Engine               - gameDifficultyProperty: ObjectProperty [value: MEDIUM]
15:17:40.665 [FXGL Background Thread 3 ] DEBUG Engine               - globalMusicVolume: 0.5
15:17:40.666 [FXGL Background Thread 3 ] DEBUG Engine               - globalMusicVolumeProperty: DoubleProperty [value: 0.5]
15:17:40.667 [FXGL Background Thread 3 ] DEBUG Engine               - globalSoundVolume: 0.5
15:17:40.668 [FXGL Background Thread 3 ] DEBUG Engine               - globalSoundVolumeProperty: DoubleProperty [value: 0.5]
15:17:40.669 [FXGL Background Thread 3 ] DEBUG Engine               - height: 900
15:17:40.669 [FXGL Background Thread 3 ] DEBUG Engine               - isAndroid: false
15:17:40.669 [FXGL Background Thread 3 ] DEBUG Engine               - isBrowser: false
15:17:40.670 [FXGL Background Thread 3 ] DEBUG Engine               - isClickFeedbackEnabled: false
15:17:40.670 [FXGL Background Thread 3 ] DEBUG Engine               - isCloseConfirmation: false
15:17:40.670 [FXGL Background Thread 3 ] DEBUG Engine               - isDesktop: true
15:17:40.671 [FXGL Background Thread 3 ] DEBUG Engine               - isDeveloperMenuEnabled: false
15:17:40.672 [FXGL Background Thread 3 ] DEBUG Engine               - isEntityPreloadEnabled: true
15:17:40.672 [FXGL Background Thread 3 ] DEBUG Engine               - isExperimentalNative: false
15:17:40.672 [FXGL Background Thread 3 ] DEBUG Engine               - isExperimentalTiledLargeMap: false
15:17:40.672 [FXGL Background Thread 3 ] DEBUG Engine               - isFileSystemWriteAllowed: true
15:17:40.673 [FXGL Background Thread 3 ] DEBUG Engine               - isFullScreenAllowed: true
15:17:40.673 [FXGL Background Thread 3 ] DEBUG Engine               - isFullScreenFromStart: false
15:17:40.673 [FXGL Background Thread 3 ] DEBUG Engine               - isGameMenuEnabled: true
15:17:40.673 [FXGL Background Thread 3 ] DEBUG Engine               - isIOS: false
15:17:40.673 [FXGL Background Thread 3 ] DEBUG Engine               - isIntroEnabled: false
15:17:40.673 [FXGL Background Thread 3 ] DEBUG Engine               - isLinux: false
15:17:40.673 [FXGL Background Thread 3 ] DEBUG Engine               - isMac: false
15:17:40.673 [FXGL Background Thread 3 ] DEBUG Engine               - isMainMenuEnabled: true
15:17:40.673 [FXGL Background Thread 3 ] DEBUG Engine               - isManualResizeEnabled: true
15:17:40.674 [FXGL Background Thread 3 ] DEBUG Engine               - isMobile: false
15:17:40.674 [FXGL Background Thread 3 ] DEBUG Engine               - isPreserveResizeRatio: true
15:17:40.674 [FXGL Background Thread 3 ] DEBUG Engine               - isProfilingEnabled: false
15:17:40.674 [FXGL Background Thread 3 ] DEBUG Engine               - isSingleStep: false
15:17:40.674 [FXGL Background Thread 3 ] DEBUG Engine               - isUserProfileEnabled: false
15:17:40.674 [FXGL Background Thread 3 ] DEBUG Engine               - isWindows: true
15:17:40.674 [FXGL Background Thread 3 ] DEBUG Engine               - language: ObjectProperty [value: ENGLISH]
15:17:40.674 [FXGL Background Thread 3 ] DEBUG Engine               - menuKey: ESCAPE
15:17:40.675 [FXGL Background Thread 3 ] DEBUG Engine               - notificationViewClass: class com.almasb.fxgl.notification.view.XboxNotificationView
15:17:40.675 [FXGL Background Thread 3 ] DEBUG Engine               - pixelsPerMeter: 50.0
15:17:40.675 [FXGL Background Thread 3 ] DEBUG Engine               - platform: WINDOWS
15:17:40.675 [FXGL Background Thread 3 ] DEBUG Engine               - profileDir: profiles/
15:17:40.675 [FXGL Background Thread 3 ] DEBUG Engine               - profileName: StringProperty [value: DEFAULT]
15:17:40.675 [FXGL Background Thread 3 ] DEBUG Engine               - randomSeed: -1
15:17:40.675 [FXGL Background Thread 3 ] DEBUG Engine               - runtimeInfo: RuntimeInfo(platform=WINDOWS, version=11.11, build=08.09.2020 18.00)
15:17:40.676 [FXGL Background Thread 3 ] DEBUG Engine               - saveFileExt: sav
15:17:40.676 [FXGL Background Thread 3 ] DEBUG Engine               - sceneFactory: GUI.MySceneFactory@422b16c3
15:17:40.676 [FXGL Background Thread 3 ] DEBUG Engine               - secondsIn24h: 60
15:17:40.677 [FXGL Background Thread 3 ] DEBUG Engine               - soundMenuBack: menu/back.wav
15:17:40.677 [FXGL Background Thread 3 ] DEBUG Engine               - soundMenuPress: menu/press.wav
15:17:40.677 [FXGL Background Thread 3 ] DEBUG Engine               - soundMenuSelect: menu/select.wav
15:17:40.677 [FXGL Background Thread 3 ] DEBUG Engine               - soundNotification: core/notification.wav
15:17:40.677 [FXGL Background Thread 3 ] DEBUG Engine               - stageStyle: DECORATED
15:17:40.677 [FXGL Background Thread 3 ] DEBUG Engine               - supportedLanguages: [ENGLISH, FRENCH, GERMAN, HUNGARIAN, RUSSIAN]
15:17:40.677 [FXGL Background Thread 3 ] DEBUG Engine               - title: Slime Conqueror
15:17:40.677 [FXGL Background Thread 3 ] DEBUG Engine               - urlGithub: https://github.com/AlmasB/FXGL
15:17:40.678 [FXGL Background Thread 3 ] DEBUG Engine               - urlLeaderboard: http://fxgl-top.herokuapp.com/
15:17:40.678 [FXGL Background Thread 3 ] DEBUG Engine               - urlPOM: https://raw.githubusercontent.com/AlmasB/FXGL/master/pom.xml
15:17:40.678 [FXGL Background Thread 3 ] DEBUG Engine               - version: v2.2
15:17:40.678 [FXGL Background Thread 3 ] DEBUG Engine               - versionCheckDays: 7
15:17:40.678 [FXGL Background Thread 3 ] DEBUG Engine               - width: 1280
15:17:40.678 [FXGL Background Thread 3 ] DEBUG Engine               - Logging services
15:17:40.679 [FXGL Background Thread 3 ] DEBUG Engine               - class com.almasb.fxgl.app.FXGLApplication$GameApplicationService
15:17:40.679 [FXGL Background Thread 3 ] DEBUG Engine               - class com.almasb.fxgl.app.services.FXGLDialogService
15:17:40.679 [FXGL Background Thread 3 ] DEBUG Engine               - class com.almasb.fxgl.app.services.IOTaskExecutorService
15:17:40.679 [FXGL Background Thread 3 ] DEBUG Engine               - class com.almasb.fxgl.event.EventBusService
15:17:40.679 [FXGL Background Thread 3 ] DEBUG Engine               - class com.almasb.fxgl.io.FileSystemService
15:17:40.679 [FXGL Background Thread 3 ] DEBUG Engine               - class com.almasb.fxgl.localization.LocalizationService
15:17:40.679 [FXGL Background Thread 3 ] DEBUG Engine               - class com.almasb.fxgl.app.services.FXGLAssetLoaderService
15:17:40.679 [FXGL Background Thread 3 ] DEBUG Engine               - class com.almasb.fxgl.app.services.SystemBundleService
15:17:40.680 [FXGL Background Thread 3 ] DEBUG Engine               - class com.almasb.fxgl.profile.SaveLoadService
15:17:40.680 [FXGL Background Thread 3 ] DEBUG Engine               - class com.almasb.fxgl.ui.FXGLUIFactoryServiceProvider
15:17:40.680 [FXGL Background Thread 3 ] DEBUG Engine               - class com.almasb.fxgl.ui.FXGLDialogFactoryServiceProvider
15:17:40.680 [FXGL Background Thread 3 ] DEBUG Engine               - class com.almasb.fxgl.audio.AudioPlayer
15:17:40.680 [FXGL Background Thread 3 ] DEBUG Engine               - class com.almasb.fxgl.notification.impl.NotificationServiceProvider
15:17:40.680 [FXGL Background Thread 3 ] DEBUG Engine               - class com.almasb.fxgl.achievement.AchievementService
15:17:40.681 [FXGL Background Thread 3 ] DEBUG Engine               - class com.almasb.fxgl.cutscene.CutsceneService
15:17:40.681 [FXGL Background Thread 3 ] DEBUG Engine               - class com.almasb.fxgl.minigames.MiniGameService
15:17:40.681 [FXGL Background Thread 3 ] DEBUG Engine               - class com.almasb.fxgl.net.NetService
15:17:40.681 [FXGL Background Thread 3 ] DEBUG Engine               - class com.almasb.fxgl.app.services.UpdaterService
15:17:40.681 [FXGL Background Thread 3 ] DEBUG Engine               - class com.almasb.fxgl.dev.DevService
15:17:41.053 [JavaFX Application Thread] DEBUG FXGLApplication      - Exiting FXGL
15:17:41.053 [JavaFX Application Thread] DEBUG Async                - Shutting down background threads
15:17:41.053 [JavaFX Application Thread] DEBUG MainWindow           - Closing main window
15:17:41.070 [JavaFX Application Thread] DEBUG Logger               - Closing Logger
