14:00:34.376 [main                     ] DEBUG Logger               - Configured Logger
14:00:34.405 [main                     ] DEBUG GameApplication      - Logging settings
Title: Slime Conqueror
Version: v2.2
Width: 1280
Height: 900
Fullscreen: true
Intro: false
Profiling: false
Single step:false
App Mode: DEVELOPER
Menu Key: ESCAPE
Stage Style: DECORATED
Scene Factory: class GUI.MySceneFactory

14:00:34.848 [JavaFX Application Thread] DEBUG FXGLApplication      - Initializing FXGL
14:00:34.858 [JavaFX Application Thread] INFO  Engine               - FXGL-11.11 (08.09.2020 18.00) on WINDOWS (J:11.0.8 FX:14)
14:00:34.858 [JavaFX Application Thread] DEBUG Engine               - JRE Vendor Name: Oracle Corporation
14:00:34.858 [JavaFX Application Thread] DEBUG Engine               - Running on OS: Windows 10 version 10.0
14:00:34.858 [JavaFX Application Thread] DEBUG Engine               - Architecture: amd64
14:00:34.859 [JavaFX Application Thread] INFO  Engine               - Source code and latest versions at: https://github.com/AlmasB/FXGL
14:00:34.859 [JavaFX Application Thread] INFO  Engine               -              Join the FXGL chat at: https://gitter.im/AlmasB/FXGL
14:00:34.982 [JavaFX Application Thread] DEBUG MainWindow           - Creating a JavaFX scene
14:00:35.046 [JavaFX Application Thread] DEBUG MainWindow           - Target settings size: 1280.0 x 900.0
14:00:35.046 [JavaFX Application Thread] DEBUG MainWindow           - Scaled scene size:    1280.0 x 900.0
14:00:35.046 [JavaFX Application Thread] DEBUG MainWindow           - Scaled ratio: (1.0, 1.0)
14:00:35.048 [JavaFX Application Thread] DEBUG MainWindow           - Set initial scene to StartupScene
14:00:35.056 [JavaFX Application Thread] DEBUG MainWindow           - Opening main window
14:00:35.143 [JavaFX Application Thread] DEBUG MainWindow           - Window border size: (16.0, 39.0)
14:00:35.144 [JavaFX Application Thread] DEBUG MainWindow           - Scaled size: 1280.0 x 900.0
14:00:35.144 [JavaFX Application Thread] DEBUG MainWindow           - Scaled ratio: (1.0, 1.0)
14:00:35.144 [JavaFX Application Thread] DEBUG MainWindow           - Scene size: 1280.0 x 900.0
14:00:35.144 [JavaFX Application Thread] DEBUG MainWindow           - Stage size: 1296.0 x 939.0
14:00:35.151 [FXGL Background Thread 1 ] DEBUG Engine               - Initializing environment variables
14:00:35.180 [FXGL Background Thread 1 ] DEBUG GameApplicationServi - Applying CSS: fxgl_dark.css
14:00:35.181 [FXGL Background Thread 1 ] DEBUG FXGLAssetLoaderServi - Loading from file system: /assets/ui/css/fxgl_dark.css
14:00:35.228 [FXGL Background Thread 1 ] DEBUG GameApplicationServi - Initializing application scenes
14:00:35.271 [FXGL Background Thread 1 ] DEBUG GameWorld            - Game world initialized
14:00:35.337 [FXGL Background Thread 1 ] DEBUG PhysicsWorld         - Physics world initialized: appHeight=900, physics.ppm=50,0
14:00:35.339 [FXGL Background Thread 1 ] DEBUG GameScene            - Game scene initialized: 1280x900
14:00:35.630 [FXGL Background Thread 1 ] DEBUG GameApplicationServi - Application scenes initialized
14:00:35.648 [FXGL Background Thread 1 ] DEBUG SystemBundleService  - Loading FXGL system data
14:00:35.652 [FXGL Background Thread 1 ] DEBUG FileSystemAccess     - Reading from: C:\Users\Cardinal\eclipse-workspace\Slime-Conqueror\system\fxgl.bundle
14:00:35.658 [FXGL Background Thread 1 ] DEBUG SystemBundleService  - Bundle FXGL: {}
14:00:35.658 [FXGL Background Thread 1 ] DEBUG UpdaterService       - Checking for updates
14:00:35.664 [FXGL Background Thread 4 ] DEBUG FXGLApplication      - Loading fonts
14:00:35.664 [FXGL Background Thread 4 ] DEBUG FXGLAssetLoaderServi - Loading from file system: /assets/ui/fonts/VarelaRound-Regular.ttf
14:00:35.664 [FXGL Background Thread 1 ] DEBUG FXGLApplication      - Loading default localization
14:00:35.664 [FXGL Background Thread 1 ] DEBUG FXGLAssetLoaderServi - Loading from file system: /assets/languages/english.lang
14:00:35.681 [FXGL Background Thread 1 ] INFO  FXGLApplication      - FXGL initialization took: 0,529 sec
14:00:35.692 [JavaFX Application Thread] DEBUG Input                - Registered new binding: HideGUI - H
14:00:35.692 [JavaFX Application Thread] DEBUG Input                - Registered new binding: Up - Z
14:00:35.692 [JavaFX Application Thread] DEBUG Input                - Registered new binding: Down - S
14:00:35.692 [JavaFX Application Thread] DEBUG Input                - Registered new binding: Left - Q
14:00:35.693 [JavaFX Application Thread] DEBUG Input                - Registered new binding: Right - D
14:00:35.693 [JavaFX Application Thread] DEBUG Input                - Registered new binding: Teleport - F
14:00:35.694 [JavaFX Application Thread] DEBUG Input                - Registered new binding: AttackPos - LMB
14:00:35.694 [JavaFX Application Thread] DEBUG Input                - Registered new binding: Attack - I
14:00:35.695 [JavaFX Application Thread] DEBUG FXGLAssetLoaderServi - Loading from file system: /assets/textures/fxgl_icon.png
14:00:35.739 [JavaFX Application Thread] DEBUG FXGLAssetLoaderServi - Loading from file system: /assets/ui/cursors/fxgl_default.png
14:00:35.742 [JavaFX Application Thread] DEBUG Input                - Registered new binding: Screenshot - P
14:00:35.742 [JavaFX Application Thread] DEBUG Input                - Registered new binding: System info dump - CTRL+9
14:00:35.743 [JavaFX Application Thread] DEBUG Input                - Registered new binding: Restart - CTRL+R
14:00:35.743 [JavaFX Application Thread] DEBUG Input                - Registered new binding: Toggle Debug Camera - CTRL+C
14:00:35.746 [JavaFX Application Thread] DEBUG LoopRunner           - Starting loop
14:00:35.749 [JavaFX Application Thread] DEBUG Input                - Clearing active input actions
14:00:35.758 [JavaFX Application Thread] DEBUG GameApplicationServi - Removing overlay from StartupScene and adding to FXGLMainMenuDummyScene
14:00:35.758 [JavaFX Application Thread] DEBUG MainWindow           - StartupScene -> FXGLMainMenuDummyScene
14:00:35.758 [JavaFX Application Thread] DEBUG MainWindow           - Push state: MyMenu
14:00:35.758 [JavaFX Application Thread] DEBUG Input                - Clearing active input actions
14:00:35.769 [JavaFX Application Thread] DEBUG GameApplicationServi - Removing overlay from FXGLMainMenuDummyScene and adding to MyMenu
14:00:35.769 [JavaFX Application Thread] DEBUG MainWindow           - FXGLMainMenuDummyScene -> MyMenu
14:00:35.954 [FXGL Background Thread 4 ] DEBUG FXGLAssetLoaderServi - Loading from file system: /assets/ui/fonts/Abel-Regular.ttf
14:00:35.957 [FXGL Background Thread 4 ] DEBUG FXGLAssetLoaderServi - Loading from file system: /assets/ui/fonts/lucida_console.ttf
14:00:35.962 [FXGL Background Thread 4 ] DEBUG FXGLAssetLoaderServi - Loading from file system: /assets/ui/fonts/Courier-Prime.ttf
14:00:35.967 [JavaFX Application Thread] DEBUG FXGLApplication      - Registering font factories with UI factory
14:00:36.304 [JavaFX Application Thread] DEBUG GameApplicationServi - Starting new game
14:00:36.304 [JavaFX Application Thread] DEBUG MainWindow           - Pop state: MyMenu
14:00:36.305 [JavaFX Application Thread] DEBUG Input                - Clearing active input actions
14:00:36.306 [JavaFX Application Thread] DEBUG GameApplicationServi - Removing overlay from MyMenu and adding to FXGLMainMenuDummyScene
14:00:36.306 [JavaFX Application Thread] DEBUG MainWindow           - FXGLMainMenuDummyScene <- MyMenu
14:00:36.306 [JavaFX Application Thread] DEBUG Input                - Clearing active input actions
14:00:36.312 [JavaFX Application Thread] DEBUG GameApplicationServi - Removing overlay from FXGLMainMenuDummyScene and adding to FXGLLoadingScene
14:00:36.313 [JavaFX Application Thread] DEBUG MainWindow           - FXGLMainMenuDummyScene -> FXGLLoadingScene
14:00:36.313 [JavaFX Application Thread] DEBUG GameApplicationServi - Clearing previous game
14:00:36.313 [JavaFX Application Thread] DEBUG GameScene            - Clearing game scene
14:00:36.313 [JavaFX Application Thread] DEBUG GameWorld            - Clearing game world
14:00:36.313 [JavaFX Application Thread] DEBUG PhysicsWorld         - Clearing physics world
14:00:36.314 [FXGL Background Thread 4 ] DEBUG FXGLApplication      - Initializing game
14:00:36.325 [FXGL Background Thread 4 ] DEBUG FXGLAssetLoaderServi - Loading from file system: /assets/levels/map_level0.txt
14:00:36.527 [FXGL Background Thread 2 ] INFO  UpdaterService       - Your current version:  11.11
14:00:36.528 [FXGL Background Thread 2 ] INFO  UpdaterService       - Latest stable version: dev-SNAPSHOT
14:00:36.536 [FXGL Background Thread 4 ] DEBUG FXGLAssetLoaderServi - Loading from file system: /assets/textures/player.png
14:00:36.564 [FXGL Background Thread 4 ] DEBUG FXGLAssetLoaderServi - Loading from file system: /assets/textures/
14:00:36.584 [FXGL Background Thread 4 ] DEBUG FXGLAssetLoaderServi - Loading from cache: /assets/textures/
14:00:36.585 [FXGL Background Thread 4 ] DEBUG FXGLAssetLoaderServi - Loading from cache: /assets/textures/
14:00:36.585 [FXGL Background Thread 4 ] DEBUG FXGLAssetLoaderServi - Loading from cache: /assets/textures/
14:00:36.585 [FXGL Background Thread 4 ] DEBUG FXGLAssetLoaderServi - Loading from cache: /assets/textures/
14:00:36.585 [FXGL Background Thread 4 ] DEBUG FXGLAssetLoaderServi - Loading from cache: /assets/textures/
14:00:36.586 [FXGL Background Thread 4 ] DEBUG FXGLAssetLoaderServi - Loading from cache: /assets/textures/
14:00:36.586 [FXGL Background Thread 4 ] DEBUG FXGLAssetLoaderServi - Loading from file system: /assets/textures/Monster.png
14:00:36.594 [JavaFX Application Thread] DEBUG LoopRunner           - Stopping loop
14:00:36.595 [JavaFX Application Thread] FATAL FXGLApplication      - Uncaught Exception:
java.lang.RuntimeException: Initialization failed
	at com.almasb.fxgl.app.FXGLApplication$InitAppTask.failed(FXGLApplication.kt:324)
	at javafx.concurrent.Task.setState(Task.java:710)
	at javafx.concurrent.Task$TaskCallable.lambda$call$2(Task.java:1455)
	at com.sun.javafx.application.PlatformImpl.lambda$runLater$10(PlatformImpl.java:428)
	at java.base/java.security.AccessController.doPrivileged(Native Method)
	at com.sun.javafx.application.PlatformImpl.lambda$runLater$11(PlatformImpl.java:427)
	at com.sun.glass.ui.InvokeLaterDispatcher$Future.run(InvokeLaterDispatcher.java:96)
	at com.sun.glass.ui.win.WinApplication._runLoop(Native Method)
	at com.sun.glass.ui.win.WinApplication.lambda$runLoop$3(WinApplication.java:174)
	at java.base/java.lang.Thread.run(Thread.java:834)
Caused by: java.lang.NullPointerException
	at game.and.map.GameFactory.newMonster(GameFactory.java:177)
	at java.base/jdk.internal.reflect.NativeMethodAccessorImpl.invoke0(Native Method)
	at java.base/jdk.internal.reflect.NativeMethodAccessorImpl.invoke(NativeMethodAccessorImpl.java:62)
	at java.base/jdk.internal.reflect.DelegatingMethodAccessorImpl.invoke(DelegatingMethodAccessorImpl.java:43)
	at java.base/java.lang.reflect.Method.invoke(Method.java:566)
	at com.almasb.fxgl.core.reflect.ReflectionUtils.call(ReflectionUtils.java:104)
	at com.almasb.fxgl.core.reflect.ReflectionUtils.lambda$mapToFunction$3(ReflectionUtils.java:111)
	at com.almasb.fxgl.entity.GameWorld$create$2.invoke(GameWorld.kt:402)
	at com.almasb.fxgl.entity.GameWorld$create$2.invoke(GameWorld.kt:35)
	at com.almasb.fxgl.core.util.DSLKt.tryCatchRoot(DSL.kt:34)
	at com.almasb.fxgl.entity.GameWorld.create(GameWorld.kt:402)
	at com.almasb.fxgl.entity.level.text.TextLevelLoader.load(TextLevelLoader.kt:41)
	at com.almasb.fxgl.app.services.FXGLAssetLoaderService.loadLevel(FXGLAssetLoaderService.kt:276)
	at game.and.map.GameApp.initGame(GameApp.java:777)
	at com.almasb.fxgl.app.FXGLApplication$InitAppTask.initGame(FXGLApplication.kt:320)
	at com.almasb.fxgl.app.FXGLApplication$InitAppTask.call(FXGLApplication.kt:300)
	at com.almasb.fxgl.app.FXGLApplication$InitAppTask.call(FXGLApplication.kt:292)
	at javafx.concurrent.Task$TaskCallable.call(Task.java:1425)
	at java.base/java.util.concurrent.FutureTask.run(FutureTask.java:264)
	at java.base/java.util.concurrent.Executors$RunnableAdapter.call(Executors.java:515)
	at java.base/java.util.concurrent.FutureTask.run(FutureTask.java:264)
	at java.base/java.util.concurrent.ThreadPoolExecutor.runWorker(ThreadPoolExecutor.java:1128)
	at java.base/java.util.concurrent.ThreadPoolExecutor$Worker.run(ThreadPoolExecutor.java:628)
	... 1 more

14:00:36.596 [JavaFX Application Thread] FATAL FXGLApplication      - Application will now exit
14:00:36.608 [JavaFX Application Thread] DEBUG MainWindow           - Push state: ErrorSubScene
14:00:36.608 [JavaFX Application Thread] DEBUG Input                - Clearing active input actions
14:00:36.610 [JavaFX Application Thread] DEBUG GameApplicationServi - Removing overlay from FXGLLoadingScene and adding to ErrorSubScene
14:00:36.611 [JavaFX Application Thread] DEBUG MainWindow           - FXGLLoadingScene -> ErrorSubScene
14:00:37.760 [JavaFX Application Thread] DEBUG FXGLApplication      - Exiting FXGL
14:00:37.760 [JavaFX Application Thread] DEBUG Async                - Shutting down background threads
14:00:37.760 [JavaFX Application Thread] DEBUG MainWindow           - Closing main window
14:00:37.772 [JavaFX Application Thread] DEBUG Logger               - Closing Logger
