22:06:09.206 [main                     ] DEBUG Logger               - Configured Logger
22:06:09.235 [main                     ] DEBUG GameApplication      - Logging settings
Title: Slime Conqueror
Version: v2.2
Width: 1280
Height: 900
Fullscreen: true
Intro: false
Profiling: false
Single step:false
App Mode: DEVELOPER
Menu Key: ESCAPE
Stage Style: DECORATED
Scene Factory: class GUI.MySceneFactory

22:06:09.684 [JavaFX Application Thread] DEBUG FXGLApplication      - Initializing FXGL
22:06:09.695 [JavaFX Application Thread] INFO  Engine               - FXGL-11.11 (08.09.2020 18.00) on WINDOWS (J:11.0.8 FX:14)
22:06:09.695 [JavaFX Application Thread] DEBUG Engine               - JRE Vendor Name: Oracle Corporation
22:06:09.695 [JavaFX Application Thread] DEBUG Engine               - Running on OS: Windows 10 version 10.0
22:06:09.695 [JavaFX Application Thread] DEBUG Engine               - Architecture: amd64
22:06:09.696 [JavaFX Application Thread] INFO  Engine               - Source code and latest versions at: https://github.com/AlmasB/FXGL
22:06:09.696 [JavaFX Application Thread] INFO  Engine               -              Join the FXGL chat at: https://gitter.im/AlmasB/FXGL
22:06:09.841 [JavaFX Application Thread] DEBUG MainWindow           - Creating a JavaFX scene
22:06:09.920 [JavaFX Application Thread] DEBUG MainWindow           - Target settings size: 1280.0 x 900.0
22:06:09.921 [JavaFX Application Thread] DEBUG MainWindow           - Scaled scene size:    1280.0 x 900.0
22:06:09.921 [JavaFX Application Thread] DEBUG MainWindow           - Scaled ratio: (1.0, 1.0)
22:06:09.922 [JavaFX Application Thread] DEBUG MainWindow           - Set initial scene to StartupScene
22:06:09.931 [JavaFX Application Thread] DEBUG MainWindow           - Opening main window
22:06:10.021 [JavaFX Application Thread] DEBUG MainWindow           - Window border size: (16.0, 39.0)
22:06:10.022 [JavaFX Application Thread] DEBUG MainWindow           - Scaled size: 1280.0 x 900.0
22:06:10.022 [JavaFX Application Thread] DEBUG MainWindow           - Scaled ratio: (1.0, 1.0)
22:06:10.022 [JavaFX Application Thread] DEBUG MainWindow           - Scene size: 1280.0 x 900.0
22:06:10.022 [JavaFX Application Thread] DEBUG MainWindow           - Stage size: 1296.0 x 939.0
22:06:10.030 [FXGL Background Thread 1 ] DEBUG Engine               - Initializing environment variables
22:06:10.059 [FXGL Background Thread 1 ] DEBUG GameApplicationServi - Applying CSS: fxgl_dark.css
22:06:10.060 [FXGL Background Thread 1 ] DEBUG FXGLAssetLoaderServi - Loading from file system: /assets/ui/css/fxgl_dark.css
22:06:10.109 [FXGL Background Thread 1 ] DEBUG GameApplicationServi - Initializing application scenes
22:06:10.196 [FXGL Background Thread 1 ] DEBUG GameWorld            - Game world initialized
22:06:10.254 [FXGL Background Thread 1 ] DEBUG PhysicsWorld         - Physics world initialized: appHeight=900, physics.ppm=50.0
22:06:10.256 [FXGL Background Thread 1 ] DEBUG GameScene            - Game scene initialized: 1280x900
22:06:10.619 [FXGL Background Thread 1 ] DEBUG GameApplicationServi - Application scenes initialized
22:06:10.636 [FXGL Background Thread 1 ] DEBUG SystemBundleService  - Loading FXGL system data
22:06:10.641 [FXGL Background Thread 1 ] DEBUG FileSystemAccess     - Reading from: C:\Users\Gaël\workspace\4.7\Slime-Conquror\system\fxgl.bundle
22:06:10.646 [FXGL Background Thread 1 ] DEBUG SystemBundleService  - Bundle FXGL: {}
22:06:10.646 [FXGL Background Thread 1 ] DEBUG UpdaterService       - Checking for updates
22:06:10.652 [FXGL Background Thread 4 ] DEBUG FXGLApplication      - Loading fonts
22:06:10.652 [FXGL Background Thread 4 ] DEBUG FXGLAssetLoaderServi - Loading from file system: /assets/ui/fonts/VarelaRound-Regular.ttf
22:06:10.652 [FXGL Background Thread 1 ] DEBUG FXGLApplication      - Loading default localization
22:06:10.652 [FXGL Background Thread 1 ] DEBUG FXGLAssetLoaderServi - Loading from file system: /assets/languages/english.lang
22:06:10.675 [FXGL Background Thread 1 ] INFO  FXGLApplication      - FXGL initialization took: 0.645 sec
22:06:10.689 [JavaFX Application Thread] DEBUG Input                - Registered new binding: HideGUI - H
22:06:10.690 [JavaFX Application Thread] DEBUG Input                - Registered new binding: Up - Z
22:06:10.690 [JavaFX Application Thread] DEBUG Input                - Registered new binding: Down - S
22:06:10.690 [JavaFX Application Thread] DEBUG Input                - Registered new binding: Left - Q
22:06:10.690 [JavaFX Application Thread] DEBUG Input                - Registered new binding: Right - D
22:06:10.690 [JavaFX Application Thread] DEBUG Input                - Registered new binding: Teleport - F
22:06:10.691 [JavaFX Application Thread] DEBUG Input                - Registered new binding: AttackPos - LMB
22:06:10.692 [JavaFX Application Thread] DEBUG Input                - Registered new binding: Attack - I
22:06:10.692 [JavaFX Application Thread] DEBUG FXGLAssetLoaderServi - Loading from file system: /assets/textures/fxgl_icon.png
22:06:10.728 [JavaFX Application Thread] DEBUG FXGLAssetLoaderServi - Loading from file system: /assets/ui/cursors/fxgl_default.png
22:06:10.730 [JavaFX Application Thread] DEBUG Input                - Registered new binding: Screenshot - P
22:06:10.731 [JavaFX Application Thread] DEBUG Input                - Registered new binding: System info dump - CTRL+9
22:06:10.731 [JavaFX Application Thread] DEBUG Input                - Registered new binding: Restart - CTRL+R
22:06:10.732 [JavaFX Application Thread] DEBUG Input                - Registered new binding: Toggle Debug Camera - CTRL+C
22:06:10.735 [JavaFX Application Thread] DEBUG LoopRunner           - Starting loop
22:06:10.737 [JavaFX Application Thread] DEBUG Input                - Clearing active input actions
22:06:10.744 [JavaFX Application Thread] DEBUG GameApplicationServi - Removing overlay from StartupScene and adding to FXGLMainMenuDummyScene
22:06:10.744 [JavaFX Application Thread] DEBUG MainWindow           - StartupScene -> FXGLMainMenuDummyScene
22:06:10.744 [JavaFX Application Thread] DEBUG MainWindow           - Push state: MyMenu
22:06:10.744 [JavaFX Application Thread] DEBUG Input                - Clearing active input actions
22:06:10.754 [JavaFX Application Thread] DEBUG GameApplicationServi - Removing overlay from FXGLMainMenuDummyScene and adding to MyMenu
22:06:10.755 [JavaFX Application Thread] DEBUG MainWindow           - FXGLMainMenuDummyScene -> MyMenu
22:06:10.886 [JavaFX Application Thread] DEBUG FXGLApplication      - Exiting FXGL
22:06:10.886 [JavaFX Application Thread] DEBUG LoopRunner           - Stopping loop
22:06:10.886 [JavaFX Application Thread] DEBUG SystemBundleService  - Saving FXGL system data
22:06:10.888 [JavaFX Application Thread] DEBUG FileSystemAccess     - Writing to: C:\Users\Gaël\workspace\4.7\Slime-Conquror\system\fxgl.bundle
22:06:10.889 [JavaFX Application Thread] DEBUG Async                - Shutting down background threads
22:06:10.890 [JavaFX Application Thread] DEBUG MainWindow           - Closing main window
22:06:10.933 [JavaFX Application Thread] DEBUG Logger               - Closing Logger
