12:54:17.877 [main                     ] DEBUG Logger               - Configured Logger
12:54:17.905 [main                     ] DEBUG GameApplication      - Logging settings
Title: Slime Conqueror
Version: v2.2
Width: 1280
Height: 900
Fullscreen: true
Intro: false
Profiling: false
Single step:false
App Mode: DEVELOPER
Menu Key: ESCAPE
Stage Style: DECORATED
Scene Factory: class GUI.MySceneFactory

12:54:18.358 [JavaFX Application Thread] DEBUG FXGLApplication      - Initializing FXGL
12:54:18.367 [JavaFX Application Thread] INFO  Engine               - FXGL-11.11 (08.09.2020 18.00) on WINDOWS (J:11.0.8 FX:14)
12:54:18.368 [JavaFX Application Thread] DEBUG Engine               - JRE Vendor Name: Oracle Corporation
12:54:18.368 [JavaFX Application Thread] DEBUG Engine               - Running on OS: Windows 10 version 10.0
12:54:18.368 [JavaFX Application Thread] DEBUG Engine               - Architecture: amd64
12:54:18.368 [JavaFX Application Thread] INFO  Engine               - Source code and latest versions at: https://github.com/AlmasB/FXGL
12:54:18.368 [JavaFX Application Thread] INFO  Engine               -              Join the FXGL chat at: https://gitter.im/AlmasB/FXGL
12:54:18.513 [JavaFX Application Thread] DEBUG MainWindow           - Creating a JavaFX scene
12:54:18.593 [JavaFX Application Thread] DEBUG MainWindow           - Target settings size: 1280.0 x 900.0
12:54:18.594 [JavaFX Application Thread] DEBUG MainWindow           - Scaled scene size:    1280.0 x 900.0
12:54:18.594 [JavaFX Application Thread] DEBUG MainWindow           - Scaled ratio: (1.0, 1.0)
12:54:18.595 [JavaFX Application Thread] DEBUG MainWindow           - Set initial scene to StartupScene
12:54:18.604 [JavaFX Application Thread] DEBUG MainWindow           - Opening main window
12:54:18.694 [JavaFX Application Thread] DEBUG MainWindow           - Window border size: (16.0, 39.0)
12:54:18.695 [JavaFX Application Thread] DEBUG MainWindow           - Scaled size: 1280.0 x 900.0
12:54:18.695 [JavaFX Application Thread] DEBUG MainWindow           - Scaled ratio: (1.0, 1.0)
12:54:18.695 [JavaFX Application Thread] DEBUG MainWindow           - Scene size: 1280.0 x 900.0
12:54:18.695 [JavaFX Application Thread] DEBUG MainWindow           - Stage size: 1296.0 x 939.0
12:54:18.702 [FXGL Background Thread 1 ] DEBUG Engine               - Initializing environment variables
12:54:18.744 [FXGL Background Thread 1 ] DEBUG GameApplicationServi - Applying CSS: fxgl_dark.css
12:54:18.745 [FXGL Background Thread 1 ] DEBUG FXGLAssetLoaderServi - Loading from file system: /assets/ui/css/fxgl_dark.css
12:54:18.800 [FXGL Background Thread 1 ] DEBUG GameApplicationServi - Initializing application scenes
12:54:18.887 [FXGL Background Thread 1 ] DEBUG GameWorld            - Game world initialized
12:54:18.944 [FXGL Background Thread 1 ] DEBUG PhysicsWorld         - Physics world initialized: appHeight=900, physics.ppm=50.0
12:54:18.947 [FXGL Background Thread 1 ] DEBUG GameScene            - Game scene initialized: 1280x900
12:54:19.258 [FXGL Background Thread 1 ] DEBUG GameApplicationServi - Application scenes initialized
12:54:19.277 [FXGL Background Thread 1 ] DEBUG SystemBundleService  - Loading FXGL system data
12:54:19.281 [FXGL Background Thread 1 ] DEBUG FileSystemAccess     - Reading from: C:\Users\Gaël\workspace\4.7\Slime-Conquror\system\fxgl.bundle
12:54:19.286 [FXGL Background Thread 1 ] DEBUG SystemBundleService  - Bundle FXGL: {}
12:54:19.286 [FXGL Background Thread 1 ] DEBUG UpdaterService       - Checking for updates
12:54:19.295 [FXGL Background Thread 1 ] DEBUG FXGLApplication      - Loading default localization
12:54:19.295 [FXGL Background Thread 1 ] DEBUG FXGLAssetLoaderServi - Loading from file system: /assets/languages/english.lang
12:54:19.291 [FXGL Background Thread 4 ] DEBUG FXGLApplication      - Loading fonts
12:54:19.296 [FXGL Background Thread 4 ] DEBUG FXGLAssetLoaderServi - Loading from file system: /assets/ui/fonts/VarelaRound-Regular.ttf
12:54:19.311 [FXGL Background Thread 1 ] INFO  FXGLApplication      - FXGL initialization took: 0.609 sec
12:54:19.321 [JavaFX Application Thread] DEBUG Input                - Registered new binding: HideGUI - H
12:54:19.321 [JavaFX Application Thread] DEBUG Input                - Registered new binding: Up - Z
12:54:19.321 [JavaFX Application Thread] DEBUG Input                - Registered new binding: Down - S
12:54:19.322 [JavaFX Application Thread] DEBUG Input                - Registered new binding: Left - Q
12:54:19.322 [JavaFX Application Thread] DEBUG Input                - Registered new binding: Right - D
12:54:19.322 [JavaFX Application Thread] DEBUG Input                - Registered new binding: Teleport - F
12:54:19.323 [JavaFX Application Thread] DEBUG Input                - Registered new binding: AttackPos - LMB
12:54:19.323 [JavaFX Application Thread] DEBUG Input                - Registered new binding: Attack - I
12:54:19.323 [JavaFX Application Thread] DEBUG FXGLAssetLoaderServi - Loading from file system: /assets/textures/fxgl_icon.png
12:54:19.358 [JavaFX Application Thread] DEBUG FXGLAssetLoaderServi - Loading from file system: /assets/ui/cursors/fxgl_default.png
12:54:19.361 [JavaFX Application Thread] DEBUG Input                - Registered new binding: Screenshot - P
12:54:19.362 [JavaFX Application Thread] DEBUG Input                - Registered new binding: System info dump - CTRL+9
12:54:19.362 [JavaFX Application Thread] DEBUG Input                - Registered new binding: Restart - CTRL+R
12:54:19.363 [JavaFX Application Thread] DEBUG Input                - Registered new binding: Toggle Debug Camera - CTRL+C
12:54:19.365 [JavaFX Application Thread] DEBUG LoopRunner           - Starting loop
12:54:19.367 [JavaFX Application Thread] DEBUG Input                - Clearing active input actions
12:54:19.373 [JavaFX Application Thread] DEBUG GameApplicationServi - Removing overlay from StartupScene and adding to FXGLMainMenuDummyScene
12:54:19.374 [JavaFX Application Thread] DEBUG MainWindow           - StartupScene -> FXGLMainMenuDummyScene
12:54:19.374 [JavaFX Application Thread] DEBUG MainWindow           - Push state: MyMenu
12:54:19.374 [JavaFX Application Thread] DEBUG Input                - Clearing active input actions
12:54:19.383 [JavaFX Application Thread] DEBUG GameApplicationServi - Removing overlay from FXGLMainMenuDummyScene and adding to MyMenu
12:54:19.383 [JavaFX Application Thread] DEBUG MainWindow           - FXGLMainMenuDummyScene -> MyMenu
12:54:19.506 [JavaFX Application Thread] DEBUG FXGLApplication      - Exiting FXGL
12:54:19.506 [JavaFX Application Thread] DEBUG LoopRunner           - Stopping loop
12:54:19.506 [JavaFX Application Thread] DEBUG SystemBundleService  - Saving FXGL system data
12:54:19.532 [JavaFX Application Thread] DEBUG FileSystemAccess     - Writing to: C:\Users\Gaël\workspace\4.7\Slime-Conquror\system\fxgl.bundle
12:54:19.544 [JavaFX Application Thread] DEBUG Async                - Shutting down background threads
12:54:19.544 [JavaFX Application Thread] DEBUG MainWindow           - Closing main window
12:54:19.618 [JavaFX Application Thread] DEBUG Logger               - Closing Logger
