21:03:08.661 [main                     ] DEBUG Logger               - Configured Logger
21:03:08.689 [main                     ] DEBUG GameApplication      - Logging settings
Title: Slime Conqueror
Version: v2.2
Width: 1280
Height: 900
Fullscreen: true
Intro: false
Profiling: false
Single step:false
App Mode: DEVELOPER
Menu Key: ESCAPE
Stage Style: DECORATED
Scene Factory: class GUI.MySceneFactory

21:03:09.165 [JavaFX Application Thread] DEBUG FXGLApplication      - Initializing FXGL
21:03:09.176 [JavaFX Application Thread] INFO  Engine               - FXGL-11.11 (08.09.2020 18.00) on WINDOWS (J:11.0.8 FX:14)
21:03:09.176 [JavaFX Application Thread] DEBUG Engine               - JRE Vendor Name: Oracle Corporation
21:03:09.177 [JavaFX Application Thread] DEBUG Engine               - Running on OS: Windows 10 version 10.0
21:03:09.177 [JavaFX Application Thread] DEBUG Engine               - Architecture: amd64
21:03:09.177 [JavaFX Application Thread] INFO  Engine               - Source code and latest versions at: https://github.com/AlmasB/FXGL
21:03:09.177 [JavaFX Application Thread] INFO  Engine               -              Join the FXGL chat at: https://gitter.im/AlmasB/FXGL
21:03:09.356 [JavaFX Application Thread] DEBUG MainWindow           - Creating a JavaFX scene
21:03:09.448 [JavaFX Application Thread] DEBUG MainWindow           - Target settings size: 1280.0 x 900.0
21:03:09.448 [JavaFX Application Thread] DEBUG MainWindow           - Scaled scene size:    1280.0 x 900.0
21:03:09.448 [JavaFX Application Thread] DEBUG MainWindow           - Scaled ratio: (1.0, 1.0)
21:03:09.450 [JavaFX Application Thread] DEBUG MainWindow           - Set initial scene to StartupScene
21:03:09.468 [JavaFX Application Thread] DEBUG MainWindow           - Opening main window
21:03:09.561 [JavaFX Application Thread] DEBUG MainWindow           - Window border size: (16.0, 39.0)
21:03:09.561 [JavaFX Application Thread] DEBUG MainWindow           - Scaled size: 1280.0 x 900.0
21:03:09.561 [JavaFX Application Thread] DEBUG MainWindow           - Scaled ratio: (1.0, 1.0)
21:03:09.561 [JavaFX Application Thread] DEBUG MainWindow           - Scene size: 1280.0 x 900.0
21:03:09.561 [JavaFX Application Thread] DEBUG MainWindow           - Stage size: 1296.0 x 939.0
21:03:09.569 [FXGL Background Thread 1 ] DEBUG Engine               - Initializing environment variables
21:03:09.601 [FXGL Background Thread 1 ] DEBUG GameApplicationServi - Applying CSS: fxgl_dark.css
21:03:09.604 [FXGL Background Thread 1 ] DEBUG FXGLAssetLoaderServi - Loading from file system: /assets/ui/css/fxgl_dark.css
21:03:09.654 [FXGL Background Thread 1 ] DEBUG GameApplicationServi - Initializing application scenes
21:03:09.732 [FXGL Background Thread 1 ] DEBUG GameWorld            - Game world initialized
21:03:09.790 [FXGL Background Thread 1 ] DEBUG PhysicsWorld         - Physics world initialized: appHeight=900, physics.ppm=50.0
21:03:09.792 [FXGL Background Thread 1 ] DEBUG GameScene            - Game scene initialized: 1280x900
21:03:10.167 [FXGL Background Thread 1 ] DEBUG GameApplicationServi - Application scenes initialized
21:03:10.189 [FXGL Background Thread 1 ] DEBUG SystemBundleService  - Loading FXGL system data
21:03:10.193 [FXGL Background Thread 1 ] DEBUG FileSystemAccess     - Reading from: C:\Users\Gaël\workspace\4.7\Slime-Conquror\system\fxgl.bundle
21:03:10.200 [FXGL Background Thread 1 ] DEBUG SystemBundleService  - Bundle FXGL: {}
21:03:10.200 [FXGL Background Thread 1 ] DEBUG UpdaterService       - Checking for updates
21:03:10.206 [FXGL Background Thread 4 ] DEBUG FXGLApplication      - Loading fonts
21:03:10.206 [FXGL Background Thread 4 ] DEBUG FXGLAssetLoaderServi - Loading from file system: /assets/ui/fonts/VarelaRound-Regular.ttf
21:03:10.207 [FXGL Background Thread 1 ] DEBUG FXGLApplication      - Loading default localization
21:03:10.208 [FXGL Background Thread 1 ] DEBUG FXGLAssetLoaderServi - Loading from file system: /assets/languages/english.lang
21:03:10.240 [FXGL Background Thread 1 ] INFO  FXGLApplication      - FXGL initialization took: 0.670 sec
21:03:10.250 [JavaFX Application Thread] DEBUG Input                - Registered new binding: HideGUI - H
21:03:10.250 [JavaFX Application Thread] DEBUG Input                - Registered new binding: Up - Z
21:03:10.250 [JavaFX Application Thread] DEBUG Input                - Registered new binding: Down - S
21:03:10.250 [JavaFX Application Thread] DEBUG Input                - Registered new binding: Left - Q
21:03:10.251 [JavaFX Application Thread] DEBUG Input                - Registered new binding: Right - D
21:03:10.251 [JavaFX Application Thread] DEBUG Input                - Registered new binding: Teleport - F
21:03:10.252 [JavaFX Application Thread] DEBUG Input                - Registered new binding: AttackPos - LMB
21:03:10.252 [JavaFX Application Thread] DEBUG Input                - Registered new binding: Attack - I
21:03:10.252 [JavaFX Application Thread] DEBUG FXGLAssetLoaderServi - Loading from file system: /assets/textures/fxgl_icon.png
21:03:10.308 [JavaFX Application Thread] DEBUG FXGLAssetLoaderServi - Loading from file system: /assets/ui/cursors/fxgl_default.png
21:03:10.310 [JavaFX Application Thread] DEBUG Input                - Registered new binding: Screenshot - P
21:03:10.311 [JavaFX Application Thread] DEBUG Input                - Registered new binding: System info dump - CTRL+9
21:03:10.311 [JavaFX Application Thread] DEBUG Input                - Registered new binding: Restart - CTRL+R
21:03:10.312 [JavaFX Application Thread] DEBUG Input                - Registered new binding: Toggle Debug Camera - CTRL+C
21:03:10.314 [JavaFX Application Thread] DEBUG LoopRunner           - Starting loop
21:03:10.316 [JavaFX Application Thread] DEBUG Input                - Clearing active input actions
21:03:10.326 [JavaFX Application Thread] DEBUG GameApplicationServi - Removing overlay from StartupScene and adding to FXGLMainMenuDummyScene
21:03:10.327 [JavaFX Application Thread] DEBUG MainWindow           - StartupScene -> FXGLMainMenuDummyScene
21:03:10.327 [JavaFX Application Thread] DEBUG MainWindow           - Push state: MyMenu
21:03:10.327 [JavaFX Application Thread] DEBUG Input                - Clearing active input actions
21:03:10.337 [JavaFX Application Thread] DEBUG GameApplicationServi - Removing overlay from FXGLMainMenuDummyScene and adding to MyMenu
21:03:10.337 [JavaFX Application Thread] DEBUG MainWindow           - FXGLMainMenuDummyScene -> MyMenu
21:03:10.567 [JavaFX Application Thread] DEBUG FXGLApplication      - Exiting FXGL
21:03:10.567 [JavaFX Application Thread] DEBUG LoopRunner           - Stopping loop
21:03:10.567 [JavaFX Application Thread] DEBUG SystemBundleService  - Saving FXGL system data
21:03:10.569 [JavaFX Application Thread] DEBUG FileSystemAccess     - Writing to: C:\Users\Gaël\workspace\4.7\Slime-Conquror\system\fxgl.bundle
21:03:10.570 [JavaFX Application Thread] DEBUG Async                - Shutting down background threads
21:03:10.571 [JavaFX Application Thread] DEBUG MainWindow           - Closing main window
21:03:10.581 [JavaFX Application Thread] DEBUG Logger               - Closing Logger
