11:38:55.597 [main                     ] DEBUG Logger               - Configured Logger
11:38:55.632 [main                     ] DEBUG GameApplication      - Logging settings
Title: Slime Conqueror
Version: v2.2
Width: 1280
Height: 900
Fullscreen: true
Intro: false
Profiling: false
Single step:false
App Mode: DEVELOPER
Menu Key: ESCAPE
Stage Style: DECORATED
Scene Factory: class GUI.MySceneFactory

11:38:56.074 [JavaFX Application Thread] DEBUG FXGLApplication      - Initializing FXGL
11:38:56.083 [JavaFX Application Thread] INFO  Engine               - FXGL-11.11 (08.09.2020 18.00) on WINDOWS (J:11.0.8 FX:14)
11:38:56.084 [JavaFX Application Thread] DEBUG Engine               - JRE Vendor Name: Oracle Corporation
11:38:56.084 [JavaFX Application Thread] DEBUG Engine               - Running on OS: Windows 10 version 10.0
11:38:56.084 [JavaFX Application Thread] DEBUG Engine               - Architecture: amd64
11:38:56.084 [JavaFX Application Thread] INFO  Engine               - Source code and latest versions at: https://github.com/AlmasB/FXGL
11:38:56.084 [JavaFX Application Thread] INFO  Engine               -              Join the FXGL chat at: https://gitter.im/AlmasB/FXGL
11:38:56.203 [JavaFX Application Thread] DEBUG MainWindow           - Creating a JavaFX scene
11:38:56.267 [JavaFX Application Thread] DEBUG MainWindow           - Target settings size: 1280.0 x 900.0
11:38:56.267 [JavaFX Application Thread] DEBUG MainWindow           - Scaled scene size:    1280.0 x 900.0
11:38:56.267 [JavaFX Application Thread] DEBUG MainWindow           - Scaled ratio: (1.0, 1.0)
11:38:56.269 [JavaFX Application Thread] DEBUG MainWindow           - Set initial scene to StartupScene
11:38:56.277 [JavaFX Application Thread] DEBUG MainWindow           - Opening main window
11:38:56.365 [JavaFX Application Thread] DEBUG MainWindow           - Window border size: (16.0, 39.0)
11:38:56.365 [JavaFX Application Thread] DEBUG MainWindow           - Scaled size: 1280.0 x 900.0
11:38:56.365 [JavaFX Application Thread] DEBUG MainWindow           - Scaled ratio: (1.0, 1.0)
11:38:56.365 [JavaFX Application Thread] DEBUG MainWindow           - Scene size: 1280.0 x 900.0
11:38:56.365 [JavaFX Application Thread] DEBUG MainWindow           - Stage size: 1296.0 x 939.0
11:38:56.372 [FXGL Background Thread 1 ] DEBUG Engine               - Initializing environment variables
11:38:56.401 [FXGL Background Thread 1 ] DEBUG GameApplicationServi - Applying CSS: fxgl_dark.css
11:38:56.402 [FXGL Background Thread 1 ] DEBUG FXGLAssetLoaderServi - Loading from file system: /assets/ui/css/fxgl_dark.css
11:38:56.448 [FXGL Background Thread 1 ] DEBUG GameApplicationServi - Initializing application scenes
11:38:56.490 [FXGL Background Thread 1 ] DEBUG GameWorld            - Game world initialized
11:38:56.554 [FXGL Background Thread 1 ] DEBUG PhysicsWorld         - Physics world initialized: appHeight=900, physics.ppm=50,0
11:38:56.556 [FXGL Background Thread 1 ] DEBUG GameScene            - Game scene initialized: 1280x900
11:38:56.843 [FXGL Background Thread 1 ] DEBUG GameApplicationServi - Application scenes initialized
11:38:56.860 [FXGL Background Thread 1 ] DEBUG SystemBundleService  - Loading FXGL system data
11:38:56.863 [FXGL Background Thread 1 ] DEBUG FileSystemAccess     - Reading from: C:\Users\Cardinal\eclipse-workspace\Slime-Conqueror\system\fxgl.bundle
11:38:56.868 [FXGL Background Thread 1 ] DEBUG SystemBundleService  - Bundle FXGL: {}
11:38:56.868 [FXGL Background Thread 1 ] DEBUG UpdaterService       - Checking for updates
11:38:56.873 [FXGL Background Thread 4 ] DEBUG FXGLApplication      - Loading fonts
11:38:56.873 [FXGL Background Thread 4 ] DEBUG FXGLAssetLoaderServi - Loading from file system: /assets/ui/fonts/VarelaRound-Regular.ttf
11:38:56.874 [FXGL Background Thread 1 ] DEBUG FXGLApplication      - Loading default localization
11:38:56.874 [FXGL Background Thread 1 ] DEBUG FXGLAssetLoaderServi - Loading from file system: /assets/languages/english.lang
11:38:56.890 [FXGL Background Thread 1 ] INFO  FXGLApplication      - FXGL initialization took: 0,518 sec
11:38:56.902 [JavaFX Application Thread] DEBUG Input                - Registered new binding: HideGUI - H
11:38:56.902 [JavaFX Application Thread] DEBUG Input                - Registered new binding: Up - Z
11:38:56.902 [JavaFX Application Thread] DEBUG Input                - Registered new binding: Down - S
11:38:56.902 [JavaFX Application Thread] DEBUG Input                - Registered new binding: Left - Q
11:38:56.902 [JavaFX Application Thread] DEBUG Input                - Registered new binding: Right - D
11:38:56.903 [JavaFX Application Thread] DEBUG Input                - Registered new binding: Teleport - F
11:38:56.904 [JavaFX Application Thread] DEBUG Input                - Registered new binding: AttackPos - LMB
11:38:56.904 [JavaFX Application Thread] DEBUG Input                - Registered new binding: Attack - I
11:38:56.904 [JavaFX Application Thread] DEBUG FXGLAssetLoaderServi - Loading from file system: /assets/textures/fxgl_icon.png
11:38:56.948 [JavaFX Application Thread] DEBUG FXGLAssetLoaderServi - Loading from file system: /assets/ui/cursors/fxgl_default.png
11:38:56.951 [JavaFX Application Thread] DEBUG Input                - Registered new binding: Screenshot - P
11:38:56.952 [JavaFX Application Thread] DEBUG Input                - Registered new binding: System info dump - CTRL+9
11:38:56.952 [JavaFX Application Thread] DEBUG Input                - Registered new binding: Restart - CTRL+R
11:38:56.953 [JavaFX Application Thread] DEBUG Input                - Registered new binding: Toggle Debug Camera - CTRL+C
11:38:56.956 [JavaFX Application Thread] DEBUG LoopRunner           - Starting loop
11:38:56.958 [JavaFX Application Thread] DEBUG Input                - Clearing active input actions
11:38:56.968 [JavaFX Application Thread] DEBUG GameApplicationServi - Removing overlay from StartupScene and adding to FXGLMainMenuDummyScene
11:38:56.968 [JavaFX Application Thread] DEBUG MainWindow           - StartupScene -> FXGLMainMenuDummyScene
11:38:56.968 [JavaFX Application Thread] DEBUG MainWindow           - Push state: MyMenu
11:38:56.968 [JavaFX Application Thread] DEBUG Input                - Clearing active input actions
11:38:56.980 [JavaFX Application Thread] DEBUG GameApplicationServi - Removing overlay from FXGLMainMenuDummyScene and adding to MyMenu
11:38:56.980 [JavaFX Application Thread] DEBUG MainWindow           - FXGLMainMenuDummyScene -> MyMenu
11:38:57.164 [FXGL Background Thread 4 ] DEBUG FXGLAssetLoaderServi - Loading from file system: /assets/ui/fonts/Abel-Regular.ttf
11:38:57.167 [FXGL Background Thread 4 ] DEBUG FXGLAssetLoaderServi - Loading from file system: /assets/ui/fonts/lucida_console.ttf
11:38:57.170 [FXGL Background Thread 4 ] DEBUG FXGLAssetLoaderServi - Loading from file system: /assets/ui/fonts/Courier-Prime.ttf
11:38:57.175 [JavaFX Application Thread] DEBUG FXGLApplication      - Registering font factories with UI factory
11:38:57.456 [FXGL Background Thread 2 ] INFO  UpdaterService       - Your current version:  11.11
11:38:57.457 [FXGL Background Thread 2 ] INFO  UpdaterService       - Latest stable version: dev-SNAPSHOT
11:38:57.487 [JavaFX Application Thread] DEBUG GameApplicationServi - Starting new game
11:38:57.488 [JavaFX Application Thread] DEBUG MainWindow           - Pop state: MyMenu
11:38:57.488 [JavaFX Application Thread] DEBUG Input                - Clearing active input actions
11:38:57.488 [JavaFX Application Thread] DEBUG GameApplicationServi - Removing overlay from MyMenu and adding to FXGLMainMenuDummyScene
11:38:57.489 [JavaFX Application Thread] DEBUG MainWindow           - FXGLMainMenuDummyScene <- MyMenu
11:38:57.489 [JavaFX Application Thread] DEBUG Input                - Clearing active input actions
11:38:57.495 [JavaFX Application Thread] DEBUG GameApplicationServi - Removing overlay from FXGLMainMenuDummyScene and adding to FXGLLoadingScene
11:38:57.495 [JavaFX Application Thread] DEBUG MainWindow           - FXGLMainMenuDummyScene -> FXGLLoadingScene
11:38:57.495 [JavaFX Application Thread] DEBUG GameApplicationServi - Clearing previous game
11:38:57.496 [JavaFX Application Thread] DEBUG GameScene            - Clearing game scene
11:38:57.496 [JavaFX Application Thread] DEBUG GameWorld            - Clearing game world
11:38:57.496 [JavaFX Application Thread] DEBUG PhysicsWorld         - Clearing physics world
11:38:57.497 [FXGL Background Thread 2 ] DEBUG FXGLApplication      - Initializing game
11:38:57.506 [FXGL Background Thread 2 ] DEBUG FXGLAssetLoaderServi - Loading from file system: /assets/levels/map_level0.txt
11:38:57.527 [FXGL Background Thread 2 ] DEBUG FXGLAssetLoaderServi - Loading from file system: /assets/textures/
11:38:57.544 [FXGL Background Thread 2 ] DEBUG FXGLAssetLoaderServi - Loading from cache: /assets/textures/
11:38:57.544 [FXGL Background Thread 2 ] DEBUG FXGLAssetLoaderServi - Loading from cache: /assets/textures/
11:38:57.544 [FXGL Background Thread 2 ] DEBUG FXGLAssetLoaderServi - Loading from cache: /assets/textures/
11:38:57.545 [FXGL Background Thread 2 ] DEBUG FXGLAssetLoaderServi - Loading from cache: /assets/textures/
11:38:57.545 [FXGL Background Thread 2 ] DEBUG FXGLAssetLoaderServi - Loading from cache: /assets/textures/
11:38:57.545 [FXGL Background Thread 2 ] DEBUG FXGLAssetLoaderServi - Loading from cache: /assets/textures/
11:38:57.545 [FXGL Background Thread 2 ] DEBUG FXGLAssetLoaderServi - Loading from cache: /assets/textures/
11:38:57.546 [FXGL Background Thread 2 ] DEBUG FXGLAssetLoaderServi - Loading from cache: /assets/textures/
11:38:57.546 [FXGL Background Thread 2 ] DEBUG FXGLAssetLoaderServi - Loading from cache: /assets/textures/
11:38:57.546 [FXGL Background Thread 2 ] DEBUG FXGLAssetLoaderServi - Loading from cache: /assets/textures/
11:38:57.547 [FXGL Background Thread 2 ] DEBUG FXGLAssetLoaderServi - Loading from cache: /assets/textures/
11:38:57.547 [FXGL Background Thread 2 ] DEBUG FXGLAssetLoaderServi - Loading from cache: /assets/textures/
11:38:57.547 [FXGL Background Thread 2 ] DEBUG FXGLAssetLoaderServi - Loading from file system: /assets/textures/Monster.png
11:38:57.561 [FXGL Background Thread 2 ] DEBUG FXGLAssetLoaderServi - Loading from cache: /assets/textures/
11:38:57.561 [FXGL Background Thread 2 ] DEBUG FXGLAssetLoaderServi - Loading from cache: /assets/textures/
11:38:57.561 [FXGL Background Thread 2 ] DEBUG FXGLAssetLoaderServi - Loading from cache: /assets/textures/
11:38:57.562 [FXGL Background Thread 2 ] DEBUG FXGLAssetLoaderServi - Loading from cache: /assets/textures/
11:38:57.744 [FXGL Background Thread 2 ] DEBUG FXGLAssetLoaderServi - Loading from file system: /assets/textures/player.png
11:38:57.757 [FXGL Background Thread 2 ] DEBUG FXGLAssetLoaderServi - Loading from cache: /assets/textures/
11:38:57.758 [FXGL Background Thread 2 ] DEBUG FXGLAssetLoaderServi - Loading from cache: /assets/textures/Monster.png
11:38:57.758 [FXGL Background Thread 2 ] DEBUG FXGLAssetLoaderServi - Loading from cache: /assets/textures/Monster.png
11:38:57.759 [FXGL Background Thread 2 ] DEBUG FXGLAssetLoaderServi - Loading from cache: /assets/textures/
11:38:57.760 [FXGL Background Thread 2 ] DEBUG FXGLAssetLoaderServi - Loading from cache: /assets/textures/
11:38:57.760 [FXGL Background Thread 2 ] DEBUG FXGLAssetLoaderServi - Loading from cache: /assets/textures/
11:38:57.761 [FXGL Background Thread 2 ] DEBUG FXGLAssetLoaderServi - Loading from cache: /assets/textures/
11:38:57.761 [FXGL Background Thread 2 ] DEBUG FXGLAssetLoaderServi - Loading from cache: /assets/textures/
11:38:57.761 [FXGL Background Thread 2 ] DEBUG FXGLAssetLoaderServi - Loading from cache: /assets/textures/
11:38:57.762 [FXGL Background Thread 2 ] DEBUG FXGLAssetLoaderServi - Loading from cache: /assets/textures/
11:38:57.762 [FXGL Background Thread 2 ] DEBUG FXGLAssetLoaderServi - Loading from cache: /assets/textures/Monster.png
11:38:57.763 [FXGL Background Thread 2 ] DEBUG FXGLAssetLoaderServi - Loading from cache: /assets/textures/
11:38:57.763 [FXGL Background Thread 2 ] DEBUG FXGLAssetLoaderServi - Loading from cache: /assets/textures/
11:38:57.763 [FXGL Background Thread 2 ] DEBUG FXGLAssetLoaderServi - Loading from cache: /assets/textures/
11:38:57.764 [FXGL Background Thread 2 ] DEBUG FXGLAssetLoaderServi - Loading from cache: /assets/textures/
11:38:57.764 [FXGL Background Thread 2 ] DEBUG FXGLAssetLoaderServi - Loading from cache: /assets/textures/
11:38:57.764 [FXGL Background Thread 2 ] DEBUG FXGLAssetLoaderServi - Loading from cache: /assets/textures/
11:38:57.765 [FXGL Background Thread 2 ] DEBUG FXGLAssetLoaderServi - Loading from cache: /assets/textures/
11:38:57.765 [FXGL Background Thread 2 ] DEBUG FXGLAssetLoaderServi - Loading from cache: /assets/textures/
11:38:57.765 [FXGL Background Thread 2 ] DEBUG FXGLAssetLoaderServi - Loading from cache: /assets/textures/
11:38:57.765 [FXGL Background Thread 2 ] DEBUG FXGLAssetLoaderServi - Loading from file system: /assets/textures/MonsterElectricSlime.png
11:38:57.767 [FXGL Background Thread 2 ] DEBUG FXGLAssetLoaderServi - Loading from cache: /assets/textures/
11:38:57.767 [FXGL Background Thread 2 ] DEBUG FXGLAssetLoaderServi - Loading from cache: /assets/textures/
11:38:57.768 [FXGL Background Thread 2 ] DEBUG FXGLAssetLoaderServi - Loading from cache: /assets/textures/
11:38:57.768 [FXGL Background Thread 2 ] DEBUG FXGLAssetLoaderServi - Loading from cache: /assets/textures/
11:38:57.768 [FXGL Background Thread 2 ] DEBUG FXGLAssetLoaderServi - Loading from cache: /assets/textures/MonsterElectricSlime.png
11:38:57.769 [FXGL Background Thread 2 ] DEBUG FXGLAssetLoaderServi - Loading from cache: /assets/textures/
11:38:57.770 [FXGL Background Thread 2 ] DEBUG FXGLAssetLoaderServi - Loading from cache: /assets/textures/
11:38:57.770 [FXGL Background Thread 2 ] DEBUG FXGLAssetLoaderServi - Loading from cache: /assets/textures/
11:38:57.770 [FXGL Background Thread 2 ] DEBUG FXGLAssetLoaderServi - Loading from cache: /assets/textures/
11:38:57.770 [FXGL Background Thread 2 ] DEBUG FXGLAssetLoaderServi - Loading from cache: /assets/textures/
11:38:57.771 [FXGL Background Thread 2 ] DEBUG FXGLAssetLoaderServi - Loading from cache: /assets/textures/
11:38:57.771 [FXGL Background Thread 2 ] DEBUG FXGLAssetLoaderServi - Loading from cache: /assets/textures/
11:38:57.771 [FXGL Background Thread 2 ] DEBUG FXGLAssetLoaderServi - Loading from cache: /assets/textures/
11:38:57.771 [FXGL Background Thread 2 ] DEBUG FXGLAssetLoaderServi - Loading from cache: /assets/textures/
11:38:57.771 [FXGL Background Thread 2 ] DEBUG FXGLAssetLoaderServi - Loading from cache: /assets/textures/
11:38:57.772 [FXGL Background Thread 2 ] DEBUG FXGLAssetLoaderServi - Loading from cache: /assets/textures/
11:38:57.772 [FXGL Background Thread 2 ] DEBUG FXGLAssetLoaderServi - Loading from cache: /assets/textures/
11:38:57.772 [FXGL Background Thread 2 ] DEBUG FXGLAssetLoaderServi - Loading from cache: /assets/textures/
11:38:57.772 [FXGL Background Thread 2 ] DEBUG FXGLAssetLoaderServi - Loading from cache: /assets/textures/
11:38:57.772 [FXGL Background Thread 2 ] DEBUG FXGLAssetLoaderServi - Loading from cache: /assets/textures/
11:38:57.772 [FXGL Background Thread 2 ] DEBUG FXGLAssetLoaderServi - Loading from cache: /assets/textures/
11:38:57.772 [FXGL Background Thread 2 ] DEBUG FXGLAssetLoaderServi - Loading from cache: /assets/textures/
11:38:57.773 [FXGL Background Thread 2 ] DEBUG FXGLAssetLoaderServi - Loading from cache: /assets/textures/
11:38:57.773 [FXGL Background Thread 2 ] DEBUG FXGLAssetLoaderServi - Loading from cache: /assets/textures/
11:38:57.773 [FXGL Background Thread 2 ] DEBUG FXGLAssetLoaderServi - Loading from cache: /assets/textures/
11:38:57.774 [FXGL Background Thread 2 ] DEBUG FXGLAssetLoaderServi - Loading from cache: /assets/textures/
11:38:57.774 [FXGL Background Thread 2 ] DEBUG FXGLAssetLoaderServi - Loading from cache: /assets/textures/
11:38:57.774 [FXGL Background Thread 2 ] DEBUG FXGLAssetLoaderServi - Loading from cache: /assets/textures/
11:38:57.774 [FXGL Background Thread 2 ] DEBUG FXGLAssetLoaderServi - Loading from cache: /assets/textures/
11:38:57.774 [FXGL Background Thread 2 ] DEBUG FXGLAssetLoaderServi - Loading from cache: /assets/textures/
11:38:57.775 [FXGL Background Thread 2 ] DEBUG FXGLAssetLoaderServi - Loading from cache: /assets/textures/
11:38:57.776 [FXGL Background Thread 2 ] DEBUG FXGLAssetLoaderServi - Loading from cache: /assets/textures/Monster.png
11:38:57.777 [FXGL Background Thread 2 ] DEBUG FXGLAssetLoaderServi - Loading from cache: /assets/textures/
11:38:57.777 [FXGL Background Thread 2 ] DEBUG FXGLAssetLoaderServi - Loading from cache: /assets/textures/Monster.png
11:38:57.777 [FXGL Background Thread 2 ] DEBUG FXGLAssetLoaderServi - Loading from cache: /assets/textures/
11:38:57.777 [FXGL Background Thread 2 ] DEBUG FXGLAssetLoaderServi - Loading from cache: /assets/textures/
11:38:57.778 [FXGL Background Thread 2 ] DEBUG FXGLAssetLoaderServi - Loading from cache: /assets/textures/
11:38:57.778 [FXGL Background Thread 2 ] DEBUG FXGLAssetLoaderServi - Loading from cache: /assets/textures/
11:38:57.778 [FXGL Background Thread 2 ] DEBUG FXGLAssetLoaderServi - Loading from cache: /assets/textures/
11:38:57.778 [FXGL Background Thread 2 ] DEBUG FXGLAssetLoaderServi - Loading from cache: /assets/textures/
11:38:57.778 [FXGL Background Thread 2 ] DEBUG FXGLAssetLoaderServi - Loading from cache: /assets/textures/
11:38:57.779 [FXGL Background Thread 2 ] DEBUG FXGLAssetLoaderServi - Loading from cache: /assets/textures/MonsterElectricSlime.png
11:38:57.779 [FXGL Background Thread 2 ] DEBUG FXGLAssetLoaderServi - Loading from cache: /assets/textures/
11:38:57.779 [FXGL Background Thread 2 ] DEBUG FXGLAssetLoaderServi - Loading from cache: /assets/textures/
11:38:57.779 [FXGL Background Thread 2 ] DEBUG FXGLAssetLoaderServi - Loading from cache: /assets/textures/
11:38:57.780 [FXGL Background Thread 2 ] DEBUG FXGLAssetLoaderServi - Loading from cache: /assets/textures/
11:38:57.780 [FXGL Background Thread 2 ] DEBUG FXGLAssetLoaderServi - Loading from cache: /assets/textures/
11:38:57.780 [FXGL Background Thread 2 ] DEBUG FXGLAssetLoaderServi - Loading from cache: /assets/textures/
11:38:57.780 [FXGL Background Thread 2 ] DEBUG FXGLAssetLoaderServi - Loading from cache: /assets/textures/
11:38:57.780 [FXGL Background Thread 2 ] DEBUG FXGLAssetLoaderServi - Loading from cache: /assets/textures/
11:38:57.781 [FXGL Background Thread 2 ] DEBUG FXGLAssetLoaderServi - Loading from cache: /assets/textures/
11:38:57.781 [FXGL Background Thread 2 ] DEBUG FXGLAssetLoaderServi - Loading from cache: /assets/textures/MonsterElectricSlime.png
11:38:57.781 [FXGL Background Thread 2 ] DEBUG FXGLAssetLoaderServi - Loading from cache: /assets/textures/
11:38:57.781 [FXGL Background Thread 2 ] DEBUG FXGLAssetLoaderServi - Loading from cache: /assets/textures/
11:38:57.781 [FXGL Background Thread 2 ] DEBUG FXGLAssetLoaderServi - Loading from cache: /assets/textures/
11:38:57.782 [FXGL Background Thread 2 ] DEBUG FXGLAssetLoaderServi - Loading from cache: /assets/textures/
11:38:57.782 [FXGL Background Thread 2 ] DEBUG FXGLAssetLoaderServi - Loading from cache: /assets/textures/MonsterElectricSlime.png
11:38:57.783 [FXGL Background Thread 2 ] DEBUG FXGLAssetLoaderServi - Loading from cache: /assets/textures/
11:38:57.783 [FXGL Background Thread 2 ] DEBUG FXGLAssetLoaderServi - Loading from cache: /assets/textures/
11:38:57.783 [FXGL Background Thread 2 ] DEBUG FXGLAssetLoaderServi - Loading from cache: /assets/textures/
11:38:57.784 [FXGL Background Thread 2 ] DEBUG FXGLAssetLoaderServi - Loading from cache: /assets/textures/
11:38:57.784 [FXGL Background Thread 2 ] DEBUG FXGLAssetLoaderServi - Loading from cache: /assets/textures/
11:38:57.785 [FXGL Background Thread 2 ] DEBUG FXGLAssetLoaderServi - Loading from cache: /assets/textures/
11:38:57.785 [FXGL Background Thread 2 ] DEBUG FXGLAssetLoaderServi - Loading from cache: /assets/textures/
11:38:57.785 [FXGL Background Thread 2 ] DEBUG FXGLAssetLoaderServi - Loading from cache: /assets/textures/
11:38:57.785 [FXGL Background Thread 2 ] DEBUG FXGLAssetLoaderServi - Loading from cache: /assets/textures/
11:38:57.785 [FXGL Background Thread 2 ] DEBUG FXGLAssetLoaderServi - Loading from cache: /assets/textures/
11:38:57.785 [FXGL Background Thread 2 ] DEBUG FXGLAssetLoaderServi - Loading from cache: /assets/textures/MonsterElectricSlime.png
11:38:57.786 [FXGL Background Thread 2 ] DEBUG FXGLAssetLoaderServi - Loading from cache: /assets/textures/
11:38:57.786 [FXGL Background Thread 2 ] DEBUG FXGLAssetLoaderServi - Loading from cache: /assets/textures/
11:38:57.786 [FXGL Background Thread 2 ] DEBUG FXGLAssetLoaderServi - Loading from cache: /assets/textures/
11:38:57.786 [FXGL Background Thread 2 ] DEBUG FXGLAssetLoaderServi - Loading from cache: /assets/textures/
11:38:57.786 [FXGL Background Thread 2 ] DEBUG FXGLAssetLoaderServi - Loading from cache: /assets/textures/
11:38:57.786 [FXGL Background Thread 2 ] DEBUG FXGLAssetLoaderServi - Loading from cache: /assets/textures/Monster.png
11:38:57.787 [FXGL Background Thread 2 ] DEBUG FXGLAssetLoaderServi - Loading from cache: /assets/textures/
11:38:57.787 [FXGL Background Thread 2 ] DEBUG FXGLAssetLoaderServi - Loading from cache: /assets/textures/
11:38:57.787 [FXGL Background Thread 2 ] DEBUG FXGLAssetLoaderServi - Loading from cache: /assets/textures/
11:38:57.787 [FXGL Background Thread 2 ] DEBUG FXGLAssetLoaderServi - Loading from cache: /assets/textures/
11:38:57.787 [FXGL Background Thread 2 ] DEBUG FXGLAssetLoaderServi - Loading from cache: /assets/textures/
11:38:57.787 [FXGL Background Thread 2 ] DEBUG FXGLAssetLoaderServi - Loading from cache: /assets/textures/
11:38:57.788 [FXGL Background Thread 2 ] DEBUG FXGLAssetLoaderServi - Loading from cache: /assets/textures/MonsterElectricSlime.png
11:38:57.788 [FXGL Background Thread 2 ] DEBUG FXGLAssetLoaderServi - Loading from cache: /assets/textures/
11:38:57.788 [FXGL Background Thread 2 ] DEBUG FXGLAssetLoaderServi - Loading from cache: /assets/textures/
11:38:57.789 [FXGL Background Thread 2 ] DEBUG FXGLAssetLoaderServi - Loading from cache: /assets/textures/
11:38:57.789 [FXGL Background Thread 2 ] DEBUG FXGLAssetLoaderServi - Loading from cache: /assets/textures/
11:38:57.790 [FXGL Background Thread 2 ] DEBUG FXGLAssetLoaderServi - Loading from cache: /assets/textures/
11:38:57.790 [FXGL Background Thread 2 ] DEBUG FXGLAssetLoaderServi - Loading from cache: /assets/textures/
11:38:57.790 [FXGL Background Thread 2 ] DEBUG FXGLAssetLoaderServi - Loading from cache: /assets/textures/
11:38:57.790 [FXGL Background Thread 2 ] DEBUG FXGLAssetLoaderServi - Loading from cache: /assets/textures/
11:38:57.790 [FXGL Background Thread 2 ] DEBUG FXGLAssetLoaderServi - Loading from cache: /assets/textures/
11:38:57.790 [FXGL Background Thread 2 ] DEBUG FXGLAssetLoaderServi - Loading from cache: /assets/textures/
11:38:57.791 [FXGL Background Thread 2 ] DEBUG FXGLAssetLoaderServi - Loading from cache: /assets/textures/
11:38:57.791 [FXGL Background Thread 2 ] DEBUG FXGLAssetLoaderServi - Loading from cache: /assets/textures/
11:38:57.791 [FXGL Background Thread 2 ] DEBUG FXGLAssetLoaderServi - Loading from cache: /assets/textures/
11:38:57.791 [FXGL Background Thread 2 ] DEBUG FXGLAssetLoaderServi - Loading from cache: /assets/textures/
11:38:57.791 [FXGL Background Thread 2 ] DEBUG FXGLAssetLoaderServi - Loading from cache: /assets/textures/Monster.png
11:38:57.791 [FXGL Background Thread 2 ] DEBUG FXGLAssetLoaderServi - Loading from cache: /assets/textures/
11:38:57.792 [FXGL Background Thread 2 ] DEBUG FXGLAssetLoaderServi - Loading from cache: /assets/textures/Monster.png
11:38:57.792 [FXGL Background Thread 2 ] DEBUG FXGLAssetLoaderServi - Loading from cache: /assets/textures/
11:38:57.792 [FXGL Background Thread 2 ] DEBUG FXGLAssetLoaderServi - Loading from cache: /assets/textures/
11:38:57.793 [FXGL Background Thread 2 ] DEBUG FXGLAssetLoaderServi - Loading from cache: /assets/textures/
11:38:57.793 [FXGL Background Thread 2 ] DEBUG FXGLAssetLoaderServi - Loading from cache: /assets/textures/
11:38:57.793 [FXGL Background Thread 2 ] DEBUG FXGLAssetLoaderServi - Loading from cache: /assets/textures/
11:38:57.793 [FXGL Background Thread 2 ] DEBUG FXGLAssetLoaderServi - Loading from cache: /assets/textures/
11:38:57.794 [FXGL Background Thread 2 ] DEBUG FXGLAssetLoaderServi - Loading from cache: /assets/textures/
11:38:57.794 [FXGL Background Thread 2 ] DEBUG FXGLAssetLoaderServi - Loading from cache: /assets/textures/
11:38:57.795 [FXGL Background Thread 2 ] DEBUG FXGLAssetLoaderServi - Loading from cache: /assets/textures/
11:38:57.795 [FXGL Background Thread 2 ] DEBUG FXGLAssetLoaderServi - Loading from cache: /assets/textures/
11:38:57.795 [FXGL Background Thread 2 ] DEBUG FXGLAssetLoaderServi - Loading from cache: /assets/textures/
11:38:57.795 [FXGL Background Thread 2 ] DEBUG FXGLAssetLoaderServi - Loading from cache: /assets/textures/
11:38:57.795 [FXGL Background Thread 2 ] DEBUG FXGLAssetLoaderServi - Loading from cache: /assets/textures/Monster.png
11:38:57.796 [FXGL Background Thread 2 ] DEBUG FXGLAssetLoaderServi - Loading from cache: /assets/textures/
11:38:57.796 [FXGL Background Thread 2 ] DEBUG FXGLAssetLoaderServi - Loading from cache: /assets/textures/
11:38:57.796 [FXGL Background Thread 2 ] DEBUG FXGLAssetLoaderServi - Loading from cache: /assets/textures/
11:38:57.796 [FXGL Background Thread 2 ] DEBUG FXGLAssetLoaderServi - Loading from cache: /assets/textures/
11:38:57.796 [FXGL Background Thread 2 ] DEBUG FXGLAssetLoaderServi - Loading from cache: /assets/textures/
11:38:57.796 [FXGL Background Thread 2 ] DEBUG FXGLAssetLoaderServi - Loading from cache: /assets/textures/
11:38:57.797 [FXGL Background Thread 2 ] DEBUG FXGLAssetLoaderServi - Loading from cache: /assets/textures/
11:38:57.797 [FXGL Background Thread 2 ] DEBUG FXGLAssetLoaderServi - Loading from cache: /assets/textures/
11:38:57.797 [FXGL Background Thread 2 ] DEBUG FXGLAssetLoaderServi - Loading from cache: /assets/textures/
11:38:57.797 [FXGL Background Thread 2 ] DEBUG FXGLAssetLoaderServi - Loading from cache: /assets/textures/
11:38:57.797 [FXGL Background Thread 2 ] DEBUG FXGLAssetLoaderServi - Loading from cache: /assets/textures/
11:38:57.797 [FXGL Background Thread 2 ] DEBUG FXGLAssetLoaderServi - Loading from file system: /assets/textures/TP.png
11:38:57.799 [FXGL Background Thread 2 ] DEBUG GameWorld            - Clearing removable entities
11:38:57.799 [FXGL Background Thread 2 ] DEBUG GameWorld            - Setting level: com.almasb.fxgl.entity.level.Level@2e709940
11:38:57.878 [FXGL Background Thread 2 ] INFO  FXGLApplication      - Game initialization took: 0,381 sec
11:38:57.879 [JavaFX Application Thread] DEBUG Input                - Clearing active input actions
11:38:57.898 [JavaFX Application Thread] DEBUG GameApplicationServi - Removing overlay from FXGLLoadingScene and adding to GameScene
11:38:57.898 [JavaFX Application Thread] DEBUG MainWindow           - FXGLLoadingScene -> GameScene
11:38:59.871 [FXGL Background Thread 3 ] DEBUG Engine               - Logging environment variables
11:38:59.872 [FXGL Background Thread 3 ] DEBUG Engine               - achievements: []
11:38:59.872 [FXGL Background Thread 3 ] DEBUG Engine               - appIcon: fxgl_icon.png
11:38:59.872 [FXGL Background Thread 3 ] DEBUG Engine               - applicationMode: DEVELOPER
11:38:59.872 [FXGL Background Thread 3 ] DEBUG Engine               - cSSList: [fxgl_dark.css]
11:38:59.872 [FXGL Background Thread 3 ] DEBUG Engine               - configClass: Optional.empty
11:38:59.872 [FXGL Background Thread 3 ] DEBUG Engine               - credits: []
11:38:59.872 [FXGL Background Thread 3 ] DEBUG Engine               - devBBoxColorProperty: ObjectProperty [value: 0xff0000ff]
11:38:59.872 [FXGL Background Thread 3 ] DEBUG Engine               - devEnableDebugCameraProperty: BooleanProperty [value: false]
11:38:59.872 [FXGL Background Thread 3 ] DEBUG Engine               - devSensorColorProperty: ObjectProperty [value: 0xffff00ff]
11:38:59.872 [FXGL Background Thread 3 ] DEBUG Engine               - devShowBBoxProperty: BooleanProperty [value: false]
11:38:59.872 [FXGL Background Thread 3 ] DEBUG Engine               - devShowPositionProperty: BooleanProperty [value: false]
11:38:59.872 [FXGL Background Thread 3 ] DEBUG Engine               - enabledMenuItems: []
11:38:59.872 [FXGL Background Thread 3 ] DEBUG Engine               - engineServices: [class com.almasb.fxgl.app.FXGLApplication$GameApplicationService, class com.almasb.fxgl.app.services.FXGLDialogService, class com.almasb.fxgl.app.services.IOTaskExecutorService, class com.almasb.fxgl.event.EventBusService, class com.almasb.fxgl.io.FileSystemService, class com.almasb.fxgl.localization.LocalizationService, class com.almasb.fxgl.app.services.FXGLAssetLoaderService, class com.almasb.fxgl.app.services.SystemBundleService, class com.almasb.fxgl.profile.SaveLoadService, class com.almasb.fxgl.ui.FXGLUIFactoryServiceProvider, class com.almasb.fxgl.ui.FXGLDialogFactoryServiceProvider, class com.almasb.fxgl.audio.AudioPlayer, class com.almasb.fxgl.notification.impl.NotificationServiceProvider, class com.almasb.fxgl.achievement.AchievementService, class com.almasb.fxgl.cutscene.CutsceneService, class com.almasb.fxgl.minigames.MiniGameService, class com.almasb.fxgl.net.NetService, class com.almasb.fxgl.app.services.UpdaterService, class com.almasb.fxgl.dev.DevService]
11:38:59.873 [FXGL Background Thread 3 ] DEBUG Engine               - fontGame: Abel-Regular.ttf
11:38:59.873 [FXGL Background Thread 3 ] DEBUG Engine               - fontMono: lucida_console.ttf
11:38:59.873 [FXGL Background Thread 3 ] DEBUG Engine               - fontText: Courier-Prime.ttf
11:38:59.873 [FXGL Background Thread 3 ] DEBUG Engine               - fontUI: VarelaRound-Regular.ttf
11:38:59.873 [FXGL Background Thread 3 ] DEBUG Engine               - fullScreen: BooleanProperty [value: false]
11:38:59.873 [FXGL Background Thread 3 ] DEBUG Engine               - gameDifficulty: MEDIUM
11:38:59.873 [FXGL Background Thread 3 ] DEBUG Engine               - gameDifficultyProperty: ObjectProperty [value: MEDIUM]
11:38:59.873 [FXGL Background Thread 3 ] DEBUG Engine               - globalMusicVolume: 0.5
11:38:59.873 [FXGL Background Thread 3 ] DEBUG Engine               - globalMusicVolumeProperty: DoubleProperty [value: 0.5]
11:38:59.873 [FXGL Background Thread 3 ] DEBUG Engine               - globalSoundVolume: 0.5
11:38:59.873 [FXGL Background Thread 3 ] DEBUG Engine               - globalSoundVolumeProperty: DoubleProperty [value: 0.5]
11:38:59.873 [FXGL Background Thread 3 ] DEBUG Engine               - height: 900
11:38:59.873 [FXGL Background Thread 3 ] DEBUG Engine               - isAndroid: false
11:38:59.873 [FXGL Background Thread 3 ] DEBUG Engine               - isBrowser: false
11:38:59.873 [FXGL Background Thread 3 ] DEBUG Engine               - isClickFeedbackEnabled: false
11:38:59.873 [FXGL Background Thread 3 ] DEBUG Engine               - isCloseConfirmation: false
11:38:59.873 [FXGL Background Thread 3 ] DEBUG Engine               - isDesktop: true
11:38:59.873 [FXGL Background Thread 3 ] DEBUG Engine               - isDeveloperMenuEnabled: false
11:38:59.873 [FXGL Background Thread 3 ] DEBUG Engine               - isEntityPreloadEnabled: true
11:38:59.874 [FXGL Background Thread 3 ] DEBUG Engine               - isExperimentalNative: false
11:38:59.874 [FXGL Background Thread 3 ] DEBUG Engine               - isExperimentalTiledLargeMap: false
11:38:59.874 [FXGL Background Thread 3 ] DEBUG Engine               - isFileSystemWriteAllowed: true
11:38:59.874 [FXGL Background Thread 3 ] DEBUG Engine               - isFullScreenAllowed: true
11:38:59.874 [FXGL Background Thread 3 ] DEBUG Engine               - isFullScreenFromStart: false
11:38:59.874 [FXGL Background Thread 3 ] DEBUG Engine               - isGameMenuEnabled: true
11:38:59.874 [FXGL Background Thread 3 ] DEBUG Engine               - isIOS: false
11:38:59.874 [FXGL Background Thread 3 ] DEBUG Engine               - isIntroEnabled: false
11:38:59.874 [FXGL Background Thread 3 ] DEBUG Engine               - isLinux: false
11:38:59.874 [FXGL Background Thread 3 ] DEBUG Engine               - isMac: false
11:38:59.874 [FXGL Background Thread 3 ] DEBUG Engine               - isMainMenuEnabled: true
11:38:59.874 [FXGL Background Thread 3 ] DEBUG Engine               - isManualResizeEnabled: true
11:38:59.874 [FXGL Background Thread 3 ] DEBUG Engine               - isMobile: false
11:38:59.874 [FXGL Background Thread 3 ] DEBUG Engine               - isPreserveResizeRatio: true
11:38:59.874 [FXGL Background Thread 3 ] DEBUG Engine               - isProfilingEnabled: false
11:38:59.874 [FXGL Background Thread 3 ] DEBUG Engine               - isSingleStep: false
11:38:59.874 [FXGL Background Thread 3 ] DEBUG Engine               - isUserProfileEnabled: false
11:38:59.874 [FXGL Background Thread 3 ] DEBUG Engine               - isWindows: true
11:38:59.874 [FXGL Background Thread 3 ] DEBUG Engine               - language: ObjectProperty [value: ENGLISH]
11:38:59.874 [FXGL Background Thread 3 ] DEBUG Engine               - menuKey: ESCAPE
11:38:59.874 [FXGL Background Thread 3 ] DEBUG Engine               - notificationViewClass: class com.almasb.fxgl.notification.view.XboxNotificationView
11:38:59.874 [FXGL Background Thread 3 ] DEBUG Engine               - pixelsPerMeter: 50.0
11:38:59.874 [FXGL Background Thread 3 ] DEBUG Engine               - platform: WINDOWS
11:38:59.875 [FXGL Background Thread 3 ] DEBUG Engine               - profileDir: profiles/
11:38:59.875 [FXGL Background Thread 3 ] DEBUG Engine               - profileName: StringProperty [value: DEFAULT]
11:38:59.875 [FXGL Background Thread 3 ] DEBUG Engine               - randomSeed: -1
11:38:59.875 [FXGL Background Thread 3 ] DEBUG Engine               - runtimeInfo: RuntimeInfo(platform=WINDOWS, version=11.11, build=08.09.2020 18.00)
11:38:59.875 [FXGL Background Thread 3 ] DEBUG Engine               - saveFileExt: sav
11:38:59.875 [FXGL Background Thread 3 ] DEBUG Engine               - sceneFactory: GUI.MySceneFactory@5a9b6f3
11:38:59.875 [FXGL Background Thread 3 ] DEBUG Engine               - secondsIn24h: 60
11:38:59.875 [FXGL Background Thread 3 ] DEBUG Engine               - soundMenuBack: menu/back.wav
11:38:59.875 [FXGL Background Thread 3 ] DEBUG Engine               - soundMenuPress: menu/press.wav
11:38:59.875 [FXGL Background Thread 3 ] DEBUG Engine               - soundMenuSelect: menu/select.wav
11:38:59.875 [FXGL Background Thread 3 ] DEBUG Engine               - soundNotification: core/notification.wav
11:38:59.875 [FXGL Background Thread 3 ] DEBUG Engine               - stageStyle: DECORATED
11:38:59.875 [FXGL Background Thread 3 ] DEBUG Engine               - supportedLanguages: [ENGLISH, FRENCH, GERMAN, HUNGARIAN, RUSSIAN]
11:38:59.875 [FXGL Background Thread 3 ] DEBUG Engine               - title: Slime Conqueror
11:38:59.875 [FXGL Background Thread 3 ] DEBUG Engine               - urlGithub: https://github.com/AlmasB/FXGL
11:38:59.875 [FXGL Background Thread 3 ] DEBUG Engine               - urlLeaderboard: http://fxgl-top.herokuapp.com/
11:38:59.875 [FXGL Background Thread 3 ] DEBUG Engine               - urlPOM: https://raw.githubusercontent.com/AlmasB/FXGL/master/pom.xml
11:38:59.875 [FXGL Background Thread 3 ] DEBUG Engine               - version: v2.2
11:38:59.875 [FXGL Background Thread 3 ] DEBUG Engine               - versionCheckDays: 7
11:38:59.875 [FXGL Background Thread 3 ] DEBUG Engine               - width: 1280
11:38:59.875 [FXGL Background Thread 3 ] DEBUG Engine               - Logging services
11:38:59.875 [FXGL Background Thread 3 ] DEBUG Engine               - class com.almasb.fxgl.app.FXGLApplication$GameApplicationService
11:38:59.875 [FXGL Background Thread 3 ] DEBUG Engine               - class com.almasb.fxgl.app.services.FXGLDialogService
11:38:59.875 [FXGL Background Thread 3 ] DEBUG Engine               - class com.almasb.fxgl.app.services.IOTaskExecutorService
11:38:59.875 [FXGL Background Thread 3 ] DEBUG Engine               - class com.almasb.fxgl.event.EventBusService
11:38:59.875 [FXGL Background Thread 3 ] DEBUG Engine               - class com.almasb.fxgl.io.FileSystemService
11:38:59.875 [FXGL Background Thread 3 ] DEBUG Engine               - class com.almasb.fxgl.localization.LocalizationService
11:38:59.875 [FXGL Background Thread 3 ] DEBUG Engine               - class com.almasb.fxgl.app.services.FXGLAssetLoaderService
11:38:59.875 [FXGL Background Thread 3 ] DEBUG Engine               - class com.almasb.fxgl.app.services.SystemBundleService
11:38:59.875 [FXGL Background Thread 3 ] DEBUG Engine               - class com.almasb.fxgl.profile.SaveLoadService
11:38:59.875 [FXGL Background Thread 3 ] DEBUG Engine               - class com.almasb.fxgl.ui.FXGLUIFactoryServiceProvider
11:38:59.875 [FXGL Background Thread 3 ] DEBUG Engine               - class com.almasb.fxgl.ui.FXGLDialogFactoryServiceProvider
11:38:59.875 [FXGL Background Thread 3 ] DEBUG Engine               - class com.almasb.fxgl.audio.AudioPlayer
11:38:59.875 [FXGL Background Thread 3 ] DEBUG Engine               - class com.almasb.fxgl.notification.impl.NotificationServiceProvider
11:38:59.875 [FXGL Background Thread 3 ] DEBUG Engine               - class com.almasb.fxgl.achievement.AchievementService
11:38:59.876 [FXGL Background Thread 3 ] DEBUG Engine               - class com.almasb.fxgl.cutscene.CutsceneService
11:38:59.876 [FXGL Background Thread 3 ] DEBUG Engine               - class com.almasb.fxgl.minigames.MiniGameService
11:38:59.876 [FXGL Background Thread 3 ] DEBUG Engine               - class com.almasb.fxgl.net.NetService
11:38:59.876 [FXGL Background Thread 3 ] DEBUG Engine               - class com.almasb.fxgl.app.services.UpdaterService
11:38:59.876 [FXGL Background Thread 3 ] DEBUG Engine               - class com.almasb.fxgl.dev.DevService
11:39:03.434 [JavaFX Application Thread] DEBUG FXGLAssetLoaderServi - Loading from file system: /assets/textures/Chest.jpg
11:39:04.413 [JavaFX Application Thread] DEBUG FXGLAssetLoaderServi - Loading from cache: /assets/textures/Chest.jpg
11:39:05.034 [JavaFX Application Thread] DEBUG FXGLAssetLoaderServi - Loading from cache: /assets/textures/Chest.jpg
11:39:07.229 [JavaFX Application Thread] DEBUG MainWindow           - Push state: DialogSubScene
11:39:07.229 [JavaFX Application Thread] DEBUG Input                - Clearing active input actions
11:39:07.229 [JavaFX Application Thread] DEBUG GameApplicationServi - Removing overlay from GameScene and adding to DialogSubScene
11:39:07.229 [JavaFX Application Thread] DEBUG MainWindow           - GameScene -> DialogSubScene
11:39:07.230 [JavaFX Application Thread] DEBUG LoopRunner           - Stopping loop
11:39:07.231 [JavaFX Application Thread] FATAL FXGLApplication      - Uncaught Exception:
java.util.NoSuchElementException: No entity found satisfying the predicate
	at com.almasb.fxgl.entity.GameWorld.getSingleton(GameWorld.kt:412)
	at com.almasb.fxgl.entity.GameWorld.getSingleton(GameWorld.kt:408)
	at other.components.DelayMonsterAtkComponent.onUpdate(DelayMonsterAtkComponent.java:44)
	at com.almasb.fxgl.entity.Entity$ComponentMap.update(Entity.java:56)
	at com.almasb.fxgl.entity.Entity.update(Entity.java:204)
	at com.almasb.fxgl.entity.GameWorld.onUpdate(GameWorld.kt:156)
	at com.almasb.fxgl.app.scene.GameScene.step(GameScene.kt:114)
	at com.almasb.fxgl.app.scene.GameScene.onUpdate(GameScene.kt:110)
	at com.almasb.fxgl.scene.Scene.update(Scene.kt:78)
	at com.almasb.fxgl.app.MainWindow$update$1.invoke(MainWindow.kt:219)
	at com.almasb.fxgl.app.MainWindow$update$1.invoke(MainWindow.kt:40)
	at com.almasb.fxgl.core.fsm.StateMachine.runOnActiveStates(StateMachine.kt:60)
	at com.almasb.fxgl.app.MainWindow.update(MainWindow.kt:219)
	at com.almasb.fxgl.app.FXGLApplication$GameApplicationService.onUpdate(FXGLApplication.kt:400)
	at com.almasb.fxgl.app.Engine.loop(Engine.kt:130)
	at com.almasb.fxgl.app.Engine.access$loop(Engine.kt:24)
	at com.almasb.fxgl.app.Engine$loop$1.invoke(Engine.kt:28)
	at com.almasb.fxgl.app.Engine$loop$1.invoke(Engine.kt:24)
	at com.almasb.fxgl.app.LoopRunner.frame(LoopRunner.kt:86)
	at com.almasb.fxgl.app.LoopRunner.access$frame(LoopRunner.kt:17)
	at com.almasb.fxgl.app.LoopRunner$impl$2$1.handle(LoopRunner.kt:37)
	at javafx.animation.AnimationTimer$AnimationTimerReceiver.lambda$handle$0(AnimationTimer.java:57)
	at java.base/java.security.AccessController.doPrivileged(Native Method)
	at javafx.animation.AnimationTimer$AnimationTimerReceiver.handle(AnimationTimer.java:56)
	at com.sun.scenario.animation.AbstractMasterTimer.timePulseImpl(AbstractMasterTimer.java:357)
	at com.sun.scenario.animation.AbstractMasterTimer$MainLoop.run(AbstractMasterTimer.java:267)
	at com.sun.javafx.tk.quantum.QuantumToolkit.pulse(QuantumToolkit.java:559)
	at com.sun.javafx.tk.quantum.QuantumToolkit.pulse(QuantumToolkit.java:543)
	at com.sun.javafx.tk.quantum.QuantumToolkit.pulseFromQueue(QuantumToolkit.java:536)
	at com.sun.javafx.tk.quantum.QuantumToolkit.lambda$runToolkit$11(QuantumToolkit.java:342)
	at com.sun.glass.ui.InvokeLaterDispatcher$Future.run(InvokeLaterDispatcher.java:96)
	at com.sun.glass.ui.win.WinApplication._runLoop(Native Method)
	at com.sun.glass.ui.win.WinApplication.lambda$runLoop$3(WinApplication.java:174)
	at java.base/java.lang.Thread.run(Thread.java:834)

11:39:07.231 [JavaFX Application Thread] FATAL FXGLApplication      - Application will now exit
11:39:07.244 [JavaFX Application Thread] DEBUG MainWindow           - Push state: ErrorSubScene
11:39:07.245 [JavaFX Application Thread] DEBUG Input                - Clearing active input actions
11:39:07.246 [JavaFX Application Thread] DEBUG GameApplicationServi - Removing overlay from DialogSubScene and adding to ErrorSubScene
11:39:07.246 [JavaFX Application Thread] DEBUG MainWindow           - DialogSubScene -> ErrorSubScene
11:39:08.780 [JavaFX Application Thread] DEBUG FXGLApplication      - Exiting FXGL
11:39:08.780 [JavaFX Application Thread] DEBUG Async                - Shutting down background threads
11:39:08.781 [JavaFX Application Thread] DEBUG MainWindow           - Closing main window
11:39:08.791 [JavaFX Application Thread] DEBUG Logger               - Closing Logger
