11:10:42.788 [main                     ] DEBUG Logger               - Configured Logger
11:10:42.816 [main                     ] DEBUG GameApplication      - Logging settings
Title: Slime Conqueror
Version: v2.2
Width: 1280
Height: 900
Fullscreen: true
Intro: false
Profiling: false
Single step:false
App Mode: DEVELOPER
Menu Key: ESCAPE
Stage Style: DECORATED
Scene Factory: class GUI.MySceneFactory

11:10:43.236 [JavaFX Application Thread] DEBUG FXGLApplication      - Initializing FXGL
11:10:43.246 [JavaFX Application Thread] INFO  Engine               - FXGL-11.11 (08.09.2020 18.00) on WINDOWS (J:11.0.8 FX:14)
11:10:43.246 [JavaFX Application Thread] DEBUG Engine               - JRE Vendor Name: Oracle Corporation
11:10:43.246 [JavaFX Application Thread] DEBUG Engine               - Running on OS: Windows 10 version 10.0
11:10:43.246 [JavaFX Application Thread] DEBUG Engine               - Architecture: amd64
11:10:43.246 [JavaFX Application Thread] INFO  Engine               - Source code and latest versions at: https://github.com/AlmasB/FXGL
11:10:43.247 [JavaFX Application Thread] INFO  Engine               -              Join the FXGL chat at: https://gitter.im/AlmasB/FXGL
11:10:43.370 [JavaFX Application Thread] DEBUG MainWindow           - Creating a JavaFX scene
11:10:43.439 [JavaFX Application Thread] DEBUG MainWindow           - Target settings size: 1280.0 x 900.0
11:10:43.439 [JavaFX Application Thread] DEBUG MainWindow           - Scaled scene size:    1280.0 x 900.0
11:10:43.439 [JavaFX Application Thread] DEBUG MainWindow           - Scaled ratio: (1.0, 1.0)
11:10:43.440 [JavaFX Application Thread] DEBUG MainWindow           - Set initial scene to StartupScene
11:10:43.448 [JavaFX Application Thread] DEBUG MainWindow           - Opening main window
11:10:43.540 [JavaFX Application Thread] DEBUG MainWindow           - Window border size: (16.0, 39.0)
11:10:43.540 [JavaFX Application Thread] DEBUG MainWindow           - Scaled size: 1280.0 x 900.0
11:10:43.540 [JavaFX Application Thread] DEBUG MainWindow           - Scaled ratio: (1.0, 1.0)
11:10:43.540 [JavaFX Application Thread] DEBUG MainWindow           - Scene size: 1280.0 x 900.0
11:10:43.541 [JavaFX Application Thread] DEBUG MainWindow           - Stage size: 1296.0 x 939.0
11:10:43.547 [FXGL Background Thread 1 ] DEBUG Engine               - Initializing environment variables
11:10:43.576 [FXGL Background Thread 1 ] DEBUG GameApplicationServi - Applying CSS: fxgl_dark.css
11:10:43.577 [FXGL Background Thread 1 ] DEBUG FXGLAssetLoaderServi - Loading from file system: /assets/ui/css/fxgl_dark.css
11:10:43.626 [FXGL Background Thread 1 ] DEBUG GameApplicationServi - Initializing application scenes
11:10:43.670 [FXGL Background Thread 1 ] DEBUG GameWorld            - Game world initialized
11:10:43.737 [FXGL Background Thread 1 ] DEBUG PhysicsWorld         - Physics world initialized: appHeight=900, physics.ppm=50,0
11:10:43.739 [FXGL Background Thread 1 ] DEBUG GameScene            - Game scene initialized: 1280x900
11:10:44.025 [FXGL Background Thread 1 ] DEBUG GameApplicationServi - Application scenes initialized
11:10:44.041 [FXGL Background Thread 1 ] DEBUG SystemBundleService  - Loading FXGL system data
11:10:44.044 [FXGL Background Thread 1 ] DEBUG FileSystemAccess     - Reading from: C:\Users\Cardinal\eclipse-workspace\Slime-Conqueror\system\fxgl.bundle
11:10:44.050 [FXGL Background Thread 1 ] DEBUG SystemBundleService  - Bundle FXGL: {}
11:10:44.050 [FXGL Background Thread 1 ] DEBUG UpdaterService       - Checking for updates
11:10:44.056 [FXGL Background Thread 4 ] DEBUG FXGLApplication      - Loading fonts
11:10:44.056 [FXGL Background Thread 4 ] DEBUG FXGLAssetLoaderServi - Loading from file system: /assets/ui/fonts/VarelaRound-Regular.ttf
11:10:44.056 [FXGL Background Thread 1 ] DEBUG FXGLApplication      - Loading default localization
11:10:44.056 [FXGL Background Thread 1 ] DEBUG FXGLAssetLoaderServi - Loading from file system: /assets/languages/english.lang
11:10:44.071 [FXGL Background Thread 1 ] INFO  FXGLApplication      - FXGL initialization took: 0,523 sec
11:10:44.082 [JavaFX Application Thread] DEBUG Input                - Registered new binding: HideGUI - H
11:10:44.082 [JavaFX Application Thread] DEBUG Input                - Registered new binding: Up - Z
11:10:44.082 [JavaFX Application Thread] DEBUG Input                - Registered new binding: Down - S
11:10:44.082 [JavaFX Application Thread] DEBUG Input                - Registered new binding: Left - Q
11:10:44.083 [JavaFX Application Thread] DEBUG Input                - Registered new binding: Right - D
11:10:44.083 [JavaFX Application Thread] DEBUG Input                - Registered new binding: Teleport - F
11:10:44.084 [JavaFX Application Thread] DEBUG Input                - Registered new binding: AttackPos - LMB
11:10:44.084 [JavaFX Application Thread] DEBUG Input                - Registered new binding: Attack - I
11:10:44.084 [JavaFX Application Thread] DEBUG FXGLAssetLoaderServi - Loading from file system: /assets/textures/fxgl_icon.png
11:10:44.128 [JavaFX Application Thread] DEBUG FXGLAssetLoaderServi - Loading from file system: /assets/ui/cursors/fxgl_default.png
11:10:44.131 [JavaFX Application Thread] DEBUG Input                - Registered new binding: Screenshot - P
11:10:44.132 [JavaFX Application Thread] DEBUG Input                - Registered new binding: System info dump - CTRL+9
11:10:44.132 [JavaFX Application Thread] DEBUG Input                - Registered new binding: Restart - CTRL+R
11:10:44.133 [JavaFX Application Thread] DEBUG Input                - Registered new binding: Toggle Debug Camera - CTRL+C
11:10:44.135 [JavaFX Application Thread] DEBUG LoopRunner           - Starting loop
11:10:44.138 [JavaFX Application Thread] DEBUG Input                - Clearing active input actions
11:10:44.147 [JavaFX Application Thread] DEBUG GameApplicationServi - Removing overlay from StartupScene and adding to FXGLMainMenuDummyScene
11:10:44.147 [JavaFX Application Thread] DEBUG MainWindow           - StartupScene -> FXGLMainMenuDummyScene
11:10:44.147 [JavaFX Application Thread] DEBUG MainWindow           - Push state: MyMenu
11:10:44.148 [JavaFX Application Thread] DEBUG Input                - Clearing active input actions
11:10:44.159 [JavaFX Application Thread] DEBUG GameApplicationServi - Removing overlay from FXGLMainMenuDummyScene and adding to MyMenu
11:10:44.159 [JavaFX Application Thread] DEBUG MainWindow           - FXGLMainMenuDummyScene -> MyMenu
11:10:44.349 [FXGL Background Thread 4 ] DEBUG FXGLAssetLoaderServi - Loading from file system: /assets/ui/fonts/Abel-Regular.ttf
11:10:44.351 [FXGL Background Thread 4 ] DEBUG FXGLAssetLoaderServi - Loading from file system: /assets/ui/fonts/lucida_console.ttf
11:10:44.355 [FXGL Background Thread 4 ] DEBUG FXGLAssetLoaderServi - Loading from file system: /assets/ui/fonts/Courier-Prime.ttf
11:10:44.364 [JavaFX Application Thread] DEBUG FXGLApplication      - Registering font factories with UI factory
11:10:44.658 [FXGL Background Thread 2 ] INFO  UpdaterService       - Your current version:  11.11
11:10:44.658 [FXGL Background Thread 2 ] INFO  UpdaterService       - Latest stable version: dev-SNAPSHOT
11:10:45.732 [JavaFX Application Thread] DEBUG GameApplicationServi - Starting new game
11:10:45.732 [JavaFX Application Thread] DEBUG MainWindow           - Pop state: MyMenu
11:10:45.732 [JavaFX Application Thread] DEBUG Input                - Clearing active input actions
11:10:45.733 [JavaFX Application Thread] DEBUG GameApplicationServi - Removing overlay from MyMenu and adding to FXGLMainMenuDummyScene
11:10:45.733 [JavaFX Application Thread] DEBUG MainWindow           - FXGLMainMenuDummyScene <- MyMenu
11:10:45.733 [JavaFX Application Thread] DEBUG Input                - Clearing active input actions
11:10:45.740 [JavaFX Application Thread] DEBUG GameApplicationServi - Removing overlay from FXGLMainMenuDummyScene and adding to FXGLLoadingScene
11:10:45.740 [JavaFX Application Thread] DEBUG MainWindow           - FXGLMainMenuDummyScene -> FXGLLoadingScene
11:10:45.740 [JavaFX Application Thread] DEBUG GameApplicationServi - Clearing previous game
11:10:45.740 [JavaFX Application Thread] DEBUG GameScene            - Clearing game scene
11:10:45.740 [JavaFX Application Thread] DEBUG GameWorld            - Clearing game world
11:10:45.741 [JavaFX Application Thread] DEBUG PhysicsWorld         - Clearing physics world
11:10:45.742 [FXGL Background Thread 2 ] DEBUG FXGLApplication      - Initializing game
11:10:45.751 [FXGL Background Thread 2 ] DEBUG FXGLAssetLoaderServi - Loading from file system: /assets/levels/map_level0.txt
11:10:45.776 [FXGL Background Thread 2 ] DEBUG FXGLAssetLoaderServi - Loading from file system: /assets/textures/
11:10:45.791 [FXGL Background Thread 2 ] DEBUG FXGLAssetLoaderServi - Loading from cache: /assets/textures/
11:10:45.791 [FXGL Background Thread 2 ] DEBUG FXGLAssetLoaderServi - Loading from cache: /assets/textures/
11:10:45.792 [FXGL Background Thread 2 ] DEBUG FXGLAssetLoaderServi - Loading from cache: /assets/textures/
11:10:45.792 [FXGL Background Thread 2 ] DEBUG FXGLAssetLoaderServi - Loading from cache: /assets/textures/
11:10:45.792 [FXGL Background Thread 2 ] DEBUG FXGLAssetLoaderServi - Loading from cache: /assets/textures/
11:10:45.792 [FXGL Background Thread 2 ] DEBUG FXGLAssetLoaderServi - Loading from cache: /assets/textures/
11:10:45.793 [FXGL Background Thread 2 ] DEBUG FXGLAssetLoaderServi - Loading from cache: /assets/textures/
11:10:45.793 [FXGL Background Thread 2 ] DEBUG FXGLAssetLoaderServi - Loading from cache: /assets/textures/
11:10:45.793 [FXGL Background Thread 2 ] DEBUG FXGLAssetLoaderServi - Loading from cache: /assets/textures/
11:10:45.794 [FXGL Background Thread 2 ] DEBUG FXGLAssetLoaderServi - Loading from cache: /assets/textures/
11:10:45.794 [FXGL Background Thread 2 ] DEBUG FXGLAssetLoaderServi - Loading from cache: /assets/textures/
11:10:45.794 [FXGL Background Thread 2 ] DEBUG FXGLAssetLoaderServi - Loading from cache: /assets/textures/
11:10:45.794 [FXGL Background Thread 2 ] DEBUG FXGLAssetLoaderServi - Loading from file system: /assets/textures/MonsterElectricSlime.png
11:10:45.808 [FXGL Background Thread 2 ] DEBUG FXGLAssetLoaderServi - Loading from cache: /assets/textures/
11:10:45.809 [FXGL Background Thread 2 ] DEBUG FXGLAssetLoaderServi - Loading from cache: /assets/textures/
11:10:45.809 [FXGL Background Thread 2 ] DEBUG FXGLAssetLoaderServi - Loading from cache: /assets/textures/
11:10:45.810 [FXGL Background Thread 2 ] DEBUG FXGLAssetLoaderServi - Loading from cache: /assets/textures/
11:10:45.995 [FXGL Background Thread 2 ] DEBUG FXGLAssetLoaderServi - Loading from file system: /assets/textures/player.png
11:10:46.011 [FXGL Background Thread 2 ] DEBUG FXGLAssetLoaderServi - Loading from cache: /assets/textures/
11:10:46.012 [FXGL Background Thread 2 ] DEBUG FXGLAssetLoaderServi - Loading from cache: /assets/textures/MonsterElectricSlime.png
11:10:46.012 [FXGL Background Thread 2 ] DEBUG FXGLAssetLoaderServi - Loading from cache: /assets/textures/MonsterElectricSlime.png
11:10:46.013 [FXGL Background Thread 2 ] DEBUG FXGLAssetLoaderServi - Loading from cache: /assets/textures/
11:10:46.013 [FXGL Background Thread 2 ] DEBUG FXGLAssetLoaderServi - Loading from cache: /assets/textures/
11:10:46.013 [FXGL Background Thread 2 ] DEBUG FXGLAssetLoaderServi - Loading from cache: /assets/textures/
11:10:46.014 [FXGL Background Thread 2 ] DEBUG FXGLAssetLoaderServi - Loading from cache: /assets/textures/
11:10:46.014 [FXGL Background Thread 2 ] DEBUG FXGLAssetLoaderServi - Loading from cache: /assets/textures/
11:10:46.015 [FXGL Background Thread 2 ] DEBUG FXGLAssetLoaderServi - Loading from cache: /assets/textures/
11:10:46.015 [FXGL Background Thread 2 ] DEBUG FXGLAssetLoaderServi - Loading from cache: /assets/textures/
11:10:46.016 [FXGL Background Thread 2 ] DEBUG FXGLAssetLoaderServi - Loading from cache: /assets/textures/MonsterElectricSlime.png
11:10:46.017 [FXGL Background Thread 2 ] DEBUG FXGLAssetLoaderServi - Loading from cache: /assets/textures/
11:10:46.017 [FXGL Background Thread 2 ] DEBUG FXGLAssetLoaderServi - Loading from cache: /assets/textures/
11:10:46.017 [FXGL Background Thread 2 ] DEBUG FXGLAssetLoaderServi - Loading from cache: /assets/textures/
11:10:46.018 [FXGL Background Thread 2 ] DEBUG FXGLAssetLoaderServi - Loading from cache: /assets/textures/
11:10:46.018 [FXGL Background Thread 2 ] DEBUG FXGLAssetLoaderServi - Loading from cache: /assets/textures/
11:10:46.018 [FXGL Background Thread 2 ] DEBUG FXGLAssetLoaderServi - Loading from cache: /assets/textures/
11:10:46.018 [FXGL Background Thread 2 ] DEBUG FXGLAssetLoaderServi - Loading from cache: /assets/textures/
11:10:46.019 [FXGL Background Thread 2 ] DEBUG FXGLAssetLoaderServi - Loading from cache: /assets/textures/
11:10:46.019 [FXGL Background Thread 2 ] DEBUG FXGLAssetLoaderServi - Loading from cache: /assets/textures/
11:10:46.019 [FXGL Background Thread 2 ] DEBUG FXGLAssetLoaderServi - Loading from cache: /assets/textures/MonsterElectricSlime.png
11:10:46.019 [FXGL Background Thread 2 ] DEBUG FXGLAssetLoaderServi - Loading from cache: /assets/textures/
11:10:46.020 [FXGL Background Thread 2 ] DEBUG FXGLAssetLoaderServi - Loading from cache: /assets/textures/
11:10:46.020 [FXGL Background Thread 2 ] DEBUG FXGLAssetLoaderServi - Loading from cache: /assets/textures/
11:10:46.020 [FXGL Background Thread 2 ] DEBUG FXGLAssetLoaderServi - Loading from cache: /assets/textures/
11:10:46.020 [FXGL Background Thread 2 ] DEBUG FXGLAssetLoaderServi - Loading from cache: /assets/textures/MonsterElectricSlime.png
11:10:46.021 [FXGL Background Thread 2 ] DEBUG FXGLAssetLoaderServi - Loading from cache: /assets/textures/
11:10:46.022 [FXGL Background Thread 2 ] DEBUG FXGLAssetLoaderServi - Loading from cache: /assets/textures/
11:10:46.022 [FXGL Background Thread 2 ] DEBUG FXGLAssetLoaderServi - Loading from cache: /assets/textures/
11:10:46.022 [FXGL Background Thread 2 ] DEBUG FXGLAssetLoaderServi - Loading from cache: /assets/textures/
11:10:46.022 [FXGL Background Thread 2 ] DEBUG FXGLAssetLoaderServi - Loading from cache: /assets/textures/
11:10:46.023 [FXGL Background Thread 2 ] DEBUG FXGLAssetLoaderServi - Loading from cache: /assets/textures/
11:10:46.023 [FXGL Background Thread 2 ] DEBUG FXGLAssetLoaderServi - Loading from cache: /assets/textures/
11:10:46.023 [FXGL Background Thread 2 ] DEBUG FXGLAssetLoaderServi - Loading from cache: /assets/textures/
11:10:46.023 [FXGL Background Thread 2 ] DEBUG FXGLAssetLoaderServi - Loading from cache: /assets/textures/
11:10:46.024 [FXGL Background Thread 2 ] DEBUG FXGLAssetLoaderServi - Loading from cache: /assets/textures/
11:10:46.024 [FXGL Background Thread 2 ] DEBUG FXGLAssetLoaderServi - Loading from cache: /assets/textures/
11:10:46.024 [FXGL Background Thread 2 ] DEBUG FXGLAssetLoaderServi - Loading from cache: /assets/textures/
11:10:46.024 [FXGL Background Thread 2 ] DEBUG FXGLAssetLoaderServi - Loading from cache: /assets/textures/
11:10:46.024 [FXGL Background Thread 2 ] DEBUG FXGLAssetLoaderServi - Loading from cache: /assets/textures/
11:10:46.024 [FXGL Background Thread 2 ] DEBUG FXGLAssetLoaderServi - Loading from cache: /assets/textures/
11:10:46.025 [FXGL Background Thread 2 ] DEBUG FXGLAssetLoaderServi - Loading from cache: /assets/textures/
11:10:46.025 [FXGL Background Thread 2 ] DEBUG FXGLAssetLoaderServi - Loading from cache: /assets/textures/
11:10:46.025 [FXGL Background Thread 2 ] DEBUG FXGLAssetLoaderServi - Loading from cache: /assets/textures/
11:10:46.025 [FXGL Background Thread 2 ] DEBUG FXGLAssetLoaderServi - Loading from cache: /assets/textures/
11:10:46.026 [FXGL Background Thread 2 ] DEBUG FXGLAssetLoaderServi - Loading from cache: /assets/textures/
11:10:46.026 [FXGL Background Thread 2 ] DEBUG FXGLAssetLoaderServi - Loading from cache: /assets/textures/
11:10:46.026 [FXGL Background Thread 2 ] DEBUG FXGLAssetLoaderServi - Loading from cache: /assets/textures/
11:10:46.026 [FXGL Background Thread 2 ] DEBUG FXGLAssetLoaderServi - Loading from cache: /assets/textures/
11:10:46.027 [FXGL Background Thread 2 ] DEBUG FXGLAssetLoaderServi - Loading from cache: /assets/textures/
11:10:46.027 [FXGL Background Thread 2 ] DEBUG FXGLAssetLoaderServi - Loading from cache: /assets/textures/
11:10:46.028 [FXGL Background Thread 2 ] DEBUG FXGLAssetLoaderServi - Loading from cache: /assets/textures/
11:10:46.029 [FXGL Background Thread 2 ] DEBUG FXGLAssetLoaderServi - Loading from cache: /assets/textures/MonsterElectricSlime.png
11:10:46.029 [FXGL Background Thread 2 ] DEBUG FXGLAssetLoaderServi - Loading from cache: /assets/textures/
11:10:46.029 [FXGL Background Thread 2 ] DEBUG FXGLAssetLoaderServi - Loading from cache: /assets/textures/MonsterElectricSlime.png
11:10:46.030 [FXGL Background Thread 2 ] DEBUG FXGLAssetLoaderServi - Loading from cache: /assets/textures/
11:10:46.030 [FXGL Background Thread 2 ] DEBUG FXGLAssetLoaderServi - Loading from cache: /assets/textures/
11:10:46.030 [FXGL Background Thread 2 ] DEBUG FXGLAssetLoaderServi - Loading from cache: /assets/textures/
11:10:46.030 [FXGL Background Thread 2 ] DEBUG FXGLAssetLoaderServi - Loading from cache: /assets/textures/
11:10:46.031 [FXGL Background Thread 2 ] DEBUG FXGLAssetLoaderServi - Loading from cache: /assets/textures/
11:10:46.031 [FXGL Background Thread 2 ] DEBUG FXGLAssetLoaderServi - Loading from cache: /assets/textures/
11:10:46.031 [FXGL Background Thread 2 ] DEBUG FXGLAssetLoaderServi - Loading from cache: /assets/textures/
11:10:46.032 [FXGL Background Thread 2 ] DEBUG FXGLAssetLoaderServi - Loading from cache: /assets/textures/MonsterElectricSlime.png
11:10:46.032 [FXGL Background Thread 2 ] DEBUG FXGLAssetLoaderServi - Loading from cache: /assets/textures/
11:10:46.032 [FXGL Background Thread 2 ] DEBUG FXGLAssetLoaderServi - Loading from cache: /assets/textures/
11:10:46.033 [FXGL Background Thread 2 ] DEBUG FXGLAssetLoaderServi - Loading from cache: /assets/textures/
11:10:46.033 [FXGL Background Thread 2 ] DEBUG FXGLAssetLoaderServi - Loading from cache: /assets/textures/
11:10:46.033 [FXGL Background Thread 2 ] DEBUG FXGLAssetLoaderServi - Loading from cache: /assets/textures/
11:10:46.033 [FXGL Background Thread 2 ] DEBUG FXGLAssetLoaderServi - Loading from cache: /assets/textures/
11:10:46.033 [FXGL Background Thread 2 ] DEBUG FXGLAssetLoaderServi - Loading from cache: /assets/textures/
11:10:46.034 [FXGL Background Thread 2 ] DEBUG FXGLAssetLoaderServi - Loading from cache: /assets/textures/
11:10:46.034 [FXGL Background Thread 2 ] DEBUG FXGLAssetLoaderServi - Loading from cache: /assets/textures/
11:10:46.034 [FXGL Background Thread 2 ] DEBUG FXGLAssetLoaderServi - Loading from cache: /assets/textures/MonsterElectricSlime.png
11:10:46.034 [FXGL Background Thread 2 ] DEBUG FXGLAssetLoaderServi - Loading from cache: /assets/textures/
11:10:46.034 [FXGL Background Thread 2 ] DEBUG FXGLAssetLoaderServi - Loading from cache: /assets/textures/
11:10:46.034 [FXGL Background Thread 2 ] DEBUG FXGLAssetLoaderServi - Loading from cache: /assets/textures/
11:10:46.035 [FXGL Background Thread 2 ] DEBUG FXGLAssetLoaderServi - Loading from cache: /assets/textures/
11:10:46.035 [FXGL Background Thread 2 ] DEBUG FXGLAssetLoaderServi - Loading from cache: /assets/textures/MonsterElectricSlime.png
11:10:46.036 [FXGL Background Thread 2 ] DEBUG FXGLAssetLoaderServi - Loading from cache: /assets/textures/
11:10:46.036 [FXGL Background Thread 2 ] DEBUG FXGLAssetLoaderServi - Loading from cache: /assets/textures/
11:10:46.036 [FXGL Background Thread 2 ] DEBUG FXGLAssetLoaderServi - Loading from cache: /assets/textures/
11:10:46.037 [FXGL Background Thread 2 ] DEBUG FXGLAssetLoaderServi - Loading from cache: /assets/textures/
11:10:46.037 [FXGL Background Thread 2 ] DEBUG FXGLAssetLoaderServi - Loading from cache: /assets/textures/
11:10:46.037 [FXGL Background Thread 2 ] DEBUG FXGLAssetLoaderServi - Loading from cache: /assets/textures/
11:10:46.037 [FXGL Background Thread 2 ] DEBUG FXGLAssetLoaderServi - Loading from cache: /assets/textures/
11:10:46.038 [FXGL Background Thread 2 ] DEBUG FXGLAssetLoaderServi - Loading from cache: /assets/textures/
11:10:46.038 [FXGL Background Thread 2 ] DEBUG FXGLAssetLoaderServi - Loading from cache: /assets/textures/
11:10:46.038 [FXGL Background Thread 2 ] DEBUG FXGLAssetLoaderServi - Loading from cache: /assets/textures/
11:10:46.038 [FXGL Background Thread 2 ] DEBUG FXGLAssetLoaderServi - Loading from cache: /assets/textures/MonsterElectricSlime.png
11:10:46.038 [FXGL Background Thread 2 ] DEBUG FXGLAssetLoaderServi - Loading from cache: /assets/textures/
11:10:46.038 [FXGL Background Thread 2 ] DEBUG FXGLAssetLoaderServi - Loading from cache: /assets/textures/
11:10:46.039 [FXGL Background Thread 2 ] DEBUG FXGLAssetLoaderServi - Loading from cache: /assets/textures/
11:10:46.039 [FXGL Background Thread 2 ] DEBUG FXGLAssetLoaderServi - Loading from cache: /assets/textures/
11:10:46.039 [FXGL Background Thread 2 ] DEBUG FXGLAssetLoaderServi - Loading from cache: /assets/textures/
11:10:46.039 [FXGL Background Thread 2 ] DEBUG FXGLAssetLoaderServi - Loading from cache: /assets/textures/MonsterElectricSlime.png
11:10:46.039 [FXGL Background Thread 2 ] DEBUG FXGLAssetLoaderServi - Loading from cache: /assets/textures/
11:10:46.039 [FXGL Background Thread 2 ] DEBUG FXGLAssetLoaderServi - Loading from cache: /assets/textures/
11:10:46.040 [FXGL Background Thread 2 ] DEBUG FXGLAssetLoaderServi - Loading from cache: /assets/textures/
11:10:46.040 [FXGL Background Thread 2 ] DEBUG FXGLAssetLoaderServi - Loading from cache: /assets/textures/
11:10:46.040 [FXGL Background Thread 2 ] DEBUG FXGLAssetLoaderServi - Loading from cache: /assets/textures/
11:10:46.040 [FXGL Background Thread 2 ] DEBUG FXGLAssetLoaderServi - Loading from cache: /assets/textures/
11:10:46.040 [FXGL Background Thread 2 ] DEBUG FXGLAssetLoaderServi - Loading from cache: /assets/textures/MonsterElectricSlime.png
11:10:46.041 [FXGL Background Thread 2 ] DEBUG FXGLAssetLoaderServi - Loading from cache: /assets/textures/
11:10:46.041 [FXGL Background Thread 2 ] DEBUG FXGLAssetLoaderServi - Loading from cache: /assets/textures/
11:10:46.041 [FXGL Background Thread 2 ] DEBUG FXGLAssetLoaderServi - Loading from cache: /assets/textures/
11:10:46.041 [FXGL Background Thread 2 ] DEBUG FXGLAssetLoaderServi - Loading from cache: /assets/textures/
11:10:46.042 [FXGL Background Thread 2 ] DEBUG FXGLAssetLoaderServi - Loading from cache: /assets/textures/
11:10:46.042 [FXGL Background Thread 2 ] DEBUG FXGLAssetLoaderServi - Loading from cache: /assets/textures/
11:10:46.042 [FXGL Background Thread 2 ] DEBUG FXGLAssetLoaderServi - Loading from cache: /assets/textures/
11:10:46.042 [FXGL Background Thread 2 ] DEBUG FXGLAssetLoaderServi - Loading from cache: /assets/textures/
11:10:46.042 [FXGL Background Thread 2 ] DEBUG FXGLAssetLoaderServi - Loading from cache: /assets/textures/
11:10:46.043 [FXGL Background Thread 2 ] DEBUG FXGLAssetLoaderServi - Loading from cache: /assets/textures/
11:10:46.043 [FXGL Background Thread 2 ] DEBUG FXGLAssetLoaderServi - Loading from cache: /assets/textures/
11:10:46.043 [FXGL Background Thread 2 ] DEBUG FXGLAssetLoaderServi - Loading from cache: /assets/textures/
11:10:46.043 [FXGL Background Thread 2 ] DEBUG FXGLAssetLoaderServi - Loading from cache: /assets/textures/
11:10:46.043 [FXGL Background Thread 2 ] DEBUG FXGLAssetLoaderServi - Loading from cache: /assets/textures/
11:10:46.043 [FXGL Background Thread 2 ] DEBUG FXGLAssetLoaderServi - Loading from cache: /assets/textures/MonsterElectricSlime.png
11:10:46.044 [FXGL Background Thread 2 ] DEBUG FXGLAssetLoaderServi - Loading from cache: /assets/textures/
11:10:46.044 [FXGL Background Thread 2 ] DEBUG FXGLAssetLoaderServi - Loading from cache: /assets/textures/MonsterElectricSlime.png
11:10:46.044 [FXGL Background Thread 2 ] DEBUG FXGLAssetLoaderServi - Loading from cache: /assets/textures/
11:10:46.045 [FXGL Background Thread 2 ] DEBUG FXGLAssetLoaderServi - Loading from cache: /assets/textures/
11:10:46.045 [FXGL Background Thread 2 ] DEBUG FXGLAssetLoaderServi - Loading from cache: /assets/textures/
11:10:46.045 [FXGL Background Thread 2 ] DEBUG FXGLAssetLoaderServi - Loading from cache: /assets/textures/
11:10:46.045 [FXGL Background Thread 2 ] DEBUG FXGLAssetLoaderServi - Loading from cache: /assets/textures/
11:10:46.046 [FXGL Background Thread 2 ] DEBUG FXGLAssetLoaderServi - Loading from cache: /assets/textures/
11:10:46.046 [FXGL Background Thread 2 ] DEBUG FXGLAssetLoaderServi - Loading from cache: /assets/textures/
11:10:46.046 [FXGL Background Thread 2 ] DEBUG FXGLAssetLoaderServi - Loading from cache: /assets/textures/
11:10:46.047 [FXGL Background Thread 2 ] DEBUG FXGLAssetLoaderServi - Loading from cache: /assets/textures/
11:10:46.047 [FXGL Background Thread 2 ] DEBUG FXGLAssetLoaderServi - Loading from cache: /assets/textures/
11:10:46.047 [FXGL Background Thread 2 ] DEBUG FXGLAssetLoaderServi - Loading from cache: /assets/textures/
11:10:46.047 [FXGL Background Thread 2 ] DEBUG FXGLAssetLoaderServi - Loading from cache: /assets/textures/
11:10:46.048 [FXGL Background Thread 2 ] DEBUG FXGLAssetLoaderServi - Loading from cache: /assets/textures/MonsterElectricSlime.png
11:10:46.048 [FXGL Background Thread 2 ] DEBUG FXGLAssetLoaderServi - Loading from cache: /assets/textures/
11:10:46.048 [FXGL Background Thread 2 ] DEBUG FXGLAssetLoaderServi - Loading from cache: /assets/textures/
11:10:46.048 [FXGL Background Thread 2 ] DEBUG FXGLAssetLoaderServi - Loading from cache: /assets/textures/
11:10:46.049 [FXGL Background Thread 2 ] DEBUG FXGLAssetLoaderServi - Loading from cache: /assets/textures/
11:10:46.049 [FXGL Background Thread 2 ] DEBUG FXGLAssetLoaderServi - Loading from cache: /assets/textures/
11:10:46.049 [FXGL Background Thread 2 ] DEBUG FXGLAssetLoaderServi - Loading from cache: /assets/textures/
11:10:46.049 [FXGL Background Thread 2 ] DEBUG FXGLAssetLoaderServi - Loading from cache: /assets/textures/
11:10:46.049 [FXGL Background Thread 2 ] DEBUG FXGLAssetLoaderServi - Loading from cache: /assets/textures/
11:10:46.049 [FXGL Background Thread 2 ] DEBUG FXGLAssetLoaderServi - Loading from cache: /assets/textures/
11:10:46.050 [FXGL Background Thread 2 ] DEBUG FXGLAssetLoaderServi - Loading from cache: /assets/textures/
11:10:46.050 [FXGL Background Thread 2 ] DEBUG FXGLAssetLoaderServi - Loading from cache: /assets/textures/
11:10:46.050 [FXGL Background Thread 2 ] DEBUG FXGLAssetLoaderServi - Loading from file system: /assets/textures/TP.png
11:10:46.052 [FXGL Background Thread 2 ] DEBUG GameWorld            - Clearing removable entities
11:10:46.052 [FXGL Background Thread 2 ] DEBUG GameWorld            - Setting level: com.almasb.fxgl.entity.level.Level@163b18b1
11:10:46.135 [FXGL Background Thread 2 ] INFO  FXGLApplication      - Game initialization took: 0,393 sec
11:10:46.136 [JavaFX Application Thread] DEBUG Input                - Clearing active input actions
11:10:46.154 [JavaFX Application Thread] DEBUG GameApplicationServi - Removing overlay from FXGLLoadingScene and adding to GameScene
11:10:46.155 [JavaFX Application Thread] DEBUG MainWindow           - FXGLLoadingScene -> GameScene
11:10:47.054 [FXGL Background Thread 3 ] DEBUG Engine               - Logging environment variables
11:10:47.054 [FXGL Background Thread 3 ] DEBUG Engine               - achievements: []
11:10:47.054 [FXGL Background Thread 3 ] DEBUG Engine               - appIcon: fxgl_icon.png
11:10:47.054 [FXGL Background Thread 3 ] DEBUG Engine               - applicationMode: DEVELOPER
11:10:47.054 [FXGL Background Thread 3 ] DEBUG Engine               - cSSList: [fxgl_dark.css]
11:10:47.054 [FXGL Background Thread 3 ] DEBUG Engine               - configClass: Optional.empty
11:10:47.054 [FXGL Background Thread 3 ] DEBUG Engine               - credits: []
11:10:47.055 [FXGL Background Thread 3 ] DEBUG Engine               - devBBoxColorProperty: ObjectProperty [value: 0xff0000ff]
11:10:47.055 [FXGL Background Thread 3 ] DEBUG Engine               - devEnableDebugCameraProperty: BooleanProperty [value: false]
11:10:47.055 [FXGL Background Thread 3 ] DEBUG Engine               - devSensorColorProperty: ObjectProperty [value: 0xffff00ff]
11:10:47.055 [FXGL Background Thread 3 ] DEBUG Engine               - devShowBBoxProperty: BooleanProperty [value: false]
11:10:47.055 [FXGL Background Thread 3 ] DEBUG Engine               - devShowPositionProperty: BooleanProperty [value: false]
11:10:47.055 [FXGL Background Thread 3 ] DEBUG Engine               - enabledMenuItems: []
11:10:47.055 [FXGL Background Thread 3 ] DEBUG Engine               - engineServices: [class com.almasb.fxgl.app.FXGLApplication$GameApplicationService, class com.almasb.fxgl.app.services.FXGLDialogService, class com.almasb.fxgl.app.services.IOTaskExecutorService, class com.almasb.fxgl.event.EventBusService, class com.almasb.fxgl.io.FileSystemService, class com.almasb.fxgl.localization.LocalizationService, class com.almasb.fxgl.app.services.FXGLAssetLoaderService, class com.almasb.fxgl.app.services.SystemBundleService, class com.almasb.fxgl.profile.SaveLoadService, class com.almasb.fxgl.ui.FXGLUIFactoryServiceProvider, class com.almasb.fxgl.ui.FXGLDialogFactoryServiceProvider, class com.almasb.fxgl.audio.AudioPlayer, class com.almasb.fxgl.notification.impl.NotificationServiceProvider, class com.almasb.fxgl.achievement.AchievementService, class com.almasb.fxgl.cutscene.CutsceneService, class com.almasb.fxgl.minigames.MiniGameService, class com.almasb.fxgl.net.NetService, class com.almasb.fxgl.app.services.UpdaterService, class com.almasb.fxgl.dev.DevService]
11:10:47.055 [FXGL Background Thread 3 ] DEBUG Engine               - fontGame: Abel-Regular.ttf
11:10:47.055 [FXGL Background Thread 3 ] DEBUG Engine               - fontMono: lucida_console.ttf
11:10:47.055 [FXGL Background Thread 3 ] DEBUG Engine               - fontText: Courier-Prime.ttf
11:10:47.055 [FXGL Background Thread 3 ] DEBUG Engine               - fontUI: VarelaRound-Regular.ttf
11:10:47.055 [FXGL Background Thread 3 ] DEBUG Engine               - fullScreen: BooleanProperty [value: false]
11:10:47.055 [FXGL Background Thread 3 ] DEBUG Engine               - gameDifficulty: MEDIUM
11:10:47.055 [FXGL Background Thread 3 ] DEBUG Engine               - gameDifficultyProperty: ObjectProperty [value: MEDIUM]
11:10:47.055 [FXGL Background Thread 3 ] DEBUG Engine               - globalMusicVolume: 0.5
11:10:47.055 [FXGL Background Thread 3 ] DEBUG Engine               - globalMusicVolumeProperty: DoubleProperty [value: 0.5]
11:10:47.055 [FXGL Background Thread 3 ] DEBUG Engine               - globalSoundVolume: 0.5
11:10:47.055 [FXGL Background Thread 3 ] DEBUG Engine               - globalSoundVolumeProperty: DoubleProperty [value: 0.5]
11:10:47.056 [FXGL Background Thread 3 ] DEBUG Engine               - height: 900
11:10:47.056 [FXGL Background Thread 3 ] DEBUG Engine               - isAndroid: false
11:10:47.056 [FXGL Background Thread 3 ] DEBUG Engine               - isBrowser: false
11:10:47.056 [FXGL Background Thread 3 ] DEBUG Engine               - isClickFeedbackEnabled: false
11:10:47.056 [FXGL Background Thread 3 ] DEBUG Engine               - isCloseConfirmation: false
11:10:47.056 [FXGL Background Thread 3 ] DEBUG Engine               - isDesktop: true
11:10:47.056 [FXGL Background Thread 3 ] DEBUG Engine               - isDeveloperMenuEnabled: false
11:10:47.056 [FXGL Background Thread 3 ] DEBUG Engine               - isEntityPreloadEnabled: true
11:10:47.056 [FXGL Background Thread 3 ] DEBUG Engine               - isExperimentalNative: false
11:10:47.056 [FXGL Background Thread 3 ] DEBUG Engine               - isExperimentalTiledLargeMap: false
11:10:47.056 [FXGL Background Thread 3 ] DEBUG Engine               - isFileSystemWriteAllowed: true
11:10:47.056 [FXGL Background Thread 3 ] DEBUG Engine               - isFullScreenAllowed: true
11:10:47.056 [FXGL Background Thread 3 ] DEBUG Engine               - isFullScreenFromStart: false
11:10:47.056 [FXGL Background Thread 3 ] DEBUG Engine               - isGameMenuEnabled: true
11:10:47.056 [FXGL Background Thread 3 ] DEBUG Engine               - isIOS: false
11:10:47.056 [FXGL Background Thread 3 ] DEBUG Engine               - isIntroEnabled: false
11:10:47.057 [FXGL Background Thread 3 ] DEBUG Engine               - isLinux: false
11:10:47.057 [FXGL Background Thread 3 ] DEBUG Engine               - isMac: false
11:10:47.057 [FXGL Background Thread 3 ] DEBUG Engine               - isMainMenuEnabled: true
11:10:47.057 [FXGL Background Thread 3 ] DEBUG Engine               - isManualResizeEnabled: true
11:10:47.057 [FXGL Background Thread 3 ] DEBUG Engine               - isMobile: false
11:10:47.057 [FXGL Background Thread 3 ] DEBUG Engine               - isPreserveResizeRatio: true
11:10:47.057 [FXGL Background Thread 3 ] DEBUG Engine               - isProfilingEnabled: false
11:10:47.057 [FXGL Background Thread 3 ] DEBUG Engine               - isSingleStep: false
11:10:47.057 [FXGL Background Thread 3 ] DEBUG Engine               - isUserProfileEnabled: false
11:10:47.057 [FXGL Background Thread 3 ] DEBUG Engine               - isWindows: true
11:10:47.057 [FXGL Background Thread 3 ] DEBUG Engine               - language: ObjectProperty [value: ENGLISH]
11:10:47.057 [FXGL Background Thread 3 ] DEBUG Engine               - menuKey: ESCAPE
11:10:47.057 [FXGL Background Thread 3 ] DEBUG Engine               - notificationViewClass: class com.almasb.fxgl.notification.view.XboxNotificationView
11:10:47.057 [FXGL Background Thread 3 ] DEBUG Engine               - pixelsPerMeter: 50.0
11:10:47.057 [FXGL Background Thread 3 ] DEBUG Engine               - platform: WINDOWS
11:10:47.057 [FXGL Background Thread 3 ] DEBUG Engine               - profileDir: profiles/
11:10:47.057 [FXGL Background Thread 3 ] DEBUG Engine               - profileName: StringProperty [value: DEFAULT]
11:10:47.057 [FXGL Background Thread 3 ] DEBUG Engine               - randomSeed: -1
11:10:47.057 [FXGL Background Thread 3 ] DEBUG Engine               - runtimeInfo: RuntimeInfo(platform=WINDOWS, version=11.11, build=08.09.2020 18.00)
11:10:47.057 [FXGL Background Thread 3 ] DEBUG Engine               - saveFileExt: sav
11:10:47.057 [FXGL Background Thread 3 ] DEBUG Engine               - sceneFactory: GUI.MySceneFactory@193c4866
11:10:47.057 [FXGL Background Thread 3 ] DEBUG Engine               - secondsIn24h: 60
11:10:47.057 [FXGL Background Thread 3 ] DEBUG Engine               - soundMenuBack: menu/back.wav
11:10:47.057 [FXGL Background Thread 3 ] DEBUG Engine               - soundMenuPress: menu/press.wav
11:10:47.057 [FXGL Background Thread 3 ] DEBUG Engine               - soundMenuSelect: menu/select.wav
11:10:47.058 [FXGL Background Thread 3 ] DEBUG Engine               - soundNotification: core/notification.wav
11:10:47.058 [FXGL Background Thread 3 ] DEBUG Engine               - stageStyle: DECORATED
11:10:47.058 [FXGL Background Thread 3 ] DEBUG Engine               - supportedLanguages: [ENGLISH, FRENCH, GERMAN, HUNGARIAN, RUSSIAN]
11:10:47.058 [FXGL Background Thread 3 ] DEBUG Engine               - title: Slime Conqueror
11:10:47.058 [FXGL Background Thread 3 ] DEBUG Engine               - urlGithub: https://github.com/AlmasB/FXGL
11:10:47.058 [FXGL Background Thread 3 ] DEBUG Engine               - urlLeaderboard: http://fxgl-top.herokuapp.com/
11:10:47.058 [FXGL Background Thread 3 ] DEBUG Engine               - urlPOM: https://raw.githubusercontent.com/AlmasB/FXGL/master/pom.xml
11:10:47.058 [FXGL Background Thread 3 ] DEBUG Engine               - version: v2.2
11:10:47.058 [FXGL Background Thread 3 ] DEBUG Engine               - versionCheckDays: 7
11:10:47.058 [FXGL Background Thread 3 ] DEBUG Engine               - width: 1280
11:10:47.058 [FXGL Background Thread 3 ] DEBUG Engine               - Logging services
11:10:47.058 [FXGL Background Thread 3 ] DEBUG Engine               - class com.almasb.fxgl.app.FXGLApplication$GameApplicationService
11:10:47.058 [FXGL Background Thread 3 ] DEBUG Engine               - class com.almasb.fxgl.app.services.FXGLDialogService
11:10:47.058 [FXGL Background Thread 3 ] DEBUG Engine               - class com.almasb.fxgl.app.services.IOTaskExecutorService
11:10:47.058 [FXGL Background Thread 3 ] DEBUG Engine               - class com.almasb.fxgl.event.EventBusService
11:10:47.058 [FXGL Background Thread 3 ] DEBUG Engine               - class com.almasb.fxgl.io.FileSystemService
11:10:47.058 [FXGL Background Thread 3 ] DEBUG Engine               - class com.almasb.fxgl.localization.LocalizationService
11:10:47.058 [FXGL Background Thread 3 ] DEBUG Engine               - class com.almasb.fxgl.app.services.FXGLAssetLoaderService
11:10:47.058 [FXGL Background Thread 3 ] DEBUG Engine               - class com.almasb.fxgl.app.services.SystemBundleService
11:10:47.058 [FXGL Background Thread 3 ] DEBUG Engine               - class com.almasb.fxgl.profile.SaveLoadService
11:10:47.058 [FXGL Background Thread 3 ] DEBUG Engine               - class com.almasb.fxgl.ui.FXGLUIFactoryServiceProvider
11:10:47.058 [FXGL Background Thread 3 ] DEBUG Engine               - class com.almasb.fxgl.ui.FXGLDialogFactoryServiceProvider
11:10:47.058 [FXGL Background Thread 3 ] DEBUG Engine               - class com.almasb.fxgl.audio.AudioPlayer
11:10:47.058 [FXGL Background Thread 3 ] DEBUG Engine               - class com.almasb.fxgl.notification.impl.NotificationServiceProvider
11:10:47.058 [FXGL Background Thread 3 ] DEBUG Engine               - class com.almasb.fxgl.achievement.AchievementService
11:10:47.058 [FXGL Background Thread 3 ] DEBUG Engine               - class com.almasb.fxgl.cutscene.CutsceneService
11:10:47.058 [FXGL Background Thread 3 ] DEBUG Engine               - class com.almasb.fxgl.minigames.MiniGameService
11:10:47.058 [FXGL Background Thread 3 ] DEBUG Engine               - class com.almasb.fxgl.net.NetService
11:10:47.058 [FXGL Background Thread 3 ] DEBUG Engine               - class com.almasb.fxgl.app.services.UpdaterService
11:10:47.058 [FXGL Background Thread 3 ] DEBUG Engine               - class com.almasb.fxgl.dev.DevService
11:10:51.264 [JavaFX Application Thread] DEBUG LoopRunner           - Stopping loop
11:10:51.265 [JavaFX Application Thread] FATAL FXGLApplication      - Uncaught Exception:
java.lang.ArrayIndexOutOfBoundsException: Index -1 out of bounds for length 21
	at other.components.DelayMonsterAtkComponent.move(DelayMonsterAtkComponent.java:157)
	at other.components.DelayMonsterAtkComponent.onUpdate(DelayMonsterAtkComponent.java:96)
	at com.almasb.fxgl.entity.Entity$ComponentMap.update(Entity.java:56)
	at com.almasb.fxgl.entity.Entity.update(Entity.java:204)
	at com.almasb.fxgl.entity.GameWorld.onUpdate(GameWorld.kt:156)
	at com.almasb.fxgl.app.scene.GameScene.step(GameScene.kt:114)
	at com.almasb.fxgl.app.scene.GameScene.onUpdate(GameScene.kt:110)
	at com.almasb.fxgl.scene.Scene.update(Scene.kt:78)
	at com.almasb.fxgl.app.MainWindow$update$1.invoke(MainWindow.kt:219)
	at com.almasb.fxgl.app.MainWindow$update$1.invoke(MainWindow.kt:40)
	at com.almasb.fxgl.core.fsm.StateMachine.runOnActiveStates(StateMachine.kt:60)
	at com.almasb.fxgl.app.MainWindow.update(MainWindow.kt:219)
	at com.almasb.fxgl.app.FXGLApplication$GameApplicationService.onUpdate(FXGLApplication.kt:400)
	at com.almasb.fxgl.app.Engine.loop(Engine.kt:130)
	at com.almasb.fxgl.app.Engine.access$loop(Engine.kt:24)
	at com.almasb.fxgl.app.Engine$loop$1.invoke(Engine.kt:28)
	at com.almasb.fxgl.app.Engine$loop$1.invoke(Engine.kt:24)
	at com.almasb.fxgl.app.LoopRunner.frame(LoopRunner.kt:86)
	at com.almasb.fxgl.app.LoopRunner.access$frame(LoopRunner.kt:17)
	at com.almasb.fxgl.app.LoopRunner$impl$2$1.handle(LoopRunner.kt:37)
	at javafx.animation.AnimationTimer$AnimationTimerReceiver.lambda$handle$0(AnimationTimer.java:57)
	at java.base/java.security.AccessController.doPrivileged(Native Method)
	at javafx.animation.AnimationTimer$AnimationTimerReceiver.handle(AnimationTimer.java:56)
	at com.sun.scenario.animation.AbstractMasterTimer.timePulseImpl(AbstractMasterTimer.java:357)
	at com.sun.scenario.animation.AbstractMasterTimer$MainLoop.run(AbstractMasterTimer.java:267)
	at com.sun.javafx.tk.quantum.QuantumToolkit.pulse(QuantumToolkit.java:559)
	at com.sun.javafx.tk.quantum.QuantumToolkit.pulse(QuantumToolkit.java:543)
	at com.sun.javafx.tk.quantum.QuantumToolkit.pulseFromQueue(QuantumToolkit.java:536)
	at com.sun.javafx.tk.quantum.QuantumToolkit.lambda$runToolkit$11(QuantumToolkit.java:342)
	at com.sun.glass.ui.InvokeLaterDispatcher$Future.run(InvokeLaterDispatcher.java:96)
	at com.sun.glass.ui.win.WinApplication._runLoop(Native Method)
	at com.sun.glass.ui.win.WinApplication.lambda$runLoop$3(WinApplication.java:174)
	at java.base/java.lang.Thread.run(Thread.java:834)

11:10:51.265 [JavaFX Application Thread] FATAL FXGLApplication      - Application will now exit
11:10:51.281 [JavaFX Application Thread] DEBUG MainWindow           - Push state: ErrorSubScene
11:10:51.281 [JavaFX Application Thread] DEBUG Input                - Clearing active input actions
11:10:51.283 [JavaFX Application Thread] DEBUG GameApplicationServi - Removing overlay from GameScene and adding to ErrorSubScene
11:10:51.283 [JavaFX Application Thread] DEBUG MainWindow           - GameScene -> ErrorSubScene
11:10:52.946 [JavaFX Application Thread] DEBUG FXGLApplication      - Exiting FXGL
11:10:52.947 [JavaFX Application Thread] DEBUG Async                - Shutting down background threads
11:10:52.947 [JavaFX Application Thread] DEBUG MainWindow           - Closing main window
11:10:52.956 [JavaFX Application Thread] DEBUG Logger               - Closing Logger
