16:10:09.644 [main                     ] DEBUG Logger               - Configured Logger
16:10:09.679 [main                     ] DEBUG GameApplication      - Logging settings
Title: Slime Conqueror
Version: v2.2
Width: 1280
Height: 900
Fullscreen: true
Intro: false
Profiling: false
Single step:false
App Mode: DEVELOPER
Menu Key: ESCAPE
Stage Style: DECORATED
Scene Factory: class GUI.MySceneFactory

16:10:10.203 [JavaFX Application Thread] DEBUG FXGLApplication      - Initializing FXGL
16:10:10.227 [JavaFX Application Thread] INFO  Engine               - FXGL-11.11 (08.09.2020 18.00) on WINDOWS (J:14.0.2 FX:14)
16:10:10.227 [JavaFX Application Thread] DEBUG Engine               - JRE Vendor Name: Oracle Corporation
16:10:10.228 [JavaFX Application Thread] DEBUG Engine               - Running on OS: Windows 10 version 10.0
16:10:10.228 [JavaFX Application Thread] DEBUG Engine               - Architecture: amd64
16:10:10.229 [JavaFX Application Thread] INFO  Engine               - Source code and latest versions at: https://github.com/AlmasB/FXGL
16:10:10.229 [JavaFX Application Thread] INFO  Engine               -              Join the FXGL chat at: https://gitter.im/AlmasB/FXGL
16:10:10.362 [JavaFX Application Thread] DEBUG MainWindow           - Creating a JavaFX scene
16:10:10.434 [JavaFX Application Thread] DEBUG MainWindow           - Target settings size: 1280.0 x 900.0
16:10:10.434 [JavaFX Application Thread] DEBUG MainWindow           - Scaled scene size:    1280.0 x 900.0
16:10:10.434 [JavaFX Application Thread] DEBUG MainWindow           - Scaled ratio: (1.0, 1.0)
16:10:10.437 [JavaFX Application Thread] DEBUG MainWindow           - Set initial scene to StartupScene
16:10:10.444 [JavaFX Application Thread] DEBUG MainWindow           - Opening main window
16:10:10.554 [JavaFX Application Thread] DEBUG MainWindow           - Window border size: (16.0, 39.0)
16:10:10.554 [JavaFX Application Thread] DEBUG MainWindow           - Scaled size: 1280.0 x 900.0
16:10:10.556 [JavaFX Application Thread] DEBUG MainWindow           - Scaled ratio: (1.0, 1.0)
16:10:10.556 [JavaFX Application Thread] DEBUG MainWindow           - Scene size: 1280.0 x 900.0
16:10:10.556 [JavaFX Application Thread] DEBUG MainWindow           - Stage size: 1296.0 x 939.0
16:10:10.566 [FXGL Background Thread 1 ] DEBUG Engine               - Initializing environment variables
16:10:10.648 [FXGL Background Thread 1 ] DEBUG GameApplicationServi - Applying CSS: fxgl_dark.css
16:10:10.650 [FXGL Background Thread 1 ] DEBUG FXGLAssetLoaderServi - Loading from file system: /assets/ui/css/fxgl_dark.css
16:10:10.885 [FXGL Background Thread 1 ] DEBUG GameApplicationServi - Initializing application scenes
16:10:10.947 [FXGL Background Thread 1 ] DEBUG GameWorld            - Game world initialized
16:10:11.015 [FXGL Background Thread 1 ] DEBUG PhysicsWorld         - Physics world initialized: appHeight=900, physics.ppm=50,0
16:10:11.017 [FXGL Background Thread 1 ] DEBUG GameScene            - Game scene initialized: 1280x900
16:10:11.427 [FXGL Background Thread 1 ] DEBUG GameApplicationServi - Application scenes initialized
16:10:11.451 [FXGL Background Thread 1 ] DEBUG SystemBundleService  - Loading FXGL system data
16:10:11.458 [FXGL Background Thread 1 ] DEBUG FileSystemAccess     - Reading from: E:\informatique\git\Slime-Conquror\system\fxgl.bundle
16:10:11.465 [FXGL Background Thread 1 ] DEBUG SystemBundleService  - Bundle FXGL: {}
16:10:11.465 [FXGL Background Thread 1 ] DEBUG UpdaterService       - Checking for updates
16:10:11.477 [FXGL Background Thread 4 ] DEBUG FXGLApplication      - Loading fonts
16:10:11.477 [FXGL Background Thread 4 ] DEBUG FXGLAssetLoaderServi - Loading from file system: /assets/ui/fonts/VarelaRound-Regular.ttf
16:10:11.477 [FXGL Background Thread 1 ] DEBUG FXGLApplication      - Loading default localization
16:10:11.478 [FXGL Background Thread 1 ] DEBUG FXGLAssetLoaderServi - Loading from file system: /assets/languages/english.lang
16:10:11.502 [FXGL Background Thread 1 ] INFO  FXGLApplication      - FXGL initialization took: 0,936 sec
16:10:11.513 [JavaFX Application Thread] DEBUG Input                - Registered new binding: HideGUI - H
16:10:11.514 [JavaFX Application Thread] DEBUG Input                - Registered new binding: Up - Z
16:10:11.515 [JavaFX Application Thread] DEBUG Input                - Registered new binding: Down - S
16:10:11.515 [JavaFX Application Thread] DEBUG Input                - Registered new binding: Left - Q
16:10:11.515 [JavaFX Application Thread] DEBUG Input                - Registered new binding: Right - D
16:10:11.515 [JavaFX Application Thread] DEBUG Input                - Registered new binding: Teleport - F
16:10:11.517 [JavaFX Application Thread] DEBUG Input                - Registered new binding: AttackPos - LMB
16:10:11.518 [JavaFX Application Thread] DEBUG Input                - Registered new binding: Attack - I
16:10:11.518 [JavaFX Application Thread] DEBUG FXGLAssetLoaderServi - Loading from file system: /assets/textures/fxgl_icon.png
16:10:11.566 [FXGL Background Thread 4 ] DEBUG FXGLAssetLoaderServi - Loading from file system: /assets/ui/fonts/Abel-Regular.ttf
16:10:11.573 [FXGL Background Thread 4 ] DEBUG FXGLAssetLoaderServi - Loading from file system: /assets/ui/fonts/lucida_console.ttf
16:10:11.585 [JavaFX Application Thread] DEBUG FXGLAssetLoaderServi - Loading from file system: /assets/ui/cursors/fxgl_default.png
16:10:11.586 [FXGL Background Thread 4 ] DEBUG FXGLAssetLoaderServi - Loading from file system: /assets/ui/fonts/Courier-Prime.ttf
16:10:11.591 [JavaFX Application Thread] DEBUG Input                - Registered new binding: Screenshot - P
16:10:11.592 [JavaFX Application Thread] DEBUG Input                - Registered new binding: System info dump - CTRL+9
16:10:11.593 [JavaFX Application Thread] DEBUG Input                - Registered new binding: Restart - CTRL+R
16:10:11.594 [JavaFX Application Thread] DEBUG Input                - Registered new binding: Toggle Debug Camera - CTRL+C
16:10:11.597 [JavaFX Application Thread] DEBUG LoopRunner           - Starting loop
16:10:11.599 [JavaFX Application Thread] DEBUG Input                - Clearing active input actions
16:10:11.608 [JavaFX Application Thread] DEBUG GameApplicationServi - Removing overlay from StartupScene and adding to FXGLMainMenuDummyScene
16:10:11.609 [JavaFX Application Thread] DEBUG MainWindow           - StartupScene -> FXGLMainMenuDummyScene
16:10:11.609 [JavaFX Application Thread] DEBUG MainWindow           - Push state: MyMenu
16:10:11.609 [JavaFX Application Thread] DEBUG Input                - Clearing active input actions
16:10:11.619 [JavaFX Application Thread] DEBUG GameApplicationServi - Removing overlay from FXGLMainMenuDummyScene and adding to MyMenu
16:10:11.621 [JavaFX Application Thread] DEBUG MainWindow           - FXGLMainMenuDummyScene -> MyMenu
16:10:11.622 [JavaFX Application Thread] DEBUG FXGLApplication      - Registering font factories with UI factory
16:10:12.157 [FXGL Background Thread 2 ] INFO  UpdaterService       - Your current version:  11.11
16:10:12.158 [FXGL Background Thread 2 ] INFO  UpdaterService       - Latest stable version: dev-SNAPSHOT
16:10:13.671 [JavaFX Application Thread] DEBUG GameApplicationServi - Starting new game
16:10:13.672 [JavaFX Application Thread] DEBUG MainWindow           - Pop state: MyMenu
16:10:13.672 [JavaFX Application Thread] DEBUG Input                - Clearing active input actions
16:10:13.673 [JavaFX Application Thread] DEBUG GameApplicationServi - Removing overlay from MyMenu and adding to FXGLMainMenuDummyScene
16:10:13.673 [JavaFX Application Thread] DEBUG MainWindow           - FXGLMainMenuDummyScene <- MyMenu
16:10:13.674 [JavaFX Application Thread] DEBUG Input                - Clearing active input actions
16:10:13.679 [JavaFX Application Thread] DEBUG GameApplicationServi - Removing overlay from FXGLMainMenuDummyScene and adding to FXGLLoadingScene
16:10:13.680 [JavaFX Application Thread] DEBUG MainWindow           - FXGLMainMenuDummyScene -> FXGLLoadingScene
16:10:13.680 [JavaFX Application Thread] DEBUG GameApplicationServi - Clearing previous game
16:10:13.680 [JavaFX Application Thread] DEBUG GameScene            - Clearing game scene
16:10:13.680 [JavaFX Application Thread] DEBUG GameWorld            - Clearing game world
16:10:13.680 [JavaFX Application Thread] DEBUG PhysicsWorld         - Clearing physics world
16:10:13.682 [FXGL Background Thread 2 ] DEBUG FXGLApplication      - Initializing game
16:10:13.683 [JavaFX Application Thread] DEBUG LoopRunner           - Stopping loop
16:10:13.684 [JavaFX Application Thread] FATAL FXGLApplication      - Uncaught Exception:
java.lang.RuntimeException: java.lang.reflect.InvocationTargetException
	at javafx.fxml.FXMLLoader$MethodHandler.invoke(FXMLLoader.java:1787)
	at javafx.fxml.FXMLLoader$ControllerMethodEventHandler.handle(FXMLLoader.java:1670)
	at com.sun.javafx.event.CompositeEventHandler.dispatchBubblingEvent(CompositeEventHandler.java:86)
	at com.sun.javafx.event.EventHandlerManager.dispatchBubblingEvent(EventHandlerManager.java:234)
	at com.sun.javafx.event.EventHandlerManager.dispatchBubblingEvent(EventHandlerManager.java:191)
	at com.sun.javafx.event.CompositeEventDispatcher.dispatchBubblingEvent(CompositeEventDispatcher.java:59)
	at com.sun.javafx.event.BasicEventDispatcher.dispatchEvent(BasicEventDispatcher.java:58)
	at com.sun.javafx.event.EventDispatchChainImpl.dispatchEvent(EventDispatchChainImpl.java:114)
	at com.sun.javafx.event.EventUtil.fireEventImpl(EventUtil.java:74)
	at com.sun.javafx.event.EventUtil.fireEvent(EventUtil.java:54)
	at javafx.event.Event.fireEvent(Event.java:198)
	at javafx.scene.Scene$MouseHandler.process(Scene.java:3890)
	at javafx.scene.Scene.processMouseEvent(Scene.java:1885)
	at javafx.scene.Scene$ScenePeerListener.mouseEvent(Scene.java:2618)
	at com.sun.javafx.tk.quantum.GlassViewEventHandler$MouseEventNotification.run(GlassViewEventHandler.java:409)
	at com.sun.javafx.tk.quantum.GlassViewEventHandler$MouseEventNotification.run(GlassViewEventHandler.java:299)
	at java.base/java.security.AccessController.doPrivileged(AccessController.java:391)
	at com.sun.javafx.tk.quantum.GlassViewEventHandler.lambda$handleMouseEvent$2(GlassViewEventHandler.java:447)
	at com.sun.javafx.tk.quantum.QuantumToolkit.runWithoutRenderLock(QuantumToolkit.java:412)
	at com.sun.javafx.tk.quantum.GlassViewEventHandler.handleMouseEvent(GlassViewEventHandler.java:446)
	at com.sun.glass.ui.View.handleMouseEvent(View.java:556)
	at com.sun.glass.ui.View.notifyMouse(View.java:942)
	at com.sun.glass.ui.win.WinApplication._runLoop(Native Method)
	at com.sun.glass.ui.win.WinApplication.lambda$runLoop$3(WinApplication.java:174)
	at java.base/java.lang.Thread.run(Thread.java:832)
Caused by: java.lang.reflect.InvocationTargetException
	at jdk.internal.reflect.GeneratedMethodAccessor4.invoke(Unknown Source)
	at java.base/jdk.internal.reflect.DelegatingMethodAccessorImpl.invoke(DelegatingMethodAccessorImpl.java:43)
	at java.base/java.lang.reflect.Method.invoke(Method.java:564)
	at com.sun.javafx.reflect.Trampoline.invoke(MethodUtil.java:76)
	at jdk.internal.reflect.GeneratedMethodAccessor3.invoke(Unknown Source)
	at java.base/jdk.internal.reflect.DelegatingMethodAccessorImpl.invoke(DelegatingMethodAccessorImpl.java:43)
	at java.base/java.lang.reflect.Method.invoke(Method.java:564)
	at com.sun.javafx.reflect.MethodUtil.invoke(MethodUtil.java:273)
	at com.sun.javafx.fxml.MethodHelper.invoke(MethodHelper.java:83)
	at javafx.fxml.FXMLLoader$MethodHandler.invoke(FXMLLoader.java:1784)
	... 24 more
Caused by: java.lang.NullPointerException: Cannot invoke "javafx.scene.Scene.getWindow()" because the return value of "javafx.scene.control.Label.getScene()" is null
	at GUI.MyMainMenuController.closeRequest(MyMainMenuController.java:51)
	... 34 more

16:10:13.684 [JavaFX Application Thread] FATAL FXGLApplication      - Application will now exit
16:10:13.708 [JavaFX Application Thread] DEBUG MainWindow           - Push state: ErrorSubScene
16:10:13.708 [JavaFX Application Thread] DEBUG Input                - Clearing active input actions
16:10:13.712 [JavaFX Application Thread] DEBUG GameApplicationServi - Removing overlay from FXGLLoadingScene and adding to ErrorSubScene
16:10:13.712 [JavaFX Application Thread] DEBUG MainWindow           - FXGLLoadingScene -> ErrorSubScene
16:10:14.474 [FXGL Background Thread 3 ] DEBUG Engine               - Logging environment variables
16:10:14.477 [FXGL Background Thread 3 ] DEBUG Engine               - achievements: []
16:10:14.477 [FXGL Background Thread 3 ] DEBUG Engine               - appIcon: fxgl_icon.png
16:10:14.477 [FXGL Background Thread 3 ] DEBUG Engine               - applicationMode: DEVELOPER
16:10:14.477 [FXGL Background Thread 3 ] DEBUG Engine               - cSSList: [fxgl_dark.css]
16:10:14.477 [FXGL Background Thread 3 ] DEBUG Engine               - configClass: Optional.empty
16:10:14.477 [FXGL Background Thread 3 ] DEBUG Engine               - credits: []
16:10:14.478 [FXGL Background Thread 3 ] DEBUG Engine               - devBBoxColorProperty: ObjectProperty [value: 0xff0000ff]
16:10:14.478 [FXGL Background Thread 3 ] DEBUG Engine               - devEnableDebugCameraProperty: BooleanProperty [value: false]
16:10:14.478 [FXGL Background Thread 3 ] DEBUG Engine               - devSensorColorProperty: ObjectProperty [value: 0xffff00ff]
16:10:14.478 [FXGL Background Thread 3 ] DEBUG Engine               - devShowBBoxProperty: BooleanProperty [value: false]
16:10:14.478 [FXGL Background Thread 3 ] DEBUG Engine               - devShowPositionProperty: BooleanProperty [value: false]
16:10:14.478 [FXGL Background Thread 3 ] DEBUG Engine               - enabledMenuItems: []
16:10:14.479 [FXGL Background Thread 3 ] DEBUG Engine               - engineServices: [class com.almasb.fxgl.app.FXGLApplication$GameApplicationService, class com.almasb.fxgl.app.services.FXGLDialogService, class com.almasb.fxgl.app.services.IOTaskExecutorService, class com.almasb.fxgl.event.EventBusService, class com.almasb.fxgl.io.FileSystemService, class com.almasb.fxgl.localization.LocalizationService, class com.almasb.fxgl.app.services.FXGLAssetLoaderService, class com.almasb.fxgl.app.services.SystemBundleService, class com.almasb.fxgl.profile.SaveLoadService, class com.almasb.fxgl.ui.FXGLUIFactoryServiceProvider, class com.almasb.fxgl.ui.FXGLDialogFactoryServiceProvider, class com.almasb.fxgl.audio.AudioPlayer, class com.almasb.fxgl.notification.impl.NotificationServiceProvider, class com.almasb.fxgl.achievement.AchievementService, class com.almasb.fxgl.cutscene.CutsceneService, class com.almasb.fxgl.minigames.MiniGameService, class com.almasb.fxgl.net.NetService, class com.almasb.fxgl.app.services.UpdaterService, class com.almasb.fxgl.dev.DevService]
16:10:14.479 [FXGL Background Thread 3 ] DEBUG Engine               - fontGame: Abel-Regular.ttf
16:10:14.479 [FXGL Background Thread 3 ] DEBUG Engine               - fontMono: lucida_console.ttf
16:10:14.479 [FXGL Background Thread 3 ] DEBUG Engine               - fontText: Courier-Prime.ttf
16:10:14.479 [FXGL Background Thread 3 ] DEBUG Engine               - fontUI: VarelaRound-Regular.ttf
16:10:14.479 [FXGL Background Thread 3 ] DEBUG Engine               - fullScreen: BooleanProperty [value: false]
16:10:14.479 [FXGL Background Thread 3 ] DEBUG Engine               - gameDifficulty: MEDIUM
16:10:14.479 [FXGL Background Thread 3 ] DEBUG Engine               - gameDifficultyProperty: ObjectProperty [value: MEDIUM]
16:10:14.480 [FXGL Background Thread 3 ] DEBUG Engine               - globalMusicVolume: 0.5
16:10:14.480 [FXGL Background Thread 3 ] DEBUG Engine               - globalMusicVolumeProperty: DoubleProperty [value: 0.5]
16:10:14.480 [FXGL Background Thread 3 ] DEBUG Engine               - globalSoundVolume: 0.5
16:10:14.480 [FXGL Background Thread 3 ] DEBUG Engine               - globalSoundVolumeProperty: DoubleProperty [value: 0.5]
16:10:14.480 [FXGL Background Thread 3 ] DEBUG Engine               - height: 900
16:10:14.481 [FXGL Background Thread 3 ] DEBUG Engine               - isAndroid: false
16:10:14.481 [FXGL Background Thread 3 ] DEBUG Engine               - isBrowser: false
16:10:14.481 [FXGL Background Thread 3 ] DEBUG Engine               - isClickFeedbackEnabled: false
16:10:14.481 [FXGL Background Thread 3 ] DEBUG Engine               - isCloseConfirmation: false
16:10:14.481 [FXGL Background Thread 3 ] DEBUG Engine               - isDesktop: true
16:10:14.481 [FXGL Background Thread 3 ] DEBUG Engine               - isDeveloperMenuEnabled: false
16:10:14.481 [FXGL Background Thread 3 ] DEBUG Engine               - isEntityPreloadEnabled: true
16:10:14.481 [FXGL Background Thread 3 ] DEBUG Engine               - isExperimentalNative: false
16:10:14.481 [FXGL Background Thread 3 ] DEBUG Engine               - isExperimentalTiledLargeMap: false
16:10:14.481 [FXGL Background Thread 3 ] DEBUG Engine               - isFileSystemWriteAllowed: true
16:10:14.482 [FXGL Background Thread 3 ] DEBUG Engine               - isFullScreenAllowed: true
16:10:14.482 [FXGL Background Thread 3 ] DEBUG Engine               - isFullScreenFromStart: false
16:10:14.482 [FXGL Background Thread 3 ] DEBUG Engine               - isGameMenuEnabled: true
16:10:14.482 [FXGL Background Thread 3 ] DEBUG Engine               - isIOS: false
16:10:14.482 [FXGL Background Thread 3 ] DEBUG Engine               - isIntroEnabled: false
16:10:14.482 [FXGL Background Thread 3 ] DEBUG Engine               - isLinux: false
16:10:14.482 [FXGL Background Thread 3 ] DEBUG Engine               - isMac: false
16:10:14.482 [FXGL Background Thread 3 ] DEBUG Engine               - isMainMenuEnabled: true
16:10:14.483 [FXGL Background Thread 3 ] DEBUG Engine               - isManualResizeEnabled: true
16:10:14.483 [FXGL Background Thread 3 ] DEBUG Engine               - isMobile: false
16:10:14.483 [FXGL Background Thread 3 ] DEBUG Engine               - isPreserveResizeRatio: true
16:10:14.483 [FXGL Background Thread 3 ] DEBUG Engine               - isProfilingEnabled: false
16:10:14.483 [FXGL Background Thread 3 ] DEBUG Engine               - isSingleStep: false
16:10:14.483 [FXGL Background Thread 3 ] DEBUG Engine               - isUserProfileEnabled: false
16:10:14.483 [FXGL Background Thread 3 ] DEBUG Engine               - isWindows: true
16:10:14.483 [FXGL Background Thread 3 ] DEBUG Engine               - language: ObjectProperty [value: ENGLISH]
16:10:14.483 [FXGL Background Thread 3 ] DEBUG Engine               - menuKey: ESCAPE
16:10:14.483 [FXGL Background Thread 3 ] DEBUG Engine               - notificationViewClass: class com.almasb.fxgl.notification.view.XboxNotificationView
16:10:14.484 [FXGL Background Thread 3 ] DEBUG Engine               - pixelsPerMeter: 50.0
16:10:14.484 [FXGL Background Thread 3 ] DEBUG Engine               - platform: WINDOWS
16:10:14.484 [FXGL Background Thread 3 ] DEBUG Engine               - profileDir: profiles/
16:10:14.484 [FXGL Background Thread 3 ] DEBUG Engine               - profileName: StringProperty [value: DEFAULT]
16:10:14.484 [FXGL Background Thread 3 ] DEBUG Engine               - randomSeed: -1
16:10:14.484 [FXGL Background Thread 3 ] DEBUG Engine               - runtimeInfo: RuntimeInfo(platform=WINDOWS, version=11.11, build=08.09.2020 18.00)
16:10:14.484 [FXGL Background Thread 3 ] DEBUG Engine               - saveFileExt: sav
16:10:14.485 [FXGL Background Thread 3 ] DEBUG Engine               - sceneFactory: GUI.MySceneFactory@6f3943ce
16:10:14.485 [FXGL Background Thread 3 ] DEBUG Engine               - secondsIn24h: 60
16:10:14.485 [FXGL Background Thread 3 ] DEBUG Engine               - soundMenuBack: menu/back.wav
16:10:14.485 [FXGL Background Thread 3 ] DEBUG Engine               - soundMenuPress: menu/press.wav
16:10:14.485 [FXGL Background Thread 3 ] DEBUG Engine               - soundMenuSelect: menu/select.wav
16:10:14.485 [FXGL Background Thread 3 ] DEBUG Engine               - soundNotification: core/notification.wav
16:10:14.485 [FXGL Background Thread 3 ] DEBUG Engine               - stageStyle: DECORATED
16:10:14.485 [FXGL Background Thread 3 ] DEBUG Engine               - supportedLanguages: [ENGLISH, FRENCH, GERMAN, HUNGARIAN, RUSSIAN]
16:10:14.485 [FXGL Background Thread 3 ] DEBUG Engine               - title: Slime Conqueror
16:10:14.485 [FXGL Background Thread 3 ] DEBUG Engine               - urlGithub: https://github.com/AlmasB/FXGL
16:10:14.486 [FXGL Background Thread 3 ] DEBUG Engine               - urlLeaderboard: http://fxgl-top.herokuapp.com/
16:10:14.486 [FXGL Background Thread 3 ] DEBUG Engine               - urlPOM: https://raw.githubusercontent.com/AlmasB/FXGL/master/pom.xml
16:10:14.486 [FXGL Background Thread 3 ] DEBUG Engine               - version: v2.2
16:10:14.486 [FXGL Background Thread 3 ] DEBUG Engine               - versionCheckDays: 7
16:10:14.486 [FXGL Background Thread 3 ] DEBUG Engine               - width: 1280
16:10:14.486 [FXGL Background Thread 3 ] DEBUG Engine               - Logging services
16:10:14.486 [FXGL Background Thread 3 ] DEBUG Engine               - class com.almasb.fxgl.app.FXGLApplication$GameApplicationService
16:10:14.486 [FXGL Background Thread 3 ] DEBUG Engine               - class com.almasb.fxgl.app.services.FXGLDialogService
16:10:14.487 [FXGL Background Thread 3 ] DEBUG Engine               - class com.almasb.fxgl.app.services.IOTaskExecutorService
16:10:14.487 [FXGL Background Thread 3 ] DEBUG Engine               - class com.almasb.fxgl.event.EventBusService
16:10:14.488 [FXGL Background Thread 3 ] DEBUG Engine               - class com.almasb.fxgl.io.FileSystemService
16:10:14.488 [FXGL Background Thread 3 ] DEBUG Engine               - class com.almasb.fxgl.localization.LocalizationService
16:10:14.488 [FXGL Background Thread 3 ] DEBUG Engine               - class com.almasb.fxgl.app.services.FXGLAssetLoaderService
16:10:14.488 [FXGL Background Thread 3 ] DEBUG Engine               - class com.almasb.fxgl.app.services.SystemBundleService
16:10:14.489 [FXGL Background Thread 3 ] DEBUG Engine               - class com.almasb.fxgl.profile.SaveLoadService
16:10:14.489 [FXGL Background Thread 3 ] DEBUG Engine               - class com.almasb.fxgl.ui.FXGLUIFactoryServiceProvider
16:10:14.489 [FXGL Background Thread 3 ] DEBUG Engine               - class com.almasb.fxgl.ui.FXGLDialogFactoryServiceProvider
16:10:14.490 [FXGL Background Thread 3 ] DEBUG Engine               - class com.almasb.fxgl.audio.AudioPlayer
16:10:14.490 [FXGL Background Thread 3 ] DEBUG Engine               - class com.almasb.fxgl.notification.impl.NotificationServiceProvider
16:10:14.490 [FXGL Background Thread 3 ] DEBUG Engine               - class com.almasb.fxgl.achievement.AchievementService
16:10:14.490 [FXGL Background Thread 3 ] DEBUG Engine               - class com.almasb.fxgl.cutscene.CutsceneService
16:10:14.490 [FXGL Background Thread 3 ] DEBUG Engine               - class com.almasb.fxgl.minigames.MiniGameService
16:10:14.490 [FXGL Background Thread 3 ] DEBUG Engine               - class com.almasb.fxgl.net.NetService
16:10:14.490 [FXGL Background Thread 3 ] DEBUG Engine               - class com.almasb.fxgl.app.services.UpdaterService
16:10:14.490 [FXGL Background Thread 3 ] DEBUG Engine               - class com.almasb.fxgl.dev.DevService
16:10:16.341 [JavaFX Application Thread] DEBUG FXGLApplication      - Exiting FXGL
16:10:16.342 [JavaFX Application Thread] DEBUG Async                - Shutting down background threads
16:10:16.342 [JavaFX Application Thread] DEBUG MainWindow           - Closing main window
16:10:16.381 [JavaFX Application Thread] DEBUG Logger               - Closing Logger
