16:08:20.009 [main                     ] DEBUG Logger               - Configured Logger
16:08:20.061 [main                     ] DEBUG GameApplication      - Logging settings
Title: Slime Conqueror
Version: v2.2
Width: 1280
Height: 900
Fullscreen: true
Intro: false
Profiling: false
Single step:false
App Mode: DEVELOPER
Menu Key: ESCAPE
Stage Style: DECORATED
Scene Factory: class GUI.MySceneFactory

16:08:21.483 [JavaFX Application Thread] DEBUG FXGLApplication      - Initializing FXGL
16:08:21.500 [JavaFX Application Thread] INFO  Engine               - FXGL-11.11 (08.09.2020 18.00) on WINDOWS (J:14.0.2 FX:14)
16:08:21.500 [JavaFX Application Thread] DEBUG Engine               - JRE Vendor Name: Oracle Corporation
16:08:21.501 [JavaFX Application Thread] DEBUG Engine               - Running on OS: Windows 10 version 10.0
16:08:21.501 [JavaFX Application Thread] DEBUG Engine               - Architecture: amd64
16:08:21.501 [JavaFX Application Thread] INFO  Engine               - Source code and latest versions at: https://github.com/AlmasB/FXGL
16:08:21.502 [JavaFX Application Thread] INFO  Engine               -              Join the FXGL chat at: https://gitter.im/AlmasB/FXGL
16:08:21.724 [JavaFX Application Thread] DEBUG MainWindow           - Creating a JavaFX scene
16:08:21.724 [JavaFX Application Thread] DEBUG MainWindow           - Target size > screen size
16:08:21.904 [JavaFX Application Thread] DEBUG MainWindow           - Target settings size: 1280.0 x 900.0
16:08:21.904 [JavaFX Application Thread] DEBUG MainWindow           - Scaled scene size:    1203.0 x 863.0
16:08:21.905 [JavaFX Application Thread] DEBUG MainWindow           - Scaled ratio: (0.93984375, 0.9588888888888889)
16:08:21.906 [JavaFX Application Thread] DEBUG MainWindow           - Set initial scene to StartupScene
16:08:21.920 [JavaFX Application Thread] DEBUG MainWindow           - Opening main window
16:08:22.076 [JavaFX Application Thread] DEBUG MainWindow           - Window border size: (14.5999755859375, 37.79998779296875)
16:08:22.076 [JavaFX Application Thread] DEBUG MainWindow           - Scaled size: 1203.0 x 863.0
16:08:22.076 [JavaFX Application Thread] DEBUG MainWindow           - Scaled ratio: (0.93984375, 0.93984375)
16:08:22.077 [JavaFX Application Thread] DEBUG MainWindow           - Scene size: 1203.0 x 863.0
16:08:22.077 [JavaFX Application Thread] DEBUG MainWindow           - Stage size: 1217.5999755859375 x 900.7999877929688
16:08:22.091 [FXGL Background Thread 1 ] DEBUG Engine               - Initializing environment variables
16:08:22.137 [FXGL Background Thread 1 ] DEBUG GameApplicationServi - Applying CSS: fxgl_dark.css
16:08:22.138 [FXGL Background Thread 1 ] DEBUG FXGLAssetLoaderServi - Loading from file system: /assets/ui/css/fxgl_dark.css
16:08:22.267 [FXGL Background Thread 1 ] DEBUG GameApplicationServi - Initializing application scenes
16:08:22.428 [FXGL Background Thread 1 ] DEBUG GameWorld            - Game world initialized
16:08:22.598 [FXGL Background Thread 1 ] DEBUG PhysicsWorld         - Physics world initialized: appHeight=900, physics.ppm=50,0
16:08:22.602 [FXGL Background Thread 1 ] DEBUG GameScene            - Game scene initialized: 1280x900
16:08:23.153 [FXGL Background Thread 1 ] DEBUG GameApplicationServi - Application scenes initialized
16:08:23.187 [FXGL Background Thread 1 ] DEBUG SystemBundleService  - Loading FXGL system data
16:08:23.193 [FXGL Background Thread 1 ] DEBUG FileSystemAccess     - Reading from: C:\Users\Araksio\eclipse-workspace\Slime-Conqueror\system\fxgl.bundle
16:08:23.204 [FXGL Background Thread 1 ] DEBUG SystemBundleService  - Bundle FXGL: {}
16:08:23.204 [FXGL Background Thread 1 ] DEBUG UpdaterService       - Checking for updates
16:08:23.213 [FXGL Background Thread 4 ] DEBUG FXGLApplication      - Loading fonts
16:08:23.214 [FXGL Background Thread 4 ] DEBUG FXGLAssetLoaderServi - Loading from file system: /assets/ui/fonts/VarelaRound-Regular.ttf
16:08:23.214 [FXGL Background Thread 1 ] DEBUG FXGLApplication      - Loading default localization
16:08:23.214 [FXGL Background Thread 1 ] DEBUG FXGLAssetLoaderServi - Loading from file system: /assets/languages/english.lang
16:08:23.244 [FXGL Background Thread 1 ] INFO  FXGLApplication      - FXGL initialization took: 1,153 sec
16:08:23.265 [JavaFX Application Thread] DEBUG Input                - Registered new binding: HideGUI - H
16:08:23.265 [JavaFX Application Thread] DEBUG Input                - Registered new binding: Up - Z
16:08:23.266 [JavaFX Application Thread] DEBUG Input                - Registered new binding: Down - S
16:08:23.267 [JavaFX Application Thread] DEBUG Input                - Registered new binding: Left - Q
16:08:23.267 [JavaFX Application Thread] DEBUG Input                - Registered new binding: Right - D
16:08:23.267 [JavaFX Application Thread] DEBUG Input                - Registered new binding: Teleport - F
16:08:23.270 [JavaFX Application Thread] DEBUG Input                - Registered new binding: AttackPos - LMB
16:08:23.270 [JavaFX Application Thread] DEBUG Input                - Registered new binding: Attack - I
16:08:23.270 [JavaFX Application Thread] DEBUG FXGLAssetLoaderServi - Loading from file system: /assets/textures/fxgl_icon.png
16:08:23.336 [FXGL Background Thread 4 ] DEBUG FXGLAssetLoaderServi - Loading from file system: /assets/ui/fonts/Abel-Regular.ttf
16:08:23.341 [FXGL Background Thread 4 ] DEBUG FXGLAssetLoaderServi - Loading from file system: /assets/ui/fonts/lucida_console.ttf
16:08:23.342 [JavaFX Application Thread] DEBUG FXGLAssetLoaderServi - Loading from file system: /assets/ui/cursors/fxgl_default.png
16:08:23.347 [JavaFX Application Thread] DEBUG Input                - Registered new binding: Screenshot - P
16:08:23.348 [JavaFX Application Thread] DEBUG Input                - Registered new binding: System info dump - CTRL+9
16:08:23.349 [JavaFX Application Thread] DEBUG Input                - Registered new binding: Restart - CTRL+R
16:08:23.351 [JavaFX Application Thread] DEBUG Input                - Registered new binding: Toggle Debug Camera - CTRL+C
16:08:23.353 [FXGL Background Thread 4 ] DEBUG FXGLAssetLoaderServi - Loading from file system: /assets/ui/fonts/Courier-Prime.ttf
16:08:23.355 [JavaFX Application Thread] DEBUG LoopRunner           - Starting loop
16:08:23.362 [JavaFX Application Thread] DEBUG Input                - Clearing active input actions
16:08:23.377 [JavaFX Application Thread] DEBUG GameApplicationServi - Removing overlay from StartupScene and adding to FXGLMainMenuDummyScene
16:08:23.378 [JavaFX Application Thread] DEBUG MainWindow           - StartupScene -> FXGLMainMenuDummyScene
16:08:23.378 [JavaFX Application Thread] DEBUG MainWindow           - Push state: MyMenu
16:08:23.379 [JavaFX Application Thread] DEBUG Input                - Clearing active input actions
16:08:23.398 [JavaFX Application Thread] DEBUG GameApplicationServi - Removing overlay from FXGLMainMenuDummyScene and adding to MyMenu
16:08:23.399 [JavaFX Application Thread] DEBUG MainWindow           - FXGLMainMenuDummyScene -> MyMenu
16:08:23.399 [JavaFX Application Thread] DEBUG FXGLApplication      - Registering font factories with UI factory
16:08:24.190 [FXGL Background Thread 2 ] INFO  UpdaterService       - Your current version:  11.11
16:08:24.191 [FXGL Background Thread 2 ] INFO  UpdaterService       - Latest stable version: dev-SNAPSHOT
16:08:26.212 [FXGL Background Thread 3 ] DEBUG Engine               - Logging environment variables
16:08:26.213 [FXGL Background Thread 3 ] DEBUG Engine               - achievements: []
16:08:26.213 [FXGL Background Thread 3 ] DEBUG Engine               - appIcon: fxgl_icon.png
16:08:26.214 [FXGL Background Thread 3 ] DEBUG Engine               - applicationMode: DEVELOPER
16:08:26.214 [FXGL Background Thread 3 ] DEBUG Engine               - cSSList: [fxgl_dark.css]
16:08:26.215 [FXGL Background Thread 3 ] DEBUG Engine               - configClass: Optional.empty
16:08:26.215 [FXGL Background Thread 3 ] DEBUG Engine               - credits: []
16:08:26.216 [FXGL Background Thread 3 ] DEBUG Engine               - devBBoxColorProperty: ObjectProperty [value: 0xff0000ff]
16:08:26.216 [FXGL Background Thread 3 ] DEBUG Engine               - devEnableDebugCameraProperty: BooleanProperty [value: false]
16:08:26.216 [FXGL Background Thread 3 ] DEBUG Engine               - devSensorColorProperty: ObjectProperty [value: 0xffff00ff]
16:08:26.217 [FXGL Background Thread 3 ] DEBUG Engine               - devShowBBoxProperty: BooleanProperty [value: false]
16:08:26.217 [FXGL Background Thread 3 ] DEBUG Engine               - devShowPositionProperty: BooleanProperty [value: false]
16:08:26.217 [FXGL Background Thread 3 ] DEBUG Engine               - enabledMenuItems: []
16:08:26.217 [FXGL Background Thread 3 ] DEBUG Engine               - engineServices: [class com.almasb.fxgl.app.FXGLApplication$GameApplicationService, class com.almasb.fxgl.app.services.FXGLDialogService, class com.almasb.fxgl.app.services.IOTaskExecutorService, class com.almasb.fxgl.event.EventBusService, class com.almasb.fxgl.io.FileSystemService, class com.almasb.fxgl.localization.LocalizationService, class com.almasb.fxgl.app.services.FXGLAssetLoaderService, class com.almasb.fxgl.app.services.SystemBundleService, class com.almasb.fxgl.profile.SaveLoadService, class com.almasb.fxgl.ui.FXGLUIFactoryServiceProvider, class com.almasb.fxgl.ui.FXGLDialogFactoryServiceProvider, class com.almasb.fxgl.audio.AudioPlayer, class com.almasb.fxgl.notification.impl.NotificationServiceProvider, class com.almasb.fxgl.achievement.AchievementService, class com.almasb.fxgl.cutscene.CutsceneService, class com.almasb.fxgl.minigames.MiniGameService, class com.almasb.fxgl.net.NetService, class com.almasb.fxgl.app.services.UpdaterService, class com.almasb.fxgl.dev.DevService]
16:08:26.218 [FXGL Background Thread 3 ] DEBUG Engine               - fontGame: Abel-Regular.ttf
16:08:26.218 [FXGL Background Thread 3 ] DEBUG Engine               - fontMono: lucida_console.ttf
16:08:26.218 [FXGL Background Thread 3 ] DEBUG Engine               - fontText: Courier-Prime.ttf
16:08:26.218 [FXGL Background Thread 3 ] DEBUG Engine               - fontUI: VarelaRound-Regular.ttf
16:08:26.219 [FXGL Background Thread 3 ] DEBUG Engine               - fullScreen: BooleanProperty [value: false]
16:08:26.219 [FXGL Background Thread 3 ] DEBUG Engine               - gameDifficulty: MEDIUM
16:08:26.219 [FXGL Background Thread 3 ] DEBUG Engine               - gameDifficultyProperty: ObjectProperty [value: MEDIUM]
16:08:26.219 [FXGL Background Thread 3 ] DEBUG Engine               - globalMusicVolume: 0.5
16:08:26.220 [FXGL Background Thread 3 ] DEBUG Engine               - globalMusicVolumeProperty: DoubleProperty [value: 0.5]
16:08:26.220 [FXGL Background Thread 3 ] DEBUG Engine               - globalSoundVolume: 0.5
16:08:26.220 [FXGL Background Thread 3 ] DEBUG Engine               - globalSoundVolumeProperty: DoubleProperty [value: 0.5]
16:08:26.220 [FXGL Background Thread 3 ] DEBUG Engine               - height: 900
16:08:26.220 [FXGL Background Thread 3 ] DEBUG Engine               - isAndroid: false
16:08:26.221 [FXGL Background Thread 3 ] DEBUG Engine               - isBrowser: false
16:08:26.221 [FXGL Background Thread 3 ] DEBUG Engine               - isClickFeedbackEnabled: false
16:08:26.221 [FXGL Background Thread 3 ] DEBUG Engine               - isCloseConfirmation: false
16:08:26.221 [FXGL Background Thread 3 ] DEBUG Engine               - isDesktop: true
16:08:26.221 [FXGL Background Thread 3 ] DEBUG Engine               - isDeveloperMenuEnabled: false
16:08:26.222 [FXGL Background Thread 3 ] DEBUG Engine               - isEntityPreloadEnabled: true
16:08:26.222 [FXGL Background Thread 3 ] DEBUG Engine               - isExperimentalNative: false
16:08:26.222 [FXGL Background Thread 3 ] DEBUG Engine               - isExperimentalTiledLargeMap: false
16:08:26.223 [FXGL Background Thread 3 ] DEBUG Engine               - isFileSystemWriteAllowed: true
16:08:26.223 [FXGL Background Thread 3 ] DEBUG Engine               - isFullScreenAllowed: true
16:08:26.223 [FXGL Background Thread 3 ] DEBUG Engine               - isFullScreenFromStart: false
16:08:26.224 [FXGL Background Thread 3 ] DEBUG Engine               - isGameMenuEnabled: true
16:08:26.224 [FXGL Background Thread 3 ] DEBUG Engine               - isIOS: false
16:08:26.224 [FXGL Background Thread 3 ] DEBUG Engine               - isIntroEnabled: false
16:08:26.224 [FXGL Background Thread 3 ] DEBUG Engine               - isLinux: false
16:08:26.225 [FXGL Background Thread 3 ] DEBUG Engine               - isMac: false
16:08:26.225 [FXGL Background Thread 3 ] DEBUG Engine               - isMainMenuEnabled: true
16:08:26.225 [FXGL Background Thread 3 ] DEBUG Engine               - isManualResizeEnabled: true
16:08:26.226 [FXGL Background Thread 3 ] DEBUG Engine               - isMobile: false
16:08:26.226 [FXGL Background Thread 3 ] DEBUG Engine               - isPreserveResizeRatio: true
16:08:26.226 [FXGL Background Thread 3 ] DEBUG Engine               - isProfilingEnabled: false
16:08:26.227 [FXGL Background Thread 3 ] DEBUG Engine               - isSingleStep: false
16:08:26.227 [FXGL Background Thread 3 ] DEBUG Engine               - isUserProfileEnabled: false
16:08:26.227 [FXGL Background Thread 3 ] DEBUG Engine               - isWindows: true
16:08:26.227 [FXGL Background Thread 3 ] DEBUG Engine               - language: ObjectProperty [value: ENGLISH]
16:08:26.228 [FXGL Background Thread 3 ] DEBUG Engine               - menuKey: ESCAPE
16:08:26.228 [FXGL Background Thread 3 ] DEBUG Engine               - notificationViewClass: class com.almasb.fxgl.notification.view.XboxNotificationView
16:08:26.229 [FXGL Background Thread 3 ] DEBUG Engine               - pixelsPerMeter: 50.0
16:08:26.229 [FXGL Background Thread 3 ] DEBUG Engine               - platform: WINDOWS
16:08:26.229 [FXGL Background Thread 3 ] DEBUG Engine               - profileDir: profiles/
16:08:26.230 [FXGL Background Thread 3 ] DEBUG Engine               - profileName: StringProperty [value: DEFAULT]
16:08:26.230 [FXGL Background Thread 3 ] DEBUG Engine               - randomSeed: -1
16:08:26.230 [FXGL Background Thread 3 ] DEBUG Engine               - runtimeInfo: RuntimeInfo(platform=WINDOWS, version=11.11, build=08.09.2020 18.00)
16:08:26.231 [FXGL Background Thread 3 ] DEBUG Engine               - saveFileExt: sav
16:08:26.231 [FXGL Background Thread 3 ] DEBUG Engine               - sceneFactory: GUI.MySceneFactory@60f7e690
16:08:26.232 [FXGL Background Thread 3 ] DEBUG Engine               - secondsIn24h: 60
16:08:26.232 [FXGL Background Thread 3 ] DEBUG Engine               - soundMenuBack: menu/back.wav
16:08:26.232 [FXGL Background Thread 3 ] DEBUG Engine               - soundMenuPress: menu/press.wav
16:08:26.233 [FXGL Background Thread 3 ] DEBUG Engine               - soundMenuSelect: menu/select.wav
16:08:26.233 [FXGL Background Thread 3 ] DEBUG Engine               - soundNotification: core/notification.wav
16:08:26.233 [FXGL Background Thread 3 ] DEBUG Engine               - stageStyle: DECORATED
16:08:26.233 [FXGL Background Thread 3 ] DEBUG Engine               - supportedLanguages: [ENGLISH, FRENCH, GERMAN, HUNGARIAN, RUSSIAN]
16:08:26.234 [FXGL Background Thread 3 ] DEBUG Engine               - title: Slime Conqueror
16:08:26.234 [FXGL Background Thread 3 ] DEBUG Engine               - urlGithub: https://github.com/AlmasB/FXGL
16:08:26.234 [FXGL Background Thread 3 ] DEBUG Engine               - urlLeaderboard: http://fxgl-top.herokuapp.com/
16:08:26.235 [FXGL Background Thread 3 ] DEBUG Engine               - urlPOM: https://raw.githubusercontent.com/AlmasB/FXGL/master/pom.xml
16:08:26.235 [FXGL Background Thread 3 ] DEBUG Engine               - version: v2.2
16:08:26.235 [FXGL Background Thread 3 ] DEBUG Engine               - versionCheckDays: 7
16:08:26.236 [FXGL Background Thread 3 ] DEBUG Engine               - width: 1280
16:08:26.236 [FXGL Background Thread 3 ] DEBUG Engine               - Logging services
16:08:26.236 [FXGL Background Thread 3 ] DEBUG Engine               - class com.almasb.fxgl.app.FXGLApplication$GameApplicationService
16:08:26.236 [FXGL Background Thread 3 ] DEBUG Engine               - class com.almasb.fxgl.app.services.FXGLDialogService
16:08:26.236 [FXGL Background Thread 3 ] DEBUG Engine               - class com.almasb.fxgl.app.services.IOTaskExecutorService
16:08:26.237 [FXGL Background Thread 3 ] DEBUG Engine               - class com.almasb.fxgl.event.EventBusService
16:08:26.237 [FXGL Background Thread 3 ] DEBUG Engine               - class com.almasb.fxgl.io.FileSystemService
16:08:26.237 [FXGL Background Thread 3 ] DEBUG Engine               - class com.almasb.fxgl.localization.LocalizationService
16:08:26.238 [FXGL Background Thread 3 ] DEBUG Engine               - class com.almasb.fxgl.app.services.FXGLAssetLoaderService
16:08:26.238 [FXGL Background Thread 3 ] DEBUG Engine               - class com.almasb.fxgl.app.services.SystemBundleService
16:08:26.238 [FXGL Background Thread 3 ] DEBUG Engine               - class com.almasb.fxgl.profile.SaveLoadService
16:08:26.238 [FXGL Background Thread 3 ] DEBUG Engine               - class com.almasb.fxgl.ui.FXGLUIFactoryServiceProvider
16:08:26.239 [FXGL Background Thread 3 ] DEBUG Engine               - class com.almasb.fxgl.ui.FXGLDialogFactoryServiceProvider
16:08:26.239 [FXGL Background Thread 3 ] DEBUG Engine               - class com.almasb.fxgl.audio.AudioPlayer
16:08:26.239 [FXGL Background Thread 3 ] DEBUG Engine               - class com.almasb.fxgl.notification.impl.NotificationServiceProvider
16:08:26.239 [FXGL Background Thread 3 ] DEBUG Engine               - class com.almasb.fxgl.achievement.AchievementService
16:08:26.240 [FXGL Background Thread 3 ] DEBUG Engine               - class com.almasb.fxgl.cutscene.CutsceneService
16:08:26.240 [FXGL Background Thread 3 ] DEBUG Engine               - class com.almasb.fxgl.minigames.MiniGameService
16:08:26.240 [FXGL Background Thread 3 ] DEBUG Engine               - class com.almasb.fxgl.net.NetService
16:08:26.241 [FXGL Background Thread 3 ] DEBUG Engine               - class com.almasb.fxgl.app.services.UpdaterService
16:08:26.241 [FXGL Background Thread 3 ] DEBUG Engine               - class com.almasb.fxgl.dev.DevService
16:08:26.918 [JavaFX Application Thread] DEBUG GameApplicationServi - Starting new game
16:08:26.919 [JavaFX Application Thread] DEBUG MainWindow           - Pop state: MyMenu
16:08:26.919 [JavaFX Application Thread] DEBUG Input                - Clearing active input actions
16:08:26.921 [JavaFX Application Thread] DEBUG GameApplicationServi - Removing overlay from MyMenu and adding to FXGLMainMenuDummyScene
16:08:26.922 [JavaFX Application Thread] DEBUG MainWindow           - FXGLMainMenuDummyScene <- MyMenu
16:08:26.923 [JavaFX Application Thread] DEBUG Input                - Clearing active input actions
16:08:26.948 [JavaFX Application Thread] DEBUG GameApplicationServi - Removing overlay from FXGLMainMenuDummyScene and adding to FXGLLoadingScene
16:08:26.950 [JavaFX Application Thread] DEBUG MainWindow           - FXGLMainMenuDummyScene -> FXGLLoadingScene
16:08:26.951 [JavaFX Application Thread] DEBUG GameApplicationServi - Clearing previous game
16:08:26.951 [JavaFX Application Thread] DEBUG GameScene            - Clearing game scene
16:08:26.952 [JavaFX Application Thread] DEBUG GameWorld            - Clearing game world
16:08:26.952 [JavaFX Application Thread] DEBUG PhysicsWorld         - Clearing physics world
16:08:26.955 [FXGL Background Thread 2 ] DEBUG FXGLApplication      - Initializing game
16:08:26.988 [FXGL Background Thread 2 ] DEBUG FXGLAssetLoaderServi - Loading from file system: /assets/levels/map_level0.txt
16:08:27.000 [FXGL Background Thread 2 ] DEBUG FXGLAssetLoaderServi - Loading from file system: /assets/textures/murGauche.png
16:08:27.018 [FXGL Background Thread 2 ] DEBUG FXGLAssetLoaderServi - Loading from cache: /assets/textures/murGauche.png
16:08:27.019 [FXGL Background Thread 2 ] DEBUG FXGLAssetLoaderServi - Loading from cache: /assets/textures/murGauche.png
16:08:27.020 [FXGL Background Thread 2 ] DEBUG FXGLAssetLoaderServi - Loading from cache: /assets/textures/murGauche.png
16:08:27.021 [FXGL Background Thread 2 ] DEBUG FXGLAssetLoaderServi - Loading from cache: /assets/textures/murGauche.png
16:08:27.022 [FXGL Background Thread 2 ] DEBUG FXGLAssetLoaderServi - Loading from cache: /assets/textures/murGauche.png
16:08:27.023 [FXGL Background Thread 2 ] DEBUG FXGLAssetLoaderServi - Loading from cache: /assets/textures/murGauche.png
16:08:27.025 [FXGL Background Thread 2 ] DEBUG FXGLAssetLoaderServi - Loading from cache: /assets/textures/murGauche.png
16:08:27.026 [FXGL Background Thread 2 ] DEBUG FXGLAssetLoaderServi - Loading from cache: /assets/textures/murGauche.png
16:08:27.027 [FXGL Background Thread 2 ] DEBUG FXGLAssetLoaderServi - Loading from cache: /assets/textures/murGauche.png
16:08:27.028 [FXGL Background Thread 2 ] DEBUG FXGLAssetLoaderServi - Loading from cache: /assets/textures/murGauche.png
16:08:27.029 [FXGL Background Thread 2 ] DEBUG FXGLAssetLoaderServi - Loading from cache: /assets/textures/murGauche.png
16:08:27.034 [FXGL Background Thread 2 ] DEBUG FXGLAssetLoaderServi - Loading from cache: /assets/textures/murGauche.png
16:08:27.036 [FXGL Background Thread 2 ] DEBUG FXGLAssetLoaderServi - Loading from cache: /assets/textures/murGauche.png
16:08:27.037 [FXGL Background Thread 2 ] DEBUG FXGLAssetLoaderServi - Loading from cache: /assets/textures/murGauche.png
16:08:27.046 [FXGL Background Thread 2 ] DEBUG FXGLAssetLoaderServi - Loading from cache: /assets/textures/murGauche.png
16:08:27.047 [FXGL Background Thread 2 ] DEBUG FXGLAssetLoaderServi - Loading from cache: /assets/textures/murGauche.png
16:08:27.048 [FXGL Background Thread 2 ] DEBUG FXGLAssetLoaderServi - Loading from cache: /assets/textures/murGauche.png
16:08:27.048 [FXGL Background Thread 2 ] DEBUG FXGLAssetLoaderServi - Loading from cache: /assets/textures/murGauche.png
16:08:27.049 [FXGL Background Thread 2 ] DEBUG FXGLAssetLoaderServi - Loading from cache: /assets/textures/murGauche.png
16:08:27.050 [FXGL Background Thread 2 ] DEBUG FXGLAssetLoaderServi - Loading from cache: /assets/textures/murGauche.png
16:08:27.051 [FXGL Background Thread 2 ] DEBUG FXGLAssetLoaderServi - Loading from cache: /assets/textures/murGauche.png
16:08:27.074 [FXGL Background Thread 2 ] DEBUG FXGLAssetLoaderServi - Loading from cache: /assets/textures/murGauche.png
16:08:27.076 [FXGL Background Thread 2 ] DEBUG FXGLAssetLoaderServi - Loading from cache: /assets/textures/murGauche.png
16:08:27.077 [FXGL Background Thread 2 ] DEBUG FXGLAssetLoaderServi - Loading from cache: /assets/textures/murGauche.png
16:08:27.079 [FXGL Background Thread 2 ] DEBUG FXGLAssetLoaderServi - Loading from cache: /assets/textures/murGauche.png
16:08:27.081 [FXGL Background Thread 2 ] DEBUG FXGLAssetLoaderServi - Loading from cache: /assets/textures/murGauche.png
16:08:27.084 [FXGL Background Thread 2 ] DEBUG FXGLAssetLoaderServi - Loading from cache: /assets/textures/murGauche.png
16:08:27.085 [FXGL Background Thread 2 ] DEBUG FXGLAssetLoaderServi - Loading from cache: /assets/textures/murGauche.png
16:08:27.086 [FXGL Background Thread 2 ] DEBUG FXGLAssetLoaderServi - Loading from cache: /assets/textures/murGauche.png
16:08:27.087 [FXGL Background Thread 2 ] DEBUG FXGLAssetLoaderServi - Loading from cache: /assets/textures/murGauche.png
16:08:27.088 [FXGL Background Thread 2 ] DEBUG FXGLAssetLoaderServi - Loading from cache: /assets/textures/murGauche.png
16:08:27.090 [FXGL Background Thread 2 ] DEBUG FXGLAssetLoaderServi - Loading from cache: /assets/textures/murGauche.png
16:08:27.091 [FXGL Background Thread 2 ] DEBUG FXGLAssetLoaderServi - Loading from cache: /assets/textures/murGauche.png
16:08:27.093 [FXGL Background Thread 2 ] DEBUG FXGLAssetLoaderServi - Loading from cache: /assets/textures/murGauche.png
16:08:27.095 [FXGL Background Thread 2 ] DEBUG FXGLAssetLoaderServi - Loading from cache: /assets/textures/murGauche.png
16:08:27.098 [FXGL Background Thread 2 ] DEBUG FXGLAssetLoaderServi - Loading from cache: /assets/textures/murGauche.png
16:08:27.099 [FXGL Background Thread 2 ] DEBUG FXGLAssetLoaderServi - Loading from cache: /assets/textures/murGauche.png
16:08:27.101 [FXGL Background Thread 2 ] DEBUG FXGLAssetLoaderServi - Loading from cache: /assets/textures/murGauche.png
16:08:27.102 [FXGL Background Thread 2 ] DEBUG FXGLAssetLoaderServi - Loading from cache: /assets/textures/murGauche.png
16:08:27.103 [FXGL Background Thread 2 ] DEBUG FXGLAssetLoaderServi - Loading from cache: /assets/textures/murGauche.png
16:08:27.105 [FXGL Background Thread 2 ] DEBUG FXGLAssetLoaderServi - Loading from cache: /assets/textures/murGauche.png
16:08:27.106 [FXGL Background Thread 2 ] DEBUG FXGLAssetLoaderServi - Loading from cache: /assets/textures/murGauche.png
16:08:27.108 [FXGL Background Thread 2 ] DEBUG FXGLAssetLoaderServi - Loading from cache: /assets/textures/murGauche.png
16:08:27.126 [FXGL Background Thread 2 ] DEBUG FXGLAssetLoaderServi - Loading from cache: /assets/textures/murGauche.png
16:08:27.128 [FXGL Background Thread 2 ] DEBUG FXGLAssetLoaderServi - Loading from cache: /assets/textures/murGauche.png
16:08:27.129 [FXGL Background Thread 2 ] DEBUG FXGLAssetLoaderServi - Loading from cache: /assets/textures/murGauche.png
16:08:27.133 [FXGL Background Thread 2 ] DEBUG FXGLAssetLoaderServi - Loading from cache: /assets/textures/murGauche.png
16:08:27.137 [FXGL Background Thread 2 ] DEBUG FXGLAssetLoaderServi - Loading from file system: /assets/textures/murDroite.png
16:08:27.143 [FXGL Background Thread 2 ] DEBUG FXGLAssetLoaderServi - Loading from cache: /assets/textures/murDroite.png
16:08:27.144 [FXGL Background Thread 2 ] DEBUG FXGLAssetLoaderServi - Loading from cache: /assets/textures/murDroite.png
16:08:27.145 [FXGL Background Thread 2 ] DEBUG FXGLAssetLoaderServi - Loading from cache: /assets/textures/murDroite.png
16:08:27.146 [FXGL Background Thread 2 ] DEBUG FXGLAssetLoaderServi - Loading from cache: /assets/textures/murDroite.png
16:08:27.149 [FXGL Background Thread 2 ] DEBUG FXGLAssetLoaderServi - Loading from cache: /assets/textures/murDroite.png
16:08:27.154 [FXGL Background Thread 2 ] DEBUG FXGLAssetLoaderServi - Loading from cache: /assets/textures/murDroite.png
16:08:27.156 [FXGL Background Thread 2 ] DEBUG FXGLAssetLoaderServi - Loading from cache: /assets/textures/murDroite.png
16:08:27.158 [FXGL Background Thread 2 ] DEBUG FXGLAssetLoaderServi - Loading from cache: /assets/textures/murDroite.png
16:08:27.165 [FXGL Background Thread 2 ] DEBUG FXGLAssetLoaderServi - Loading from cache: /assets/textures/murGauche.png
16:08:27.169 [FXGL Background Thread 2 ] DEBUG FXGLAssetLoaderServi - Loading from cache: /assets/textures/murGauche.png
16:08:27.170 [FXGL Background Thread 2 ] DEBUG FXGLAssetLoaderServi - Loading from cache: /assets/textures/murGauche.png
16:08:27.198 [FXGL Background Thread 2 ] DEBUG FXGLAssetLoaderServi - Loading from cache: /assets/textures/murGauche.png
16:08:27.205 [FXGL Background Thread 2 ] DEBUG FXGLAssetLoaderServi - Loading from file system: /assets/textures/TP.png
16:08:27.242 [FXGL Background Thread 2 ] DEBUG FXGLAssetLoaderServi - Loading from cache: /assets/textures/murGauche.png
16:08:27.245 [FXGL Background Thread 2 ] DEBUG FXGLAssetLoaderServi - Loading from cache: /assets/textures/murGauche.png
16:08:27.247 [FXGL Background Thread 2 ] DEBUG FXGLAssetLoaderServi - Loading from cache: /assets/textures/murGauche.png
16:08:27.278 [FXGL Background Thread 2 ] DEBUG FXGLAssetLoaderServi - Loading from cache: /assets/textures/murGauche.png
16:08:27.281 [FXGL Background Thread 2 ] DEBUG FXGLAssetLoaderServi - Loading from cache: /assets/textures/murGauche.png
16:08:27.283 [FXGL Background Thread 2 ] DEBUG FXGLAssetLoaderServi - Loading from cache: /assets/textures/murGauche.png
16:08:27.286 [FXGL Background Thread 2 ] DEBUG FXGLAssetLoaderServi - Loading from cache: /assets/textures/murGauche.png
16:08:27.290 [FXGL Background Thread 2 ] DEBUG FXGLAssetLoaderServi - Loading from cache: /assets/textures/murGauche.png
16:08:27.292 [FXGL Background Thread 2 ] DEBUG FXGLAssetLoaderServi - Loading from cache: /assets/textures/murGauche.png
16:08:27.313 [JavaFX Application Thread] DEBUG LoopRunner           - Stopping loop
16:08:27.319 [JavaFX Application Thread] FATAL FXGLApplication      - Uncaught Exception:
java.lang.RuntimeException: Initialization failed
	at com.almasb.fxgl.app.FXGLApplication$InitAppTask.failed(FXGLApplication.kt:324)
	at javafx.concurrent.Task.setState(Task.java:710)
	at javafx.concurrent.Task$TaskCallable.lambda$call$2(Task.java:1455)
	at com.sun.javafx.application.PlatformImpl.lambda$runLater$10(PlatformImpl.java:428)
	at java.base/java.security.AccessController.doPrivileged(AccessController.java:391)
	at com.sun.javafx.application.PlatformImpl.lambda$runLater$11(PlatformImpl.java:427)
	at com.sun.glass.ui.InvokeLaterDispatcher$Future.run(InvokeLaterDispatcher.java:96)
	at com.sun.glass.ui.win.WinApplication._runLoop(Native Method)
	at com.sun.glass.ui.win.WinApplication.lambda$runLoop$3(WinApplication.java:174)
	at java.base/java.lang.Thread.run(Thread.java:832)
Caused by: java.lang.Error: Unresolved compilation problem: 
	This method must return a result of type Entity

	at game.and.map.GameFactory.newMonster(GameFactory.java:138)
	at java.base/jdk.internal.reflect.NativeMethodAccessorImpl.invoke0(Native Method)
	at java.base/jdk.internal.reflect.NativeMethodAccessorImpl.invoke(NativeMethodAccessorImpl.java:62)
	at java.base/jdk.internal.reflect.DelegatingMethodAccessorImpl.invoke(DelegatingMethodAccessorImpl.java:43)
	at java.base/java.lang.reflect.Method.invoke(Method.java:564)
	at com.almasb.fxgl.core.reflect.ReflectionUtils.call(ReflectionUtils.java:104)
	at com.almasb.fxgl.core.reflect.ReflectionUtils.lambda$mapToFunction$3(ReflectionUtils.java:111)
	at com.almasb.fxgl.entity.GameWorld$create$2.invoke(GameWorld.kt:402)
	at com.almasb.fxgl.entity.GameWorld$create$2.invoke(GameWorld.kt:35)
	at com.almasb.fxgl.core.util.DSLKt.tryCatchRoot(DSL.kt:34)
	at com.almasb.fxgl.entity.GameWorld.create(GameWorld.kt:402)
	at com.almasb.fxgl.entity.level.text.TextLevelLoader.load(TextLevelLoader.kt:41)
	at com.almasb.fxgl.app.services.FXGLAssetLoaderService.loadLevel(FXGLAssetLoaderService.kt:276)
	at game.and.map.GameApp.initGame(GameApp.java:804)
	at com.almasb.fxgl.app.FXGLApplication$InitAppTask.initGame(FXGLApplication.kt:320)
	at com.almasb.fxgl.app.FXGLApplication$InitAppTask.call(FXGLApplication.kt:300)
	at com.almasb.fxgl.app.FXGLApplication$InitAppTask.call(FXGLApplication.kt:292)
	at javafx.concurrent.Task$TaskCallable.call(Task.java:1425)
	at java.base/java.util.concurrent.FutureTask.run(FutureTask.java:264)
	at java.base/java.util.concurrent.Executors$RunnableAdapter.call(Executors.java:515)
	at java.base/java.util.concurrent.FutureTask.run(FutureTask.java:264)
	at java.base/java.util.concurrent.ThreadPoolExecutor.runWorker(ThreadPoolExecutor.java:1130)
	at java.base/java.util.concurrent.ThreadPoolExecutor$Worker.run(ThreadPoolExecutor.java:630)
	... 1 more

16:08:27.321 [JavaFX Application Thread] FATAL FXGLApplication      - Application will now exit
16:08:27.372 [JavaFX Application Thread] DEBUG MainWindow           - Push state: ErrorSubScene
16:08:27.373 [JavaFX Application Thread] DEBUG Input                - Clearing active input actions
16:08:27.379 [JavaFX Application Thread] DEBUG GameApplicationServi - Removing overlay from FXGLLoadingScene and adding to ErrorSubScene
16:08:27.380 [JavaFX Application Thread] DEBUG MainWindow           - FXGLLoadingScene -> ErrorSubScene
16:08:29.120 [JavaFX Application Thread] DEBUG FXGLApplication      - Exiting FXGL
16:08:29.121 [JavaFX Application Thread] DEBUG Async                - Shutting down background threads
16:08:29.121 [JavaFX Application Thread] DEBUG MainWindow           - Closing main window
16:08:29.157 [JavaFX Application Thread] DEBUG Logger               - Closing Logger
