19:29:31.405 [main                     ] DEBUG Logger               - Configured Logger
19:29:31.433 [main                     ] DEBUG GameApplication      - Logging settings
Title: Slime Conqueror
Version: v2.2
Width: 1280
Height: 900
Fullscreen: true
Intro: false
Profiling: false
Single step:false
App Mode: DEVELOPER
Menu Key: ESCAPE
Stage Style: DECORATED
Scene Factory: class GUI.MySceneFactory

19:29:31.856 [JavaFX Application Thread] DEBUG FXGLApplication      - Initializing FXGL
19:29:31.865 [JavaFX Application Thread] INFO  Engine               - FXGL-11.11 (08.09.2020 18.00) on WINDOWS (J:11.0.8 FX:14)
19:29:31.866 [JavaFX Application Thread] DEBUG Engine               - JRE Vendor Name: Oracle Corporation
19:29:31.866 [JavaFX Application Thread] DEBUG Engine               - Running on OS: Windows 10 version 10.0
19:29:31.866 [JavaFX Application Thread] DEBUG Engine               - Architecture: amd64
19:29:31.866 [JavaFX Application Thread] INFO  Engine               - Source code and latest versions at: https://github.com/AlmasB/FXGL
19:29:31.866 [JavaFX Application Thread] INFO  Engine               -              Join the FXGL chat at: https://gitter.im/AlmasB/FXGL
19:29:32.002 [JavaFX Application Thread] DEBUG MainWindow           - Creating a JavaFX scene
19:29:32.089 [JavaFX Application Thread] DEBUG MainWindow           - Target settings size: 1280.0 x 900.0
19:29:32.089 [JavaFX Application Thread] DEBUG MainWindow           - Scaled scene size:    1280.0 x 900.0
19:29:32.089 [JavaFX Application Thread] DEBUG MainWindow           - Scaled ratio: (1.0, 1.0)
19:29:32.091 [JavaFX Application Thread] DEBUG MainWindow           - Set initial scene to StartupScene
19:29:32.100 [JavaFX Application Thread] DEBUG MainWindow           - Opening main window
19:29:32.197 [JavaFX Application Thread] DEBUG MainWindow           - Window border size: (16.0, 39.0)
19:29:32.197 [JavaFX Application Thread] DEBUG MainWindow           - Scaled size: 1280.0 x 900.0
19:29:32.197 [JavaFX Application Thread] DEBUG MainWindow           - Scaled ratio: (1.0, 1.0)
19:29:32.197 [JavaFX Application Thread] DEBUG MainWindow           - Scene size: 1280.0 x 900.0
19:29:32.197 [JavaFX Application Thread] DEBUG MainWindow           - Stage size: 1296.0 x 939.0
19:29:32.204 [FXGL Background Thread 1 ] DEBUG Engine               - Initializing environment variables
19:29:32.237 [FXGL Background Thread 1 ] DEBUG GameApplicationServi - Applying CSS: fxgl_dark.css
19:29:32.238 [FXGL Background Thread 1 ] DEBUG FXGLAssetLoaderServi - Loading from file system: /assets/ui/css/fxgl_dark.css
19:29:32.284 [FXGL Background Thread 1 ] DEBUG GameApplicationServi - Initializing application scenes
19:29:32.352 [FXGL Background Thread 1 ] DEBUG GameWorld            - Game world initialized
19:29:32.405 [FXGL Background Thread 1 ] DEBUG PhysicsWorld         - Physics world initialized: appHeight=900, physics.ppm=50.0
19:29:32.406 [FXGL Background Thread 1 ] DEBUG GameScene            - Game scene initialized: 1280x900
19:29:32.723 [FXGL Background Thread 1 ] DEBUG GameApplicationServi - Application scenes initialized
19:29:32.739 [FXGL Background Thread 1 ] DEBUG SystemBundleService  - Loading FXGL system data
19:29:32.744 [FXGL Background Thread 1 ] DEBUG FileSystemAccess     - Reading from: C:\Users\Gaël\workspace\4.7\Slime-Conquror\system\fxgl.bundle
19:29:32.750 [FXGL Background Thread 1 ] DEBUG SystemBundleService  - Bundle FXGL: {}
19:29:32.750 [FXGL Background Thread 1 ] DEBUG UpdaterService       - Checking for updates
19:29:32.754 [FXGL Background Thread 4 ] DEBUG FXGLApplication      - Loading fonts
19:29:32.755 [FXGL Background Thread 4 ] DEBUG FXGLAssetLoaderServi - Loading from file system: /assets/ui/fonts/VarelaRound-Regular.ttf
19:29:32.755 [FXGL Background Thread 1 ] DEBUG FXGLApplication      - Loading default localization
19:29:32.755 [FXGL Background Thread 1 ] DEBUG FXGLAssetLoaderServi - Loading from file system: /assets/languages/english.lang
19:29:32.778 [FXGL Background Thread 1 ] INFO  FXGLApplication      - FXGL initialization took: 0.573 sec
19:29:32.795 [JavaFX Application Thread] DEBUG Input                - Registered new binding: HideGUI - H
19:29:32.796 [JavaFX Application Thread] DEBUG Input                - Registered new binding: Up - Z
19:29:32.796 [JavaFX Application Thread] DEBUG Input                - Registered new binding: Down - S
19:29:32.796 [JavaFX Application Thread] DEBUG Input                - Registered new binding: Left - Q
19:29:32.796 [JavaFX Application Thread] DEBUG Input                - Registered new binding: Right - D
19:29:32.796 [JavaFX Application Thread] DEBUG Input                - Registered new binding: Teleport - F
19:29:32.797 [JavaFX Application Thread] DEBUG Input                - Registered new binding: AttackPos - LMB
19:29:32.797 [JavaFX Application Thread] DEBUG Input                - Registered new binding: Attack - I
19:29:32.798 [JavaFX Application Thread] DEBUG FXGLAssetLoaderServi - Loading from file system: /assets/textures/fxgl_icon.png
19:29:32.832 [JavaFX Application Thread] DEBUG FXGLAssetLoaderServi - Loading from file system: /assets/ui/cursors/fxgl_default.png
19:29:32.835 [JavaFX Application Thread] DEBUG Input                - Registered new binding: Screenshot - P
19:29:32.836 [JavaFX Application Thread] DEBUG Input                - Registered new binding: System info dump - CTRL+9
19:29:32.836 [JavaFX Application Thread] DEBUG Input                - Registered new binding: Restart - CTRL+R
19:29:32.837 [JavaFX Application Thread] DEBUG Input                - Registered new binding: Toggle Debug Camera - CTRL+C
19:29:32.839 [JavaFX Application Thread] DEBUG LoopRunner           - Starting loop
19:29:32.842 [JavaFX Application Thread] DEBUG Input                - Clearing active input actions
19:29:32.850 [JavaFX Application Thread] DEBUG GameApplicationServi - Removing overlay from StartupScene and adding to FXGLMainMenuDummyScene
19:29:32.850 [JavaFX Application Thread] DEBUG MainWindow           - StartupScene -> FXGLMainMenuDummyScene
19:29:32.850 [JavaFX Application Thread] DEBUG MainWindow           - Push state: MyMenu
19:29:32.851 [JavaFX Application Thread] DEBUG Input                - Clearing active input actions
19:29:32.867 [JavaFX Application Thread] DEBUG GameApplicationServi - Removing overlay from FXGLMainMenuDummyScene and adding to MyMenu
19:29:32.868 [JavaFX Application Thread] DEBUG MainWindow           - FXGLMainMenuDummyScene -> MyMenu
19:29:33.247 [FXGL Background Thread 4 ] DEBUG FXGLAssetLoaderServi - Loading from file system: /assets/ui/fonts/Abel-Regular.ttf
19:29:33.252 [FXGL Background Thread 4 ] DEBUG FXGLAssetLoaderServi - Loading from file system: /assets/ui/fonts/lucida_console.ttf
19:29:33.257 [FXGL Background Thread 4 ] DEBUG FXGLAssetLoaderServi - Loading from file system: /assets/ui/fonts/Courier-Prime.ttf
19:29:33.262 [JavaFX Application Thread] DEBUG FXGLApplication      - Registering font factories with UI factory
19:29:33.350 [JavaFX Application Thread] DEBUG GameApplicationServi - Starting new game
19:29:33.351 [JavaFX Application Thread] DEBUG MainWindow           - Pop state: MyMenu
19:29:33.351 [JavaFX Application Thread] DEBUG Input                - Clearing active input actions
19:29:33.353 [JavaFX Application Thread] DEBUG GameApplicationServi - Removing overlay from MyMenu and adding to FXGLMainMenuDummyScene
19:29:33.353 [JavaFX Application Thread] DEBUG MainWindow           - FXGLMainMenuDummyScene <- MyMenu
19:29:33.353 [JavaFX Application Thread] DEBUG Input                - Clearing active input actions
19:29:33.361 [JavaFX Application Thread] DEBUG GameApplicationServi - Removing overlay from FXGLMainMenuDummyScene and adding to FXGLLoadingScene
19:29:33.361 [JavaFX Application Thread] DEBUG MainWindow           - FXGLMainMenuDummyScene -> FXGLLoadingScene
19:29:33.361 [JavaFX Application Thread] DEBUG GameApplicationServi - Clearing previous game
19:29:33.362 [JavaFX Application Thread] DEBUG GameScene            - Clearing game scene
19:29:33.362 [JavaFX Application Thread] DEBUG GameWorld            - Clearing game world
19:29:33.362 [JavaFX Application Thread] DEBUG PhysicsWorld         - Clearing physics world
19:29:33.375 [FXGL Background Thread 4 ] DEBUG FXGLApplication      - Initializing game
19:29:33.515 [FXGL Background Thread 2 ] INFO  UpdaterService       - Your current version:  11.11
19:29:33.562 [FXGL Background Thread 2 ] INFO  UpdaterService       - Latest stable version: dev-SNAPSHOT
19:29:35.753 [FXGL Background Thread 3 ] DEBUG Engine               - Logging environment variables
19:29:35.755 [FXGL Background Thread 3 ] DEBUG Engine               - achievements: []
19:29:35.755 [FXGL Background Thread 3 ] DEBUG Engine               - appIcon: fxgl_icon.png
19:29:35.755 [FXGL Background Thread 3 ] DEBUG Engine               - applicationMode: DEVELOPER
19:29:35.755 [FXGL Background Thread 3 ] DEBUG Engine               - cSSList: [fxgl_dark.css]
19:29:35.756 [FXGL Background Thread 3 ] DEBUG Engine               - configClass: Optional.empty
19:29:35.756 [FXGL Background Thread 3 ] DEBUG Engine               - credits: []
19:29:35.759 [FXGL Background Thread 3 ] DEBUG Engine               - devBBoxColorProperty: ObjectProperty [value: 0xff0000ff]
19:29:35.759 [FXGL Background Thread 3 ] DEBUG Engine               - devEnableDebugCameraProperty: BooleanProperty [value: false]
19:29:35.759 [FXGL Background Thread 3 ] DEBUG Engine               - devSensorColorProperty: ObjectProperty [value: 0xffff00ff]
19:29:35.759 [FXGL Background Thread 3 ] DEBUG Engine               - devShowBBoxProperty: BooleanProperty [value: false]
19:29:35.759 [FXGL Background Thread 3 ] DEBUG Engine               - devShowPositionProperty: BooleanProperty [value: false]
19:29:35.759 [FXGL Background Thread 3 ] DEBUG Engine               - enabledMenuItems: []
19:29:35.760 [FXGL Background Thread 3 ] DEBUG Engine               - engineServices: [class com.almasb.fxgl.app.FXGLApplication$GameApplicationService, class com.almasb.fxgl.app.services.FXGLDialogService, class com.almasb.fxgl.app.services.IOTaskExecutorService, class com.almasb.fxgl.event.EventBusService, class com.almasb.fxgl.io.FileSystemService, class com.almasb.fxgl.localization.LocalizationService, class com.almasb.fxgl.app.services.FXGLAssetLoaderService, class com.almasb.fxgl.app.services.SystemBundleService, class com.almasb.fxgl.profile.SaveLoadService, class com.almasb.fxgl.ui.FXGLUIFactoryServiceProvider, class com.almasb.fxgl.ui.FXGLDialogFactoryServiceProvider, class com.almasb.fxgl.audio.AudioPlayer, class com.almasb.fxgl.notification.impl.NotificationServiceProvider, class com.almasb.fxgl.achievement.AchievementService, class com.almasb.fxgl.cutscene.CutsceneService, class com.almasb.fxgl.minigames.MiniGameService, class com.almasb.fxgl.net.NetService, class com.almasb.fxgl.app.services.UpdaterService, class com.almasb.fxgl.dev.DevService]
19:29:35.760 [FXGL Background Thread 3 ] DEBUG Engine               - fontGame: Abel-Regular.ttf
19:29:35.760 [FXGL Background Thread 3 ] DEBUG Engine               - fontMono: lucida_console.ttf
19:29:35.760 [FXGL Background Thread 3 ] DEBUG Engine               - fontText: Courier-Prime.ttf
19:29:35.760 [FXGL Background Thread 3 ] DEBUG Engine               - fontUI: VarelaRound-Regular.ttf
19:29:35.760 [FXGL Background Thread 3 ] DEBUG Engine               - fullScreen: BooleanProperty [value: false]
19:29:35.760 [FXGL Background Thread 3 ] DEBUG Engine               - gameDifficulty: MEDIUM
19:29:35.760 [FXGL Background Thread 3 ] DEBUG Engine               - gameDifficultyProperty: ObjectProperty [value: MEDIUM]
19:29:35.760 [FXGL Background Thread 3 ] DEBUG Engine               - globalMusicVolume: 0.5
19:29:35.760 [FXGL Background Thread 3 ] DEBUG Engine               - globalMusicVolumeProperty: DoubleProperty [value: 0.5]
19:29:35.760 [FXGL Background Thread 3 ] DEBUG Engine               - globalSoundVolume: 0.5
19:29:35.760 [FXGL Background Thread 3 ] DEBUG Engine               - globalSoundVolumeProperty: DoubleProperty [value: 0.5]
19:29:35.760 [FXGL Background Thread 3 ] DEBUG Engine               - height: 900
19:29:35.760 [FXGL Background Thread 3 ] DEBUG Engine               - isAndroid: false
19:29:35.760 [FXGL Background Thread 3 ] DEBUG Engine               - isBrowser: false
19:29:35.761 [FXGL Background Thread 3 ] DEBUG Engine               - isClickFeedbackEnabled: false
19:29:35.761 [FXGL Background Thread 3 ] DEBUG Engine               - isCloseConfirmation: false
19:29:35.761 [FXGL Background Thread 3 ] DEBUG Engine               - isDesktop: true
19:29:35.761 [FXGL Background Thread 3 ] DEBUG Engine               - isDeveloperMenuEnabled: false
19:29:35.761 [FXGL Background Thread 3 ] DEBUG Engine               - isEntityPreloadEnabled: true
19:29:35.761 [FXGL Background Thread 3 ] DEBUG Engine               - isExperimentalNative: false
19:29:35.761 [FXGL Background Thread 3 ] DEBUG Engine               - isExperimentalTiledLargeMap: false
19:29:35.761 [FXGL Background Thread 3 ] DEBUG Engine               - isFileSystemWriteAllowed: true
19:29:35.761 [FXGL Background Thread 3 ] DEBUG Engine               - isFullScreenAllowed: true
19:29:35.761 [FXGL Background Thread 3 ] DEBUG Engine               - isFullScreenFromStart: false
19:29:35.761 [FXGL Background Thread 3 ] DEBUG Engine               - isGameMenuEnabled: true
19:29:35.761 [FXGL Background Thread 3 ] DEBUG Engine               - isIOS: false
19:29:35.761 [FXGL Background Thread 3 ] DEBUG Engine               - isIntroEnabled: false
19:29:35.761 [FXGL Background Thread 3 ] DEBUG Engine               - isLinux: false
19:29:35.762 [FXGL Background Thread 3 ] DEBUG Engine               - isMac: false
19:29:35.762 [FXGL Background Thread 3 ] DEBUG Engine               - isMainMenuEnabled: true
19:29:35.762 [FXGL Background Thread 3 ] DEBUG Engine               - isManualResizeEnabled: true
19:29:35.762 [FXGL Background Thread 3 ] DEBUG Engine               - isMobile: false
19:29:35.762 [FXGL Background Thread 3 ] DEBUG Engine               - isPreserveResizeRatio: true
19:29:35.762 [FXGL Background Thread 3 ] DEBUG Engine               - isProfilingEnabled: false
19:29:35.762 [FXGL Background Thread 3 ] DEBUG Engine               - isSingleStep: false
19:29:35.762 [FXGL Background Thread 3 ] DEBUG Engine               - isUserProfileEnabled: false
19:29:35.762 [FXGL Background Thread 3 ] DEBUG Engine               - isWindows: true
19:29:35.762 [FXGL Background Thread 3 ] DEBUG Engine               - language: ObjectProperty [value: ENGLISH]
19:29:35.762 [FXGL Background Thread 3 ] DEBUG Engine               - menuKey: ESCAPE
19:29:35.772 [FXGL Background Thread 3 ] DEBUG Engine               - notificationViewClass: class com.almasb.fxgl.notification.view.XboxNotificationView
19:29:35.772 [FXGL Background Thread 3 ] DEBUG Engine               - pixelsPerMeter: 50.0
19:29:35.772 [FXGL Background Thread 3 ] DEBUG Engine               - platform: WINDOWS
19:29:35.772 [FXGL Background Thread 3 ] DEBUG Engine               - profileDir: profiles/
19:29:35.773 [FXGL Background Thread 3 ] DEBUG Engine               - profileName: StringProperty [value: DEFAULT]
19:29:35.773 [FXGL Background Thread 3 ] DEBUG Engine               - randomSeed: -1
19:29:35.773 [FXGL Background Thread 3 ] DEBUG Engine               - runtimeInfo: RuntimeInfo(platform=WINDOWS, version=11.11, build=08.09.2020 18.00)
19:29:35.773 [FXGL Background Thread 3 ] DEBUG Engine               - saveFileExt: sav
19:29:35.773 [FXGL Background Thread 3 ] DEBUG Engine               - sceneFactory: GUI.MySceneFactory@4ec13eb4
19:29:35.773 [FXGL Background Thread 3 ] DEBUG Engine               - secondsIn24h: 60
19:29:35.773 [FXGL Background Thread 3 ] DEBUG Engine               - soundMenuBack: menu/back.wav
19:29:35.773 [FXGL Background Thread 3 ] DEBUG Engine               - soundMenuPress: menu/press.wav
19:29:35.773 [FXGL Background Thread 3 ] DEBUG Engine               - soundMenuSelect: menu/select.wav
19:29:35.773 [FXGL Background Thread 3 ] DEBUG Engine               - soundNotification: core/notification.wav
19:29:35.773 [FXGL Background Thread 3 ] DEBUG Engine               - stageStyle: DECORATED
19:29:35.773 [FXGL Background Thread 3 ] DEBUG Engine               - supportedLanguages: [ENGLISH, FRENCH, GERMAN, HUNGARIAN, RUSSIAN]
19:29:35.773 [FXGL Background Thread 3 ] DEBUG Engine               - title: Slime Conqueror
19:29:35.773 [FXGL Background Thread 3 ] DEBUG Engine               - urlGithub: https://github.com/AlmasB/FXGL
19:29:35.773 [FXGL Background Thread 3 ] DEBUG Engine               - urlLeaderboard: http://fxgl-top.herokuapp.com/
19:29:35.773 [FXGL Background Thread 3 ] DEBUG Engine               - urlPOM: https://raw.githubusercontent.com/AlmasB/FXGL/master/pom.xml
19:29:35.773 [FXGL Background Thread 3 ] DEBUG Engine               - version: v2.2
19:29:35.774 [FXGL Background Thread 3 ] DEBUG Engine               - versionCheckDays: 7
19:29:35.774 [FXGL Background Thread 3 ] DEBUG Engine               - width: 1280
19:29:35.775 [FXGL Background Thread 3 ] DEBUG Engine               - Logging services
19:29:35.775 [FXGL Background Thread 3 ] DEBUG Engine               - class com.almasb.fxgl.app.FXGLApplication$GameApplicationService
19:29:35.775 [FXGL Background Thread 3 ] DEBUG Engine               - class com.almasb.fxgl.app.services.FXGLDialogService
19:29:35.775 [FXGL Background Thread 3 ] DEBUG Engine               - class com.almasb.fxgl.app.services.IOTaskExecutorService
19:29:35.775 [FXGL Background Thread 3 ] DEBUG Engine               - class com.almasb.fxgl.event.EventBusService
19:29:35.775 [FXGL Background Thread 3 ] DEBUG Engine               - class com.almasb.fxgl.io.FileSystemService
19:29:35.775 [FXGL Background Thread 3 ] DEBUG Engine               - class com.almasb.fxgl.localization.LocalizationService
19:29:35.775 [FXGL Background Thread 3 ] DEBUG Engine               - class com.almasb.fxgl.app.services.FXGLAssetLoaderService
19:29:35.775 [FXGL Background Thread 3 ] DEBUG Engine               - class com.almasb.fxgl.app.services.SystemBundleService
19:29:35.775 [FXGL Background Thread 3 ] DEBUG Engine               - class com.almasb.fxgl.profile.SaveLoadService
19:29:35.775 [FXGL Background Thread 3 ] DEBUG Engine               - class com.almasb.fxgl.ui.FXGLUIFactoryServiceProvider
19:29:35.775 [FXGL Background Thread 3 ] DEBUG Engine               - class com.almasb.fxgl.ui.FXGLDialogFactoryServiceProvider
19:29:35.775 [FXGL Background Thread 3 ] DEBUG Engine               - class com.almasb.fxgl.audio.AudioPlayer
19:29:35.775 [FXGL Background Thread 3 ] DEBUG Engine               - class com.almasb.fxgl.notification.impl.NotificationServiceProvider
19:29:35.776 [FXGL Background Thread 3 ] DEBUG Engine               - class com.almasb.fxgl.achievement.AchievementService
19:29:35.776 [FXGL Background Thread 3 ] DEBUG Engine               - class com.almasb.fxgl.cutscene.CutsceneService
19:29:35.776 [FXGL Background Thread 3 ] DEBUG Engine               - class com.almasb.fxgl.minigames.MiniGameService
19:29:35.776 [FXGL Background Thread 3 ] DEBUG Engine               - class com.almasb.fxgl.net.NetService
19:29:35.776 [FXGL Background Thread 3 ] DEBUG Engine               - class com.almasb.fxgl.app.services.UpdaterService
19:29:35.776 [FXGL Background Thread 3 ] DEBUG Engine               - class com.almasb.fxgl.dev.DevService
19:29:37.340 [JavaFX Application Thread] DEBUG LoopRunner           - Stopping loop
19:29:37.344 [JavaFX Application Thread] FATAL FXGLApplication      - Uncaught Exception:
java.lang.RuntimeException: Initialization failed
	at com.almasb.fxgl.app.FXGLApplication$InitAppTask.failed(FXGLApplication.kt:324)
	at javafx.concurrent.Task.setState(Task.java:710)
	at javafx.concurrent.Task$TaskCallable.lambda$call$2(Task.java:1455)
	at com.sun.javafx.application.PlatformImpl.lambda$runLater$10(PlatformImpl.java:428)
	at java.base/java.security.AccessController.doPrivileged(Native Method)
	at com.sun.javafx.application.PlatformImpl.lambda$runLater$11(PlatformImpl.java:427)
	at com.sun.glass.ui.InvokeLaterDispatcher$Future.run(InvokeLaterDispatcher.java:96)
	at com.sun.glass.ui.win.WinApplication._runLoop(Native Method)
	at com.sun.glass.ui.win.WinApplication.lambda$runLoop$3(WinApplication.java:174)
	at java.base/java.lang.Thread.run(Thread.java:834)
Caused by: java.lang.StackOverflowError
	at java.base/sun.nio.cs.UTF_8$Encoder.encodeLoop(UTF_8.java:564)
	at java.base/java.nio.charset.CharsetEncoder.encode(CharsetEncoder.java:576)
	at java.base/sun.nio.cs.StreamEncoder.implWrite(StreamEncoder.java:292)
	at java.base/sun.nio.cs.StreamEncoder.implWrite(StreamEncoder.java:281)
	at java.base/sun.nio.cs.StreamEncoder.write(StreamEncoder.java:125)
	at java.base/java.io.OutputStreamWriter.write(OutputStreamWriter.java:211)
	at java.base/java.io.BufferedWriter.flushBuffer(BufferedWriter.java:120)
	at java.base/java.io.PrintStream.write(PrintStream.java:605)
	at java.base/java.io.PrintStream.print(PrintStream.java:745)
	at java.base/java.io.PrintStream.println(PrintStream.java:882)
	at game.and.map.CreatAlea.compt0(CreatAlea.java:85)
	at game.and.map.CreatAlea.compt0(CreatAlea.java:93)
	at game.and.map.CreatAlea.compt0(CreatAlea.java:96)
	at game.and.map.CreatAlea.compt0(CreatAlea.java:96)
	at game.and.map.CreatAlea.compt0(CreatAlea.java:96)
	at game.and.map.CreatAlea.compt0(CreatAlea.java:96)
	at game.and.map.CreatAlea.compt0(CreatAlea.java:99)
	at game.and.map.CreatAlea.compt0(CreatAlea.java:93)
	at game.and.map.CreatAlea.compt0(CreatAlea.java:93)
	at game.and.map.CreatAlea.compt0(CreatAlea.java:93)
	at game.and.map.CreatAlea.compt0(CreatAlea.java:93)
	at game.and.map.CreatAlea.compt0(CreatAlea.java:93)
	at game.and.map.CreatAlea.compt0(CreatAlea.java:93)
	at game.and.map.CreatAlea.compt0(CreatAlea.java:93)
	at game.and.map.CreatAlea.compt0(CreatAlea.java:93)
	at game.and.map.CreatAlea.compt0(CreatAlea.java:99)
	at game.and.map.CreatAlea.compt0(CreatAlea.java:96)
	at game.and.map.CreatAlea.compt0(CreatAlea.java:96)
	at game.and.map.CreatAlea.compt0(CreatAlea.java:96)
	at game.and.map.CreatAlea.compt0(CreatAlea.java:96)
	at game.and.map.CreatAlea.compt0(CreatAlea.java:96)
	at game.and.map.CreatAlea.compt0(CreatAlea.java:96)
	at game.and.map.CreatAlea.compt0(CreatAlea.java:96)
	at game.and.map.CreatAlea.compt0(CreatAlea.java:96)
	at game.and.map.CreatAlea.compt0(CreatAlea.java:99)
	at game.and.map.CreatAlea.compt0(CreatAlea.java:93)
	at game.and.map.CreatAlea.compt0(CreatAlea.java:93)
	at game.and.map.CreatAlea.compt0(CreatAlea.java:93)
	at game.and.map.CreatAlea.compt0(CreatAlea.java:99)
	at game.and.map.CreatAlea.compt0(CreatAlea.java:93)
	at game.and.map.CreatAlea.compt0(CreatAlea.java:93)
	at game.and.map.CreatAlea.compt0(CreatAlea.java:93)
	at game.and.map.CreatAlea.compt0(CreatAlea.java:93)
	at game.and.map.CreatAlea.compt0(CreatAlea.java:93)
	at game.and.map.CreatAlea.compt0(CreatAlea.java:93)
	at game.and.map.CreatAlea.compt0(CreatAlea.java:99)
	at game.and.map.CreatAlea.compt0(CreatAlea.java:93)
	at game.and.map.CreatAlea.compt0(CreatAlea.java:93)
	at game.and.map.CreatAlea.compt0(CreatAlea.java:93)
	at game.and.map.CreatAlea.compt0(CreatAlea.java:93)
	at game.and.map.CreatAlea.compt0(CreatAlea.java:93)
	at game.and.map.CreatAlea.compt0(CreatAlea.java:93)
	at game.and.map.CreatAlea.compt0(CreatAlea.java:93)
	at game.and.map.CreatAlea.compt0(CreatAlea.java:93)
	at game.and.map.CreatAlea.compt0(CreatAlea.java:93)
	at game.and.map.CreatAlea.compt0(CreatAlea.java:99)
	at game.and.map.CreatAlea.compt0(CreatAlea.java:96)
	at game.and.map.CreatAlea.compt0(CreatAlea.java:96)
	at game.and.map.CreatAlea.compt0(CreatAlea.java:96)
	at game.and.map.CreatAlea.compt0(CreatAlea.java:96)
	at game.and.map.CreatAlea.compt0(CreatAlea.java:96)
	at game.and.map.CreatAlea.compt0(CreatAlea.java:96)
	at game.and.map.CreatAlea.compt0(CreatAlea.java:96)
	at game.and.map.CreatAlea.compt0(CreatAlea.java:96)
	at game.and.map.CreatAlea.compt0(CreatAlea.java:96)
	at game.and.map.CreatAlea.compt0(CreatAlea.java:96)
	at game.and.map.CreatAlea.compt0(CreatAlea.java:96)
	at game.and.map.CreatAlea.compt0(CreatAlea.java:96)
	at game.and.map.CreatAlea.compt0(CreatAlea.java:96)
	at game.and.map.CreatAlea.compt0(CreatAlea.java:96)
	at game.and.map.CreatAlea.compt0(CreatAlea.java:96)
	at game.and.map.CreatAlea.compt0(CreatAlea.java:96)
	at game.and.map.CreatAlea.compt0(CreatAlea.java:96)
	at game.and.map.CreatAlea.compt0(CreatAlea.java:96)
	at game.and.map.CreatAlea.compt0(CreatAlea.java:99)
	at game.and.map.CreatAlea.compt0(CreatAlea.java:93)
	at game.and.map.CreatAlea.compt0(CreatAlea.java:93)
	at game.and.map.CreatAlea.compt0(CreatAlea.java:93)
	at game.and.map.CreatAlea.compt0(CreatAlea.java:99)
	at game.and.map.CreatAlea.compt0(CreatAlea.java:96)
	at game.and.map.CreatAlea.compt0(CreatAlea.java:96)
	at game.and.map.CreatAlea.compt0(CreatAlea.java:96)
	at game.and.map.CreatAlea.compt0(CreatAlea.java:99)
	at game.and.map.CreatAlea.compt0(CreatAlea.java:99)
	at game.and.map.CreatAlea.compt0(CreatAlea.java:99)
	at game.and.map.CreatAlea.compt0(CreatAlea.java:93)
	at game.and.map.CreatAlea.compt0(CreatAlea.java:93)
	at game.and.map.CreatAlea.compt0(CreatAlea.java:93)
	at game.and.map.CreatAlea.compt0(CreatAlea.java:93)
	at game.and.map.CreatAlea.compt0(CreatAlea.java:93)
	at game.and.map.CreatAlea.compt0(CreatAlea.java:93)
	at game.and.map.CreatAlea.compt0(CreatAlea.java:93)
	at game.and.map.CreatAlea.compt0(CreatAlea.java:93)
	at game.and.map.CreatAlea.compt0(CreatAlea.java:93)
	at game.and.map.CreatAlea.compt0(CreatAlea.java:93)
	at game.and.map.CreatAlea.compt0(CreatAlea.java:93)
	at game.and.map.CreatAlea.compt0(CreatAlea.java:93)
	at game.and.map.CreatAlea.compt0(CreatAlea.java:93)
	at game.and.map.CreatAlea.compt0(CreatAlea.java:93)
	at game.and.map.CreatAlea.compt0(CreatAlea.java:93)
	at game.and.map.CreatAlea.compt0(CreatAlea.java:99)
	at game.and.map.CreatAlea.compt0(CreatAlea.java:93)
	at game.and.map.CreatAlea.compt0(CreatAlea.java:99)
	at game.and.map.CreatAlea.compt0(CreatAlea.java:96)
	at game.and.map.CreatAlea.compt0(CreatAlea.java:96)
	at game.and.map.CreatAlea.compt0(CreatAlea.java:96)
	at game.and.map.CreatAlea.compt0(CreatAlea.java:96)
	at game.and.map.CreatAlea.compt0(CreatAlea.java:96)
	at game.and.map.CreatAlea.compt0(CreatAlea.java:96)
	at game.and.map.CreatAlea.compt0(CreatAlea.java:96)
	at game.and.map.CreatAlea.compt0(CreatAlea.java:96)
	at game.and.map.CreatAlea.compt0(CreatAlea.java:96)
	at game.and.map.CreatAlea.compt0(CreatAlea.java:96)
	at game.and.map.CreatAlea.compt0(CreatAlea.java:96)
	at game.and.map.CreatAlea.compt0(CreatAlea.java:96)
	at game.and.map.CreatAlea.compt0(CreatAlea.java:96)
	at game.and.map.CreatAlea.compt0(CreatAlea.java:96)
	at game.and.map.CreatAlea.compt0(CreatAlea.java:96)
	at game.and.map.CreatAlea.compt0(CreatAlea.java:96)
	at game.and.map.CreatAlea.compt0(CreatAlea.java:99)
	at game.and.map.CreatAlea.compt0(CreatAlea.java:93)
	at game.and.map.CreatAlea.compt0(CreatAlea.java:93)
	at game.and.map.CreatAlea.compt0(CreatAlea.java:93)
	at game.and.map.CreatAlea.compt0(CreatAlea.java:93)
	at game.and.map.CreatAlea.compt0(CreatAlea.java:99)
	at game.and.map.CreatAlea.compt0(CreatAlea.java:96)
	at game.and.map.CreatAlea.compt0(CreatAlea.java:96)
	at game.and.map.CreatAlea.compt0(CreatAlea.java:96)
	at game.and.map.CreatAlea.compt0(CreatAlea.java:96)
	at game.and.map.CreatAlea.first0(CreatAlea.java:118)
	at game.and.map.CreatAlea.verif0(CreatAlea.java:75)
	at game.and.map.CreatAlea.creat(CreatAlea.java:55)
	at game.and.map.CreatAlea.verif0(CreatAlea.java:80)
	at game.and.map.CreatAlea.creat(CreatAlea.java:55)
	at game.and.map.CreatAlea.verif0(CreatAlea.java:80)
	at game.and.map.CreatAlea.creat(CreatAlea.java:55)
	at game.and.map.CreatAlea.verif0(CreatAlea.java:80)
	at game.and.map.CreatAlea.creat(CreatAlea.java:55)
	at game.and.map.CreatAlea.verif0(CreatAlea.java:80)
	at game.and.map.CreatAlea.creat(CreatAlea.java:55)
	at game.and.map.CreatAlea.verif0(CreatAlea.java:80)
	at game.and.map.CreatAlea.creat(CreatAlea.java:55)
	at game.and.map.CreatAlea.verif0(CreatAlea.java:80)
	at game.and.map.CreatAlea.creat(CreatAlea.java:55)
	at game.and.map.CreatAlea.verif0(CreatAlea.java:80)
	at game.and.map.CreatAlea.creat(CreatAlea.java:55)
	at game.and.map.CreatAlea.verif0(CreatAlea.java:80)
	at game.and.map.CreatAlea.creat(CreatAlea.java:55)
	at game.and.map.CreatAlea.verif0(CreatAlea.java:80)
	at game.and.map.CreatAlea.creat(CreatAlea.java:55)
	at game.and.map.CreatAlea.verif0(CreatAlea.java:80)
	at game.and.map.CreatAlea.creat(CreatAlea.java:55)
	at game.and.map.CreatAlea.verif0(CreatAlea.java:80)
	at game.and.map.CreatAlea.creat(CreatAlea.java:55)
	at game.and.map.CreatAlea.verif0(CreatAlea.java:80)
	at game.and.map.CreatAlea.creat(CreatAlea.java:55)
	at game.and.map.CreatAlea.verif0(CreatAlea.java:80)
	at game.and.map.CreatAlea.creat(CreatAlea.java:55)
	at game.and.map.CreatAlea.verif0(CreatAlea.java:80)
	at game.and.map.CreatAlea.creat(CreatAlea.java:55)
	at game.and.map.CreatAlea.verif0(CreatAlea.java:80)
	at game.and.map.CreatAlea.creat(CreatAlea.java:55)
	at game.and.map.CreatAlea.verif0(CreatAlea.java:80)
	at game.and.map.CreatAlea.creat(CreatAlea.java:55)
	at game.and.map.CreatAlea.verif0(CreatAlea.java:80)
	at game.and.map.CreatAlea.creat(CreatAlea.java:55)
	at game.and.map.CreatAlea.verif0(CreatAlea.java:80)
	at game.and.map.CreatAlea.creat(CreatAlea.java:55)
	at game.and.map.CreatAlea.verif0(CreatAlea.java:80)
	at game.and.map.CreatAlea.creat(CreatAlea.java:55)
	at game.and.map.CreatAlea.verif0(CreatAlea.java:80)
	at game.and.map.CreatAlea.creat(CreatAlea.java:55)
	at game.and.map.CreatAlea.verif0(CreatAlea.java:80)
	at game.and.map.CreatAlea.creat(CreatAlea.java:55)
	at game.and.map.CreatAlea.verif0(CreatAlea.java:80)
	at game.and.map.CreatAlea.creat(CreatAlea.java:55)
	at game.and.map.CreatAlea.verif0(CreatAlea.java:80)
	at game.and.map.CreatAlea.creat(CreatAlea.java:55)
	at game.and.map.CreatAlea.verif0(CreatAlea.java:80)
	at game.and.map.CreatAlea.creat(CreatAlea.java:55)
	at game.and.map.CreatAlea.verif0(CreatAlea.java:80)
	at game.and.map.CreatAlea.creat(CreatAlea.java:55)
	at game.and.map.CreatAlea.verif0(CreatAlea.java:80)
	at game.and.map.CreatAlea.creat(CreatAlea.java:55)
	at game.and.map.CreatAlea.verif0(CreatAlea.java:80)
	at game.and.map.CreatAlea.creat(CreatAlea.java:55)
	at game.and.map.CreatAlea.verif0(CreatAlea.java:80)
	at game.and.map.CreatAlea.creat(CreatAlea.java:55)
	at game.and.map.CreatAlea.verif0(CreatAlea.java:80)
	at game.and.map.CreatAlea.creat(CreatAlea.java:55)
	at game.and.map.CreatAlea.verif0(CreatAlea.java:80)
	at game.and.map.CreatAlea.creat(CreatAlea.java:55)
	at game.and.map.CreatAlea.verif0(CreatAlea.java:80)
	at game.and.map.CreatAlea.creat(CreatAlea.java:55)
	at game.and.map.CreatAlea.verif0(CreatAlea.java:80)
	at game.and.map.CreatAlea.creat(CreatAlea.java:55)
	at game.and.map.CreatAlea.verif0(CreatAlea.java:80)
	at game.and.map.CreatAlea.creat(CreatAlea.java:55)
	at game.and.map.CreatAlea.verif0(CreatAlea.java:80)
	at game.and.map.CreatAlea.creat(CreatAlea.java:55)
	at game.and.map.CreatAlea.verif0(CreatAlea.java:80)
	at game.and.map.CreatAlea.creat(CreatAlea.java:55)
	at game.and.map.CreatAlea.verif0(CreatAlea.java:80)
	at game.and.map.CreatAlea.creat(CreatAlea.java:55)
	at game.and.map.CreatAlea.verif0(CreatAlea.java:80)
	at game.and.map.CreatAlea.creat(CreatAlea.java:55)
	at game.and.map.CreatAlea.verif0(CreatAlea.java:80)
	at game.and.map.CreatAlea.creat(CreatAlea.java:55)
	at game.and.map.CreatAlea.verif0(CreatAlea.java:80)
	at game.and.map.CreatAlea.creat(CreatAlea.java:55)
	at game.and.map.CreatAlea.verif0(CreatAlea.java:80)
	at game.and.map.CreatAlea.creat(CreatAlea.java:55)
	at game.and.map.CreatAlea.verif0(CreatAlea.java:80)
	at game.and.map.CreatAlea.creat(CreatAlea.java:55)
	at game.and.map.CreatAlea.verif0(CreatAlea.java:80)
	at game.and.map.CreatAlea.creat(CreatAlea.java:55)
	at game.and.map.CreatAlea.verif0(CreatAlea.java:80)
	at game.and.map.CreatAlea.creat(CreatAlea.java:55)
	at game.and.map.CreatAlea.verif0(CreatAlea.java:80)
	at game.and.map.CreatAlea.creat(CreatAlea.java:55)
	at game.and.map.CreatAlea.verif0(CreatAlea.java:80)
	at game.and.map.CreatAlea.creat(CreatAlea.java:55)
	at game.and.map.CreatAlea.verif0(CreatAlea.java:80)
	at game.and.map.CreatAlea.creat(CreatAlea.java:55)
	at game.and.map.CreatAlea.verif0(CreatAlea.java:80)
	at game.and.map.CreatAlea.creat(CreatAlea.java:55)
	at game.and.map.CreatAlea.verif0(CreatAlea.java:80)
	at game.and.map.CreatAlea.creat(CreatAlea.java:55)
	at game.and.map.CreatAlea.verif0(CreatAlea.java:80)
	at game.and.map.CreatAlea.creat(CreatAlea.java:55)
	at game.and.map.CreatAlea.verif0(CreatAlea.java:80)
	at game.and.map.CreatAlea.creat(CreatAlea.java:55)
	at game.and.map.CreatAlea.verif0(CreatAlea.java:80)
	at game.and.map.CreatAlea.creat(CreatAlea.java:55)
	at game.and.map.CreatAlea.verif0(CreatAlea.java:80)
	at game.and.map.CreatAlea.creat(CreatAlea.java:55)
	at game.and.map.CreatAlea.verif0(CreatAlea.java:80)
	at game.and.map.CreatAlea.creat(CreatAlea.java:55)
	at game.and.map.CreatAlea.verif0(CreatAlea.java:80)
	at game.and.map.CreatAlea.creat(CreatAlea.java:55)
	at game.and.map.CreatAlea.verif0(CreatAlea.java:80)
	at game.and.map.CreatAlea.creat(CreatAlea.java:55)
	at game.and.map.CreatAlea.verif0(CreatAlea.java:80)
	at game.and.map.CreatAlea.creat(CreatAlea.java:55)
	at game.and.map.CreatAlea.verif0(CreatAlea.java:80)
	at game.and.map.CreatAlea.creat(CreatAlea.java:55)
	at game.and.map.CreatAlea.verif0(CreatAlea.java:80)
	at game.and.map.CreatAlea.creat(CreatAlea.java:55)
	at game.and.map.CreatAlea.verif0(CreatAlea.java:80)
	at game.and.map.CreatAlea.creat(CreatAlea.java:55)
	at game.and.map.CreatAlea.verif0(CreatAlea.java:80)
	at game.and.map.CreatAlea.creat(CreatAlea.java:55)
	at game.and.map.CreatAlea.verif0(CreatAlea.java:80)
	at game.and.map.CreatAlea.creat(CreatAlea.java:55)
	at game.and.map.CreatAlea.verif0(CreatAlea.java:80)
	at game.and.map.CreatAlea.creat(CreatAlea.java:55)
	at game.and.map.CreatAlea.verif0(CreatAlea.java:80)
	at game.and.map.CreatAlea.creat(CreatAlea.java:55)
	at game.and.map.CreatAlea.verif0(CreatAlea.java:80)
	at game.and.map.CreatAlea.creat(CreatAlea.java:55)
	at game.and.map.CreatAlea.verif0(CreatAlea.java:80)
	at game.and.map.CreatAlea.creat(CreatAlea.java:55)
	at game.and.map.CreatAlea.verif0(CreatAlea.java:80)
	at game.and.map.CreatAlea.creat(CreatAlea.java:55)
	at game.and.map.CreatAlea.verif0(CreatAlea.java:80)
	at game.and.map.CreatAlea.creat(CreatAlea.java:55)
	at game.and.map.CreatAlea.verif0(CreatAlea.java:80)
	at game.and.map.CreatAlea.creat(CreatAlea.java:55)
	at game.and.map.CreatAlea.verif0(CreatAlea.java:80)
	at game.and.map.CreatAlea.creat(CreatAlea.java:55)
	at game.and.map.CreatAlea.verif0(CreatAlea.java:80)
	at game.and.map.CreatAlea.creat(CreatAlea.java:55)
	at game.and.map.CreatAlea.verif0(CreatAlea.java:80)
	at game.and.map.CreatAlea.creat(CreatAlea.java:55)
	at game.and.map.CreatAlea.verif0(CreatAlea.java:80)
	at game.and.map.CreatAlea.creat(CreatAlea.java:55)
	at game.and.map.CreatAlea.verif0(CreatAlea.java:80)
	at game.and.map.CreatAlea.creat(CreatAlea.java:55)
	at game.and.map.CreatAlea.verif0(CreatAlea.java:80)
	at game.and.map.CreatAlea.creat(CreatAlea.java:55)
	at game.and.map.CreatAlea.verif0(CreatAlea.java:80)
	at game.and.map.CreatAlea.creat(CreatAlea.java:55)
	at game.and.map.CreatAlea.verif0(CreatAlea.java:80)
	at game.and.map.CreatAlea.creat(CreatAlea.java:55)
	at game.and.map.CreatAlea.verif0(CreatAlea.java:80)
	at game.and.map.CreatAlea.creat(CreatAlea.java:55)
	at game.and.map.CreatAlea.verif0(CreatAlea.java:80)
	at game.and.map.CreatAlea.creat(CreatAlea.java:55)
	at game.and.map.CreatAlea.verif0(CreatAlea.java:80)
	at game.and.map.CreatAlea.creat(CreatAlea.java:55)
	at game.and.map.CreatAlea.verif0(CreatAlea.java:80)
	at game.and.map.CreatAlea.creat(CreatAlea.java:55)
	at game.and.map.CreatAlea.verif0(CreatAlea.java:80)
	at game.and.map.CreatAlea.creat(CreatAlea.java:55)
	at game.and.map.CreatAlea.verif0(CreatAlea.java:80)
	at game.and.map.CreatAlea.creat(CreatAlea.java:55)
	at game.and.map.CreatAlea.verif0(CreatAlea.java:80)
	at game.and.map.CreatAlea.creat(CreatAlea.java:55)
	at game.and.map.CreatAlea.verif0(CreatAlea.java:80)
	at game.and.map.CreatAlea.creat(CreatAlea.java:55)
	at game.and.map.CreatAlea.verif0(CreatAlea.java:80)
	at game.and.map.CreatAlea.creat(CreatAlea.java:55)
	at game.and.map.CreatAlea.verif0(CreatAlea.java:80)
	at game.and.map.CreatAlea.creat(CreatAlea.java:55)
	at game.and.map.CreatAlea.verif0(CreatAlea.java:80)
	at game.and.map.CreatAlea.creat(CreatAlea.java:55)
	at game.and.map.CreatAlea.verif0(CreatAlea.java:80)
	at game.and.map.CreatAlea.creat(CreatAlea.java:55)
	at game.and.map.CreatAlea.verif0(CreatAlea.java:80)
	at game.and.map.CreatAlea.creat(CreatAlea.java:55)
	at game.and.map.CreatAlea.verif0(CreatAlea.java:80)
	at game.and.map.CreatAlea.creat(CreatAlea.java:55)
	at game.and.map.CreatAlea.verif0(CreatAlea.java:80)
	at game.and.map.CreatAlea.creat(CreatAlea.java:55)
	at game.and.map.CreatAlea.verif0(CreatAlea.java:80)
	at game.and.map.CreatAlea.creat(CreatAlea.java:55)
	at game.and.map.CreatAlea.verif0(CreatAlea.java:80)
	at game.and.map.CreatAlea.creat(CreatAlea.java:55)
	at game.and.map.CreatAlea.verif0(CreatAlea.java:80)
	at game.and.map.CreatAlea.creat(CreatAlea.java:55)
	at game.and.map.CreatAlea.verif0(CreatAlea.java:80)
	at game.and.map.CreatAlea.creat(CreatAlea.java:55)
	at game.and.map.CreatAlea.verif0(CreatAlea.java:80)
	at game.and.map.CreatAlea.creat(CreatAlea.java:55)
	at game.and.map.CreatAlea.verif0(CreatAlea.java:80)
	at game.and.map.CreatAlea.creat(CreatAlea.java:55)
	at game.and.map.CreatAlea.verif0(CreatAlea.java:80)
	at game.and.map.CreatAlea.creat(CreatAlea.java:55)
	at game.and.map.CreatAlea.verif0(CreatAlea.java:80)
	at game.and.map.CreatAlea.creat(CreatAlea.java:55)
	at game.and.map.CreatAlea.verif0(CreatAlea.java:80)
	at game.and.map.CreatAlea.creat(CreatAlea.java:55)
	at game.and.map.CreatAlea.verif0(CreatAlea.java:80)
	at game.and.map.CreatAlea.creat(CreatAlea.java:55)
	at game.and.map.CreatAlea.verif0(CreatAlea.java:80)
	at game.and.map.CreatAlea.creat(CreatAlea.java:55)
	at game.and.map.CreatAlea.verif0(CreatAlea.java:80)
	at game.and.map.CreatAlea.creat(CreatAlea.java:55)
	at game.and.map.CreatAlea.verif0(CreatAlea.java:80)
	at game.and.map.CreatAlea.creat(CreatAlea.java:55)
	at game.and.map.CreatAlea.verif0(CreatAlea.java:80)
	at game.and.map.CreatAlea.creat(CreatAlea.java:55)
	at game.and.map.CreatAlea.verif0(CreatAlea.java:80)
	at game.and.map.CreatAlea.creat(CreatAlea.java:55)
	at game.and.map.CreatAlea.verif0(CreatAlea.java:80)
	at game.and.map.CreatAlea.creat(CreatAlea.java:55)
	at game.and.map.CreatAlea.verif0(CreatAlea.java:80)
	at game.and.map.CreatAlea.creat(CreatAlea.java:55)
	at game.and.map.CreatAlea.verif0(CreatAlea.java:80)
	at game.and.map.CreatAlea.creat(CreatAlea.java:55)
	at game.and.map.CreatAlea.verif0(CreatAlea.java:80)
	at game.and.map.CreatAlea.creat(CreatAlea.java:55)
	at game.and.map.CreatAlea.verif0(CreatAlea.java:80)
	at game.and.map.CreatAlea.creat(CreatAlea.java:55)
	at game.and.map.CreatAlea.verif0(CreatAlea.java:80)
	at game.and.map.CreatAlea.creat(CreatAlea.java:55)
	at game.and.map.CreatAlea.verif0(CreatAlea.java:80)
	at game.and.map.CreatAlea.creat(CreatAlea.java:55)
	at game.and.map.CreatAlea.verif0(CreatAlea.java:80)
	at game.and.map.CreatAlea.creat(CreatAlea.java:55)
	at game.and.map.CreatAlea.verif0(CreatAlea.java:80)
	at game.and.map.CreatAlea.creat(CreatAlea.java:55)
	at game.and.map.CreatAlea.verif0(CreatAlea.java:80)
	at game.and.map.CreatAlea.creat(CreatAlea.java:55)
	at game.and.map.CreatAlea.verif0(CreatAlea.java:80)
	at game.and.map.CreatAlea.creat(CreatAlea.java:55)
	at game.and.map.CreatAlea.verif0(CreatAlea.java:80)
	at game.and.map.CreatAlea.creat(CreatAlea.java:55)
	at game.and.map.CreatAlea.verif0(CreatAlea.java:80)
	at game.and.map.CreatAlea.creat(CreatAlea.java:55)
	at game.and.map.CreatAlea.verif0(CreatAlea.java:80)
	at game.and.map.CreatAlea.creat(CreatAlea.java:55)
	at game.and.map.CreatAlea.verif0(CreatAlea.java:80)
	at game.and.map.CreatAlea.creat(CreatAlea.java:55)
	at game.and.map.CreatAlea.verif0(CreatAlea.java:80)
	at game.and.map.CreatAlea.creat(CreatAlea.java:55)
	at game.and.map.CreatAlea.verif0(CreatAlea.java:80)
	at game.and.map.CreatAlea.creat(CreatAlea.java:55)
	at game.and.map.CreatAlea.verif0(CreatAlea.java:80)
	at game.and.map.CreatAlea.creat(CreatAlea.java:55)
	at game.and.map.CreatAlea.verif0(CreatAlea.java:80)
	at game.and.map.CreatAlea.creat(CreatAlea.java:55)
	at game.and.map.CreatAlea.verif0(CreatAlea.java:80)
	at game.and.map.CreatAlea.creat(CreatAlea.java:55)
	at game.and.map.CreatAlea.verif0(CreatAlea.java:80)
	at game.and.map.CreatAlea.creat(CreatAlea.java:55)
	at game.and.map.CreatAlea.verif0(CreatAlea.java:80)
	at game.and.map.CreatAlea.creat(CreatAlea.java:55)
	at game.and.map.CreatAlea.verif0(CreatAlea.java:80)
	at game.and.map.CreatAlea.creat(CreatAlea.java:55)
	at game.and.map.CreatAlea.verif0(CreatAlea.java:80)
	at game.and.map.CreatAlea.creat(CreatAlea.java:55)
	at game.and.map.CreatAlea.verif0(CreatAlea.java:80)
	at game.and.map.CreatAlea.creat(CreatAlea.java:55)
	at game.and.map.CreatAlea.verif0(CreatAlea.java:80)
	at game.and.map.CreatAlea.creat(CreatAlea.java:55)
	at game.and.map.CreatAlea.verif0(CreatAlea.java:80)
	at game.and.map.CreatAlea.creat(CreatAlea.java:55)
	at game.and.map.CreatAlea.verif0(CreatAlea.java:80)
	at game.and.map.CreatAlea.creat(CreatAlea.java:55)
	at game.and.map.CreatAlea.verif0(CreatAlea.java:80)
	at game.and.map.CreatAlea.creat(CreatAlea.java:55)
	at game.and.map.CreatAlea.verif0(CreatAlea.java:80)
	at game.and.map.CreatAlea.creat(CreatAlea.java:55)
	at game.and.map.CreatAlea.verif0(CreatAlea.java:80)
	at game.and.map.CreatAlea.creat(CreatAlea.java:55)
	at game.and.map.CreatAlea.verif0(CreatAlea.java:80)
	at game.and.map.CreatAlea.creat(CreatAlea.java:55)
	at game.and.map.CreatAlea.verif0(CreatAlea.java:80)
	at game.and.map.CreatAlea.creat(CreatAlea.java:55)
	at game.and.map.CreatAlea.verif0(CreatAlea.java:80)
	at game.and.map.CreatAlea.creat(CreatAlea.java:55)
	at game.and.map.CreatAlea.verif0(CreatAlea.java:80)
	at game.and.map.CreatAlea.creat(CreatAlea.java:55)
	at game.and.map.CreatAlea.verif0(CreatAlea.java:80)
	at game.and.map.CreatAlea.creat(CreatAlea.java:55)
	at game.and.map.CreatAlea.verif0(CreatAlea.java:80)
	at game.and.map.CreatAlea.creat(CreatAlea.java:55)
	at game.and.map.CreatAlea.verif0(CreatAlea.java:80)
	at game.and.map.CreatAlea.creat(CreatAlea.java:55)
	at game.and.map.CreatAlea.verif0(CreatAlea.java:80)
	at game.and.map.CreatAlea.creat(CreatAlea.java:55)
	at game.and.map.CreatAlea.verif0(CreatAlea.java:80)
	at game.and.map.CreatAlea.creat(CreatAlea.java:55)
	at game.and.map.CreatAlea.verif0(CreatAlea.java:80)
	at game.and.map.CreatAlea.creat(CreatAlea.java:55)
	at game.and.map.CreatAlea.verif0(CreatAlea.java:80)
	at game.and.map.CreatAlea.creat(CreatAlea.java:55)
	at game.and.map.CreatAlea.verif0(CreatAlea.java:80)
	at game.and.map.CreatAlea.creat(CreatAlea.java:55)
	at game.and.map.CreatAlea.verif0(CreatAlea.java:80)
	at game.and.map.CreatAlea.creat(CreatAlea.java:55)
	at game.and.map.CreatAlea.verif0(CreatAlea.java:80)
	at game.and.map.CreatAlea.creat(CreatAlea.java:55)
	at game.and.map.CreatAlea.verif0(CreatAlea.java:80)
	at game.and.map.CreatAlea.creat(CreatAlea.java:55)
	at game.and.map.CreatAlea.verif0(CreatAlea.java:80)
	at game.and.map.CreatAlea.creat(CreatAlea.java:55)
	at game.and.map.CreatAlea.verif0(CreatAlea.java:80)
	at game.and.map.CreatAlea.creat(CreatAlea.java:55)
	at game.and.map.CreatAlea.verif0(CreatAlea.java:80)
	at game.and.map.CreatAlea.creat(CreatAlea.java:55)
	at game.and.map.CreatAlea.verif0(CreatAlea.java:80)
	at game.and.map.CreatAlea.creat(CreatAlea.java:55)
	at game.and.map.CreatAlea.verif0(CreatAlea.java:80)
	at game.and.map.CreatAlea.creat(CreatAlea.java:55)
	at game.and.map.CreatAlea.verif0(CreatAlea.java:80)
	at game.and.map.CreatAlea.creat(CreatAlea.java:55)
	at game.and.map.CreatAlea.verif0(CreatAlea.java:80)
	at game.and.map.CreatAlea.creat(CreatAlea.java:55)
	at game.and.map.CreatAlea.verif0(CreatAlea.java:80)
	at game.and.map.CreatAlea.creat(CreatAlea.java:55)
	at game.and.map.CreatAlea.verif0(CreatAlea.java:80)
	at game.and.map.CreatAlea.creat(CreatAlea.java:55)
	at game.and.map.CreatAlea.verif0(CreatAlea.java:80)
	at game.and.map.CreatAlea.creat(CreatAlea.java:55)
	at game.and.map.CreatAlea.verif0(CreatAlea.java:80)
	at game.and.map.CreatAlea.creat(CreatAlea.java:55)
	at game.and.map.CreatAlea.verif0(CreatAlea.java:80)
	at game.and.map.CreatAlea.creat(CreatAlea.java:55)
	at game.and.map.CreatAlea.verif0(CreatAlea.java:80)
	at game.and.map.CreatAlea.creat(CreatAlea.java:55)
	at game.and.map.CreatAlea.verif0(CreatAlea.java:80)
	at game.and.map.CreatAlea.creat(CreatAlea.java:55)
	at game.and.map.CreatAlea.verif0(CreatAlea.java:80)
	at game.and.map.CreatAlea.creat(CreatAlea.java:55)
	at game.and.map.CreatAlea.verif0(CreatAlea.java:80)
	at game.and.map.CreatAlea.creat(CreatAlea.java:55)
	at game.and.map.CreatAlea.verif0(CreatAlea.java:80)
	at game.and.map.CreatAlea.creat(CreatAlea.java:55)
	at game.and.map.CreatAlea.verif0(CreatAlea.java:80)
	at game.and.map.CreatAlea.creat(CreatAlea.java:55)
	at game.and.map.CreatAlea.verif0(CreatAlea.java:80)
	at game.and.map.CreatAlea.creat(CreatAlea.java:55)
	at game.and.map.CreatAlea.verif0(CreatAlea.java:80)
	at game.and.map.CreatAlea.creat(CreatAlea.java:55)
	at game.and.map.CreatAlea.verif0(CreatAlea.java:80)
	at game.and.map.CreatAlea.creat(CreatAlea.java:55)
	at game.and.map.CreatAlea.verif0(CreatAlea.java:80)
	at game.and.map.CreatAlea.creat(CreatAlea.java:55)
	at game.and.map.CreatAlea.verif0(CreatAlea.java:80)
	at game.and.map.CreatAlea.creat(CreatAlea.java:55)
	at game.and.map.CreatAlea.verif0(CreatAlea.java:80)
	at game.and.map.CreatAlea.creat(CreatAlea.java:55)
	at game.and.map.CreatAlea.verif0(CreatAlea.java:80)
	at game.and.map.CreatAlea.creat(CreatAlea.java:55)
	at game.and.map.CreatAlea.verif0(CreatAlea.java:80)
	at game.and.map.CreatAlea.creat(CreatAlea.java:55)
	at game.and.map.CreatAlea.verif0(CreatAlea.java:80)
	at game.and.map.CreatAlea.creat(CreatAlea.java:55)
	at game.and.map.CreatAlea.verif0(CreatAlea.java:80)
	at game.and.map.CreatAlea.creat(CreatAlea.java:55)
	at game.and.map.CreatAlea.verif0(CreatAlea.java:80)
	at game.and.map.CreatAlea.creat(CreatAlea.java:55)
	at game.and.map.CreatAlea.verif0(CreatAlea.java:80)
	at game.and.map.CreatAlea.creat(CreatAlea.java:55)
	at game.and.map.CreatAlea.verif0(CreatAlea.java:80)
	at game.and.map.CreatAlea.creat(CreatAlea.java:55)
	at game.and.map.CreatAlea.verif0(CreatAlea.java:80)
	at game.and.map.CreatAlea.creat(CreatAlea.java:55)
	at game.and.map.CreatAlea.verif0(CreatAlea.java:80)
	at game.and.map.CreatAlea.creat(CreatAlea.java:55)
	at game.and.map.CreatAlea.verif0(CreatAlea.java:80)
	at game.and.map.CreatAlea.creat(CreatAlea.java:55)
	at game.and.map.CreatAlea.verif0(CreatAlea.java:80)
	at game.and.map.CreatAlea.creat(CreatAlea.java:55)
	at game.and.map.CreatAlea.verif0(CreatAlea.java:80)
	at game.and.map.CreatAlea.creat(CreatAlea.java:55)
	at game.and.map.CreatAlea.verif0(CreatAlea.java:80)
	at game.and.map.CreatAlea.creat(CreatAlea.java:55)
	at game.and.map.CreatAlea.verif0(CreatAlea.java:80)
	at game.and.map.CreatAlea.creat(CreatAlea.java:55)
	at game.and.map.CreatAlea.verif0(CreatAlea.java:80)
	at game.and.map.CreatAlea.creat(CreatAlea.java:55)
	at game.and.map.CreatAlea.verif0(CreatAlea.java:80)
	at game.and.map.CreatAlea.creat(CreatAlea.java:55)
	at game.and.map.CreatAlea.verif0(CreatAlea.java:80)
	at game.and.map.CreatAlea.creat(CreatAlea.java:55)
	at game.and.map.CreatAlea.verif0(CreatAlea.java:80)
	at game.and.map.CreatAlea.creat(CreatAlea.java:55)
	at game.and.map.CreatAlea.verif0(CreatAlea.java:80)
	at game.and.map.CreatAlea.creat(CreatAlea.java:55)
	at game.and.map.CreatAlea.verif0(CreatAlea.java:80)
	at game.and.map.CreatAlea.creat(CreatAlea.java:55)
	at game.and.map.CreatAlea.verif0(CreatAlea.java:80)
	at game.and.map.CreatAlea.creat(CreatAlea.java:55)
	at game.and.map.CreatAlea.verif0(CreatAlea.java:80)
	at game.and.map.CreatAlea.creat(CreatAlea.java:55)
	at game.and.map.CreatAlea.verif0(CreatAlea.java:80)
	at game.and.map.CreatAlea.creat(CreatAlea.java:55)
	at game.and.map.CreatAlea.verif0(CreatAlea.java:80)
	at game.and.map.CreatAlea.creat(CreatAlea.java:55)
	at game.and.map.CreatAlea.verif0(CreatAlea.java:80)
	at game.and.map.CreatAlea.creat(CreatAlea.java:55)
	at game.and.map.CreatAlea.verif0(CreatAlea.java:80)
	at game.and.map.CreatAlea.creat(CreatAlea.java:55)
	at game.and.map.CreatAlea.verif0(CreatAlea.java:80)
	at game.and.map.CreatAlea.creat(CreatAlea.java:55)
	at game.and.map.CreatAlea.verif0(CreatAlea.java:80)
	at game.and.map.CreatAlea.creat(CreatAlea.java:55)
	at game.and.map.CreatAlea.verif0(CreatAlea.java:80)
	at game.and.map.CreatAlea.creat(CreatAlea.java:55)
	at game.and.map.CreatAlea.verif0(CreatAlea.java:80)
	at game.and.map.CreatAlea.creat(CreatAlea.java:55)
	at game.and.map.CreatAlea.verif0(CreatAlea.java:80)
	at game.and.map.CreatAlea.creat(CreatAlea.java:55)
	at game.and.map.CreatAlea.verif0(CreatAlea.java:80)
	at game.and.map.CreatAlea.creat(CreatAlea.java:55)
	at game.and.map.CreatAlea.verif0(CreatAlea.java:80)
	at game.and.map.CreatAlea.creat(CreatAlea.java:55)
	at game.and.map.CreatAlea.verif0(CreatAlea.java:80)
	at game.and.map.CreatAlea.creat(CreatAlea.java:55)
	at game.and.map.CreatAlea.verif0(CreatAlea.java:80)
	at game.and.map.CreatAlea.creat(CreatAlea.java:55)
	at game.and.map.CreatAlea.verif0(CreatAlea.java:80)
	at game.and.map.CreatAlea.creat(CreatAlea.java:55)
	at game.and.map.CreatAlea.verif0(CreatAlea.java:80)
	at game.and.map.CreatAlea.creat(CreatAlea.java:55)
	at game.and.map.CreatAlea.verif0(CreatAlea.java:80)
	at game.and.map.CreatAlea.creat(CreatAlea.java:55)
	at game.and.map.CreatAlea.verif0(CreatAlea.java:80)
	at game.and.map.CreatAlea.creat(CreatAlea.java:55)
	at game.and.map.CreatAlea.verif0(CreatAlea.java:80)
	at game.and.map.CreatAlea.creat(CreatAlea.java:55)
	at game.and.map.CreatAlea.verif0(CreatAlea.java:80)
	at game.and.map.CreatAlea.creat(CreatAlea.java:55)
	at game.and.map.CreatAlea.verif0(CreatAlea.java:80)
	at game.and.map.CreatAlea.creat(CreatAlea.java:55)
	at game.and.map.CreatAlea.verif0(CreatAlea.java:80)
	at game.and.map.CreatAlea.creat(CreatAlea.java:55)
	at game.and.map.CreatAlea.verif0(CreatAlea.java:80)
	at game.and.map.CreatAlea.creat(CreatAlea.java:55)
	at game.and.map.CreatAlea.verif0(CreatAlea.java:80)
	at game.and.map.CreatAlea.creat(CreatAlea.java:55)
	at game.and.map.CreatAlea.verif0(CreatAlea.java:80)
	at game.and.map.CreatAlea.creat(CreatAlea.java:55)
	at game.and.map.CreatAlea.verif0(CreatAlea.java:80)
	at game.and.map.CreatAlea.creat(CreatAlea.java:55)
	at game.and.map.CreatAlea.verif0(CreatAlea.java:80)
	at game.and.map.CreatAlea.creat(CreatAlea.java:55)
	at game.and.map.CreatAlea.verif0(CreatAlea.java:80)
	at game.and.map.CreatAlea.creat(CreatAlea.java:55)
	at game.and.map.CreatAlea.verif0(CreatAlea.java:80)
	at game.and.map.CreatAlea.creat(CreatAlea.java:55)
	at game.and.map.CreatAlea.verif0(CreatAlea.java:80)
	at game.and.map.CreatAlea.creat(CreatAlea.java:55)
	at game.and.map.CreatAlea.verif0(CreatAlea.java:80)
	at game.and.map.CreatAlea.creat(CreatAlea.java:55)
	at game.and.map.CreatAlea.verif0(CreatAlea.java:80)
	at game.and.map.CreatAlea.creat(CreatAlea.java:55)
	at game.and.map.CreatAlea.verif0(CreatAlea.java:80)
	at game.and.map.CreatAlea.creat(CreatAlea.java:55)
	at game.and.map.CreatAlea.verif0(CreatAlea.java:80)
	at game.and.map.CreatAlea.creat(CreatAlea.java:55)
	at game.and.map.CreatAlea.verif0(CreatAlea.java:80)
	at game.and.map.CreatAlea.creat(CreatAlea.java:55)
	at game.and.map.CreatAlea.verif0(CreatAlea.java:80)
	at game.and.map.CreatAlea.creat(CreatAlea.java:55)
	at game.and.map.CreatAlea.verif0(CreatAlea.java:80)
	at game.and.map.CreatAlea.creat(CreatAlea.java:55)
	at game.and.map.CreatAlea.verif0(CreatAlea.java:80)
	at game.and.map.CreatAlea.creat(CreatAlea.java:55)
	at game.and.map.CreatAlea.verif0(CreatAlea.java:80)
	at game.and.map.CreatAlea.creat(CreatAlea.java:55)
	at game.and.map.CreatAlea.verif0(CreatAlea.java:80)
	at game.and.map.CreatAlea.creat(CreatAlea.java:55)
	at game.and.map.CreatAlea.verif0(CreatAlea.java:80)
	at game.and.map.CreatAlea.creat(CreatAlea.java:55)
	at game.and.map.CreatAlea.verif0(CreatAlea.java:80)
	at game.and.map.CreatAlea.creat(CreatAlea.java:55)
	at game.and.map.CreatAlea.verif0(CreatAlea.java:80)
	at game.and.map.CreatAlea.creat(CreatAlea.java:55)
	at game.and.map.CreatAlea.verif0(CreatAlea.java:80)
	at game.and.map.CreatAlea.creat(CreatAlea.java:55)
	at game.and.map.CreatAlea.verif0(CreatAlea.java:80)
	at game.and.map.CreatAlea.creat(CreatAlea.java:55)
	at game.and.map.CreatAlea.verif0(CreatAlea.java:80)
	at game.and.map.CreatAlea.creat(CreatAlea.java:55)
	at game.and.map.CreatAlea.verif0(CreatAlea.java:80)
	at game.and.map.CreatAlea.creat(CreatAlea.java:55)
	at game.and.map.CreatAlea.verif0(CreatAlea.java:80)
	at game.and.map.CreatAlea.creat(CreatAlea.java:55)
	at game.and.map.CreatAlea.verif0(CreatAlea.java:80)
	at game.and.map.CreatAlea.creat(CreatAlea.java:55)
	at game.and.map.CreatAlea.verif0(CreatAlea.java:80)
	at game.and.map.CreatAlea.creat(CreatAlea.java:55)
	at game.and.map.CreatAlea.verif0(CreatAlea.java:80)
	at game.and.map.CreatAlea.creat(CreatAlea.java:55)
	at game.and.map.CreatAlea.verif0(CreatAlea.java:80)
	at game.and.map.CreatAlea.creat(CreatAlea.java:55)
	at game.and.map.CreatAlea.verif0(CreatAlea.java:80)
	at game.and.map.CreatAlea.creat(CreatAlea.java:55)
	at game.and.map.CreatAlea.verif0(CreatAlea.java:80)
	at game.and.map.CreatAlea.creat(CreatAlea.java:55)
	at game.and.map.CreatAlea.verif0(CreatAlea.java:80)
	at game.and.map.CreatAlea.creat(CreatAlea.java:55)
	at game.and.map.CreatAlea.verif0(CreatAlea.java:80)
	at game.and.map.CreatAlea.creat(CreatAlea.java:55)
	at game.and.map.CreatAlea.verif0(CreatAlea.java:80)
	at game.and.map.CreatAlea.creat(CreatAlea.java:55)
	at game.and.map.CreatAlea.verif0(CreatAlea.java:80)
	at game.and.map.CreatAlea.creat(CreatAlea.java:55)
	at game.and.map.CreatAlea.verif0(CreatAlea.java:80)
	at game.and.map.CreatAlea.creat(CreatAlea.java:55)
	at game.and.map.CreatAlea.verif0(CreatAlea.java:80)
	at game.and.map.CreatAlea.creat(CreatAlea.java:55)
	at game.and.map.CreatAlea.verif0(CreatAlea.java:80)
	at game.and.map.CreatAlea.creat(CreatAlea.java:55)
	at game.and.map.CreatAlea.verif0(CreatAlea.java:80)
	at game.and.map.CreatAlea.creat(CreatAlea.java:55)
	at game.and.map.CreatAlea.verif0(CreatAlea.java:80)
	at game.and.map.CreatAlea.creat(CreatAlea.java:55)
	at game.and.map.CreatAlea.verif0(CreatAlea.java:80)
	at game.and.map.CreatAlea.creat(CreatAlea.java:55)
	at game.and.map.CreatAlea.verif0(CreatAlea.java:80)
	at game.and.map.CreatAlea.creat(CreatAlea.java:55)
	at game.and.map.CreatAlea.verif0(CreatAlea.java:80)
	at game.and.map.CreatAlea.creat(CreatAlea.java:55)
	at game.and.map.CreatAlea.verif0(CreatAlea.java:80)
	at game.and.map.CreatAlea.creat(CreatAlea.java:55)
	at game.and.map.CreatAlea.verif0(CreatAlea.java:80)
	at game.and.map.CreatAlea.creat(CreatAlea.java:55)
	at game.and.map.CreatAlea.verif0(CreatAlea.java:80)
	at game.and.map.CreatAlea.creat(CreatAlea.java:55)
	at game.and.map.CreatAlea.verif0(CreatAlea.java:80)
	at game.and.map.CreatAlea.creat(CreatAlea.java:55)
	at game.and.map.CreatAlea.verif0(CreatAlea.java:80)
	at game.and.map.CreatAlea.creat(CreatAlea.java:55)
	at game.and.map.CreatAlea.verif0(CreatAlea.java:80)
	at game.and.map.CreatAlea.creat(CreatAlea.java:55)
	at game.and.map.CreatAlea.verif0(CreatAlea.java:80)
	at game.and.map.CreatAlea.creat(CreatAlea.java:55)
	at game.and.map.CreatAlea.verif0(CreatAlea.java:80)
	at game.and.map.CreatAlea.creat(CreatAlea.java:55)
	at game.and.map.CreatAlea.verif0(CreatAlea.java:80)
	at game.and.map.CreatAlea.creat(CreatAlea.java:55)
	at game.and.map.CreatAlea.verif0(CreatAlea.java:80)
	at game.and.map.CreatAlea.creat(CreatAlea.java:55)
	at game.and.map.CreatAlea.verif0(CreatAlea.java:80)
	at game.and.map.CreatAlea.creat(CreatAlea.java:55)
	at game.and.map.CreatAlea.verif0(CreatAlea.java:80)
	at game.and.map.CreatAlea.creat(CreatAlea.java:55)
	at game.and.map.CreatAlea.verif0(CreatAlea.java:80)
	at game.and.map.CreatAlea.creat(CreatAlea.java:55)
	at game.and.map.CreatAlea.verif0(CreatAlea.java:80)
	at game.and.map.CreatAlea.creat(CreatAlea.java:55)
	at game.and.map.CreatAlea.verif0(CreatAlea.java:80)
	at game.and.map.CreatAlea.creat(CreatAlea.java:55)
	at game.and.map.CreatAlea.verif0(CreatAlea.java:80)
	at game.and.map.CreatAlea.creat(CreatAlea.java:55)
	at game.and.map.CreatAlea.verif0(CreatAlea.java:80)
	at game.and.map.CreatAlea.creat(CreatAlea.java:55)
	at game.and.map.CreatAlea.verif0(CreatAlea.java:80)
	at game.and.map.CreatAlea.creat(CreatAlea.java:55)
	at game.and.map.CreatAlea.verif0(CreatAlea.java:80)
	at game.and.map.CreatAlea.creat(CreatAlea.java:55)
	at game.and.map.CreatAlea.verif0(CreatAlea.java:80)
	at game.and.map.CreatAlea.creat(CreatAlea.java:55)
	at game.and.map.CreatAlea.verif0(CreatAlea.java:80)
	at game.and.map.CreatAlea.creat(CreatAlea.java:55)
	at game.and.map.CreatAlea.verif0(CreatAlea.java:80)
	at game.and.map.CreatAlea.creat(CreatAlea.java:55)
	at game.and.map.CreatAlea.verif0(CreatAlea.java:80)
	at game.and.map.CreatAlea.creat(CreatAlea.java:55)
	at game.and.map.CreatAlea.verif0(CreatAlea.java:80)
	at game.and.map.CreatAlea.creat(CreatAlea.java:55)
	at game.and.map.CreatAlea.verif0(CreatAlea.java:80)
	at game.and.map.CreatAlea.creat(CreatAlea.java:55)
	at game.and.map.CreatAlea.verif0(CreatAlea.java:80)
	at game.and.map.CreatAlea.creat(CreatAlea.java:55)
	at game.and.map.CreatAlea.verif0(CreatAlea.java:80)
	at game.and.map.CreatAlea.creat(CreatAlea.java:55)
	at game.and.map.CreatAlea.verif0(CreatAlea.java:80)
	at game.and.map.CreatAlea.creat(CreatAlea.java:55)
	at game.and.map.CreatAlea.verif0(CreatAlea.java:80)
	at game.and.map.CreatAlea.creat(CreatAlea.java:55)
	at game.and.map.CreatAlea.verif0(CreatAlea.java:80)
	at game.and.map.CreatAlea.creat(CreatAlea.java:55)
	at game.and.map.CreatAlea.verif0(CreatAlea.java:80)
	at game.and.map.CreatAlea.creat(CreatAlea.java:55)
	at game.and.map.CreatAlea.verif0(CreatAlea.java:80)
	at game.and.map.CreatAlea.creat(CreatAlea.java:55)
	at game.and.map.CreatAlea.verif0(CreatAlea.java:80)
	at game.and.map.CreatAlea.creat(CreatAlea.java:55)
	at game.and.map.CreatAlea.verif0(CreatAlea.java:80)
	at game.and.map.CreatAlea.creat(CreatAlea.java:55)
	at game.and.map.CreatAlea.verif0(CreatAlea.java:80)
	at game.and.map.CreatAlea.creat(CreatAlea.java:55)
	at game.and.map.CreatAlea.verif0(CreatAlea.java:80)
	at game.and.map.CreatAlea.creat(CreatAlea.java:55)
	at game.and.map.CreatAlea.verif0(CreatAlea.java:80)
	at game.and.map.CreatAlea.creat(CreatAlea.java:55)
	at game.and.map.CreatAlea.verif0(CreatAlea.java:80)
	at game.and.map.CreatAlea.creat(CreatAlea.java:55)
	at game.and.map.CreatAlea.verif0(CreatAlea.java:80)
	at game.and.map.CreatAlea.creat(CreatAlea.java:55)
	at game.and.map.CreatAlea.verif0(CreatAlea.java:80)
	at game.and.map.CreatAlea.creat(CreatAlea.java:55)
	at game.and.map.CreatAlea.verif0(CreatAlea.java:80)
	at game.and.map.CreatAlea.creat(CreatAlea.java:55)
	at game.and.map.CreatAlea.verif0(CreatAlea.java:80)
	at game.and.map.CreatAlea.creat(CreatAlea.java:55)
	at game.and.map.CreatAlea.verif0(CreatAlea.java:80)
	at game.and.map.CreatAlea.creat(CreatAlea.java:55)
	at game.and.map.CreatAlea.verif0(CreatAlea.java:80)
	at game.and.map.CreatAlea.creat(CreatAlea.java:55)
	at game.and.map.CreatAlea.verif0(CreatAlea.java:80)
	at game.and.map.CreatAlea.creat(CreatAlea.java:55)
	at game.and.map.CreatAlea.verif0(CreatAlea.java:80)
	at game.and.map.CreatAlea.creat(CreatAlea.java:55)
	at game.and.map.CreatAlea.verif0(CreatAlea.java:80)
	at game.and.map.CreatAlea.creat(CreatAlea.java:55)
	at game.and.map.CreatAlea.verif0(CreatAlea.java:80)
	at game.and.map.CreatAlea.creat(CreatAlea.java:55)
	at game.and.map.CreatAlea.verif0(CreatAlea.java:80)
	at game.and.map.CreatAlea.creat(CreatAlea.java:55)
	at game.and.map.CreatAlea.verif0(CreatAlea.java:80)
	at game.and.map.CreatAlea.creat(CreatAlea.java:55)
	at game.and.map.CreatAlea.verif0(CreatAlea.java:80)
	at game.and.map.CreatAlea.creat(CreatAlea.java:55)
	at game.and.map.CreatAlea.verif0(CreatAlea.java:80)
	at game.and.map.CreatAlea.creat(CreatAlea.java:55)
	at game.and.map.CreatAlea.verif0(CreatAlea.java:80)
	at game.and.map.CreatAlea.creat(CreatAlea.java:55)
	at game.and.map.CreatAlea.verif0(CreatAlea.java:80)
	at game.and.map.CreatAlea.creat(CreatAlea.java:55)
	at game.and.map.CreatAlea.verif0(CreatAlea.java:80)
	at game.and.map.CreatAlea.creat(CreatAlea.java:55)
	at game.and.map.CreatAlea.verif0(CreatAlea.java:80)
	at game.and.map.CreatAlea.creat(CreatAlea.java:55)
	at game.and.map.CreatAlea.verif0(CreatAlea.java:80)
	at game.and.map.CreatAlea.creat(CreatAlea.java:55)
	at game.and.map.CreatAlea.verif0(CreatAlea.java:80)
	at game.and.map.CreatAlea.creat(CreatAlea.java:55)
	at game.and.map.CreatAlea.verif0(CreatAlea.java:80)
	at game.and.map.CreatAlea.creat(CreatAlea.java:55)
	at game.and.map.CreatAlea.verif0(CreatAlea.java:80)
	at game.and.map.CreatAlea.creat(CreatAlea.java:55)
	at game.and.map.CreatAlea.verif0(CreatAlea.java:80)
	at game.and.map.CreatAlea.creat(CreatAlea.java:55)
	at game.and.map.CreatAlea.verif0(CreatAlea.java:80)
	at game.and.map.CreatAlea.creat(CreatAlea.java:55)
	at game.and.map.CreatAlea.verif0(CreatAlea.java:80)
	at game.and.map.CreatAlea.creat(CreatAlea.java:55)
	at game.and.map.CreatAlea.verif0(CreatAlea.java:80)
	at game.and.map.CreatAlea.creat(CreatAlea.java:55)
	at game.and.map.CreatAlea.verif0(CreatAlea.java:80)
	at game.and.map.CreatAlea.creat(CreatAlea.java:55)
	at game.and.map.CreatAlea.verif0(CreatAlea.java:80)
	at game.and.map.CreatAlea.creat(CreatAlea.java:55)
	at game.and.map.CreatAlea.verif0(CreatAlea.java:80)
	at game.and.map.CreatAlea.creat(CreatAlea.java:55)
	at game.and.map.CreatAlea.verif0(CreatAlea.java:80)
	at game.and.map.CreatAlea.creat(CreatAlea.java:55)
	at game.and.map.CreatAlea.verif0(CreatAlea.java:80)
	at game.and.map.CreatAlea.creat(CreatAlea.java:55)
	at game.and.map.CreatAlea.verif0(CreatAlea.java:80)
	at game.and.map.CreatAlea.creat(CreatAlea.java:55)
	at game.and.map.CreatAlea.verif0(CreatAlea.java:80)
	at game.and.map.CreatAlea.creat(CreatAlea.java:55)
	at game.and.map.CreatAlea.verif0(CreatAlea.java:80)
	at game.and.map.CreatAlea.creat(CreatAlea.java:55)
	at game.and.map.CreatAlea.verif0(CreatAlea.java:80)
	at game.and.map.CreatAlea.creat(CreatAlea.java:55)
	at game.and.map.CreatAlea.verif0(CreatAlea.java:80)
	at game.and.map.CreatAlea.creat(CreatAlea.java:55)
	at game.and.map.CreatAlea.verif0(CreatAlea.java:80)
	at game.and.map.CreatAlea.creat(CreatAlea.java:55)
	at game.and.map.CreatAlea.verif0(CreatAlea.java:80)
	at game.and.map.CreatAlea.creat(CreatAlea.java:55)
	at game.and.map.CreatAlea.verif0(CreatAlea.java:80)
	at game.and.map.CreatAlea.creat(CreatAlea.java:55)
	at game.and.map.CreatAlea.verif0(CreatAlea.java:80)
	at game.and.map.CreatAlea.creat(CreatAlea.java:55)
	at game.and.map.CreatAlea.verif0(CreatAlea.java:80)
	at game.and.map.CreatAlea.creat(CreatAlea.java:55)
	at game.and.map.CreatAlea.verif0(CreatAlea.java:80)
	at game.and.map.CreatAlea.creat(CreatAlea.java:55)
	at game.and.map.CreatAlea.verif0(CreatAlea.java:80)
	at game.and.map.CreatAlea.creat(CreatAlea.java:55)
	at game.and.map.CreatAlea.verif0(CreatAlea.java:80)
	at game.and.map.CreatAlea.creat(CreatAlea.java:55)
	at game.and.map.CreatAlea.verif0(CreatAlea.java:80)
	at game.and.map.CreatAlea.creat(CreatAlea.java:55)
	at game.and.map.CreatAlea.verif0(CreatAlea.java:80)
	at game.and.map.CreatAlea.creat(CreatAlea.java:55)
	at game.and.map.CreatAlea.verif0(CreatAlea.java:80)
	at game.and.map.CreatAlea.creat(CreatAlea.java:55)
	at game.and.map.CreatAlea.verif0(CreatAlea.java:80)
	at game.and.map.CreatAlea.creat(CreatAlea.java:55)
	at game.and.map.CreatAlea.verif0(CreatAlea.java:80)
	at game.and.map.CreatAlea.creat(CreatAlea.java:55)
	at game.and.map.CreatAlea.verif0(CreatAlea.java:80)
	at game.and.map.CreatAlea.creat(CreatAlea.java:55)
	at game.and.map.CreatAlea.verif0(CreatAlea.java:80)
	at game.and.map.CreatAlea.creat(CreatAlea.java:55)
	at game.and.map.CreatAlea.verif0(CreatAlea.java:80)
	at game.and.map.CreatAlea.creat(CreatAlea.java:55)
	at game.and.map.CreatAlea.verif0(CreatAlea.java:80)
	at game.and.map.CreatAlea.creat(CreatAlea.java:55)
	at game.and.map.CreatAlea.verif0(CreatAlea.java:80)
	at game.and.map.CreatAlea.creat(CreatAlea.java:55)
	at game.and.map.CreatAlea.verif0(CreatAlea.java:80)
	at game.and.map.CreatAlea.creat(CreatAlea.java:55)
	at game.and.map.CreatAlea.verif0(CreatAlea.java:80)
	at game.and.map.CreatAlea.creat(CreatAlea.java:55)
	at game.and.map.CreatAlea.verif0(CreatAlea.java:80)
	at game.and.map.CreatAlea.creat(CreatAlea.java:55)
	at game.and.map.CreatAlea.verif0(CreatAlea.java:80)
	at game.and.map.CreatAlea.creat(CreatAlea.java:55)
	at game.and.map.CreatAlea.verif0(CreatAlea.java:80)
	at game.and.map.CreatAlea.creat(CreatAlea.java:55)
	at game.and.map.CreatAlea.verif0(CreatAlea.java:80)
	at game.and.map.CreatAlea.creat(CreatAlea.java:55)
	at game.and.map.CreatAlea.verif0(CreatAlea.java:80)
	at game.and.map.CreatAlea.creat(CreatAlea.java:55)
	at game.and.map.CreatAlea.verif0(CreatAlea.java:80)
	at game.and.map.CreatAlea.creat(CreatAlea.java:55)
	at game.and.map.CreatAlea.verif0(CreatAlea.java:80)
	at game.and.map.CreatAlea.creat(CreatAlea.java:55)
	at game.and.map.CreatAlea.verif0(CreatAlea.java:80)
	at game.and.map.CreatAlea.creat(CreatAlea.java:55)
	at game.and.map.CreatAlea.verif0(CreatAlea.java:80)
	at game.and.map.CreatAlea.creat(CreatAlea.java:55)
	at game.and.map.CreatAlea.verif0(CreatAlea.java:80)
	at game.and.map.CreatAlea.creat(CreatAlea.java:55)
	at game.and.map.CreatAlea.verif0(CreatAlea.java:80)
	at game.and.map.CreatAlea.creat(CreatAlea.java:55)
	at game.and.map.CreatAlea.verif0(CreatAlea.java:80)
	at game.and.map.CreatAlea.creat(CreatAlea.java:55)
	at game.and.map.CreatAlea.verif0(CreatAlea.java:80)
	at game.and.map.CreatAlea.creat(CreatAlea.java:55)
	at game.and.map.CreatAlea.verif0(CreatAlea.java:80)
	at game.and.map.CreatAlea.creat(CreatAlea.java:55)
	at game.and.map.CreatAlea.verif0(CreatAlea.java:80)
	at game.and.map.CreatAlea.creat(CreatAlea.java:55)
	at game.and.map.CreatAlea.verif0(CreatAlea.java:80)
	at game.and.map.CreatAlea.creat(CreatAlea.java:55)
	at game.and.map.CreatAlea.verif0(CreatAlea.java:80)
	at game.and.map.CreatAlea.creat(CreatAlea.java:55)
	at game.and.map.CreatAlea.verif0(CreatAlea.java:80)
	at game.and.map.CreatAlea.creat(CreatAlea.java:55)
	at game.and.map.CreatAlea.verif0(CreatAlea.java:80)
	at game.and.map.CreatAlea.creat(CreatAlea.java:55)
	at game.and.map.CreatAlea.verif0(CreatAlea.java:80)
	at game.and.map.CreatAlea.creat(CreatAlea.java:55)
	at game.and.map.CreatAlea.verif0(CreatAlea.java:80)
	at game.and.map.CreatAlea.creat(CreatAlea.java:55)
	at game.and.map.CreatAlea.verif0(CreatAlea.java:80)
	at game.and.map.CreatAlea.creat(CreatAlea.java:55)
	at game.and.map.CreatAlea.verif0(CreatAlea.java:80)
	at game.and.map.CreatAlea.creat(CreatAlea.java:55)
	at game.and.map.CreatAlea.verif0(CreatAlea.java:80)
	at game.and.map.CreatAlea.creat(CreatAlea.java:55)
	at game.and.map.CreatAlea.verif0(CreatAlea.java:80)
	at game.and.map.CreatAlea.creat(CreatAlea.java:55)
	at game.and.map.CreatAlea.verif0(CreatAlea.java:80)
	at game.and.map.CreatAlea.creat(CreatAlea.java:55)
	at game.and.map.CreatAlea.verif0(CreatAlea.java:80)
	at game.and.map.CreatAlea.creat(CreatAlea.java:55)
	at game.and.map.CreatAlea.verif0(CreatAlea.java:80)
	at game.and.map.CreatAlea.creat(CreatAlea.java:55)
	at game.and.map.CreatAlea.verif0(CreatAlea.java:80)
	at game.and.map.CreatAlea.creat(CreatAlea.java:55)
	at game.and.map.CreatAlea.verif0(CreatAlea.java:80)
	at game.and.map.CreatAlea.creat(CreatAlea.java:55)
	at game.and.map.CreatAlea.verif0(CreatAlea.java:80)
	at game.and.map.CreatAlea.creat(CreatAlea.java:55)
	at game.and.map.CreatAlea.verif0(CreatAlea.java:80)
	at game.and.map.CreatAlea.creat(CreatAlea.java:55)
	at game.and.map.CreatAlea.verif0(CreatAlea.java:80)
	at game.and.map.CreatAlea.creat(CreatAlea.java:55)
	at game.and.map.CreatAlea.verif0(CreatAlea.java:80)
	at game.and.map.CreatAlea.creat(CreatAlea.java:55)
	at game.and.map.CreatAlea.verif0(CreatAlea.java:80)
	at game.and.map.CreatAlea.creat(CreatAlea.java:55)
	at game.and.map.CreatAlea.verif0(CreatAlea.java:80)
	at game.and.map.CreatAlea.creat(CreatAlea.java:55)
	at game.and.map.CreatAlea.verif0(CreatAlea.java:80)
	at game.and.map.CreatAlea.creat(CreatAlea.java:55)
	at game.and.map.CreatAlea.verif0(CreatAlea.java:80)
	at game.and.map.CreatAlea.creat(CreatAlea.java:55)
	at game.and.map.CreatAlea.verif0(CreatAlea.java:80)
	at game.and.map.CreatAlea.creat(CreatAlea.java:55)
	at game.and.map.CreatAlea.verif0(CreatAlea.java:80)
	at game.and.map.CreatAlea.creat(CreatAlea.java:55)
	at game.and.map.CreatAlea.verif0(CreatAlea.java:80)
	at game.and.map.CreatAlea.creat(CreatAlea.java:55)
	at game.and.map.CreatAlea.verif0(CreatAlea.java:80)
	at game.and.map.CreatAlea.creat(CreatAlea.java:55)
	at game.and.map.CreatAlea.verif0(CreatAlea.java:80)
	at game.and.map.CreatAlea.creat(CreatAlea.java:55)
	at game.and.map.CreatAlea.verif0(CreatAlea.java:80)
	at game.and.map.CreatAlea.creat(CreatAlea.java:55)
	at game.and.map.CreatAlea.verif0(CreatAlea.java:80)
	at game.and.map.CreatAlea.creat(CreatAlea.java:55)
	at game.and.map.CreatAlea.verif0(CreatAlea.java:80)
	at game.and.map.CreatAlea.creat(CreatAlea.java:55)
	at game.and.map.CreatAlea.verif0(CreatAlea.java:80)
	at game.and.map.CreatAlea.creat(CreatAlea.java:55)
	at game.and.map.CreatAlea.verif0(CreatAlea.java:80)
	at game.and.map.CreatAlea.creat(CreatAlea.java:55)
	at game.and.map.CreatAlea.verif0(CreatAlea.java:80)
	at game.and.map.CreatAlea.creat(CreatAlea.java:55)
	at game.and.map.CreatAlea.verif0(CreatAlea.java:80)
	at game.and.map.CreatAlea.creat(CreatAlea.java:55)
	at game.and.map.CreatAlea.verif0(CreatAlea.java:80)
	at game.and.map.CreatAlea.creat(CreatAlea.java:55)
	at game.and.map.CreatAlea.verif0(CreatAlea.java:80)
	at game.and.map.CreatAlea.creat(CreatAlea.java:55)
	at game.and.map.CreatAlea.verif0(CreatAlea.java:80)
	at game.and.map.CreatAlea.creat(CreatAlea.java:55)
	at game.and.map.CreatAlea.verif0(CreatAlea.java:80)
	at game.and.map.CreatAlea.creat(CreatAlea.java:55)
	at game.and.map.CreatAlea.verif0(CreatAlea.java:80)
	at game.and.map.CreatAlea.creat(CreatAlea.java:55)
	at game.and.map.CreatAlea.verif0(CreatAlea.java:80)
	at game.and.map.CreatAlea.creat(CreatAlea.java:55)
	at game.and.map.CreatAlea.verif0(CreatAlea.java:80)
	at game.and.map.CreatAlea.creat(CreatAlea.java:55)
	at game.and.map.CreatAlea.verif0(CreatAlea.java:80)
	at game.and.map.CreatAlea.creat(CreatAlea.java:55)
	at game.and.map.CreatAlea.verif0(CreatAlea.java:80)
	at game.and.map.CreatAlea.creat(CreatAlea.java:55)
	at game.and.map.CreatAlea.verif0(CreatAlea.java:80)
	at game.and.map.CreatAlea.creat(CreatAlea.java:55)
	at game.and.map.CreatAlea.verif0(CreatAlea.java:80)
	at game.and.map.CreatAlea.creat(CreatAlea.java:55)
	at game.and.map.CreatAlea.verif0(CreatAlea.java:80)
	at game.and.map.CreatAlea.creat(CreatAlea.java:55)
	at game.and.map.CreatAlea.verif0(CreatAlea.java:80)
	at game.and.map.CreatAlea.creat(CreatAlea.java:55)
	at game.and.map.CreatAlea.verif0(CreatAlea.java:80)
	at game.and.map.CreatAlea.creat(CreatAlea.java:55)
	at game.and.map.CreatAlea.verif0(CreatAlea.java:80)
	at game.and.map.CreatAlea.creat(CreatAlea.java:55)
	at game.and.map.CreatAlea.verif0(CreatAlea.java:80)
	at game.and.map.CreatAlea.creat(CreatAlea.java:55)
	at game.and.map.CreatAlea.verif0(CreatAlea.java:80)
	at game.and.map.CreatAlea.creat(CreatAlea.java:55)
	at game.and.map.CreatAlea.verif0(CreatAlea.java:80)
	at game.and.map.CreatAlea.creat(CreatAlea.java:55)
	at game.and.map.CreatAlea.verif0(CreatAlea.java:80)
	at game.and.map.CreatAlea.creat(CreatAlea.java:55)
	at game.and.map.CreatAlea.verif0(CreatAlea.java:80)
	at game.and.map.CreatAlea.creat(CreatAlea.java:55)
	at game.and.map.CreatAlea.verif0(CreatAlea.java:80)
	at game.and.map.CreatAlea.creat(CreatAlea.java:55)
	at game.and.map.CreatAlea.verif0(CreatAlea.java:80)
	at game.and.map.CreatAlea.creat(CreatAlea.java:55)
	at game.and.map.CreatAlea.verif0(CreatAlea.java:80)
	at game.and.map.CreatAlea.creat(CreatAlea.java:55)
	at game.and.map.CreatAlea.verif0(CreatAlea.java:80)
	at game.and.map.CreatAlea.creat(CreatAlea.java:55)
	at game.and.map.CreatAlea.verif0(CreatAlea.java:80)
	at game.and.map.CreatAlea.creat(CreatAlea.java:55)
	at game.and.map.CreatAlea.verif0(CreatAlea.java:80)
	at game.and.map.CreatAlea.creat(CreatAlea.java:55)
	at game.and.map.CreatAlea.verif0(CreatAlea.java:80)
	at game.and.map.CreatAlea.creat(CreatAlea.java:55)
	at game.and.map.CreatAlea.verif0(CreatAlea.java:80)
	at game.and.map.CreatAlea.creat(CreatAlea.java:55)
	at game.and.map.CreatAlea.verif0(CreatAlea.java:80)
	at game.and.map.CreatAlea.creat(CreatAlea.java:55)
	at game.and.map.CreatAlea.verif0(CreatAlea.java:80)
	at game.and.map.CreatAlea.creat(CreatAlea.java:55)
	at game.and.map.CreatAlea.verif0(CreatAlea.java:80)
	at game.and.map.CreatAlea.creat(CreatAlea.java:55)
	at game.and.map.CreatAlea.verif0(CreatAlea.java:80)
	at game.and.map.CreatAlea.creat(CreatAlea.java:55)
	at game.and.map.CreatAlea.verif0(CreatAlea.java:80)
	at game.and.map.CreatAlea.creat(CreatAlea.java:55)
	at game.and.map.CreatAlea.verif0(CreatAlea.java:80)
	at game.and.map.CreatAlea.creat(CreatAlea.java:55)
	at game.and.map.CreatAlea.verif0(CreatAlea.java:80)
	at game.and.map.CreatAlea.creat(CreatAlea.java:55)
	at game.and.map.CreatAlea.verif0(CreatAlea.java:80)
	at game.and.map.CreatAlea.creat(CreatAlea.java:55)
	at game.and.map.CreatAlea.verif0(CreatAlea.java:80)
	at game.and.map.CreatAlea.creat(CreatAlea.java:55)
	at game.and.map.CreatAlea.verif0(CreatAlea.java:80)
	at game.and.map.CreatAlea.creat(CreatAlea.java:55)
	at game.and.map.CreatAlea.verif0(CreatAlea.java:80)
	at game.and.map.CreatAlea.creat(CreatAlea.java:55)

19:29:37.347 [JavaFX Application Thread] FATAL FXGLApplication      - Application will now exit
19:29:37.382 [JavaFX Application Thread] DEBUG MainWindow           - Push state: ErrorSubScene
19:29:37.382 [JavaFX Application Thread] DEBUG Input                - Clearing active input actions
19:29:37.386 [JavaFX Application Thread] DEBUG GameApplicationServi - Removing overlay from FXGLLoadingScene and adding to ErrorSubScene
19:29:37.387 [JavaFX Application Thread] DEBUG MainWindow           - FXGLLoadingScene -> ErrorSubScene
19:29:39.504 [JavaFX Application Thread] DEBUG FXGLApplication      - Exiting FXGL
19:29:39.504 [JavaFX Application Thread] DEBUG Async                - Shutting down background threads
19:29:39.504 [JavaFX Application Thread] DEBUG MainWindow           - Closing main window
19:29:39.529 [JavaFX Application Thread] DEBUG Logger               - Closing Logger
