13:42:06.502 [main                     ] DEBUG Logger               - Configured Logger
13:42:06.533 [main                     ] DEBUG GameApplication      - Logging settings
Title: Slime Conqueror
Version: v4.0
Width: 1280
Height: 900
Fullscreen: true
Intro: false
Profiling: false
Single step:false
App Mode: DEVELOPER
Menu Key: ESCAPE
Stage Style: DECORATED
Scene Factory: class GUI.MySceneFactory

13:42:07.409 [JavaFX Application Thread] DEBUG FXGLApplication      - Initializing FXGL
13:42:07.423 [JavaFX Application Thread] INFO  Engine               - FXGL-11.11 (08.09.2020 18.00) on WINDOWS (J:14.0.2 FX:14)
13:42:07.423 [JavaFX Application Thread] DEBUG Engine               - JRE Vendor Name: Oracle Corporation
13:42:07.424 [JavaFX Application Thread] DEBUG Engine               - Running on OS: Windows 10 version 10.0
13:42:07.424 [JavaFX Application Thread] DEBUG Engine               - Architecture: amd64
13:42:07.424 [JavaFX Application Thread] INFO  Engine               - Source code and latest versions at: https://github.com/AlmasB/FXGL
13:42:07.425 [JavaFX Application Thread] INFO  Engine               -              Join the FXGL chat at: https://gitter.im/AlmasB/FXGL
13:42:07.576 [JavaFX Application Thread] DEBUG MainWindow           - Creating a JavaFX scene
13:42:07.576 [JavaFX Application Thread] DEBUG MainWindow           - Target size > screen size
13:42:07.643 [JavaFX Application Thread] DEBUG MainWindow           - Target settings size: 1280.0 x 900.0
13:42:07.643 [JavaFX Application Thread] DEBUG MainWindow           - Scaled scene size:    1203.0 x 863.0
13:42:07.643 [JavaFX Application Thread] DEBUG MainWindow           - Scaled ratio: (0.93984375, 0.9588888888888889)
13:42:07.644 [JavaFX Application Thread] DEBUG MainWindow           - Set initial scene to StartupScene
13:42:07.653 [JavaFX Application Thread] DEBUG MainWindow           - Opening main window
13:42:07.778 [JavaFX Application Thread] DEBUG MainWindow           - Window border size: (14.5999755859375, 37.79998779296875)
13:42:07.779 [JavaFX Application Thread] DEBUG MainWindow           - Scaled size: 1203.0 x 863.0
13:42:07.779 [JavaFX Application Thread] DEBUG MainWindow           - Scaled ratio: (0.93984375, 0.93984375)
13:42:07.780 [JavaFX Application Thread] DEBUG MainWindow           - Scene size: 1203.0 x 863.0
13:42:07.780 [JavaFX Application Thread] DEBUG MainWindow           - Stage size: 1217.5999755859375 x 900.7999877929688
13:42:07.794 [FXGL Background Thread 1 ] DEBUG Engine               - Initializing environment variables
13:42:07.841 [FXGL Background Thread 1 ] DEBUG GameApplicationServi - Applying CSS: fxgl_dark.css
13:42:07.842 [FXGL Background Thread 1 ] DEBUG FXGLAssetLoaderServi - Loading from file system: /assets/ui/css/fxgl_dark.css
13:42:07.906 [FXGL Background Thread 1 ] DEBUG GameApplicationServi - Initializing application scenes
13:42:07.991 [FXGL Background Thread 1 ] DEBUG GameWorld            - Game world initialized
13:42:08.078 [FXGL Background Thread 1 ] DEBUG PhysicsWorld         - Physics world initialized: appHeight=900, physics.ppm=50,0
13:42:08.081 [FXGL Background Thread 1 ] DEBUG GameScene            - Game scene initialized: 1280x900
13:42:08.515 [FXGL Background Thread 1 ] DEBUG GameApplicationServi - Application scenes initialized
13:42:08.540 [FXGL Background Thread 1 ] DEBUG SystemBundleService  - Loading FXGL system data
13:42:08.548 [FXGL Background Thread 1 ] DEBUG FileSystemAccess     - Reading from: C:\Users\Araksio\eclipse-workspace\Slime-Conqueror\system\fxgl.bundle
13:42:08.558 [FXGL Background Thread 1 ] DEBUG SystemBundleService  - Bundle FXGL: {}
13:42:08.558 [FXGL Background Thread 1 ] DEBUG UpdaterService       - Checking for updates
13:42:08.575 [FXGL Background Thread 4 ] DEBUG FXGLApplication      - Loading fonts
13:42:08.576 [FXGL Background Thread 4 ] DEBUG FXGLAssetLoaderServi - Loading from file system: /assets/ui/fonts/VarelaRound-Regular.ttf
13:42:08.576 [FXGL Background Thread 1 ] DEBUG FXGLApplication      - Loading default localization
13:42:08.577 [FXGL Background Thread 1 ] DEBUG FXGLAssetLoaderServi - Loading from file system: /assets/languages/english.lang
13:42:08.608 [FXGL Background Thread 1 ] INFO  FXGLApplication      - FXGL initialization took: 0,814 sec
13:42:08.626 [JavaFX Application Thread] DEBUG Input                - Registered new binding: HideGUI - H
13:42:08.626 [JavaFX Application Thread] DEBUG Input                - Registered new binding: Up - Z
13:42:08.627 [JavaFX Application Thread] DEBUG Input                - Registered new binding: Down - S
13:42:08.627 [JavaFX Application Thread] DEBUG Input                - Registered new binding: Left - Q
13:42:08.628 [JavaFX Application Thread] DEBUG Input                - Registered new binding: Right - D
13:42:08.630 [JavaFX Application Thread] DEBUG Input                - Registered new binding: AttackPos - LMB
13:42:08.631 [JavaFX Application Thread] DEBUG FXGLAssetLoaderServi - Loading from file system: /assets/textures/fxgl_icon.png
13:42:08.740 [FXGL Background Thread 4 ] DEBUG FXGLAssetLoaderServi - Loading from file system: /assets/ui/fonts/Abel-Regular.ttf
13:42:08.746 [FXGL Background Thread 4 ] DEBUG FXGLAssetLoaderServi - Loading from file system: /assets/ui/fonts/lucida_console.ttf
13:42:08.753 [FXGL Background Thread 4 ] DEBUG FXGLAssetLoaderServi - Loading from file system: /assets/ui/fonts/Courier-Prime.ttf
13:42:08.758 [JavaFX Application Thread] DEBUG FXGLAssetLoaderServi - Loading from file system: /assets/ui/cursors/fxgl_default.png
13:42:08.764 [JavaFX Application Thread] DEBUG Input                - Registered new binding: Screenshot - P
13:42:08.765 [JavaFX Application Thread] DEBUG Input                - Registered new binding: System info dump - CTRL+9
13:42:08.766 [JavaFX Application Thread] DEBUG Input                - Registered new binding: Restart - CTRL+R
13:42:08.768 [JavaFX Application Thread] DEBUG Input                - Registered new binding: Toggle Debug Camera - CTRL+C
13:42:08.774 [JavaFX Application Thread] DEBUG LoopRunner           - Starting loop
13:42:08.777 [JavaFX Application Thread] DEBUG Input                - Clearing active input actions
13:42:08.787 [JavaFX Application Thread] DEBUG GameApplicationServi - Removing overlay from StartupScene and adding to FXGLMainMenuDummyScene
13:42:08.788 [JavaFX Application Thread] DEBUG MainWindow           - StartupScene -> FXGLMainMenuDummyScene
13:42:08.788 [JavaFX Application Thread] DEBUG MainWindow           - Push state: MyMenu
13:42:08.788 [JavaFX Application Thread] DEBUG Input                - Clearing active input actions
13:42:08.802 [JavaFX Application Thread] DEBUG GameApplicationServi - Removing overlay from FXGLMainMenuDummyScene and adding to MyMenu
13:42:08.803 [JavaFX Application Thread] DEBUG MainWindow           - FXGLMainMenuDummyScene -> MyMenu
13:42:08.803 [JavaFX Application Thread] DEBUG FXGLApplication      - Registering font factories with UI factory
13:42:09.234 [FXGL Background Thread 2 ] INFO  UpdaterService       - Your current version:  11.11
13:42:09.234 [FXGL Background Thread 2 ] INFO  UpdaterService       - Latest stable version: dev-SNAPSHOT
13:42:11.573 [FXGL Background Thread 3 ] DEBUG Engine               - Logging environment variables
13:42:11.573 [FXGL Background Thread 3 ] DEBUG Engine               - achievements: []
13:42:11.574 [FXGL Background Thread 3 ] DEBUG Engine               - appIcon: fxgl_icon.png
13:42:11.574 [FXGL Background Thread 3 ] DEBUG Engine               - applicationMode: DEVELOPER
13:42:11.574 [FXGL Background Thread 3 ] DEBUG Engine               - cSSList: [fxgl_dark.css]
13:42:11.574 [FXGL Background Thread 3 ] DEBUG Engine               - configClass: Optional.empty
13:42:11.575 [FXGL Background Thread 3 ] DEBUG Engine               - credits: []
13:42:11.575 [FXGL Background Thread 3 ] DEBUG Engine               - devBBoxColorProperty: ObjectProperty [value: 0xff0000ff]
13:42:11.575 [FXGL Background Thread 3 ] DEBUG Engine               - devEnableDebugCameraProperty: BooleanProperty [value: false]
13:42:11.576 [FXGL Background Thread 3 ] DEBUG Engine               - devSensorColorProperty: ObjectProperty [value: 0xffff00ff]
13:42:11.576 [FXGL Background Thread 3 ] DEBUG Engine               - devShowBBoxProperty: BooleanProperty [value: false]
13:42:11.576 [FXGL Background Thread 3 ] DEBUG Engine               - devShowPositionProperty: BooleanProperty [value: false]
13:42:11.576 [FXGL Background Thread 3 ] DEBUG Engine               - enabledMenuItems: []
13:42:11.577 [FXGL Background Thread 3 ] DEBUG Engine               - engineServices: [class com.almasb.fxgl.app.FXGLApplication$GameApplicationService, class com.almasb.fxgl.app.services.FXGLDialogService, class com.almasb.fxgl.app.services.IOTaskExecutorService, class com.almasb.fxgl.event.EventBusService, class com.almasb.fxgl.io.FileSystemService, class com.almasb.fxgl.localization.LocalizationService, class com.almasb.fxgl.app.services.FXGLAssetLoaderService, class com.almasb.fxgl.app.services.SystemBundleService, class com.almasb.fxgl.profile.SaveLoadService, class com.almasb.fxgl.ui.FXGLUIFactoryServiceProvider, class com.almasb.fxgl.ui.FXGLDialogFactoryServiceProvider, class com.almasb.fxgl.audio.AudioPlayer, class com.almasb.fxgl.notification.impl.NotificationServiceProvider, class com.almasb.fxgl.achievement.AchievementService, class com.almasb.fxgl.cutscene.CutsceneService, class com.almasb.fxgl.minigames.MiniGameService, class com.almasb.fxgl.net.NetService, class com.almasb.fxgl.app.services.UpdaterService, class com.almasb.fxgl.dev.DevService]
13:42:11.577 [FXGL Background Thread 3 ] DEBUG Engine               - fontGame: Abel-Regular.ttf
13:42:11.577 [FXGL Background Thread 3 ] DEBUG Engine               - fontMono: lucida_console.ttf
13:42:11.577 [FXGL Background Thread 3 ] DEBUG Engine               - fontText: Courier-Prime.ttf
13:42:11.577 [FXGL Background Thread 3 ] DEBUG Engine               - fontUI: VarelaRound-Regular.ttf
13:42:11.578 [FXGL Background Thread 3 ] DEBUG Engine               - fullScreen: BooleanProperty [value: false]
13:42:11.578 [FXGL Background Thread 3 ] DEBUG Engine               - gameDifficulty: MEDIUM
13:42:11.578 [FXGL Background Thread 3 ] DEBUG Engine               - gameDifficultyProperty: ObjectProperty [value: MEDIUM]
13:42:11.578 [FXGL Background Thread 3 ] DEBUG Engine               - globalMusicVolume: 0.5
13:42:11.579 [FXGL Background Thread 3 ] DEBUG Engine               - globalMusicVolumeProperty: DoubleProperty [value: 0.5]
13:42:11.579 [FXGL Background Thread 3 ] DEBUG Engine               - globalSoundVolume: 0.5
13:42:11.579 [FXGL Background Thread 3 ] DEBUG Engine               - globalSoundVolumeProperty: DoubleProperty [value: 0.5]
13:42:11.579 [FXGL Background Thread 3 ] DEBUG Engine               - height: 900
13:42:11.580 [FXGL Background Thread 3 ] DEBUG Engine               - isAndroid: false
13:42:11.580 [FXGL Background Thread 3 ] DEBUG Engine               - isBrowser: false
13:42:11.580 [FXGL Background Thread 3 ] DEBUG Engine               - isClickFeedbackEnabled: false
13:42:11.580 [FXGL Background Thread 3 ] DEBUG Engine               - isCloseConfirmation: false
13:42:11.581 [FXGL Background Thread 3 ] DEBUG Engine               - isDesktop: true
13:42:11.581 [FXGL Background Thread 3 ] DEBUG Engine               - isDeveloperMenuEnabled: false
13:42:11.581 [FXGL Background Thread 3 ] DEBUG Engine               - isEntityPreloadEnabled: true
13:42:11.581 [FXGL Background Thread 3 ] DEBUG Engine               - isExperimentalNative: false
13:42:11.581 [FXGL Background Thread 3 ] DEBUG Engine               - isExperimentalTiledLargeMap: false
13:42:11.582 [FXGL Background Thread 3 ] DEBUG Engine               - isFileSystemWriteAllowed: true
13:42:11.582 [FXGL Background Thread 3 ] DEBUG Engine               - isFullScreenAllowed: true
13:42:11.582 [FXGL Background Thread 3 ] DEBUG Engine               - isFullScreenFromStart: false
13:42:11.582 [FXGL Background Thread 3 ] DEBUG Engine               - isGameMenuEnabled: true
13:42:11.583 [FXGL Background Thread 3 ] DEBUG Engine               - isIOS: false
13:42:11.583 [FXGL Background Thread 3 ] DEBUG Engine               - isIntroEnabled: false
13:42:11.583 [FXGL Background Thread 3 ] DEBUG Engine               - isLinux: false
13:42:11.583 [FXGL Background Thread 3 ] DEBUG Engine               - isMac: false
13:42:11.584 [FXGL Background Thread 3 ] DEBUG Engine               - isMainMenuEnabled: true
13:42:11.584 [FXGL Background Thread 3 ] DEBUG Engine               - isManualResizeEnabled: true
13:42:11.584 [FXGL Background Thread 3 ] DEBUG Engine               - isMobile: false
13:42:11.584 [FXGL Background Thread 3 ] DEBUG Engine               - isPreserveResizeRatio: true
13:42:11.584 [FXGL Background Thread 3 ] DEBUG Engine               - isProfilingEnabled: false
13:42:11.585 [FXGL Background Thread 3 ] DEBUG Engine               - isSingleStep: false
13:42:11.585 [FXGL Background Thread 3 ] DEBUG Engine               - isUserProfileEnabled: false
13:42:11.585 [FXGL Background Thread 3 ] DEBUG Engine               - isWindows: true
13:42:11.585 [FXGL Background Thread 3 ] DEBUG Engine               - language: ObjectProperty [value: ENGLISH]
13:42:11.586 [FXGL Background Thread 3 ] DEBUG Engine               - menuKey: ESCAPE
13:42:11.586 [FXGL Background Thread 3 ] DEBUG Engine               - notificationViewClass: class com.almasb.fxgl.notification.view.XboxNotificationView
13:42:11.586 [FXGL Background Thread 3 ] DEBUG Engine               - pixelsPerMeter: 50.0
13:42:11.586 [FXGL Background Thread 3 ] DEBUG Engine               - platform: WINDOWS
13:42:11.587 [FXGL Background Thread 3 ] DEBUG Engine               - profileDir: profiles/
13:42:11.587 [FXGL Background Thread 3 ] DEBUG Engine               - profileName: StringProperty [value: DEFAULT]
13:42:11.587 [FXGL Background Thread 3 ] DEBUG Engine               - randomSeed: -1
13:42:11.587 [FXGL Background Thread 3 ] DEBUG Engine               - runtimeInfo: RuntimeInfo(platform=WINDOWS, version=11.11, build=08.09.2020 18.00)
13:42:11.587 [FXGL Background Thread 3 ] DEBUG Engine               - saveFileExt: sav
13:42:11.587 [FXGL Background Thread 3 ] DEBUG Engine               - sceneFactory: GUI.MySceneFactory@57df3c01
13:42:11.588 [FXGL Background Thread 3 ] DEBUG Engine               - secondsIn24h: 60
13:42:11.588 [FXGL Background Thread 3 ] DEBUG Engine               - soundMenuBack: menu/back.wav
13:42:11.588 [FXGL Background Thread 3 ] DEBUG Engine               - soundMenuPress: menu/press.wav
13:42:11.588 [FXGL Background Thread 3 ] DEBUG Engine               - soundMenuSelect: menu/select.wav
13:42:11.588 [FXGL Background Thread 3 ] DEBUG Engine               - soundNotification: core/notification.wav
13:42:11.588 [FXGL Background Thread 3 ] DEBUG Engine               - stageStyle: DECORATED
13:42:11.589 [FXGL Background Thread 3 ] DEBUG Engine               - supportedLanguages: [ENGLISH, FRENCH, GERMAN, HUNGARIAN, RUSSIAN]
13:42:11.589 [FXGL Background Thread 3 ] DEBUG Engine               - title: Slime Conqueror
13:42:11.589 [FXGL Background Thread 3 ] DEBUG Engine               - urlGithub: https://github.com/AlmasB/FXGL
13:42:11.589 [FXGL Background Thread 3 ] DEBUG Engine               - urlLeaderboard: http://fxgl-top.herokuapp.com/
13:42:11.589 [FXGL Background Thread 3 ] DEBUG Engine               - urlPOM: https://raw.githubusercontent.com/AlmasB/FXGL/master/pom.xml
13:42:11.589 [FXGL Background Thread 3 ] DEBUG Engine               - version: v4.0
13:42:11.590 [FXGL Background Thread 3 ] DEBUG Engine               - versionCheckDays: 7
13:42:11.590 [FXGL Background Thread 3 ] DEBUG Engine               - width: 1280
13:42:11.590 [FXGL Background Thread 3 ] DEBUG Engine               - Logging services
13:42:11.590 [FXGL Background Thread 3 ] DEBUG Engine               - class com.almasb.fxgl.app.FXGLApplication$GameApplicationService
13:42:11.591 [FXGL Background Thread 3 ] DEBUG Engine               - class com.almasb.fxgl.app.services.FXGLDialogService
13:42:11.591 [FXGL Background Thread 3 ] DEBUG Engine               - class com.almasb.fxgl.app.services.IOTaskExecutorService
13:42:11.591 [FXGL Background Thread 3 ] DEBUG Engine               - class com.almasb.fxgl.event.EventBusService
13:42:11.591 [FXGL Background Thread 3 ] DEBUG Engine               - class com.almasb.fxgl.io.FileSystemService
13:42:11.591 [FXGL Background Thread 3 ] DEBUG Engine               - class com.almasb.fxgl.localization.LocalizationService
13:42:11.591 [FXGL Background Thread 3 ] DEBUG Engine               - class com.almasb.fxgl.app.services.FXGLAssetLoaderService
13:42:11.592 [FXGL Background Thread 3 ] DEBUG Engine               - class com.almasb.fxgl.app.services.SystemBundleService
13:42:11.592 [FXGL Background Thread 3 ] DEBUG Engine               - class com.almasb.fxgl.profile.SaveLoadService
13:42:11.592 [FXGL Background Thread 3 ] DEBUG Engine               - class com.almasb.fxgl.ui.FXGLUIFactoryServiceProvider
13:42:11.592 [FXGL Background Thread 3 ] DEBUG Engine               - class com.almasb.fxgl.ui.FXGLDialogFactoryServiceProvider
13:42:11.592 [FXGL Background Thread 3 ] DEBUG Engine               - class com.almasb.fxgl.audio.AudioPlayer
13:42:11.593 [FXGL Background Thread 3 ] DEBUG Engine               - class com.almasb.fxgl.notification.impl.NotificationServiceProvider
13:42:11.593 [FXGL Background Thread 3 ] DEBUG Engine               - class com.almasb.fxgl.achievement.AchievementService
13:42:11.593 [FXGL Background Thread 3 ] DEBUG Engine               - class com.almasb.fxgl.cutscene.CutsceneService
13:42:11.593 [FXGL Background Thread 3 ] DEBUG Engine               - class com.almasb.fxgl.minigames.MiniGameService
13:42:11.593 [FXGL Background Thread 3 ] DEBUG Engine               - class com.almasb.fxgl.net.NetService
13:42:11.594 [FXGL Background Thread 3 ] DEBUG Engine               - class com.almasb.fxgl.app.services.UpdaterService
13:42:11.594 [FXGL Background Thread 3 ] DEBUG Engine               - class com.almasb.fxgl.dev.DevService
13:42:12.472 [JavaFX Application Thread] DEBUG GameApplicationServi - Starting new game
13:42:12.473 [JavaFX Application Thread] DEBUG MainWindow           - Pop state: MyMenu
13:42:12.473 [JavaFX Application Thread] DEBUG Input                - Clearing active input actions
13:42:12.476 [JavaFX Application Thread] DEBUG GameApplicationServi - Removing overlay from MyMenu and adding to FXGLMainMenuDummyScene
13:42:12.476 [JavaFX Application Thread] DEBUG MainWindow           - FXGLMainMenuDummyScene <- MyMenu
13:42:12.476 [JavaFX Application Thread] DEBUG Input                - Clearing active input actions
13:42:12.499 [JavaFX Application Thread] DEBUG GameApplicationServi - Removing overlay from FXGLMainMenuDummyScene and adding to FXGLLoadingScene
13:42:12.500 [JavaFX Application Thread] DEBUG MainWindow           - FXGLMainMenuDummyScene -> FXGLLoadingScene
13:42:12.501 [JavaFX Application Thread] DEBUG GameApplicationServi - Clearing previous game
13:42:12.501 [JavaFX Application Thread] DEBUG GameScene            - Clearing game scene
13:42:12.502 [JavaFX Application Thread] DEBUG GameWorld            - Clearing game world
13:42:12.503 [JavaFX Application Thread] DEBUG PhysicsWorld         - Clearing physics world
13:42:12.507 [FXGL Background Thread 2 ] DEBUG FXGLApplication      - Initializing game
13:42:12.562 [FXGL Background Thread 2 ] DEBUG FXGLAssetLoaderServi - Loading from file system: /assets/levels/map_level0.txt
13:42:12.595 [FXGL Background Thread 2 ] DEBUG FXGLAssetLoaderServi - Loading from file system: /assets/textures/murGauche.png
13:42:12.616 [FXGL Background Thread 2 ] DEBUG FXGLAssetLoaderServi - Loading from file system: /assets/textures/murHautBas.png
13:42:12.620 [FXGL Background Thread 2 ] DEBUG FXGLAssetLoaderServi - Loading from cache: /assets/textures/murHautBas.png
13:42:12.622 [FXGL Background Thread 2 ] DEBUG FXGLAssetLoaderServi - Loading from cache: /assets/textures/murHautBas.png
13:42:12.623 [FXGL Background Thread 2 ] DEBUG FXGLAssetLoaderServi - Loading from cache: /assets/textures/murHautBas.png
13:42:12.624 [FXGL Background Thread 2 ] DEBUG FXGLAssetLoaderServi - Loading from cache: /assets/textures/murHautBas.png
13:42:12.625 [FXGL Background Thread 2 ] DEBUG FXGLAssetLoaderServi - Loading from cache: /assets/textures/murHautBas.png
13:42:12.626 [FXGL Background Thread 2 ] DEBUG FXGLAssetLoaderServi - Loading from cache: /assets/textures/murHautBas.png
13:42:12.627 [FXGL Background Thread 2 ] DEBUG FXGLAssetLoaderServi - Loading from cache: /assets/textures/murHautBas.png
13:42:12.629 [FXGL Background Thread 2 ] DEBUG FXGLAssetLoaderServi - Loading from cache: /assets/textures/murHautBas.png
13:42:12.630 [FXGL Background Thread 2 ] DEBUG FXGLAssetLoaderServi - Loading from cache: /assets/textures/murHautBas.png
13:42:12.634 [FXGL Background Thread 2 ] DEBUG FXGLAssetLoaderServi - Loading from cache: /assets/textures/murHautBas.png
13:42:12.635 [FXGL Background Thread 2 ] DEBUG FXGLAssetLoaderServi - Loading from cache: /assets/textures/murHautBas.png
13:42:12.636 [FXGL Background Thread 2 ] DEBUG FXGLAssetLoaderServi - Loading from cache: /assets/textures/murHautBas.png
13:42:12.639 [FXGL Background Thread 2 ] DEBUG FXGLAssetLoaderServi - Loading from cache: /assets/textures/murHautBas.png
13:42:12.640 [FXGL Background Thread 2 ] DEBUG FXGLAssetLoaderServi - Loading from cache: /assets/textures/murHautBas.png
13:42:12.641 [FXGL Background Thread 2 ] DEBUG FXGLAssetLoaderServi - Loading from cache: /assets/textures/murHautBas.png
13:42:12.642 [FXGL Background Thread 2 ] DEBUG FXGLAssetLoaderServi - Loading from cache: /assets/textures/murHautBas.png
13:42:12.642 [FXGL Background Thread 2 ] DEBUG FXGLAssetLoaderServi - Loading from cache: /assets/textures/murHautBas.png
13:42:12.643 [FXGL Background Thread 2 ] DEBUG FXGLAssetLoaderServi - Loading from cache: /assets/textures/murHautBas.png
13:42:12.645 [FXGL Background Thread 2 ] DEBUG FXGLAssetLoaderServi - Loading from file system: /assets/textures/murDroite.png
13:42:12.648 [FXGL Background Thread 2 ] DEBUG FXGLAssetLoaderServi - Loading from cache: /assets/textures/murGauche.png
13:42:12.656 [FXGL Background Thread 2 ] DEBUG FXGLAssetLoaderServi - Loading from file system: /assets/textures/escalier.png
13:42:12.675 [FXGL Background Thread 2 ] DEBUG FXGLAssetLoaderServi - Loading from cache: /assets/textures/murDroite.png
13:42:12.675 [FXGL Background Thread 2 ] DEBUG FXGLAssetLoaderServi - Loading from cache: /assets/textures/murGauche.png
13:42:12.687 [FXGL Background Thread 2 ] DEBUG FXGLAssetLoaderServi - Loading from cache: /assets/textures/murDroite.png
13:42:12.688 [FXGL Background Thread 2 ] DEBUG FXGLAssetLoaderServi - Loading from cache: /assets/textures/murGauche.png
13:42:12.693 [FXGL Background Thread 2 ] DEBUG FXGLAssetLoaderServi - Loading from cache: /assets/textures/murDroite.png
13:42:12.694 [FXGL Background Thread 2 ] DEBUG FXGLAssetLoaderServi - Loading from cache: /assets/textures/murGauche.png
13:42:12.695 [FXGL Background Thread 2 ] DEBUG FXGLAssetLoaderServi - Loading from file system: /assets/textures/renard.png
13:42:12.715 [FXGL Background Thread 2 ] DEBUG FXGLAssetLoaderServi - Loading from cache: /assets/textures/murHautBas.png
13:42:12.716 [FXGL Background Thread 2 ] DEBUG FXGLAssetLoaderServi - Loading from cache: /assets/textures/murHautBas.png
13:42:12.717 [FXGL Background Thread 2 ] DEBUG FXGLAssetLoaderServi - Loading from cache: /assets/textures/murHautBas.png
13:42:12.717 [FXGL Background Thread 2 ] DEBUG FXGLAssetLoaderServi - Loading from cache: /assets/textures/murHautBas.png
13:42:12.718 [FXGL Background Thread 2 ] DEBUG FXGLAssetLoaderServi - Loading from cache: /assets/textures/murHautBas.png
13:42:12.718 [FXGL Background Thread 2 ] DEBUG FXGLAssetLoaderServi - Loading from cache: /assets/textures/murHautBas.png
13:42:12.718 [FXGL Background Thread 2 ] DEBUG FXGLAssetLoaderServi - Loading from cache: /assets/textures/murHautBas.png
13:42:12.719 [FXGL Background Thread 2 ] DEBUG FXGLAssetLoaderServi - Loading from cache: /assets/textures/murHautBas.png
13:42:12.719 [FXGL Background Thread 2 ] DEBUG FXGLAssetLoaderServi - Loading from cache: /assets/textures/murHautBas.png
13:42:12.720 [FXGL Background Thread 2 ] DEBUG FXGLAssetLoaderServi - Loading from file system: /assets/textures/bat.png
13:42:12.723 [FXGL Background Thread 2 ] DEBUG FXGLAssetLoaderServi - Loading from cache: /assets/textures/murDroite.png
13:42:12.724 [FXGL Background Thread 2 ] DEBUG FXGLAssetLoaderServi - Loading from cache: /assets/textures/murGauche.png
13:42:12.736 [FXGL Background Thread 2 ] DEBUG FXGLAssetLoaderServi - Loading from cache: /assets/textures/murDroite.png
13:42:12.737 [FXGL Background Thread 2 ] DEBUG FXGLAssetLoaderServi - Loading from cache: /assets/textures/murGauche.png
13:42:12.740 [FXGL Background Thread 2 ] DEBUG FXGLAssetLoaderServi - Loading from cache: /assets/textures/bat.png
13:42:12.741 [FXGL Background Thread 2 ] DEBUG FXGLAssetLoaderServi - Loading from cache: /assets/textures/renard.png
13:42:12.753 [FXGL Background Thread 2 ] DEBUG FXGLAssetLoaderServi - Loading from cache: /assets/textures/murDroite.png
13:42:12.754 [FXGL Background Thread 2 ] DEBUG FXGLAssetLoaderServi - Loading from cache: /assets/textures/murGauche.png
13:42:12.761 [FXGL Background Thread 2 ] DEBUG FXGLAssetLoaderServi - Loading from cache: /assets/textures/murDroite.png
13:42:12.763 [FXGL Background Thread 2 ] DEBUG FXGLAssetLoaderServi - Loading from cache: /assets/textures/murGauche.png
13:42:12.766 [FXGL Background Thread 2 ] DEBUG FXGLAssetLoaderServi - Loading from cache: /assets/textures/murHautBas.png
13:42:12.767 [FXGL Background Thread 2 ] DEBUG FXGLAssetLoaderServi - Loading from cache: /assets/textures/murHautBas.png
13:42:12.768 [FXGL Background Thread 2 ] DEBUG FXGLAssetLoaderServi - Loading from cache: /assets/textures/murHautBas.png
13:42:12.769 [FXGL Background Thread 2 ] DEBUG FXGLAssetLoaderServi - Loading from cache: /assets/textures/murHautBas.png
13:42:12.769 [FXGL Background Thread 2 ] DEBUG FXGLAssetLoaderServi - Loading from cache: /assets/textures/murHautBas.png
13:42:12.770 [FXGL Background Thread 2 ] DEBUG FXGLAssetLoaderServi - Loading from cache: /assets/textures/murHautBas.png
13:42:12.770 [FXGL Background Thread 2 ] DEBUG FXGLAssetLoaderServi - Loading from cache: /assets/textures/murHautBas.png
13:42:12.771 [FXGL Background Thread 2 ] DEBUG FXGLAssetLoaderServi - Loading from cache: /assets/textures/murHautBas.png
13:42:12.771 [FXGL Background Thread 2 ] DEBUG FXGLAssetLoaderServi - Loading from cache: /assets/textures/murHautBas.png
13:42:12.772 [FXGL Background Thread 2 ] DEBUG FXGLAssetLoaderServi - Loading from cache: /assets/textures/murHautBas.png
13:42:12.773 [FXGL Background Thread 2 ] DEBUG FXGLAssetLoaderServi - Loading from cache: /assets/textures/murHautBas.png
13:42:12.773 [FXGL Background Thread 2 ] DEBUG FXGLAssetLoaderServi - Loading from cache: /assets/textures/murHautBas.png
13:42:12.774 [FXGL Background Thread 2 ] DEBUG FXGLAssetLoaderServi - Loading from cache: /assets/textures/murHautBas.png
13:42:12.774 [FXGL Background Thread 2 ] DEBUG FXGLAssetLoaderServi - Loading from cache: /assets/textures/murHautBas.png
13:42:12.775 [FXGL Background Thread 2 ] DEBUG FXGLAssetLoaderServi - Loading from cache: /assets/textures/murHautBas.png
13:42:12.776 [FXGL Background Thread 2 ] DEBUG FXGLAssetLoaderServi - Loading from cache: /assets/textures/murHautBas.png
13:42:12.776 [FXGL Background Thread 2 ] DEBUG FXGLAssetLoaderServi - Loading from cache: /assets/textures/murHautBas.png
13:42:12.777 [FXGL Background Thread 2 ] DEBUG FXGLAssetLoaderServi - Loading from cache: /assets/textures/murHautBas.png
13:42:12.777 [FXGL Background Thread 2 ] DEBUG FXGLAssetLoaderServi - Loading from cache: /assets/textures/murDroite.png
13:42:12.778 [FXGL Background Thread 2 ] DEBUG FXGLAssetLoaderServi - Loading from cache: /assets/textures/murGauche.png
13:42:12.789 [FXGL Background Thread 2 ] DEBUG FXGLAssetLoaderServi - Loading from cache: /assets/textures/murDroite.png
13:42:12.790 [FXGL Background Thread 2 ] DEBUG FXGLAssetLoaderServi - Loading from cache: /assets/textures/murGauche.png
13:42:12.802 [FXGL Background Thread 2 ] DEBUG FXGLAssetLoaderServi - Loading from cache: /assets/textures/murDroite.png
13:42:12.803 [FXGL Background Thread 2 ] DEBUG FXGLAssetLoaderServi - Loading from cache: /assets/textures/murGauche.png
13:42:12.804 [FXGL Background Thread 2 ] DEBUG FXGLAssetLoaderServi - Loading from cache: /assets/textures/murHautBas.png
13:42:12.804 [FXGL Background Thread 2 ] DEBUG FXGLAssetLoaderServi - Loading from cache: /assets/textures/murHautBas.png
13:42:12.805 [FXGL Background Thread 2 ] DEBUG FXGLAssetLoaderServi - Loading from cache: /assets/textures/murHautBas.png
13:42:12.805 [FXGL Background Thread 2 ] DEBUG FXGLAssetLoaderServi - Loading from cache: /assets/textures/murHautBas.png
13:42:12.806 [FXGL Background Thread 2 ] DEBUG FXGLAssetLoaderServi - Loading from cache: /assets/textures/murHautBas.png
13:42:12.806 [FXGL Background Thread 2 ] DEBUG FXGLAssetLoaderServi - Loading from cache: /assets/textures/murHautBas.png
13:42:12.806 [FXGL Background Thread 2 ] DEBUG FXGLAssetLoaderServi - Loading from cache: /assets/textures/murHautBas.png
13:42:12.807 [FXGL Background Thread 2 ] DEBUG FXGLAssetLoaderServi - Loading from cache: /assets/textures/murHautBas.png
13:42:12.807 [FXGL Background Thread 2 ] DEBUG FXGLAssetLoaderServi - Loading from cache: /assets/textures/murHautBas.png
13:42:12.807 [FXGL Background Thread 2 ] DEBUG FXGLAssetLoaderServi - Loading from cache: /assets/textures/murHautBas.png
13:42:12.808 [FXGL Background Thread 2 ] DEBUG FXGLAssetLoaderServi - Loading from cache: /assets/textures/murHautBas.png
13:42:12.808 [FXGL Background Thread 2 ] DEBUG FXGLAssetLoaderServi - Loading from cache: /assets/textures/murHautBas.png
13:42:12.809 [FXGL Background Thread 2 ] DEBUG FXGLAssetLoaderServi - Loading from cache: /assets/textures/murHautBas.png
13:42:12.809 [FXGL Background Thread 2 ] DEBUG FXGLAssetLoaderServi - Loading from cache: /assets/textures/murHautBas.png
13:42:12.810 [FXGL Background Thread 2 ] DEBUG FXGLAssetLoaderServi - Loading from cache: /assets/textures/murHautBas.png
13:42:12.810 [FXGL Background Thread 2 ] DEBUG FXGLAssetLoaderServi - Loading from cache: /assets/textures/murHautBas.png
13:42:12.813 [FXGL Background Thread 2 ] DEBUG FXGLAssetLoaderServi - Loading from cache: /assets/textures/murDroite.png
13:42:12.815 [FXGL Background Thread 2 ] DEBUG FXGLAssetLoaderServi - Loading from cache: /assets/textures/murGauche.png
13:42:12.819 [FXGL Background Thread 2 ] DEBUG FXGLAssetLoaderServi - Loading from cache: /assets/textures/bat.png
13:42:12.822 [FXGL Background Thread 2 ] DEBUG FXGLAssetLoaderServi - Loading from cache: /assets/textures/murDroite.png
13:42:12.822 [FXGL Background Thread 2 ] DEBUG FXGLAssetLoaderServi - Loading from cache: /assets/textures/murGauche.png
13:42:12.826 [FXGL Background Thread 2 ] DEBUG FXGLAssetLoaderServi - Loading from cache: /assets/textures/murDroite.png
13:42:12.826 [FXGL Background Thread 2 ] DEBUG FXGLAssetLoaderServi - Loading from cache: /assets/textures/murGauche.png
13:42:12.827 [FXGL Background Thread 2 ] DEBUG FXGLAssetLoaderServi - Loading from cache: /assets/textures/murHautBas.png
13:42:12.827 [FXGL Background Thread 2 ] DEBUG FXGLAssetLoaderServi - Loading from cache: /assets/textures/murHautBas.png
13:42:12.828 [FXGL Background Thread 2 ] DEBUG FXGLAssetLoaderServi - Loading from cache: /assets/textures/murHautBas.png
13:42:12.828 [FXGL Background Thread 2 ] DEBUG FXGLAssetLoaderServi - Loading from cache: /assets/textures/murHautBas.png
13:42:12.829 [FXGL Background Thread 2 ] DEBUG FXGLAssetLoaderServi - Loading from cache: /assets/textures/murHautBas.png
13:42:12.830 [FXGL Background Thread 2 ] DEBUG FXGLAssetLoaderServi - Loading from cache: /assets/textures/murHautBas.png
13:42:12.833 [FXGL Background Thread 2 ] DEBUG FXGLAssetLoaderServi - Loading from cache: /assets/textures/murHautBas.png
13:42:12.834 [FXGL Background Thread 2 ] DEBUG FXGLAssetLoaderServi - Loading from cache: /assets/textures/murHautBas.png
13:42:12.834 [FXGL Background Thread 2 ] DEBUG FXGLAssetLoaderServi - Loading from cache: /assets/textures/murHautBas.png
13:42:12.835 [FXGL Background Thread 2 ] DEBUG FXGLAssetLoaderServi - Loading from cache: /assets/textures/murHautBas.png
13:42:12.835 [FXGL Background Thread 2 ] DEBUG FXGLAssetLoaderServi - Loading from cache: /assets/textures/murHautBas.png
13:42:12.836 [FXGL Background Thread 2 ] DEBUG FXGLAssetLoaderServi - Loading from cache: /assets/textures/murHautBas.png
13:42:12.836 [FXGL Background Thread 2 ] DEBUG FXGLAssetLoaderServi - Loading from cache: /assets/textures/murHautBas.png
13:42:12.837 [FXGL Background Thread 2 ] DEBUG FXGLAssetLoaderServi - Loading from cache: /assets/textures/murHautBas.png
13:42:12.837 [FXGL Background Thread 2 ] DEBUG FXGLAssetLoaderServi - Loading from cache: /assets/textures/murHautBas.png
13:42:12.838 [FXGL Background Thread 2 ] DEBUG FXGLAssetLoaderServi - Loading from cache: /assets/textures/murHautBas.png
13:42:12.838 [FXGL Background Thread 2 ] DEBUG FXGLAssetLoaderServi - Loading from cache: /assets/textures/murHautBas.png
13:42:12.839 [FXGL Background Thread 2 ] DEBUG FXGLAssetLoaderServi - Loading from cache: /assets/textures/murDroite.png
13:42:12.840 [FXGL Background Thread 2 ] DEBUG FXGLAssetLoaderServi - Loading from cache: /assets/textures/murGauche.png
13:42:12.842 [FXGL Background Thread 2 ] DEBUG FXGLAssetLoaderServi - Loading from file system: /assets/textures/lezard.png
13:42:12.850 [FXGL Background Thread 2 ] DEBUG FXGLAssetLoaderServi - Loading from cache: /assets/textures/murDroite.png
13:42:12.851 [FXGL Background Thread 2 ] DEBUG FXGLAssetLoaderServi - Loading from cache: /assets/textures/murGauche.png
13:42:12.862 [FXGL Background Thread 2 ] DEBUG FXGLAssetLoaderServi - Loading from cache: /assets/textures/lezard.png
13:42:12.868 [FXGL Background Thread 2 ] DEBUG FXGLAssetLoaderServi - Loading from cache: /assets/textures/murDroite.png
13:42:12.869 [FXGL Background Thread 2 ] DEBUG FXGLAssetLoaderServi - Loading from cache: /assets/textures/murGauche.png
13:42:12.874 [FXGL Background Thread 2 ] DEBUG FXGLAssetLoaderServi - Loading from cache: /assets/textures/murDroite.png
13:42:12.875 [FXGL Background Thread 2 ] DEBUG FXGLAssetLoaderServi - Loading from cache: /assets/textures/murGauche.png
13:42:12.876 [FXGL Background Thread 2 ] DEBUG FXGLAssetLoaderServi - Loading from cache: /assets/textures/murHautBas.png
13:42:12.877 [FXGL Background Thread 2 ] DEBUG FXGLAssetLoaderServi - Loading from cache: /assets/textures/murHautBas.png
13:42:12.877 [FXGL Background Thread 2 ] DEBUG FXGLAssetLoaderServi - Loading from cache: /assets/textures/murHautBas.png
13:42:12.878 [FXGL Background Thread 2 ] DEBUG FXGLAssetLoaderServi - Loading from cache: /assets/textures/murHautBas.png
13:42:12.879 [FXGL Background Thread 2 ] DEBUG FXGLAssetLoaderServi - Loading from cache: /assets/textures/murHautBas.png
13:42:12.880 [FXGL Background Thread 2 ] DEBUG FXGLAssetLoaderServi - Loading from cache: /assets/textures/murHautBas.png
13:42:12.882 [FXGL Background Thread 2 ] DEBUG FXGLAssetLoaderServi - Loading from cache: /assets/textures/murHautBas.png
13:42:12.883 [FXGL Background Thread 2 ] DEBUG FXGLAssetLoaderServi - Loading from cache: /assets/textures/murHautBas.png
13:42:12.884 [FXGL Background Thread 2 ] DEBUG FXGLAssetLoaderServi - Loading from cache: /assets/textures/murHautBas.png
13:42:12.885 [FXGL Background Thread 2 ] DEBUG FXGLAssetLoaderServi - Loading from cache: /assets/textures/murHautBas.png
13:42:12.885 [FXGL Background Thread 2 ] DEBUG FXGLAssetLoaderServi - Loading from cache: /assets/textures/murHautBas.png
13:42:12.886 [FXGL Background Thread 2 ] DEBUG FXGLAssetLoaderServi - Loading from cache: /assets/textures/murHautBas.png
13:42:12.886 [FXGL Background Thread 2 ] DEBUG FXGLAssetLoaderServi - Loading from cache: /assets/textures/murHautBas.png
13:42:12.887 [FXGL Background Thread 2 ] DEBUG FXGLAssetLoaderServi - Loading from cache: /assets/textures/murHautBas.png
13:42:12.887 [FXGL Background Thread 2 ] DEBUG FXGLAssetLoaderServi - Loading from cache: /assets/textures/murHautBas.png
13:42:12.887 [FXGL Background Thread 2 ] DEBUG FXGLAssetLoaderServi - Loading from cache: /assets/textures/murDroite.png
13:42:12.888 [FXGL Background Thread 2 ] DEBUG FXGLAssetLoaderServi - Loading from cache: /assets/textures/murGauche.png
13:42:12.942 [FXGL Background Thread 2 ] DEBUG FXGLAssetLoaderServi - Loading from file system: /assets/textures/player.png
13:42:12.974 [FXGL Background Thread 2 ] DEBUG FXGLAssetLoaderServi - Loading from cache: /assets/textures/murDroite.png
13:42:12.974 [FXGL Background Thread 2 ] DEBUG FXGLAssetLoaderServi - Loading from file system: /assets/textures/murCoinGauche.png
13:42:12.975 [FXGL Background Thread 2 ] DEBUG FXGLAssetLoaderServi - Loading from cache: /assets/textures/murHautBas.png
13:42:12.976 [FXGL Background Thread 2 ] DEBUG FXGLAssetLoaderServi - Loading from cache: /assets/textures/murHautBas.png
13:42:12.976 [FXGL Background Thread 2 ] DEBUG FXGLAssetLoaderServi - Loading from cache: /assets/textures/murHautBas.png
13:42:12.976 [FXGL Background Thread 2 ] DEBUG FXGLAssetLoaderServi - Loading from cache: /assets/textures/murHautBas.png
13:42:12.976 [FXGL Background Thread 2 ] DEBUG FXGLAssetLoaderServi - Loading from cache: /assets/textures/murHautBas.png
13:42:12.977 [FXGL Background Thread 2 ] DEBUG FXGLAssetLoaderServi - Loading from cache: /assets/textures/murHautBas.png
13:42:12.977 [FXGL Background Thread 2 ] DEBUG FXGLAssetLoaderServi - Loading from cache: /assets/textures/murHautBas.png
13:42:12.977 [FXGL Background Thread 2 ] DEBUG FXGLAssetLoaderServi - Loading from cache: /assets/textures/murHautBas.png
13:42:12.978 [FXGL Background Thread 2 ] DEBUG FXGLAssetLoaderServi - Loading from cache: /assets/textures/murHautBas.png
13:42:12.978 [FXGL Background Thread 2 ] DEBUG FXGLAssetLoaderServi - Loading from cache: /assets/textures/murHautBas.png
13:42:12.979 [FXGL Background Thread 2 ] DEBUG FXGLAssetLoaderServi - Loading from cache: /assets/textures/murHautBas.png
13:42:12.979 [FXGL Background Thread 2 ] DEBUG FXGLAssetLoaderServi - Loading from cache: /assets/textures/murHautBas.png
13:42:12.980 [FXGL Background Thread 2 ] DEBUG FXGLAssetLoaderServi - Loading from cache: /assets/textures/murHautBas.png
13:42:12.981 [FXGL Background Thread 2 ] DEBUG FXGLAssetLoaderServi - Loading from cache: /assets/textures/murHautBas.png
13:42:12.982 [FXGL Background Thread 2 ] DEBUG FXGLAssetLoaderServi - Loading from cache: /assets/textures/murHautBas.png
13:42:12.982 [FXGL Background Thread 2 ] DEBUG FXGLAssetLoaderServi - Loading from cache: /assets/textures/murHautBas.png
13:42:12.982 [FXGL Background Thread 2 ] DEBUG FXGLAssetLoaderServi - Loading from cache: /assets/textures/murHautBas.png
13:42:12.982 [FXGL Background Thread 2 ] DEBUG FXGLAssetLoaderServi - Loading from cache: /assets/textures/murHautBas.png
13:42:12.983 [FXGL Background Thread 2 ] DEBUG FXGLAssetLoaderServi - Loading from cache: /assets/textures/murHautBas.png
13:42:12.983 [FXGL Background Thread 2 ] DEBUG FXGLAssetLoaderServi - Loading from file system: /assets/textures/murCoinDroite.png
13:42:12.985 [FXGL Background Thread 2 ] DEBUG GameWorld            - Clearing removable entities
13:42:12.985 [FXGL Background Thread 2 ] DEBUG GameWorld            - Setting level: com.almasb.fxgl.entity.level.Level@3c02efd3
13:42:13.247 [FXGL Background Thread 2 ] INFO  FXGLApplication      - Game initialization took: 0,739 sec
13:42:13.261 [JavaFX Application Thread] DEBUG Input                - Clearing active input actions
13:42:13.389 [JavaFX Application Thread] DEBUG GameApplicationServi - Removing overlay from FXGLLoadingScene and adding to GameScene
13:42:13.390 [JavaFX Application Thread] DEBUG MainWindow           - FXGLLoadingScene -> GameScene
13:42:22.617 [JavaFX Application Thread] DEBUG FXGLAssetLoaderServi - Loading from file system: /assets/textures/Chest.png
13:42:24.619 [JavaFX Application Thread] DEBUG FXGLAssetLoaderServi - Loading from cache: /assets/textures/Chest.png
13:42:30.524 [JavaFX Application Thread] DEBUG FXGLAssetLoaderServi - Loading from cache: /assets/textures/Chest.png
13:42:40.501 [JavaFX Application Thread] DEBUG FXGLAssetLoaderServi - Loading from cache: /assets/textures/Chest.png
13:42:41.126 [JavaFX Application Thread] DEBUG FXGLAssetLoaderServi - Loading from cache: /assets/textures/Chest.png
13:42:44.349 [JavaFX Application Thread] DEBUG FXGLAssetLoaderServi - Loading from cache: /assets/textures/Chest.png
13:42:50.602 [JavaFX Application Thread] DEBUG FXGLAssetLoaderServi - Loading from cache: /assets/textures/Chest.png
13:42:55.444 [JavaFX Application Thread] DEBUG FXGLAssetLoaderServi - Loading from file system: /assets/levels/map_level1.txt
13:42:55.447 [JavaFX Application Thread] DEBUG FXGLAssetLoaderServi - Loading from cache: /assets/textures/murGauche.png
13:42:55.448 [JavaFX Application Thread] DEBUG FXGLAssetLoaderServi - Loading from cache: /assets/textures/murHautBas.png
13:42:55.449 [JavaFX Application Thread] DEBUG FXGLAssetLoaderServi - Loading from cache: /assets/textures/murHautBas.png
13:42:55.450 [JavaFX Application Thread] DEBUG FXGLAssetLoaderServi - Loading from cache: /assets/textures/murHautBas.png
13:42:55.451 [JavaFX Application Thread] DEBUG FXGLAssetLoaderServi - Loading from cache: /assets/textures/murHautBas.png
13:42:55.452 [JavaFX Application Thread] DEBUG FXGLAssetLoaderServi - Loading from cache: /assets/textures/murHautBas.png
13:42:55.453 [JavaFX Application Thread] DEBUG FXGLAssetLoaderServi - Loading from cache: /assets/textures/murHautBas.png
13:42:55.453 [JavaFX Application Thread] DEBUG FXGLAssetLoaderServi - Loading from cache: /assets/textures/murHautBas.png
13:42:55.454 [JavaFX Application Thread] DEBUG FXGLAssetLoaderServi - Loading from cache: /assets/textures/murHautBas.png
13:42:55.455 [JavaFX Application Thread] DEBUG FXGLAssetLoaderServi - Loading from cache: /assets/textures/murHautBas.png
13:42:55.456 [JavaFX Application Thread] DEBUG FXGLAssetLoaderServi - Loading from cache: /assets/textures/murHautBas.png
13:42:55.457 [JavaFX Application Thread] DEBUG FXGLAssetLoaderServi - Loading from cache: /assets/textures/murHautBas.png
13:42:55.458 [JavaFX Application Thread] DEBUG FXGLAssetLoaderServi - Loading from cache: /assets/textures/murHautBas.png
13:42:55.459 [JavaFX Application Thread] DEBUG FXGLAssetLoaderServi - Loading from cache: /assets/textures/murHautBas.png
13:42:55.460 [JavaFX Application Thread] DEBUG FXGLAssetLoaderServi - Loading from cache: /assets/textures/murHautBas.png
13:42:55.461 [JavaFX Application Thread] DEBUG FXGLAssetLoaderServi - Loading from cache: /assets/textures/murHautBas.png
13:42:55.461 [JavaFX Application Thread] DEBUG FXGLAssetLoaderServi - Loading from cache: /assets/textures/murHautBas.png
13:42:55.462 [JavaFX Application Thread] DEBUG FXGLAssetLoaderServi - Loading from cache: /assets/textures/murHautBas.png
13:42:55.463 [JavaFX Application Thread] DEBUG FXGLAssetLoaderServi - Loading from cache: /assets/textures/murHautBas.png
13:42:55.464 [JavaFX Application Thread] DEBUG FXGLAssetLoaderServi - Loading from cache: /assets/textures/murHautBas.png
13:42:55.465 [JavaFX Application Thread] DEBUG FXGLAssetLoaderServi - Loading from cache: /assets/textures/murDroite.png
13:42:55.466 [JavaFX Application Thread] DEBUG FXGLAssetLoaderServi - Loading from cache: /assets/textures/murGauche.png
13:42:55.551 [JavaFX Application Thread] DEBUG FXGLAssetLoaderServi - Loading from cache: /assets/textures/player.png
13:42:55.595 [JavaFX Application Thread] DEBUG FXGLAssetLoaderServi - Loading from cache: /assets/textures/murDroite.png
13:42:55.596 [JavaFX Application Thread] DEBUG FXGLAssetLoaderServi - Loading from cache: /assets/textures/murGauche.png
13:42:55.596 [JavaFX Application Thread] DEBUG FXGLAssetLoaderServi - Loading from cache: /assets/textures/murHautBas.png
13:42:55.596 [JavaFX Application Thread] DEBUG FXGLAssetLoaderServi - Loading from cache: /assets/textures/murHautBas.png
13:42:55.597 [JavaFX Application Thread] DEBUG FXGLAssetLoaderServi - Loading from cache: /assets/textures/murHautBas.png
13:42:55.597 [JavaFX Application Thread] DEBUG FXGLAssetLoaderServi - Loading from cache: /assets/textures/murHautBas.png
13:42:55.597 [JavaFX Application Thread] DEBUG FXGLAssetLoaderServi - Loading from cache: /assets/textures/murHautBas.png
13:42:55.598 [JavaFX Application Thread] DEBUG FXGLAssetLoaderServi - Loading from cache: /assets/textures/murHautBas.png
13:42:55.600 [JavaFX Application Thread] DEBUG FXGLAssetLoaderServi - Loading from cache: /assets/textures/murDroite.png
13:42:55.601 [JavaFX Application Thread] DEBUG FXGLAssetLoaderServi - Loading from cache: /assets/textures/murGauche.png
13:42:55.605 [JavaFX Application Thread] DEBUG FXGLAssetLoaderServi - Loading from cache: /assets/textures/murDroite.png
13:42:55.606 [JavaFX Application Thread] DEBUG FXGLAssetLoaderServi - Loading from cache: /assets/textures/murGauche.png
13:42:55.608 [JavaFX Application Thread] DEBUG FXGLAssetLoaderServi - Loading from cache: /assets/textures/murHautBas.png
13:42:55.608 [JavaFX Application Thread] DEBUG FXGLAssetLoaderServi - Loading from cache: /assets/textures/murHautBas.png
13:42:55.608 [JavaFX Application Thread] DEBUG FXGLAssetLoaderServi - Loading from cache: /assets/textures/murHautBas.png
13:42:55.609 [JavaFX Application Thread] DEBUG FXGLAssetLoaderServi - Loading from cache: /assets/textures/murHautBas.png
13:42:55.609 [JavaFX Application Thread] DEBUG FXGLAssetLoaderServi - Loading from cache: /assets/textures/murHautBas.png
13:42:55.610 [JavaFX Application Thread] DEBUG FXGLAssetLoaderServi - Loading from cache: /assets/textures/murHautBas.png
13:42:55.610 [JavaFX Application Thread] DEBUG FXGLAssetLoaderServi - Loading from cache: /assets/textures/murHautBas.png
13:42:55.610 [JavaFX Application Thread] DEBUG FXGLAssetLoaderServi - Loading from cache: /assets/textures/murHautBas.png
13:42:55.611 [JavaFX Application Thread] DEBUG FXGLAssetLoaderServi - Loading from cache: /assets/textures/murHautBas.png
13:42:55.611 [JavaFX Application Thread] DEBUG FXGLAssetLoaderServi - Loading from cache: /assets/textures/murHautBas.png
13:42:55.611 [JavaFX Application Thread] DEBUG FXGLAssetLoaderServi - Loading from cache: /assets/textures/murDroite.png
13:42:55.612 [JavaFX Application Thread] DEBUG FXGLAssetLoaderServi - Loading from cache: /assets/textures/murGauche.png
13:42:55.615 [JavaFX Application Thread] DEBUG FXGLAssetLoaderServi - Loading from cache: /assets/textures/murDroite.png
13:42:55.616 [JavaFX Application Thread] DEBUG FXGLAssetLoaderServi - Loading from cache: /assets/textures/murGauche.png
13:42:55.617 [JavaFX Application Thread] DEBUG FXGLAssetLoaderServi - Loading from cache: /assets/textures/renard.png
13:42:55.618 [JavaFX Application Thread] DEBUG FXGLAssetLoaderServi - Loading from cache: /assets/textures/lezard.png
13:42:55.619 [JavaFX Application Thread] DEBUG FXGLAssetLoaderServi - Loading from cache: /assets/textures/murDroite.png
13:42:55.619 [JavaFX Application Thread] DEBUG FXGLAssetLoaderServi - Loading from cache: /assets/textures/murGauche.png
13:42:55.623 [JavaFX Application Thread] DEBUG FXGLAssetLoaderServi - Loading from cache: /assets/textures/murDroite.png
13:42:55.623 [JavaFX Application Thread] DEBUG FXGLAssetLoaderServi - Loading from cache: /assets/textures/murGauche.png
13:42:55.623 [JavaFX Application Thread] DEBUG FXGLAssetLoaderServi - Loading from cache: /assets/textures/murHautBas.png
13:42:55.623 [JavaFX Application Thread] DEBUG FXGLAssetLoaderServi - Loading from cache: /assets/textures/murHautBas.png
13:42:55.624 [JavaFX Application Thread] DEBUG FXGLAssetLoaderServi - Loading from cache: /assets/textures/murHautBas.png
13:42:55.624 [JavaFX Application Thread] DEBUG FXGLAssetLoaderServi - Loading from cache: /assets/textures/murHautBas.png
13:42:55.624 [JavaFX Application Thread] DEBUG FXGLAssetLoaderServi - Loading from cache: /assets/textures/murHautBas.png
13:42:55.625 [JavaFX Application Thread] DEBUG FXGLAssetLoaderServi - Loading from cache: /assets/textures/murHautBas.png
13:42:55.625 [JavaFX Application Thread] DEBUG FXGLAssetLoaderServi - Loading from cache: /assets/textures/murHautBas.png
13:42:55.625 [JavaFX Application Thread] DEBUG FXGLAssetLoaderServi - Loading from cache: /assets/textures/murHautBas.png
13:42:55.626 [JavaFX Application Thread] DEBUG FXGLAssetLoaderServi - Loading from cache: /assets/textures/murHautBas.png
13:42:55.626 [JavaFX Application Thread] DEBUG FXGLAssetLoaderServi - Loading from cache: /assets/textures/murHautBas.png
13:42:55.626 [JavaFX Application Thread] DEBUG FXGLAssetLoaderServi - Loading from cache: /assets/textures/murHautBas.png
13:42:55.626 [JavaFX Application Thread] DEBUG FXGLAssetLoaderServi - Loading from file system: /assets/textures/inG.png
13:42:55.628 [JavaFX Application Thread] DEBUG FXGLAssetLoaderServi - Loading from file system: /assets/textures/inD.png
13:42:55.629 [JavaFX Application Thread] DEBUG FXGLAssetLoaderServi - Loading from cache: /assets/textures/murHautBas.png
13:42:55.630 [JavaFX Application Thread] DEBUG FXGLAssetLoaderServi - Loading from cache: /assets/textures/murHautBas.png
13:42:55.630 [JavaFX Application Thread] DEBUG FXGLAssetLoaderServi - Loading from cache: /assets/textures/murHautBas.png
13:42:55.630 [JavaFX Application Thread] DEBUG FXGLAssetLoaderServi - Loading from cache: /assets/textures/murHautBas.png
13:42:55.630 [JavaFX Application Thread] DEBUG FXGLAssetLoaderServi - Loading from cache: /assets/textures/murHautBas.png
13:42:55.631 [JavaFX Application Thread] DEBUG FXGLAssetLoaderServi - Loading from cache: /assets/textures/murCoinDroite.png
13:42:55.632 [JavaFX Application Thread] DEBUG FXGLAssetLoaderServi - Loading from cache: /assets/textures/murGauche.png
13:42:55.633 [JavaFX Application Thread] DEBUG FXGLAssetLoaderServi - Loading from cache: /assets/textures/murDroite.png
13:42:55.635 [JavaFX Application Thread] DEBUG FXGLAssetLoaderServi - Loading from cache: /assets/textures/murGauche.png
13:42:55.636 [JavaFX Application Thread] DEBUG FXGLAssetLoaderServi - Loading from cache: /assets/textures/murDroite.png
13:42:55.637 [JavaFX Application Thread] DEBUG FXGLAssetLoaderServi - Loading from cache: /assets/textures/murGauche.png
13:42:55.637 [JavaFX Application Thread] DEBUG FXGLAssetLoaderServi - Loading from cache: /assets/textures/murHautBas.png
13:42:55.637 [JavaFX Application Thread] DEBUG FXGLAssetLoaderServi - Loading from cache: /assets/textures/murHautBas.png
13:42:55.637 [JavaFX Application Thread] DEBUG FXGLAssetLoaderServi - Loading from cache: /assets/textures/murHautBas.png
13:42:55.637 [JavaFX Application Thread] DEBUG FXGLAssetLoaderServi - Loading from cache: /assets/textures/murHautBas.png
13:42:55.637 [JavaFX Application Thread] DEBUG FXGLAssetLoaderServi - Loading from cache: /assets/textures/murHautBas.png
13:42:55.638 [JavaFX Application Thread] DEBUG FXGLAssetLoaderServi - Loading from cache: /assets/textures/murHautBas.png
13:42:55.638 [JavaFX Application Thread] DEBUG FXGLAssetLoaderServi - Loading from cache: /assets/textures/murHautBas.png
13:42:55.638 [JavaFX Application Thread] DEBUG FXGLAssetLoaderServi - Loading from cache: /assets/textures/murHautBas.png
13:42:55.638 [JavaFX Application Thread] DEBUG FXGLAssetLoaderServi - Loading from cache: /assets/textures/murHautBas.png
13:42:55.638 [JavaFX Application Thread] DEBUG FXGLAssetLoaderServi - Loading from cache: /assets/textures/murHautBas.png
13:42:55.638 [JavaFX Application Thread] DEBUG FXGLAssetLoaderServi - Loading from cache: /assets/textures/murHautBas.png
13:42:55.638 [JavaFX Application Thread] DEBUG FXGLAssetLoaderServi - Loading from cache: /assets/textures/murGauche.png
13:42:55.639 [JavaFX Application Thread] DEBUG FXGLAssetLoaderServi - Loading from cache: /assets/textures/murDroite.png
13:42:55.640 [JavaFX Application Thread] DEBUG FXGLAssetLoaderServi - Loading from cache: /assets/textures/murGauche.png
13:42:55.641 [JavaFX Application Thread] DEBUG FXGLAssetLoaderServi - Loading from cache: /assets/textures/murDroite.png
13:42:55.642 [JavaFX Application Thread] DEBUG FXGLAssetLoaderServi - Loading from cache: /assets/textures/murGauche.png
13:42:55.643 [JavaFX Application Thread] DEBUG FXGLAssetLoaderServi - Loading from cache: /assets/textures/renard.png
13:42:55.643 [JavaFX Application Thread] DEBUG FXGLAssetLoaderServi - Loading from cache: /assets/textures/lezard.png
13:42:55.644 [JavaFX Application Thread] DEBUG FXGLAssetLoaderServi - Loading from cache: /assets/textures/lezard.png
13:42:55.645 [JavaFX Application Thread] DEBUG FXGLAssetLoaderServi - Loading from cache: /assets/textures/murHautBas.png
13:42:55.645 [JavaFX Application Thread] DEBUG FXGLAssetLoaderServi - Loading from cache: /assets/textures/murHautBas.png
13:42:55.646 [JavaFX Application Thread] DEBUG FXGLAssetLoaderServi - Loading from cache: /assets/textures/murHautBas.png
13:42:55.646 [JavaFX Application Thread] DEBUG FXGLAssetLoaderServi - Loading from cache: /assets/textures/murHautBas.png
13:42:55.646 [JavaFX Application Thread] DEBUG FXGLAssetLoaderServi - Loading from cache: /assets/textures/murHautBas.png
13:42:55.646 [JavaFX Application Thread] DEBUG FXGLAssetLoaderServi - Loading from cache: /assets/textures/murHautBas.png
13:42:55.646 [JavaFX Application Thread] DEBUG FXGLAssetLoaderServi - Loading from cache: /assets/textures/murDroite.png
13:42:55.647 [JavaFX Application Thread] DEBUG FXGLAssetLoaderServi - Loading from cache: /assets/textures/murGauche.png
13:42:55.648 [JavaFX Application Thread] DEBUG FXGLAssetLoaderServi - Loading from cache: /assets/textures/murDroite.png
13:42:55.649 [JavaFX Application Thread] DEBUG FXGLAssetLoaderServi - Loading from cache: /assets/textures/murGauche.png
13:42:55.650 [JavaFX Application Thread] DEBUG FXGLAssetLoaderServi - Loading from cache: /assets/textures/bat.png
13:42:55.651 [JavaFX Application Thread] DEBUG FXGLAssetLoaderServi - Loading from cache: /assets/textures/bat.png
13:42:55.652 [JavaFX Application Thread] DEBUG FXGLAssetLoaderServi - Loading from cache: /assets/textures/murDroite.png
13:42:55.652 [JavaFX Application Thread] DEBUG FXGLAssetLoaderServi - Loading from cache: /assets/textures/murGauche.png
13:42:55.655 [JavaFX Application Thread] DEBUG FXGLAssetLoaderServi - Loading from cache: /assets/textures/murDroite.png
13:42:55.655 [JavaFX Application Thread] DEBUG FXGLAssetLoaderServi - Loading from cache: /assets/textures/murCoinGauche.png
13:42:55.655 [JavaFX Application Thread] DEBUG FXGLAssetLoaderServi - Loading from cache: /assets/textures/murHautBas.png
13:42:55.655 [JavaFX Application Thread] DEBUG FXGLAssetLoaderServi - Loading from cache: /assets/textures/murHautBas.png
13:42:55.655 [JavaFX Application Thread] DEBUG FXGLAssetLoaderServi - Loading from cache: /assets/textures/murHautBas.png
13:42:55.655 [JavaFX Application Thread] DEBUG FXGLAssetLoaderServi - Loading from cache: /assets/textures/murHautBas.png
13:42:55.655 [JavaFX Application Thread] DEBUG FXGLAssetLoaderServi - Loading from cache: /assets/textures/murHautBas.png
13:42:55.656 [JavaFX Application Thread] DEBUG FXGLAssetLoaderServi - Loading from cache: /assets/textures/murHautBas.png
13:42:55.656 [JavaFX Application Thread] DEBUG FXGLAssetLoaderServi - Loading from cache: /assets/textures/murHautBas.png
13:42:55.656 [JavaFX Application Thread] DEBUG FXGLAssetLoaderServi - Loading from cache: /assets/textures/murHautBas.png
13:42:55.657 [JavaFX Application Thread] DEBUG FXGLAssetLoaderServi - Loading from cache: /assets/textures/inG.png
13:42:55.657 [JavaFX Application Thread] DEBUG FXGLAssetLoaderServi - Loading from cache: /assets/textures/lezard.png
13:42:55.658 [JavaFX Application Thread] DEBUG FXGLAssetLoaderServi - Loading from cache: /assets/textures/renard.png
13:42:55.659 [JavaFX Application Thread] DEBUG FXGLAssetLoaderServi - Loading from cache: /assets/textures/murDroite.png
13:42:55.660 [JavaFX Application Thread] DEBUG FXGLAssetLoaderServi - Loading from cache: /assets/textures/murGauche.png
13:42:55.660 [JavaFX Application Thread] DEBUG FXGLAssetLoaderServi - Loading from cache: /assets/textures/murHautBas.png
13:42:55.660 [JavaFX Application Thread] DEBUG FXGLAssetLoaderServi - Loading from cache: /assets/textures/murHautBas.png
13:42:55.660 [JavaFX Application Thread] DEBUG FXGLAssetLoaderServi - Loading from cache: /assets/textures/murHautBas.png
13:42:55.660 [JavaFX Application Thread] DEBUG FXGLAssetLoaderServi - Loading from cache: /assets/textures/murHautBas.png
13:42:55.661 [JavaFX Application Thread] DEBUG FXGLAssetLoaderServi - Loading from cache: /assets/textures/murHautBas.png
13:42:55.661 [JavaFX Application Thread] DEBUG FXGLAssetLoaderServi - Loading from cache: /assets/textures/murHautBas.png
13:42:55.661 [JavaFX Application Thread] DEBUG FXGLAssetLoaderServi - Loading from cache: /assets/textures/murHautBas.png
13:42:55.661 [JavaFX Application Thread] DEBUG FXGLAssetLoaderServi - Loading from cache: /assets/textures/murHautBas.png
13:42:55.662 [JavaFX Application Thread] DEBUG FXGLAssetLoaderServi - Loading from cache: /assets/textures/murHautBas.png
13:42:55.662 [JavaFX Application Thread] DEBUG FXGLAssetLoaderServi - Loading from cache: /assets/textures/murDroite.png
13:42:55.662 [JavaFX Application Thread] DEBUG FXGLAssetLoaderServi - Loading from cache: /assets/textures/murGauche.png
13:42:55.662 [JavaFX Application Thread] DEBUG FXGLAssetLoaderServi - Loading from cache: /assets/textures/escalier.png
13:42:55.663 [JavaFX Application Thread] DEBUG FXGLAssetLoaderServi - Loading from cache: /assets/textures/murDroite.png
13:42:55.664 [JavaFX Application Thread] DEBUG FXGLAssetLoaderServi - Loading from cache: /assets/textures/murCoinGauche.png
13:42:55.664 [JavaFX Application Thread] DEBUG FXGLAssetLoaderServi - Loading from cache: /assets/textures/murHautBas.png
13:42:55.664 [JavaFX Application Thread] DEBUG FXGLAssetLoaderServi - Loading from cache: /assets/textures/murHautBas.png
13:42:55.664 [JavaFX Application Thread] DEBUG FXGLAssetLoaderServi - Loading from cache: /assets/textures/murHautBas.png
13:42:55.665 [JavaFX Application Thread] DEBUG FXGLAssetLoaderServi - Loading from cache: /assets/textures/murHautBas.png
13:42:55.665 [JavaFX Application Thread] DEBUG FXGLAssetLoaderServi - Loading from cache: /assets/textures/murHautBas.png
13:42:55.665 [JavaFX Application Thread] DEBUG FXGLAssetLoaderServi - Loading from cache: /assets/textures/murHautBas.png
13:42:55.665 [JavaFX Application Thread] DEBUG FXGLAssetLoaderServi - Loading from cache: /assets/textures/murHautBas.png
13:42:55.665 [JavaFX Application Thread] DEBUG FXGLAssetLoaderServi - Loading from cache: /assets/textures/murHautBas.png
13:42:55.665 [JavaFX Application Thread] DEBUG FXGLAssetLoaderServi - Loading from cache: /assets/textures/murHautBas.png
13:42:55.666 [JavaFX Application Thread] DEBUG FXGLAssetLoaderServi - Loading from cache: /assets/textures/murHautBas.png
13:42:55.666 [JavaFX Application Thread] DEBUG FXGLAssetLoaderServi - Loading from cache: /assets/textures/murCoinDroite.png
13:42:55.666 [JavaFX Application Thread] DEBUG GameWorld            - Clearing removable entities
13:42:55.693 [JavaFX Application Thread] DEBUG GameWorld            - Setting level: com.almasb.fxgl.entity.level.Level@2925963d
13:43:00.579 [JavaFX Application Thread] DEBUG FXGLAssetLoaderServi - Loading from cache: /assets/textures/Chest.png
13:43:02.479 [JavaFX Application Thread] DEBUG FXGLAssetLoaderServi - Loading from cache: /assets/textures/Chest.png
13:43:09.142 [JavaFX Application Thread] DEBUG FXGLAssetLoaderServi - Loading from cache: /assets/textures/Chest.png
13:43:11.853 [JavaFX Application Thread] DEBUG FXGLAssetLoaderServi - Loading from cache: /assets/textures/Chest.png
13:43:12.819 [JavaFX Application Thread] DEBUG FXGLAssetLoaderServi - Loading from cache: /assets/textures/Chest.png
13:43:14.511 [JavaFX Application Thread] DEBUG FXGLAssetLoaderServi - Loading from cache: /assets/textures/Chest.png
13:43:15.302 [JavaFX Application Thread] DEBUG FXGLAssetLoaderServi - Loading from cache: /assets/textures/Chest.png
13:43:19.437 [JavaFX Application Thread] DEBUG FXGLAssetLoaderServi - Loading from cache: /assets/textures/Chest.png
13:43:20.623 [JavaFX Application Thread] DEBUG FXGLAssetLoaderServi - Loading from cache: /assets/textures/Chest.png
13:43:27.210 [JavaFX Application Thread] DEBUG FXGLAssetLoaderServi - Loading from file system: /assets/levels/map_level2.txt
13:43:27.212 [JavaFX Application Thread] DEBUG FXGLAssetLoaderServi - Loading from cache: /assets/textures/murGauche.png
13:43:27.212 [JavaFX Application Thread] DEBUG FXGLAssetLoaderServi - Loading from cache: /assets/textures/murHautBas.png
13:43:27.213 [JavaFX Application Thread] DEBUG FXGLAssetLoaderServi - Loading from cache: /assets/textures/murHautBas.png
13:43:27.213 [JavaFX Application Thread] DEBUG FXGLAssetLoaderServi - Loading from cache: /assets/textures/murHautBas.png
13:43:27.213 [JavaFX Application Thread] DEBUG FXGLAssetLoaderServi - Loading from cache: /assets/textures/murHautBas.png
13:43:27.214 [JavaFX Application Thread] DEBUG FXGLAssetLoaderServi - Loading from cache: /assets/textures/murHautBas.png
13:43:27.215 [JavaFX Application Thread] DEBUG FXGLAssetLoaderServi - Loading from cache: /assets/textures/murHautBas.png
13:43:27.215 [JavaFX Application Thread] DEBUG FXGLAssetLoaderServi - Loading from cache: /assets/textures/murHautBas.png
13:43:27.215 [JavaFX Application Thread] DEBUG FXGLAssetLoaderServi - Loading from cache: /assets/textures/murHautBas.png
13:43:27.215 [JavaFX Application Thread] DEBUG FXGLAssetLoaderServi - Loading from cache: /assets/textures/murHautBas.png
13:43:27.215 [JavaFX Application Thread] DEBUG FXGLAssetLoaderServi - Loading from cache: /assets/textures/murDroite.png
13:43:27.217 [JavaFX Application Thread] DEBUG FXGLAssetLoaderServi - Loading from cache: /assets/textures/murGauche.png
13:43:27.252 [JavaFX Application Thread] DEBUG FXGLAssetLoaderServi - Loading from cache: /assets/textures/player.png
13:43:27.262 [JavaFX Application Thread] DEBUG FXGLAssetLoaderServi - Loading from cache: /assets/textures/murDroite.png
13:43:27.263 [JavaFX Application Thread] DEBUG FXGLAssetLoaderServi - Loading from cache: /assets/textures/murGauche.png
13:43:27.263 [JavaFX Application Thread] DEBUG FXGLAssetLoaderServi - Loading from cache: /assets/textures/murDroite.png
13:43:27.264 [JavaFX Application Thread] DEBUG FXGLAssetLoaderServi - Loading from cache: /assets/textures/murGauche.png
13:43:27.264 [JavaFX Application Thread] DEBUG FXGLAssetLoaderServi - Loading from cache: /assets/textures/murHautBas.png
13:43:27.264 [JavaFX Application Thread] DEBUG FXGLAssetLoaderServi - Loading from cache: /assets/textures/murHautBas.png
13:43:27.265 [JavaFX Application Thread] DEBUG FXGLAssetLoaderServi - Loading from cache: /assets/textures/murHautBas.png
13:43:27.265 [JavaFX Application Thread] DEBUG FXGLAssetLoaderServi - Loading from cache: /assets/textures/murHautBas.png
13:43:27.265 [JavaFX Application Thread] DEBUG FXGLAssetLoaderServi - Loading from cache: /assets/textures/murHautBas.png
13:43:27.265 [JavaFX Application Thread] DEBUG FXGLAssetLoaderServi - Loading from cache: /assets/textures/murHautBas.png
13:43:27.265 [JavaFX Application Thread] DEBUG FXGLAssetLoaderServi - Loading from cache: /assets/textures/murDroite.png
13:43:27.265 [JavaFX Application Thread] DEBUG FXGLAssetLoaderServi - Loading from cache: /assets/textures/murGauche.png
13:43:27.266 [JavaFX Application Thread] DEBUG FXGLAssetLoaderServi - Loading from cache: /assets/textures/bat.png
13:43:27.266 [JavaFX Application Thread] DEBUG FXGLAssetLoaderServi - Loading from cache: /assets/textures/murHautBas.png
13:43:27.266 [JavaFX Application Thread] DEBUG FXGLAssetLoaderServi - Loading from cache: /assets/textures/murHautBas.png
13:43:27.266 [JavaFX Application Thread] DEBUG FXGLAssetLoaderServi - Loading from cache: /assets/textures/murHautBas.png
13:43:27.266 [JavaFX Application Thread] DEBUG FXGLAssetLoaderServi - Loading from cache: /assets/textures/murHautBas.png
13:43:27.266 [JavaFX Application Thread] DEBUG FXGLAssetLoaderServi - Loading from cache: /assets/textures/murHautBas.png
13:43:27.267 [JavaFX Application Thread] DEBUG FXGLAssetLoaderServi - Loading from cache: /assets/textures/murHautBas.png
13:43:27.267 [JavaFX Application Thread] DEBUG FXGLAssetLoaderServi - Loading from cache: /assets/textures/murHautBas.png
13:43:27.267 [JavaFX Application Thread] DEBUG FXGLAssetLoaderServi - Loading from cache: /assets/textures/murHautBas.png
13:43:27.267 [JavaFX Application Thread] DEBUG FXGLAssetLoaderServi - Loading from cache: /assets/textures/murHautBas.png
13:43:27.267 [JavaFX Application Thread] DEBUG FXGLAssetLoaderServi - Loading from cache: /assets/textures/murHautBas.png
13:43:27.267 [JavaFX Application Thread] DEBUG FXGLAssetLoaderServi - Loading from cache: /assets/textures/murDroite.png
13:43:27.268 [JavaFX Application Thread] DEBUG FXGLAssetLoaderServi - Loading from cache: /assets/textures/murGauche.png
13:43:27.269 [JavaFX Application Thread] DEBUG FXGLAssetLoaderServi - Loading from cache: /assets/textures/murDroite.png
13:43:27.269 [JavaFX Application Thread] DEBUG FXGLAssetLoaderServi - Loading from cache: /assets/textures/murGauche.png
13:43:27.269 [JavaFX Application Thread] DEBUG FXGLAssetLoaderServi - Loading from cache: /assets/textures/murHautBas.png
13:43:27.269 [JavaFX Application Thread] DEBUG FXGLAssetLoaderServi - Loading from cache: /assets/textures/murHautBas.png
13:43:27.269 [JavaFX Application Thread] DEBUG FXGLAssetLoaderServi - Loading from cache: /assets/textures/murHautBas.png
13:43:27.269 [JavaFX Application Thread] DEBUG FXGLAssetLoaderServi - Loading from cache: /assets/textures/murHautBas.png
13:43:27.270 [JavaFX Application Thread] DEBUG FXGLAssetLoaderServi - Loading from cache: /assets/textures/lezard.png
13:43:27.271 [JavaFX Application Thread] DEBUG FXGLAssetLoaderServi - Loading from cache: /assets/textures/renard.png
13:43:27.272 [JavaFX Application Thread] DEBUG FXGLAssetLoaderServi - Loading from cache: /assets/textures/murDroite.png
13:43:27.272 [JavaFX Application Thread] DEBUG FXGLAssetLoaderServi - Loading from cache: /assets/textures/murGauche.png
13:43:27.273 [JavaFX Application Thread] DEBUG FXGLAssetLoaderServi - Loading from cache: /assets/textures/murDroite.png
13:43:27.274 [JavaFX Application Thread] DEBUG FXGLAssetLoaderServi - Loading from cache: /assets/textures/murGauche.png
13:43:27.274 [JavaFX Application Thread] DEBUG FXGLAssetLoaderServi - Loading from cache: /assets/textures/murHautBas.png
13:43:27.274 [JavaFX Application Thread] DEBUG FXGLAssetLoaderServi - Loading from cache: /assets/textures/murHautBas.png
13:43:27.274 [JavaFX Application Thread] DEBUG FXGLAssetLoaderServi - Loading from cache: /assets/textures/murHautBas.png
13:43:27.274 [JavaFX Application Thread] DEBUG FXGLAssetLoaderServi - Loading from cache: /assets/textures/murHautBas.png
13:43:27.274 [JavaFX Application Thread] DEBUG FXGLAssetLoaderServi - Loading from cache: /assets/textures/murHautBas.png
13:43:27.274 [JavaFX Application Thread] DEBUG FXGLAssetLoaderServi - Loading from cache: /assets/textures/murHautBas.png
13:43:27.275 [JavaFX Application Thread] DEBUG FXGLAssetLoaderServi - Loading from cache: /assets/textures/murHautBas.png
13:43:27.275 [JavaFX Application Thread] DEBUG FXGLAssetLoaderServi - Loading from cache: /assets/textures/murHautBas.png
13:43:27.275 [JavaFX Application Thread] DEBUG FXGLAssetLoaderServi - Loading from cache: /assets/textures/murHautBas.png
13:43:27.275 [JavaFX Application Thread] DEBUG FXGLAssetLoaderServi - Loading from cache: /assets/textures/murHautBas.png
13:43:27.275 [JavaFX Application Thread] DEBUG FXGLAssetLoaderServi - Loading from cache: /assets/textures/murHautBas.png
13:43:27.276 [JavaFX Application Thread] DEBUG FXGLAssetLoaderServi - Loading from cache: /assets/textures/murHautBas.png
13:43:27.276 [JavaFX Application Thread] DEBUG FXGLAssetLoaderServi - Loading from cache: /assets/textures/murHautBas.png
13:43:27.276 [JavaFX Application Thread] DEBUG FXGLAssetLoaderServi - Loading from cache: /assets/textures/murHautBas.png
13:43:27.276 [JavaFX Application Thread] DEBUG FXGLAssetLoaderServi - Loading from cache: /assets/textures/murHautBas.png
13:43:27.276 [JavaFX Application Thread] DEBUG FXGLAssetLoaderServi - Loading from cache: /assets/textures/murCoinDroite.png
13:43:27.276 [JavaFX Application Thread] DEBUG FXGLAssetLoaderServi - Loading from cache: /assets/textures/murGauche.png
13:43:27.277 [JavaFX Application Thread] DEBUG FXGLAssetLoaderServi - Loading from cache: /assets/textures/murDroite.png
13:43:27.278 [JavaFX Application Thread] DEBUG FXGLAssetLoaderServi - Loading from cache: /assets/textures/murGauche.png
13:43:27.279 [JavaFX Application Thread] DEBUG FXGLAssetLoaderServi - Loading from cache: /assets/textures/murDroite.png
13:43:27.279 [JavaFX Application Thread] DEBUG FXGLAssetLoaderServi - Loading from cache: /assets/textures/murGauche.png
13:43:27.279 [JavaFX Application Thread] DEBUG FXGLAssetLoaderServi - Loading from cache: /assets/textures/murHautBas.png
13:43:27.279 [JavaFX Application Thread] DEBUG FXGLAssetLoaderServi - Loading from cache: /assets/textures/murHautBas.png
13:43:27.279 [JavaFX Application Thread] DEBUG FXGLAssetLoaderServi - Loading from cache: /assets/textures/murHautBas.png
13:43:27.280 [JavaFX Application Thread] DEBUG FXGLAssetLoaderServi - Loading from cache: /assets/textures/murHautBas.png
13:43:27.280 [JavaFX Application Thread] DEBUG FXGLAssetLoaderServi - Loading from cache: /assets/textures/murHautBas.png
13:43:27.280 [JavaFX Application Thread] DEBUG FXGLAssetLoaderServi - Loading from cache: /assets/textures/murHautBas.png
13:43:27.280 [JavaFX Application Thread] DEBUG FXGLAssetLoaderServi - Loading from cache: /assets/textures/murHautBas.png
13:43:27.280 [JavaFX Application Thread] DEBUG FXGLAssetLoaderServi - Loading from cache: /assets/textures/murHautBas.png
13:43:27.281 [JavaFX Application Thread] DEBUG FXGLAssetLoaderServi - Loading from cache: /assets/textures/murHautBas.png
13:43:27.281 [JavaFX Application Thread] DEBUG FXGLAssetLoaderServi - Loading from cache: /assets/textures/murHautBas.png
13:43:27.281 [JavaFX Application Thread] DEBUG FXGLAssetLoaderServi - Loading from cache: /assets/textures/murHautBas.png
13:43:27.281 [JavaFX Application Thread] DEBUG FXGLAssetLoaderServi - Loading from cache: /assets/textures/murDroite.png
13:43:27.282 [JavaFX Application Thread] DEBUG FXGLAssetLoaderServi - Loading from cache: /assets/textures/murGauche.png
13:43:27.283 [JavaFX Application Thread] DEBUG FXGLAssetLoaderServi - Loading from cache: /assets/textures/murDroite.png
13:43:27.284 [JavaFX Application Thread] DEBUG FXGLAssetLoaderServi - Loading from cache: /assets/textures/murGauche.png
13:43:27.284 [JavaFX Application Thread] DEBUG FXGLAssetLoaderServi - Loading from cache: /assets/textures/renard.png
13:43:27.285 [JavaFX Application Thread] DEBUG FXGLAssetLoaderServi - Loading from cache: /assets/textures/lezard.png
13:43:27.285 [JavaFX Application Thread] DEBUG FXGLAssetLoaderServi - Loading from cache: /assets/textures/murHautBas.png
13:43:27.285 [JavaFX Application Thread] DEBUG FXGLAssetLoaderServi - Loading from cache: /assets/textures/murHautBas.png
13:43:27.285 [JavaFX Application Thread] DEBUG FXGLAssetLoaderServi - Loading from cache: /assets/textures/murHautBas.png
13:43:27.285 [JavaFX Application Thread] DEBUG FXGLAssetLoaderServi - Loading from cache: /assets/textures/murHautBas.png
13:43:27.286 [JavaFX Application Thread] DEBUG FXGLAssetLoaderServi - Loading from cache: /assets/textures/murHautBas.png
13:43:27.286 [JavaFX Application Thread] DEBUG FXGLAssetLoaderServi - Loading from cache: /assets/textures/murHautBas.png
13:43:27.286 [JavaFX Application Thread] DEBUG FXGLAssetLoaderServi - Loading from cache: /assets/textures/murDroite.png
13:43:27.286 [JavaFX Application Thread] DEBUG FXGLAssetLoaderServi - Loading from cache: /assets/textures/murGauche.png
13:43:27.286 [JavaFX Application Thread] DEBUG FXGLAssetLoaderServi - Loading from cache: /assets/textures/murHautBas.png
13:43:27.286 [JavaFX Application Thread] DEBUG FXGLAssetLoaderServi - Loading from cache: /assets/textures/murHautBas.png
13:43:27.287 [JavaFX Application Thread] DEBUG FXGLAssetLoaderServi - Loading from cache: /assets/textures/murDroite.png
13:43:27.287 [JavaFX Application Thread] DEBUG FXGLAssetLoaderServi - Loading from cache: /assets/textures/murGauche.png
13:43:27.289 [JavaFX Application Thread] DEBUG FXGLAssetLoaderServi - Loading from cache: /assets/textures/murDroite.png
13:43:27.289 [JavaFX Application Thread] DEBUG FXGLAssetLoaderServi - Loading from cache: /assets/textures/murGauche.png
13:43:27.289 [JavaFX Application Thread] DEBUG FXGLAssetLoaderServi - Loading from file system: /assets/textures/FireDragonBoss.png
13:43:27.296 [JavaFX Application Thread] DEBUG FXGLAssetLoaderServi - Loading from cache: /assets/textures/murDroite.png
13:43:27.296 [JavaFX Application Thread] DEBUG FXGLAssetLoaderServi - Loading from cache: /assets/textures/murGauche.png
13:43:27.297 [JavaFX Application Thread] DEBUG FXGLAssetLoaderServi - Loading from cache: /assets/textures/renard.png
13:43:27.297 [JavaFX Application Thread] DEBUG FXGLAssetLoaderServi - Loading from cache: /assets/textures/renard.png
13:43:27.298 [JavaFX Application Thread] DEBUG FXGLAssetLoaderServi - Loading from cache: /assets/textures/murDroite.png
13:43:27.298 [JavaFX Application Thread] DEBUG FXGLAssetLoaderServi - Loading from cache: /assets/textures/murGauche.png
13:43:27.298 [JavaFX Application Thread] DEBUG FXGLAssetLoaderServi - Loading from cache: /assets/textures/murHautBas.png
13:43:27.298 [JavaFX Application Thread] DEBUG FXGLAssetLoaderServi - Loading from cache: /assets/textures/murHautBas.png
13:43:27.298 [JavaFX Application Thread] DEBUG FXGLAssetLoaderServi - Loading from cache: /assets/textures/murHautBas.png
13:43:27.298 [JavaFX Application Thread] DEBUG FXGLAssetLoaderServi - Loading from cache: /assets/textures/murHautBas.png
13:43:27.298 [JavaFX Application Thread] DEBUG FXGLAssetLoaderServi - Loading from cache: /assets/textures/murHautBas.png
13:43:27.298 [JavaFX Application Thread] DEBUG FXGLAssetLoaderServi - Loading from cache: /assets/textures/murHautBas.png
13:43:27.298 [JavaFX Application Thread] DEBUG FXGLAssetLoaderServi - Loading from cache: /assets/textures/murHautBas.png
13:43:27.298 [JavaFX Application Thread] DEBUG FXGLAssetLoaderServi - Loading from cache: /assets/textures/murHautBas.png
13:43:27.298 [JavaFX Application Thread] DEBUG FXGLAssetLoaderServi - Loading from cache: /assets/textures/murHautBas.png
13:43:27.299 [JavaFX Application Thread] DEBUG FXGLAssetLoaderServi - Loading from cache: /assets/textures/murHautBas.png
13:43:27.299 [JavaFX Application Thread] DEBUG FXGLAssetLoaderServi - Loading from cache: /assets/textures/murHautBas.png
13:43:27.299 [JavaFX Application Thread] DEBUG FXGLAssetLoaderServi - Loading from cache: /assets/textures/murHautBas.png
13:43:27.299 [JavaFX Application Thread] DEBUG FXGLAssetLoaderServi - Loading from cache: /assets/textures/murHautBas.png
13:43:27.299 [JavaFX Application Thread] DEBUG FXGLAssetLoaderServi - Loading from cache: /assets/textures/murHautBas.png
13:43:27.302 [JavaFX Application Thread] DEBUG FXGLAssetLoaderServi - Loading from cache: /assets/textures/murHautBas.png
13:43:27.303 [JavaFX Application Thread] DEBUG FXGLAssetLoaderServi - Loading from cache: /assets/textures/murHautBas.png
13:43:27.303 [JavaFX Application Thread] DEBUG FXGLAssetLoaderServi - Loading from cache: /assets/textures/murHautBas.png
13:43:27.303 [JavaFX Application Thread] DEBUG FXGLAssetLoaderServi - Loading from cache: /assets/textures/murHautBas.png
13:43:27.303 [JavaFX Application Thread] DEBUG FXGLAssetLoaderServi - Loading from cache: /assets/textures/murDroite.png
13:43:27.303 [JavaFX Application Thread] DEBUG FXGLAssetLoaderServi - Loading from cache: /assets/textures/murGauche.png
13:43:27.303 [JavaFX Application Thread] DEBUG FXGLAssetLoaderServi - Loading from cache: /assets/textures/escalier.png
13:43:27.304 [JavaFX Application Thread] DEBUG FXGLAssetLoaderServi - Loading from cache: /assets/textures/lezard.png
13:43:27.305 [JavaFX Application Thread] DEBUG FXGLAssetLoaderServi - Loading from cache: /assets/textures/murDroite.png
13:43:27.305 [JavaFX Application Thread] DEBUG FXGLAssetLoaderServi - Loading from cache: /assets/textures/murCoinGauche.png
13:43:27.306 [JavaFX Application Thread] DEBUG FXGLAssetLoaderServi - Loading from cache: /assets/textures/murHautBas.png
13:43:27.306 [JavaFX Application Thread] DEBUG FXGLAssetLoaderServi - Loading from cache: /assets/textures/murHautBas.png
13:43:27.306 [JavaFX Application Thread] DEBUG FXGLAssetLoaderServi - Loading from cache: /assets/textures/murHautBas.png
13:43:27.306 [JavaFX Application Thread] DEBUG FXGLAssetLoaderServi - Loading from cache: /assets/textures/murHautBas.png
13:43:27.306 [JavaFX Application Thread] DEBUG FXGLAssetLoaderServi - Loading from cache: /assets/textures/murHautBas.png
13:43:27.306 [JavaFX Application Thread] DEBUG FXGLAssetLoaderServi - Loading from cache: /assets/textures/murHautBas.png
13:43:27.306 [JavaFX Application Thread] DEBUG FXGLAssetLoaderServi - Loading from cache: /assets/textures/murHautBas.png
13:43:27.306 [JavaFX Application Thread] DEBUG FXGLAssetLoaderServi - Loading from cache: /assets/textures/murHautBas.png
13:43:27.307 [JavaFX Application Thread] DEBUG FXGLAssetLoaderServi - Loading from cache: /assets/textures/murHautBas.png
13:43:27.307 [JavaFX Application Thread] DEBUG FXGLAssetLoaderServi - Loading from cache: /assets/textures/murHautBas.png
13:43:27.307 [JavaFX Application Thread] DEBUG FXGLAssetLoaderServi - Loading from cache: /assets/textures/murHautBas.png
13:43:27.307 [JavaFX Application Thread] DEBUG FXGLAssetLoaderServi - Loading from cache: /assets/textures/murHautBas.png
13:43:27.307 [JavaFX Application Thread] DEBUG FXGLAssetLoaderServi - Loading from cache: /assets/textures/murHautBas.png
13:43:27.307 [JavaFX Application Thread] DEBUG FXGLAssetLoaderServi - Loading from cache: /assets/textures/murHautBas.png
13:43:27.307 [JavaFX Application Thread] DEBUG FXGLAssetLoaderServi - Loading from cache: /assets/textures/murHautBas.png
13:43:27.308 [JavaFX Application Thread] DEBUG FXGLAssetLoaderServi - Loading from cache: /assets/textures/murHautBas.png
13:43:27.308 [JavaFX Application Thread] DEBUG FXGLAssetLoaderServi - Loading from cache: /assets/textures/murHautBas.png
13:43:27.308 [JavaFX Application Thread] DEBUG FXGLAssetLoaderServi - Loading from cache: /assets/textures/murHautBas.png
13:43:27.309 [JavaFX Application Thread] DEBUG FXGLAssetLoaderServi - Loading from cache: /assets/textures/murHautBas.png
13:43:27.309 [JavaFX Application Thread] DEBUG FXGLAssetLoaderServi - Loading from cache: /assets/textures/murCoinDroite.png
13:43:27.309 [JavaFX Application Thread] DEBUG GameWorld            - Clearing removable entities
13:43:27.341 [JavaFX Application Thread] DEBUG GameWorld            - Setting level: com.almasb.fxgl.entity.level.Level@79e1ff64
13:43:30.486 [JavaFX Application Thread] DEBUG FXGLAssetLoaderServi - Loading from cache: /assets/textures/Chest.png
13:43:31.252 [JavaFX Application Thread] DEBUG FXGLAssetLoaderServi - Loading from cache: /assets/textures/Chest.png
13:43:33.245 [JavaFX Application Thread] DEBUG FXGLAssetLoaderServi - Loading from cache: /assets/textures/Chest.png
13:43:40.454 [JavaFX Application Thread] DEBUG FXGLAssetLoaderServi - Loading from cache: /assets/textures/Chest.png
13:43:45.731 [JavaFX Application Thread] DEBUG FXGLAssetLoaderServi - Loading from cache: /assets/textures/Chest.png
13:43:48.249 [JavaFX Application Thread] DEBUG FXGLAssetLoaderServi - Loading from cache: /assets/textures/Chest.png
13:43:50.812 [JavaFX Application Thread] DEBUG FXGLAssetLoaderServi - Loading from cache: /assets/textures/Chest.png
13:43:51.695 [JavaFX Application Thread] DEBUG FXGLAssetLoaderServi - Loading from cache: /assets/textures/Chest.png
13:43:58.648 [JavaFX Application Thread] DEBUG FXGLAssetLoaderServi - Loading from cache: /assets/textures/Chest.png
13:44:02.513 [JavaFX Application Thread] DEBUG MainWindow           - Push state: DialogSubScene
13:44:02.513 [JavaFX Application Thread] DEBUG Input                - Clearing active input actions
13:44:02.514 [JavaFX Application Thread] DEBUG GameApplicationServi - Removing overlay from GameScene and adding to DialogSubScene
13:44:02.514 [JavaFX Application Thread] DEBUG MainWindow           - GameScene -> DialogSubScene
13:44:03.432 [JavaFX Application Thread] DEBUG MainWindow           - Pop state: DialogSubScene
13:44:03.432 [JavaFX Application Thread] DEBUG Input                - Clearing active input actions
13:44:03.433 [JavaFX Application Thread] DEBUG GameApplicationServi - Removing overlay from DialogSubScene and adding to GameScene
13:44:03.433 [JavaFX Application Thread] DEBUG MainWindow           - GameScene <- DialogSubScene
13:44:03.433 [JavaFX Application Thread] DEBUG FXGLApplication      - Exiting FXGL
13:44:03.433 [JavaFX Application Thread] DEBUG LoopRunner           - Stopping loop
13:44:03.433 [JavaFX Application Thread] DEBUG SystemBundleService  - Saving FXGL system data
13:44:03.435 [JavaFX Application Thread] DEBUG FileSystemAccess     - Writing to: C:\Users\Araksio\eclipse-workspace\Slime-Conqueror\system\fxgl.bundle
13:44:03.438 [JavaFX Application Thread] DEBUG Async                - Shutting down background threads
13:44:03.439 [JavaFX Application Thread] DEBUG MainWindow           - Closing main window
13:44:03.456 [JavaFX Application Thread] DEBUG Logger               - Closing Logger
