18:16:34.037 [main                     ] DEBUG Logger               - Configured Logger
18:16:34.070 [main                     ] DEBUG GameApplication      - Logging settings
Title: Slime Conqueror
Version: v4.0
Width: 1280
Height: 900
Fullscreen: true
Intro: false
Profiling: false
Single step:false
App Mode: DEVELOPER
Menu Key: ESCAPE
Stage Style: DECORATED
Scene Factory: class GUI.MySceneFactory

18:16:34.668 [JavaFX Application Thread] DEBUG FXGLApplication      - Initializing FXGL
18:16:34.677 [JavaFX Application Thread] INFO  Engine               - FXGL-11.11 (08.09.2020 18.00) on WINDOWS (J:14.0.2 FX:14)
18:16:34.677 [JavaFX Application Thread] DEBUG Engine               - JRE Vendor Name: Oracle Corporation
18:16:34.677 [JavaFX Application Thread] DEBUG Engine               - Running on OS: Windows 10 version 10.0
18:16:34.677 [JavaFX Application Thread] DEBUG Engine               - Architecture: amd64
18:16:34.677 [JavaFX Application Thread] INFO  Engine               - Source code and latest versions at: https://github.com/AlmasB/FXGL
18:16:34.677 [JavaFX Application Thread] INFO  Engine               -              Join the FXGL chat at: https://gitter.im/AlmasB/FXGL
18:16:34.796 [JavaFX Application Thread] DEBUG MainWindow           - Creating a JavaFX scene
18:16:34.796 [JavaFX Application Thread] DEBUG MainWindow           - Target size > screen size
18:16:34.854 [JavaFX Application Thread] DEBUG MainWindow           - Target settings size: 1280.0 x 900.0
18:16:34.854 [JavaFX Application Thread] DEBUG MainWindow           - Scaled scene size:    1203.0 x 863.0
18:16:34.854 [JavaFX Application Thread] DEBUG MainWindow           - Scaled ratio: (0.93984375, 0.9588888888888889)
18:16:34.855 [JavaFX Application Thread] DEBUG MainWindow           - Set initial scene to StartupScene
18:16:34.863 [JavaFX Application Thread] DEBUG MainWindow           - Opening main window
18:16:34.974 [JavaFX Application Thread] DEBUG MainWindow           - Window border size: (14.5999755859375, 37.79998779296875)
18:16:34.975 [JavaFX Application Thread] DEBUG MainWindow           - Scaled size: 1203.0 x 863.0
18:16:34.975 [JavaFX Application Thread] DEBUG MainWindow           - Scaled ratio: (0.93984375, 0.93984375)
18:16:34.975 [JavaFX Application Thread] DEBUG MainWindow           - Scene size: 1203.0 x 863.0
18:16:34.976 [JavaFX Application Thread] DEBUG MainWindow           - Stage size: 1217.5999755859375 x 900.7999877929688
18:16:34.989 [FXGL Background Thread 1 ] DEBUG Engine               - Initializing environment variables
18:16:35.037 [FXGL Background Thread 1 ] DEBUG GameApplicationServi - Applying CSS: fxgl_dark.css
18:16:35.039 [FXGL Background Thread 1 ] DEBUG FXGLAssetLoaderServi - Loading from file system: /assets/ui/css/fxgl_dark.css
18:16:35.124 [FXGL Background Thread 1 ] DEBUG GameApplicationServi - Initializing application scenes
18:16:35.229 [FXGL Background Thread 1 ] DEBUG GameWorld            - Game world initialized
18:16:35.325 [FXGL Background Thread 1 ] DEBUG PhysicsWorld         - Physics world initialized: appHeight=900, physics.ppm=50,0
18:16:35.328 [FXGL Background Thread 1 ] DEBUG GameScene            - Game scene initialized: 1280x900
18:16:35.673 [FXGL Background Thread 1 ] DEBUG GameApplicationServi - Application scenes initialized
18:16:35.689 [FXGL Background Thread 1 ] DEBUG SystemBundleService  - Loading FXGL system data
18:16:35.693 [FXGL Background Thread 1 ] DEBUG FileSystemAccess     - Reading from: C:\Users\Araksio\eclipse-workspace\Slime-Conqueror\system\fxgl.bundle
18:16:35.698 [FXGL Background Thread 1 ] DEBUG SystemBundleService  - Bundle FXGL: {}
18:16:35.698 [FXGL Background Thread 1 ] DEBUG UpdaterService       - Checking for updates
18:16:35.704 [FXGL Background Thread 4 ] DEBUG FXGLApplication      - Loading fonts
18:16:35.704 [FXGL Background Thread 4 ] DEBUG FXGLAssetLoaderServi - Loading from file system: /assets/ui/fonts/VarelaRound-Regular.ttf
18:16:35.704 [FXGL Background Thread 1 ] DEBUG FXGLApplication      - Loading default localization
18:16:35.705 [FXGL Background Thread 1 ] DEBUG FXGLAssetLoaderServi - Loading from file system: /assets/languages/english.lang
18:16:35.726 [FXGL Background Thread 1 ] INFO  FXGLApplication      - FXGL initialization took: 0,737 sec
18:16:35.736 [JavaFX Application Thread] DEBUG Input                - Registered new binding: HideGUI - H
18:16:35.737 [JavaFX Application Thread] DEBUG Input                - Registered new binding: Up - Z
18:16:35.737 [JavaFX Application Thread] DEBUG Input                - Registered new binding: Down - S
18:16:35.737 [JavaFX Application Thread] DEBUG Input                - Registered new binding: Left - Q
18:16:35.738 [JavaFX Application Thread] DEBUG Input                - Registered new binding: Right - D
18:16:35.740 [JavaFX Application Thread] DEBUG Input                - Registered new binding: AttackPos - LMB
18:16:35.740 [JavaFX Application Thread] DEBUG FXGLAssetLoaderServi - Loading from file system: /assets/textures/fxgl_icon.png
18:16:35.783 [FXGL Background Thread 4 ] DEBUG FXGLAssetLoaderServi - Loading from file system: /assets/ui/fonts/Abel-Regular.ttf
18:16:35.787 [FXGL Background Thread 4 ] DEBUG FXGLAssetLoaderServi - Loading from file system: /assets/ui/fonts/lucida_console.ttf
18:16:35.803 [FXGL Background Thread 4 ] DEBUG FXGLAssetLoaderServi - Loading from file system: /assets/ui/fonts/Courier-Prime.ttf
18:16:35.808 [JavaFX Application Thread] DEBUG FXGLAssetLoaderServi - Loading from file system: /assets/ui/cursors/fxgl_default.png
18:16:35.812 [JavaFX Application Thread] DEBUG Input                - Registered new binding: Screenshot - P
18:16:35.813 [JavaFX Application Thread] DEBUG Input                - Registered new binding: System info dump - CTRL+9
18:16:35.813 [JavaFX Application Thread] DEBUG Input                - Registered new binding: Restart - CTRL+R
18:16:35.814 [JavaFX Application Thread] DEBUG Input                - Registered new binding: Toggle Debug Camera - CTRL+C
18:16:35.817 [JavaFX Application Thread] DEBUG LoopRunner           - Starting loop
18:16:35.821 [JavaFX Application Thread] DEBUG Input                - Clearing active input actions
18:16:35.830 [JavaFX Application Thread] DEBUG GameApplicationServi - Removing overlay from StartupScene and adding to FXGLMainMenuDummyScene
18:16:35.830 [JavaFX Application Thread] DEBUG MainWindow           - StartupScene -> FXGLMainMenuDummyScene
18:16:35.831 [JavaFX Application Thread] DEBUG MainWindow           - Push state: MyMenu
18:16:35.831 [JavaFX Application Thread] DEBUG Input                - Clearing active input actions
18:16:35.843 [JavaFX Application Thread] DEBUG GameApplicationServi - Removing overlay from FXGLMainMenuDummyScene and adding to MyMenu
18:16:35.844 [JavaFX Application Thread] DEBUG MainWindow           - FXGLMainMenuDummyScene -> MyMenu
18:16:35.844 [JavaFX Application Thread] DEBUG FXGLApplication      - Registering font factories with UI factory
18:16:36.390 [FXGL Background Thread 2 ] INFO  UpdaterService       - Your current version:  11.11
18:16:36.391 [FXGL Background Thread 2 ] INFO  UpdaterService       - Latest stable version: dev-SNAPSHOT
18:16:38.704 [FXGL Background Thread 3 ] DEBUG Engine               - Logging environment variables
18:16:38.704 [FXGL Background Thread 3 ] DEBUG Engine               - achievements: []
18:16:38.704 [FXGL Background Thread 3 ] DEBUG Engine               - appIcon: fxgl_icon.png
18:16:38.704 [FXGL Background Thread 3 ] DEBUG Engine               - applicationMode: DEVELOPER
18:16:38.704 [FXGL Background Thread 3 ] DEBUG Engine               - cSSList: [fxgl_dark.css]
18:16:38.704 [FXGL Background Thread 3 ] DEBUG Engine               - configClass: Optional.empty
18:16:38.705 [FXGL Background Thread 3 ] DEBUG Engine               - credits: []
18:16:38.705 [FXGL Background Thread 3 ] DEBUG Engine               - devBBoxColorProperty: ObjectProperty [value: 0xff0000ff]
18:16:38.705 [FXGL Background Thread 3 ] DEBUG Engine               - devEnableDebugCameraProperty: BooleanProperty [value: false]
18:16:38.705 [FXGL Background Thread 3 ] DEBUG Engine               - devSensorColorProperty: ObjectProperty [value: 0xffff00ff]
18:16:38.705 [FXGL Background Thread 3 ] DEBUG Engine               - devShowBBoxProperty: BooleanProperty [value: false]
18:16:38.705 [FXGL Background Thread 3 ] DEBUG Engine               - devShowPositionProperty: BooleanProperty [value: false]
18:16:38.705 [FXGL Background Thread 3 ] DEBUG Engine               - enabledMenuItems: []
18:16:38.705 [FXGL Background Thread 3 ] DEBUG Engine               - engineServices: [class com.almasb.fxgl.app.FXGLApplication$GameApplicationService, class com.almasb.fxgl.app.services.FXGLDialogService, class com.almasb.fxgl.app.services.IOTaskExecutorService, class com.almasb.fxgl.event.EventBusService, class com.almasb.fxgl.io.FileSystemService, class com.almasb.fxgl.localization.LocalizationService, class com.almasb.fxgl.app.services.FXGLAssetLoaderService, class com.almasb.fxgl.app.services.SystemBundleService, class com.almasb.fxgl.profile.SaveLoadService, class com.almasb.fxgl.ui.FXGLUIFactoryServiceProvider, class com.almasb.fxgl.ui.FXGLDialogFactoryServiceProvider, class com.almasb.fxgl.audio.AudioPlayer, class com.almasb.fxgl.notification.impl.NotificationServiceProvider, class com.almasb.fxgl.achievement.AchievementService, class com.almasb.fxgl.cutscene.CutsceneService, class com.almasb.fxgl.minigames.MiniGameService, class com.almasb.fxgl.net.NetService, class com.almasb.fxgl.app.services.UpdaterService, class com.almasb.fxgl.dev.DevService]
18:16:38.706 [FXGL Background Thread 3 ] DEBUG Engine               - fontGame: Abel-Regular.ttf
18:16:38.706 [FXGL Background Thread 3 ] DEBUG Engine               - fontMono: lucida_console.ttf
18:16:38.706 [FXGL Background Thread 3 ] DEBUG Engine               - fontText: Courier-Prime.ttf
18:16:38.706 [FXGL Background Thread 3 ] DEBUG Engine               - fontUI: VarelaRound-Regular.ttf
18:16:38.706 [FXGL Background Thread 3 ] DEBUG Engine               - fullScreen: BooleanProperty [value: false]
18:16:38.706 [FXGL Background Thread 3 ] DEBUG Engine               - gameDifficulty: MEDIUM
18:16:38.706 [FXGL Background Thread 3 ] DEBUG Engine               - gameDifficultyProperty: ObjectProperty [value: MEDIUM]
18:16:38.706 [FXGL Background Thread 3 ] DEBUG Engine               - globalMusicVolume: 0.5
18:16:38.707 [FXGL Background Thread 3 ] DEBUG Engine               - globalMusicVolumeProperty: DoubleProperty [value: 0.5]
18:16:38.707 [FXGL Background Thread 3 ] DEBUG Engine               - globalSoundVolume: 0.5
18:16:38.707 [FXGL Background Thread 3 ] DEBUG Engine               - globalSoundVolumeProperty: DoubleProperty [value: 0.5]
18:16:38.707 [FXGL Background Thread 3 ] DEBUG Engine               - height: 900
18:16:38.707 [FXGL Background Thread 3 ] DEBUG Engine               - isAndroid: false
18:16:38.707 [FXGL Background Thread 3 ] DEBUG Engine               - isBrowser: false
18:16:38.707 [FXGL Background Thread 3 ] DEBUG Engine               - isClickFeedbackEnabled: false
18:16:38.707 [FXGL Background Thread 3 ] DEBUG Engine               - isCloseConfirmation: false
18:16:38.707 [FXGL Background Thread 3 ] DEBUG Engine               - isDesktop: true
18:16:38.708 [FXGL Background Thread 3 ] DEBUG Engine               - isDeveloperMenuEnabled: false
18:16:38.708 [FXGL Background Thread 3 ] DEBUG Engine               - isEntityPreloadEnabled: true
18:16:38.708 [FXGL Background Thread 3 ] DEBUG Engine               - isExperimentalNative: false
18:16:38.708 [FXGL Background Thread 3 ] DEBUG Engine               - isExperimentalTiledLargeMap: false
18:16:38.708 [FXGL Background Thread 3 ] DEBUG Engine               - isFileSystemWriteAllowed: true
18:16:38.708 [FXGL Background Thread 3 ] DEBUG Engine               - isFullScreenAllowed: true
18:16:38.708 [FXGL Background Thread 3 ] DEBUG Engine               - isFullScreenFromStart: false
18:16:38.708 [FXGL Background Thread 3 ] DEBUG Engine               - isGameMenuEnabled: true
18:16:38.708 [FXGL Background Thread 3 ] DEBUG Engine               - isIOS: false
18:16:38.708 [FXGL Background Thread 3 ] DEBUG Engine               - isIntroEnabled: false
18:16:38.708 [FXGL Background Thread 3 ] DEBUG Engine               - isLinux: false
18:16:38.708 [FXGL Background Thread 3 ] DEBUG Engine               - isMac: false
18:16:38.708 [FXGL Background Thread 3 ] DEBUG Engine               - isMainMenuEnabled: true
18:16:38.709 [FXGL Background Thread 3 ] DEBUG Engine               - isManualResizeEnabled: true
18:16:38.709 [FXGL Background Thread 3 ] DEBUG Engine               - isMobile: false
18:16:38.709 [FXGL Background Thread 3 ] DEBUG Engine               - isPreserveResizeRatio: true
18:16:38.709 [FXGL Background Thread 3 ] DEBUG Engine               - isProfilingEnabled: false
18:16:38.709 [FXGL Background Thread 3 ] DEBUG Engine               - isSingleStep: false
18:16:38.709 [FXGL Background Thread 3 ] DEBUG Engine               - isUserProfileEnabled: false
18:16:38.709 [FXGL Background Thread 3 ] DEBUG Engine               - isWindows: true
18:16:38.709 [FXGL Background Thread 3 ] DEBUG Engine               - language: ObjectProperty [value: ENGLISH]
18:16:38.709 [FXGL Background Thread 3 ] DEBUG Engine               - menuKey: ESCAPE
18:16:38.709 [FXGL Background Thread 3 ] DEBUG Engine               - notificationViewClass: class com.almasb.fxgl.notification.view.XboxNotificationView
18:16:38.709 [FXGL Background Thread 3 ] DEBUG Engine               - pixelsPerMeter: 50.0
18:16:38.709 [FXGL Background Thread 3 ] DEBUG Engine               - platform: WINDOWS
18:16:38.709 [FXGL Background Thread 3 ] DEBUG Engine               - profileDir: profiles/
18:16:38.710 [FXGL Background Thread 3 ] DEBUG Engine               - profileName: StringProperty [value: DEFAULT]
18:16:38.710 [FXGL Background Thread 3 ] DEBUG Engine               - randomSeed: -1
18:16:38.710 [FXGL Background Thread 3 ] DEBUG Engine               - runtimeInfo: RuntimeInfo(platform=WINDOWS, version=11.11, build=08.09.2020 18.00)
18:16:38.710 [FXGL Background Thread 3 ] DEBUG Engine               - saveFileExt: sav
18:16:38.710 [FXGL Background Thread 3 ] DEBUG Engine               - sceneFactory: GUI.MySceneFactory@569050ed
18:16:38.710 [FXGL Background Thread 3 ] DEBUG Engine               - secondsIn24h: 60
18:16:38.710 [FXGL Background Thread 3 ] DEBUG Engine               - soundMenuBack: menu/back.wav
18:16:38.710 [FXGL Background Thread 3 ] DEBUG Engine               - soundMenuPress: menu/press.wav
18:16:38.710 [FXGL Background Thread 3 ] DEBUG Engine               - soundMenuSelect: menu/select.wav
18:16:38.710 [FXGL Background Thread 3 ] DEBUG Engine               - soundNotification: core/notification.wav
18:16:38.710 [FXGL Background Thread 3 ] DEBUG Engine               - stageStyle: DECORATED
18:16:38.710 [FXGL Background Thread 3 ] DEBUG Engine               - supportedLanguages: [ENGLISH, FRENCH, GERMAN, HUNGARIAN, RUSSIAN]
18:16:38.710 [FXGL Background Thread 3 ] DEBUG Engine               - title: Slime Conqueror
18:16:38.710 [FXGL Background Thread 3 ] DEBUG Engine               - urlGithub: https://github.com/AlmasB/FXGL
18:16:38.710 [FXGL Background Thread 3 ] DEBUG Engine               - urlLeaderboard: http://fxgl-top.herokuapp.com/
18:16:38.711 [FXGL Background Thread 3 ] DEBUG Engine               - urlPOM: https://raw.githubusercontent.com/AlmasB/FXGL/master/pom.xml
18:16:38.711 [FXGL Background Thread 3 ] DEBUG Engine               - version: v4.0
18:16:38.711 [FXGL Background Thread 3 ] DEBUG Engine               - versionCheckDays: 7
18:16:38.711 [FXGL Background Thread 3 ] DEBUG Engine               - width: 1280
18:16:38.711 [FXGL Background Thread 3 ] DEBUG Engine               - Logging services
18:16:38.711 [FXGL Background Thread 3 ] DEBUG Engine               - class com.almasb.fxgl.app.FXGLApplication$GameApplicationService
18:16:38.711 [FXGL Background Thread 3 ] DEBUG Engine               - class com.almasb.fxgl.app.services.FXGLDialogService
18:16:38.711 [FXGL Background Thread 3 ] DEBUG Engine               - class com.almasb.fxgl.app.services.IOTaskExecutorService
18:16:38.711 [FXGL Background Thread 3 ] DEBUG Engine               - class com.almasb.fxgl.event.EventBusService
18:16:38.711 [FXGL Background Thread 3 ] DEBUG Engine               - class com.almasb.fxgl.io.FileSystemService
18:16:38.711 [FXGL Background Thread 3 ] DEBUG Engine               - class com.almasb.fxgl.localization.LocalizationService
18:16:38.711 [FXGL Background Thread 3 ] DEBUG Engine               - class com.almasb.fxgl.app.services.FXGLAssetLoaderService
18:16:38.711 [FXGL Background Thread 3 ] DEBUG Engine               - class com.almasb.fxgl.app.services.SystemBundleService
18:16:38.711 [FXGL Background Thread 3 ] DEBUG Engine               - class com.almasb.fxgl.profile.SaveLoadService
18:16:38.711 [FXGL Background Thread 3 ] DEBUG Engine               - class com.almasb.fxgl.ui.FXGLUIFactoryServiceProvider
18:16:38.711 [FXGL Background Thread 3 ] DEBUG Engine               - class com.almasb.fxgl.ui.FXGLDialogFactoryServiceProvider
18:16:38.712 [FXGL Background Thread 3 ] DEBUG Engine               - class com.almasb.fxgl.audio.AudioPlayer
18:16:38.712 [FXGL Background Thread 3 ] DEBUG Engine               - class com.almasb.fxgl.notification.impl.NotificationServiceProvider
18:16:38.712 [FXGL Background Thread 3 ] DEBUG Engine               - class com.almasb.fxgl.achievement.AchievementService
18:16:38.712 [FXGL Background Thread 3 ] DEBUG Engine               - class com.almasb.fxgl.cutscene.CutsceneService
18:16:38.712 [FXGL Background Thread 3 ] DEBUG Engine               - class com.almasb.fxgl.minigames.MiniGameService
18:16:38.712 [FXGL Background Thread 3 ] DEBUG Engine               - class com.almasb.fxgl.net.NetService
18:16:38.712 [FXGL Background Thread 3 ] DEBUG Engine               - class com.almasb.fxgl.app.services.UpdaterService
18:16:38.712 [FXGL Background Thread 3 ] DEBUG Engine               - class com.almasb.fxgl.dev.DevService
18:16:39.858 [JavaFX Application Thread] DEBUG GameApplicationServi - Starting new game
18:16:39.859 [JavaFX Application Thread] DEBUG MainWindow           - Pop state: MyMenu
18:16:39.859 [JavaFX Application Thread] DEBUG Input                - Clearing active input actions
18:16:39.859 [JavaFX Application Thread] DEBUG GameApplicationServi - Removing overlay from MyMenu and adding to FXGLMainMenuDummyScene
18:16:39.859 [JavaFX Application Thread] DEBUG MainWindow           - FXGLMainMenuDummyScene <- MyMenu
18:16:39.859 [JavaFX Application Thread] DEBUG Input                - Clearing active input actions
18:16:39.865 [JavaFX Application Thread] DEBUG GameApplicationServi - Removing overlay from FXGLMainMenuDummyScene and adding to FXGLLoadingScene
18:16:39.865 [JavaFX Application Thread] DEBUG MainWindow           - FXGLMainMenuDummyScene -> FXGLLoadingScene
18:16:39.865 [JavaFX Application Thread] DEBUG GameApplicationServi - Clearing previous game
18:16:39.866 [JavaFX Application Thread] DEBUG GameScene            - Clearing game scene
18:16:39.866 [JavaFX Application Thread] DEBUG GameWorld            - Clearing game world
18:16:39.866 [JavaFX Application Thread] DEBUG PhysicsWorld         - Clearing physics world
18:16:39.872 [FXGL Background Thread 2 ] DEBUG FXGLApplication      - Initializing game
18:16:39.893 [FXGL Background Thread 2 ] DEBUG FXGLAssetLoaderServi - Loading from file system: /assets/levels/map_level0.txt
18:16:39.902 [FXGL Background Thread 2 ] DEBUG FXGLAssetLoaderServi - Loading from file system: /assets/textures/murGauche.png
18:16:39.914 [FXGL Background Thread 2 ] DEBUG FXGLAssetLoaderServi - Loading from file system: /assets/textures/murHautBas.png
18:16:39.918 [FXGL Background Thread 2 ] DEBUG FXGLAssetLoaderServi - Loading from cache: /assets/textures/murHautBas.png
18:16:39.919 [FXGL Background Thread 2 ] DEBUG FXGLAssetLoaderServi - Loading from cache: /assets/textures/murHautBas.png
18:16:39.920 [FXGL Background Thread 2 ] DEBUG FXGLAssetLoaderServi - Loading from cache: /assets/textures/murHautBas.png
18:16:39.921 [FXGL Background Thread 2 ] DEBUG FXGLAssetLoaderServi - Loading from cache: /assets/textures/murHautBas.png
18:16:39.921 [FXGL Background Thread 2 ] DEBUG FXGLAssetLoaderServi - Loading from cache: /assets/textures/murHautBas.png
18:16:39.922 [FXGL Background Thread 2 ] DEBUG FXGLAssetLoaderServi - Loading from cache: /assets/textures/murHautBas.png
18:16:39.923 [FXGL Background Thread 2 ] DEBUG FXGLAssetLoaderServi - Loading from cache: /assets/textures/murHautBas.png
18:16:39.923 [FXGL Background Thread 2 ] DEBUG FXGLAssetLoaderServi - Loading from cache: /assets/textures/murHautBas.png
18:16:39.926 [FXGL Background Thread 2 ] DEBUG FXGLAssetLoaderServi - Loading from cache: /assets/textures/murHautBas.png
18:16:39.931 [FXGL Background Thread 2 ] DEBUG FXGLAssetLoaderServi - Loading from cache: /assets/textures/murHautBas.png
18:16:39.933 [FXGL Background Thread 2 ] DEBUG FXGLAssetLoaderServi - Loading from cache: /assets/textures/murHautBas.png
18:16:39.934 [FXGL Background Thread 2 ] DEBUG FXGLAssetLoaderServi - Loading from cache: /assets/textures/murHautBas.png
18:16:39.936 [FXGL Background Thread 2 ] DEBUG FXGLAssetLoaderServi - Loading from cache: /assets/textures/murHautBas.png
18:16:39.937 [FXGL Background Thread 2 ] DEBUG FXGLAssetLoaderServi - Loading from cache: /assets/textures/murHautBas.png
18:16:39.938 [FXGL Background Thread 2 ] DEBUG FXGLAssetLoaderServi - Loading from cache: /assets/textures/murHautBas.png
18:16:39.940 [FXGL Background Thread 2 ] DEBUG FXGLAssetLoaderServi - Loading from cache: /assets/textures/murHautBas.png
18:16:39.941 [FXGL Background Thread 2 ] DEBUG FXGLAssetLoaderServi - Loading from cache: /assets/textures/murHautBas.png
18:16:39.942 [FXGL Background Thread 2 ] DEBUG FXGLAssetLoaderServi - Loading from cache: /assets/textures/murHautBas.png
18:16:39.943 [FXGL Background Thread 2 ] DEBUG FXGLAssetLoaderServi - Loading from file system: /assets/textures/murDroite.png
18:16:39.946 [FXGL Background Thread 2 ] DEBUG FXGLAssetLoaderServi - Loading from cache: /assets/textures/murGauche.png
18:16:39.950 [FXGL Background Thread 2 ] DEBUG FXGLAssetLoaderServi - Loading from file system: /assets/textures/renard.png
18:16:39.993 [FXGL Background Thread 2 ] DEBUG FXGLAssetLoaderServi - Loading from file system: /assets/textures/lezard.png
18:16:40.004 [FXGL Background Thread 2 ] DEBUG FXGLAssetLoaderServi - Loading from file system: /assets/textures/escalier.png
18:16:40.006 [FXGL Background Thread 2 ] DEBUG FXGLAssetLoaderServi - Loading from cache: /assets/textures/murDroite.png
18:16:40.007 [FXGL Background Thread 2 ] DEBUG FXGLAssetLoaderServi - Loading from cache: /assets/textures/murGauche.png
18:16:40.008 [FXGL Background Thread 2 ] DEBUG FXGLAssetLoaderServi - Loading from file system: /assets/textures/bat.png
18:16:40.018 [FXGL Background Thread 2 ] DEBUG FXGLAssetLoaderServi - Loading from cache: /assets/textures/murHautBas.png
18:16:40.020 [FXGL Background Thread 2 ] DEBUG FXGLAssetLoaderServi - Loading from cache: /assets/textures/murHautBas.png
18:16:40.022 [FXGL Background Thread 2 ] DEBUG FXGLAssetLoaderServi - Loading from cache: /assets/textures/murHautBas.png
18:16:40.025 [FXGL Background Thread 2 ] DEBUG FXGLAssetLoaderServi - Loading from cache: /assets/textures/murHautBas.png
18:16:40.027 [FXGL Background Thread 2 ] DEBUG FXGLAssetLoaderServi - Loading from cache: /assets/textures/murHautBas.png
18:16:40.028 [FXGL Background Thread 2 ] DEBUG FXGLAssetLoaderServi - Loading from cache: /assets/textures/murHautBas.png
18:16:40.030 [FXGL Background Thread 2 ] DEBUG FXGLAssetLoaderServi - Loading from cache: /assets/textures/murHautBas.png
18:16:40.032 [FXGL Background Thread 2 ] DEBUG FXGLAssetLoaderServi - Loading from cache: /assets/textures/murHautBas.png
18:16:40.034 [FXGL Background Thread 2 ] DEBUG FXGLAssetLoaderServi - Loading from cache: /assets/textures/murHautBas.png
18:16:40.039 [FXGL Background Thread 2 ] DEBUG FXGLAssetLoaderServi - Loading from cache: /assets/textures/murHautBas.png
18:16:40.041 [FXGL Background Thread 2 ] DEBUG FXGLAssetLoaderServi - Loading from cache: /assets/textures/murHautBas.png
18:16:40.042 [FXGL Background Thread 2 ] DEBUG FXGLAssetLoaderServi - Loading from cache: /assets/textures/murHautBas.png
18:16:40.043 [FXGL Background Thread 2 ] DEBUG FXGLAssetLoaderServi - Loading from cache: /assets/textures/murHautBas.png
18:16:40.043 [FXGL Background Thread 2 ] DEBUG FXGLAssetLoaderServi - Loading from cache: /assets/textures/murHautBas.png
18:16:40.044 [FXGL Background Thread 2 ] DEBUG FXGLAssetLoaderServi - Loading from cache: /assets/textures/murHautBas.png
18:16:40.045 [FXGL Background Thread 2 ] DEBUG FXGLAssetLoaderServi - Loading from cache: /assets/textures/murHautBas.png
18:16:40.047 [FXGL Background Thread 2 ] DEBUG FXGLAssetLoaderServi - Loading from cache: /assets/textures/murHautBas.png
18:16:40.049 [FXGL Background Thread 2 ] DEBUG FXGLAssetLoaderServi - Loading from cache: /assets/textures/murHautBas.png
18:16:40.055 [FXGL Background Thread 2 ] DEBUG FXGLAssetLoaderServi - Loading from cache: /assets/textures/murDroite.png
18:16:40.057 [FXGL Background Thread 2 ] DEBUG FXGLAssetLoaderServi - Loading from cache: /assets/textures/murGauche.png
18:16:40.067 [FXGL Background Thread 2 ] DEBUG FXGLAssetLoaderServi - Loading from cache: /assets/textures/murDroite.png
18:16:40.073 [FXGL Background Thread 2 ] DEBUG FXGLAssetLoaderServi - Loading from cache: /assets/textures/murGauche.png
18:16:40.094 [FXGL Background Thread 2 ] DEBUG FXGLAssetLoaderServi - Loading from cache: /assets/textures/bat.png
18:16:40.106 [FXGL Background Thread 2 ] DEBUG FXGLAssetLoaderServi - Loading from cache: /assets/textures/murDroite.png
18:16:40.109 [FXGL Background Thread 2 ] DEBUG FXGLAssetLoaderServi - Loading from cache: /assets/textures/murGauche.png
18:16:40.127 [FXGL Background Thread 2 ] DEBUG FXGLAssetLoaderServi - Loading from cache: /assets/textures/murDroite.png
18:16:40.128 [FXGL Background Thread 2 ] DEBUG FXGLAssetLoaderServi - Loading from cache: /assets/textures/murGauche.png
18:16:40.130 [FXGL Background Thread 2 ] DEBUG FXGLAssetLoaderServi - Loading from cache: /assets/textures/bat.png
18:16:40.141 [FXGL Background Thread 2 ] DEBUG FXGLAssetLoaderServi - Loading from cache: /assets/textures/renard.png
18:16:40.147 [FXGL Background Thread 2 ] DEBUG FXGLAssetLoaderServi - Loading from cache: /assets/textures/murDroite.png
18:16:40.149 [FXGL Background Thread 2 ] DEBUG FXGLAssetLoaderServi - Loading from cache: /assets/textures/murGauche.png
18:16:40.162 [FXGL Background Thread 2 ] DEBUG FXGLAssetLoaderServi - Loading from cache: /assets/textures/murDroite.png
18:16:40.163 [FXGL Background Thread 2 ] DEBUG FXGLAssetLoaderServi - Loading from cache: /assets/textures/murGauche.png
18:16:40.164 [FXGL Background Thread 2 ] DEBUG FXGLAssetLoaderServi - Loading from cache: /assets/textures/murHautBas.png
18:16:40.165 [FXGL Background Thread 2 ] DEBUG FXGLAssetLoaderServi - Loading from cache: /assets/textures/murHautBas.png
18:16:40.170 [FXGL Background Thread 2 ] DEBUG FXGLAssetLoaderServi - Loading from cache: /assets/textures/murHautBas.png
18:16:40.172 [FXGL Background Thread 2 ] DEBUG FXGLAssetLoaderServi - Loading from cache: /assets/textures/murHautBas.png
18:16:40.173 [FXGL Background Thread 2 ] DEBUG FXGLAssetLoaderServi - Loading from cache: /assets/textures/murHautBas.png
18:16:40.174 [FXGL Background Thread 2 ] DEBUG FXGLAssetLoaderServi - Loading from cache: /assets/textures/murHautBas.png
18:16:40.175 [FXGL Background Thread 2 ] DEBUG FXGLAssetLoaderServi - Loading from cache: /assets/textures/murHautBas.png
18:16:40.178 [FXGL Background Thread 2 ] DEBUG FXGLAssetLoaderServi - Loading from cache: /assets/textures/murHautBas.png
18:16:40.179 [FXGL Background Thread 2 ] DEBUG FXGLAssetLoaderServi - Loading from cache: /assets/textures/murHautBas.png
18:16:40.180 [FXGL Background Thread 2 ] DEBUG FXGLAssetLoaderServi - Loading from cache: /assets/textures/murHautBas.png
18:16:40.182 [FXGL Background Thread 2 ] DEBUG FXGLAssetLoaderServi - Loading from cache: /assets/textures/murHautBas.png
18:16:40.184 [FXGL Background Thread 2 ] DEBUG FXGLAssetLoaderServi - Loading from cache: /assets/textures/murHautBas.png
18:16:40.185 [FXGL Background Thread 2 ] DEBUG FXGLAssetLoaderServi - Loading from cache: /assets/textures/murHautBas.png
18:16:40.186 [FXGL Background Thread 2 ] DEBUG FXGLAssetLoaderServi - Loading from cache: /assets/textures/murHautBas.png
18:16:40.187 [FXGL Background Thread 2 ] DEBUG FXGLAssetLoaderServi - Loading from cache: /assets/textures/murHautBas.png
18:16:40.187 [FXGL Background Thread 2 ] DEBUG FXGLAssetLoaderServi - Loading from cache: /assets/textures/murHautBas.png
18:16:40.194 [FXGL Background Thread 2 ] DEBUG FXGLAssetLoaderServi - Loading from cache: /assets/textures/murHautBas.png
18:16:40.194 [FXGL Background Thread 2 ] DEBUG FXGLAssetLoaderServi - Loading from cache: /assets/textures/murDroite.png
18:16:40.195 [FXGL Background Thread 2 ] DEBUG FXGLAssetLoaderServi - Loading from cache: /assets/textures/murGauche.png
18:16:40.206 [FXGL Background Thread 2 ] DEBUG FXGLAssetLoaderServi - Loading from cache: /assets/textures/murDroite.png
18:16:40.209 [FXGL Background Thread 2 ] DEBUG FXGLAssetLoaderServi - Loading from cache: /assets/textures/murGauche.png
18:16:40.225 [FXGL Background Thread 2 ] DEBUG FXGLAssetLoaderServi - Loading from cache: /assets/textures/bat.png
18:16:40.246 [FXGL Background Thread 2 ] DEBUG FXGLAssetLoaderServi - Loading from cache: /assets/textures/murDroite.png
18:16:40.249 [FXGL Background Thread 2 ] DEBUG FXGLAssetLoaderServi - Loading from cache: /assets/textures/murGauche.png
18:16:40.259 [FXGL Background Thread 2 ] DEBUG FXGLAssetLoaderServi - Loading from cache: /assets/textures/renard.png
18:16:40.261 [FXGL Background Thread 2 ] DEBUG FXGLAssetLoaderServi - Loading from cache: /assets/textures/murDroite.png
18:16:40.261 [FXGL Background Thread 2 ] DEBUG FXGLAssetLoaderServi - Loading from cache: /assets/textures/murGauche.png
18:16:40.268 [FXGL Background Thread 2 ] DEBUG FXGLAssetLoaderServi - Loading from cache: /assets/textures/murDroite.png
18:16:40.269 [FXGL Background Thread 2 ] DEBUG FXGLAssetLoaderServi - Loading from cache: /assets/textures/murGauche.png
18:16:40.271 [FXGL Background Thread 2 ] DEBUG FXGLAssetLoaderServi - Loading from cache: /assets/textures/bat.png
18:16:40.277 [FXGL Background Thread 2 ] DEBUG FXGLAssetLoaderServi - Loading from cache: /assets/textures/murDroite.png
18:16:40.279 [FXGL Background Thread 2 ] DEBUG FXGLAssetLoaderServi - Loading from cache: /assets/textures/murGauche.png
18:16:40.283 [FXGL Background Thread 2 ] DEBUG FXGLAssetLoaderServi - Loading from cache: /assets/textures/bat.png
18:16:40.290 [FXGL Background Thread 2 ] DEBUG FXGLAssetLoaderServi - Loading from cache: /assets/textures/bat.png
18:16:40.291 [FXGL Background Thread 2 ] DEBUG FXGLAssetLoaderServi - Loading from cache: /assets/textures/murDroite.png
18:16:40.292 [FXGL Background Thread 2 ] DEBUG FXGLAssetLoaderServi - Loading from cache: /assets/textures/murGauche.png
18:16:40.296 [FXGL Background Thread 2 ] DEBUG FXGLAssetLoaderServi - Loading from cache: /assets/textures/murDroite.png
18:16:40.297 [FXGL Background Thread 2 ] DEBUG FXGLAssetLoaderServi - Loading from cache: /assets/textures/murGauche.png
18:16:40.303 [FXGL Background Thread 2 ] DEBUG FXGLAssetLoaderServi - Loading from cache: /assets/textures/renard.png
18:16:40.306 [FXGL Background Thread 2 ] DEBUG FXGLAssetLoaderServi - Loading from cache: /assets/textures/renard.png
18:16:40.316 [FXGL Background Thread 2 ] DEBUG FXGLAssetLoaderServi - Loading from cache: /assets/textures/murDroite.png
18:16:40.317 [FXGL Background Thread 2 ] DEBUG FXGLAssetLoaderServi - Loading from cache: /assets/textures/murGauche.png
18:16:40.319 [FXGL Background Thread 2 ] DEBUG FXGLAssetLoaderServi - Loading from cache: /assets/textures/murHautBas.png
18:16:40.319 [FXGL Background Thread 2 ] DEBUG FXGLAssetLoaderServi - Loading from cache: /assets/textures/murHautBas.png
18:16:40.319 [FXGL Background Thread 2 ] DEBUG FXGLAssetLoaderServi - Loading from cache: /assets/textures/murHautBas.png
18:16:40.320 [FXGL Background Thread 2 ] DEBUG FXGLAssetLoaderServi - Loading from cache: /assets/textures/murHautBas.png
18:16:40.320 [FXGL Background Thread 2 ] DEBUG FXGLAssetLoaderServi - Loading from cache: /assets/textures/murHautBas.png
18:16:40.320 [FXGL Background Thread 2 ] DEBUG FXGLAssetLoaderServi - Loading from cache: /assets/textures/murHautBas.png
18:16:40.320 [FXGL Background Thread 2 ] DEBUG FXGLAssetLoaderServi - Loading from cache: /assets/textures/murHautBas.png
18:16:40.321 [FXGL Background Thread 2 ] DEBUG FXGLAssetLoaderServi - Loading from cache: /assets/textures/murHautBas.png
18:16:40.323 [FXGL Background Thread 2 ] DEBUG FXGLAssetLoaderServi - Loading from cache: /assets/textures/murDroite.png
18:16:40.323 [FXGL Background Thread 2 ] DEBUG FXGLAssetLoaderServi - Loading from cache: /assets/textures/murGauche.png
18:16:40.329 [FXGL Background Thread 2 ] DEBUG FXGLAssetLoaderServi - Loading from cache: /assets/textures/lezard.png
18:16:40.331 [FXGL Background Thread 2 ] DEBUG FXGLAssetLoaderServi - Loading from cache: /assets/textures/murDroite.png
18:16:40.331 [FXGL Background Thread 2 ] DEBUG FXGLAssetLoaderServi - Loading from cache: /assets/textures/murGauche.png
18:16:40.392 [FXGL Background Thread 2 ] DEBUG FXGLAssetLoaderServi - Loading from file system: /assets/textures/player.png
18:16:40.430 [FXGL Background Thread 2 ] DEBUG FXGLAssetLoaderServi - Loading from cache: /assets/textures/murDroite.png
18:16:40.431 [FXGL Background Thread 2 ] DEBUG FXGLAssetLoaderServi - Loading from file system: /assets/textures/murCoinGauche.png
18:16:40.435 [FXGL Background Thread 2 ] DEBUG FXGLAssetLoaderServi - Loading from cache: /assets/textures/murHautBas.png
18:16:40.435 [FXGL Background Thread 2 ] DEBUG FXGLAssetLoaderServi - Loading from cache: /assets/textures/murHautBas.png
18:16:40.436 [FXGL Background Thread 2 ] DEBUG FXGLAssetLoaderServi - Loading from cache: /assets/textures/murHautBas.png
18:16:40.437 [FXGL Background Thread 2 ] DEBUG FXGLAssetLoaderServi - Loading from cache: /assets/textures/murHautBas.png
18:16:40.438 [FXGL Background Thread 2 ] DEBUG FXGLAssetLoaderServi - Loading from cache: /assets/textures/murHautBas.png
18:16:40.438 [FXGL Background Thread 2 ] DEBUG FXGLAssetLoaderServi - Loading from cache: /assets/textures/murHautBas.png
18:16:40.439 [FXGL Background Thread 2 ] DEBUG FXGLAssetLoaderServi - Loading from cache: /assets/textures/murHautBas.png
18:16:40.440 [FXGL Background Thread 2 ] DEBUG FXGLAssetLoaderServi - Loading from cache: /assets/textures/murHautBas.png
18:16:40.440 [FXGL Background Thread 2 ] DEBUG FXGLAssetLoaderServi - Loading from cache: /assets/textures/murHautBas.png
18:16:40.440 [FXGL Background Thread 2 ] DEBUG FXGLAssetLoaderServi - Loading from cache: /assets/textures/murHautBas.png
18:16:40.441 [FXGL Background Thread 2 ] DEBUG FXGLAssetLoaderServi - Loading from cache: /assets/textures/murHautBas.png
18:16:40.441 [FXGL Background Thread 2 ] DEBUG FXGLAssetLoaderServi - Loading from cache: /assets/textures/murHautBas.png
18:16:40.441 [FXGL Background Thread 2 ] DEBUG FXGLAssetLoaderServi - Loading from cache: /assets/textures/murHautBas.png
18:16:40.441 [FXGL Background Thread 2 ] DEBUG FXGLAssetLoaderServi - Loading from cache: /assets/textures/murHautBas.png
18:16:40.442 [FXGL Background Thread 2 ] DEBUG FXGLAssetLoaderServi - Loading from cache: /assets/textures/murHautBas.png
18:16:40.442 [FXGL Background Thread 2 ] DEBUG FXGLAssetLoaderServi - Loading from cache: /assets/textures/murHautBas.png
18:16:40.442 [FXGL Background Thread 2 ] DEBUG FXGLAssetLoaderServi - Loading from cache: /assets/textures/murHautBas.png
18:16:40.442 [FXGL Background Thread 2 ] DEBUG FXGLAssetLoaderServi - Loading from cache: /assets/textures/murHautBas.png
18:16:40.443 [FXGL Background Thread 2 ] DEBUG FXGLAssetLoaderServi - Loading from cache: /assets/textures/murHautBas.png
18:16:40.443 [FXGL Background Thread 2 ] DEBUG FXGLAssetLoaderServi - Loading from file system: /assets/textures/murCoinDroite.png
18:16:40.447 [FXGL Background Thread 2 ] DEBUG GameWorld            - Clearing removable entities
18:16:40.448 [FXGL Background Thread 2 ] DEBUG GameWorld            - Setting level: com.almasb.fxgl.entity.level.Level@2fea31da
18:16:40.757 [FXGL Background Thread 2 ] INFO  FXGLApplication      - Game initialization took: 0,885 sec
18:16:40.764 [JavaFX Application Thread] DEBUG Input                - Clearing active input actions
18:16:40.878 [JavaFX Application Thread] DEBUG GameApplicationServi - Removing overlay from FXGLLoadingScene and adding to GameScene
18:16:40.879 [JavaFX Application Thread] DEBUG MainWindow           - FXGLLoadingScene -> GameScene
18:16:44.058 [JavaFX Application Thread] DEBUG MainWindow           - Push state: MyMenu
18:16:44.058 [JavaFX Application Thread] DEBUG Input                - Clearing active input actions
18:16:44.060 [JavaFX Application Thread] DEBUG GameApplicationServi - Removing overlay from GameScene and adding to MyMenu
18:16:44.060 [JavaFX Application Thread] DEBUG MainWindow           - GameScene -> MyMenu
18:16:45.195 [JavaFX Application Thread] DEBUG FXGLApplication      - Exiting FXGL
18:16:45.195 [JavaFX Application Thread] DEBUG LoopRunner           - Stopping loop
18:16:45.195 [JavaFX Application Thread] DEBUG SystemBundleService  - Saving FXGL system data
18:16:45.200 [JavaFX Application Thread] DEBUG FileSystemAccess     - Writing to: C:\Users\Araksio\eclipse-workspace\Slime-Conqueror\system\fxgl.bundle
18:16:45.202 [JavaFX Application Thread] DEBUG Async                - Shutting down background threads
18:16:45.202 [JavaFX Application Thread] DEBUG MainWindow           - Closing main window
18:16:45.216 [JavaFX Application Thread] DEBUG Logger               - Closing Logger
