14:54:06.151 [main                     ] DEBUG Logger               - Configured Logger
14:54:06.191 [main                     ] DEBUG GameApplication      - Logging settings
Title: Slime Conqueror
Version: v2.2
Width: 1280
Height: 900
Fullscreen: true
Intro: false
Profiling: false
Single step:false
App Mode: DEVELOPER
Menu Key: ESCAPE
Stage Style: DECORATED
Scene Factory: class GUI.MySceneFactory

14:54:07.012 [JavaFX Application Thread] DEBUG FXGLApplication      - Initializing FXGL
14:54:07.025 [JavaFX Application Thread] INFO  Engine               - FXGL-11.11 (08.09.2020 18.00) on WINDOWS (J:14.0.2 FX:14)
14:54:07.026 [JavaFX Application Thread] DEBUG Engine               - JRE Vendor Name: Oracle Corporation
14:54:07.027 [JavaFX Application Thread] DEBUG Engine               - Running on OS: Windows 10 version 10.0
14:54:07.027 [JavaFX Application Thread] DEBUG Engine               - Architecture: amd64
14:54:07.027 [JavaFX Application Thread] INFO  Engine               - Source code and latest versions at: https://github.com/AlmasB/FXGL
14:54:07.028 [JavaFX Application Thread] INFO  Engine               -              Join the FXGL chat at: https://gitter.im/AlmasB/FXGL
14:54:07.240 [JavaFX Application Thread] DEBUG MainWindow           - Creating a JavaFX scene
14:54:07.240 [JavaFX Application Thread] DEBUG MainWindow           - Target size > screen size
14:54:07.314 [JavaFX Application Thread] DEBUG MainWindow           - Target settings size: 1280.0 x 900.0
14:54:07.314 [JavaFX Application Thread] DEBUG MainWindow           - Scaled scene size:    1203.0 x 863.0
14:54:07.315 [JavaFX Application Thread] DEBUG MainWindow           - Scaled ratio: (0.93984375, 0.9588888888888889)
14:54:07.316 [JavaFX Application Thread] DEBUG MainWindow           - Set initial scene to StartupScene
14:54:07.325 [JavaFX Application Thread] DEBUG MainWindow           - Opening main window
14:54:07.452 [JavaFX Application Thread] DEBUG MainWindow           - Window border size: (14.5999755859375, 37.79998779296875)
14:54:07.454 [JavaFX Application Thread] DEBUG MainWindow           - Scaled size: 1203.0 x 863.0
14:54:07.454 [JavaFX Application Thread] DEBUG MainWindow           - Scaled ratio: (0.93984375, 0.93984375)
14:54:07.454 [JavaFX Application Thread] DEBUG MainWindow           - Scene size: 1203.0 x 863.0
14:54:07.455 [JavaFX Application Thread] DEBUG MainWindow           - Stage size: 1217.5999755859375 x 900.7999877929688
14:54:07.469 [FXGL Background Thread 1 ] DEBUG Engine               - Initializing environment variables
14:54:07.533 [FXGL Background Thread 1 ] DEBUG GameApplicationServi - Applying CSS: fxgl_dark.css
14:54:07.534 [FXGL Background Thread 1 ] DEBUG FXGLAssetLoaderServi - Loading from file system: /assets/ui/css/fxgl_dark.css
14:54:07.619 [FXGL Background Thread 1 ] DEBUG GameApplicationServi - Initializing application scenes
14:54:07.704 [FXGL Background Thread 1 ] DEBUG GameWorld            - Game world initialized
14:54:07.803 [FXGL Background Thread 1 ] DEBUG PhysicsWorld         - Physics world initialized: appHeight=900, physics.ppm=50,0
14:54:07.805 [FXGL Background Thread 1 ] DEBUG GameScene            - Game scene initialized: 1280x900
14:54:08.251 [FXGL Background Thread 1 ] DEBUG GameApplicationServi - Application scenes initialized
14:54:08.272 [FXGL Background Thread 1 ] DEBUG SystemBundleService  - Loading FXGL system data
14:54:08.277 [FXGL Background Thread 1 ] DEBUG FileSystemAccess     - Reading from: C:\Users\Araksio\eclipse-workspace\Slime-Conqueror\system\fxgl.bundle
14:54:08.284 [FXGL Background Thread 1 ] DEBUG SystemBundleService  - Bundle FXGL: {}
14:54:08.285 [FXGL Background Thread 1 ] DEBUG UpdaterService       - Checking for updates
14:54:08.290 [FXGL Background Thread 4 ] DEBUG FXGLApplication      - Loading fonts
14:54:08.291 [FXGL Background Thread 4 ] DEBUG FXGLAssetLoaderServi - Loading from file system: /assets/ui/fonts/VarelaRound-Regular.ttf
14:54:08.291 [FXGL Background Thread 1 ] DEBUG FXGLApplication      - Loading default localization
14:54:08.292 [FXGL Background Thread 1 ] DEBUG FXGLAssetLoaderServi - Loading from file system: /assets/languages/english.lang
14:54:08.310 [FXGL Background Thread 1 ] INFO  FXGLApplication      - FXGL initialization took: 0,840 sec
14:54:08.330 [JavaFX Application Thread] DEBUG Input                - Registered new binding: HideGUI - H
14:54:08.331 [JavaFX Application Thread] DEBUG Input                - Registered new binding: Up - Z
14:54:08.331 [JavaFX Application Thread] DEBUG Input                - Registered new binding: Down - S
14:54:08.331 [JavaFX Application Thread] DEBUG Input                - Registered new binding: Left - Q
14:54:08.332 [JavaFX Application Thread] DEBUG Input                - Registered new binding: Right - D
14:54:08.332 [JavaFX Application Thread] DEBUG Input                - Registered new binding: Teleport - F
14:54:08.335 [JavaFX Application Thread] DEBUG Input                - Registered new binding: AttackPos - LMB
14:54:08.335 [JavaFX Application Thread] DEBUG Input                - Registered new binding: Attack - I
14:54:08.335 [JavaFX Application Thread] DEBUG FXGLAssetLoaderServi - Loading from file system: /assets/textures/fxgl_icon.png
14:54:08.391 [FXGL Background Thread 4 ] DEBUG FXGLAssetLoaderServi - Loading from file system: /assets/ui/fonts/Abel-Regular.ttf
14:54:08.395 [FXGL Background Thread 4 ] DEBUG FXGLAssetLoaderServi - Loading from file system: /assets/ui/fonts/lucida_console.ttf
14:54:08.402 [FXGL Background Thread 4 ] DEBUG FXGLAssetLoaderServi - Loading from file system: /assets/ui/fonts/Courier-Prime.ttf
14:54:08.404 [JavaFX Application Thread] DEBUG FXGLAssetLoaderServi - Loading from file system: /assets/ui/cursors/fxgl_default.png
14:54:08.408 [JavaFX Application Thread] DEBUG Input                - Registered new binding: Screenshot - P
14:54:08.409 [JavaFX Application Thread] DEBUG Input                - Registered new binding: System info dump - CTRL+9
14:54:08.409 [JavaFX Application Thread] DEBUG Input                - Registered new binding: Restart - CTRL+R
14:54:08.410 [JavaFX Application Thread] DEBUG Input                - Registered new binding: Toggle Debug Camera - CTRL+C
14:54:08.413 [JavaFX Application Thread] DEBUG LoopRunner           - Starting loop
14:54:08.416 [JavaFX Application Thread] DEBUG Input                - Clearing active input actions
14:54:08.426 [JavaFX Application Thread] DEBUG GameApplicationServi - Removing overlay from StartupScene and adding to FXGLMainMenuDummyScene
14:54:08.426 [JavaFX Application Thread] DEBUG MainWindow           - StartupScene -> FXGLMainMenuDummyScene
14:54:08.426 [JavaFX Application Thread] DEBUG MainWindow           - Push state: MyMenu
14:54:08.427 [JavaFX Application Thread] DEBUG Input                - Clearing active input actions
14:54:08.438 [JavaFX Application Thread] DEBUG GameApplicationServi - Removing overlay from FXGLMainMenuDummyScene and adding to MyMenu
14:54:08.439 [JavaFX Application Thread] DEBUG MainWindow           - FXGLMainMenuDummyScene -> MyMenu
14:54:08.458 [JavaFX Application Thread] DEBUG FXGLApplication      - Registering font factories with UI factory
14:54:11.291 [FXGL Background Thread 3 ] DEBUG Engine               - Logging environment variables
14:54:11.291 [FXGL Background Thread 3 ] DEBUG Engine               - achievements: []
14:54:11.292 [FXGL Background Thread 3 ] DEBUG Engine               - appIcon: fxgl_icon.png
14:54:11.292 [FXGL Background Thread 3 ] DEBUG Engine               - applicationMode: DEVELOPER
14:54:11.292 [FXGL Background Thread 3 ] DEBUG Engine               - cSSList: [fxgl_dark.css]
14:54:11.292 [FXGL Background Thread 3 ] DEBUG Engine               - configClass: Optional.empty
14:54:11.293 [FXGL Background Thread 3 ] DEBUG Engine               - credits: []
14:54:11.293 [FXGL Background Thread 3 ] DEBUG Engine               - devBBoxColorProperty: ObjectProperty [value: 0xff0000ff]
14:54:11.293 [FXGL Background Thread 3 ] DEBUG Engine               - devEnableDebugCameraProperty: BooleanProperty [value: false]
14:54:11.294 [FXGL Background Thread 3 ] DEBUG Engine               - devSensorColorProperty: ObjectProperty [value: 0xffff00ff]
14:54:11.294 [FXGL Background Thread 3 ] DEBUG Engine               - devShowBBoxProperty: BooleanProperty [value: false]
14:54:11.294 [FXGL Background Thread 3 ] DEBUG Engine               - devShowPositionProperty: BooleanProperty [value: false]
14:54:11.294 [FXGL Background Thread 3 ] DEBUG Engine               - enabledMenuItems: []
14:54:11.295 [FXGL Background Thread 3 ] DEBUG Engine               - engineServices: [class com.almasb.fxgl.app.FXGLApplication$GameApplicationService, class com.almasb.fxgl.app.services.FXGLDialogService, class com.almasb.fxgl.app.services.IOTaskExecutorService, class com.almasb.fxgl.event.EventBusService, class com.almasb.fxgl.io.FileSystemService, class com.almasb.fxgl.localization.LocalizationService, class com.almasb.fxgl.app.services.FXGLAssetLoaderService, class com.almasb.fxgl.app.services.SystemBundleService, class com.almasb.fxgl.profile.SaveLoadService, class com.almasb.fxgl.ui.FXGLUIFactoryServiceProvider, class com.almasb.fxgl.ui.FXGLDialogFactoryServiceProvider, class com.almasb.fxgl.audio.AudioPlayer, class com.almasb.fxgl.notification.impl.NotificationServiceProvider, class com.almasb.fxgl.achievement.AchievementService, class com.almasb.fxgl.cutscene.CutsceneService, class com.almasb.fxgl.minigames.MiniGameService, class com.almasb.fxgl.net.NetService, class com.almasb.fxgl.app.services.UpdaterService, class com.almasb.fxgl.dev.DevService]
14:54:11.295 [FXGL Background Thread 3 ] DEBUG Engine               - fontGame: Abel-Regular.ttf
14:54:11.295 [FXGL Background Thread 3 ] DEBUG Engine               - fontMono: lucida_console.ttf
14:54:11.295 [FXGL Background Thread 3 ] DEBUG Engine               - fontText: Courier-Prime.ttf
14:54:11.295 [FXGL Background Thread 3 ] DEBUG Engine               - fontUI: VarelaRound-Regular.ttf
14:54:11.295 [FXGL Background Thread 3 ] DEBUG Engine               - fullScreen: BooleanProperty [value: false]
14:54:11.296 [FXGL Background Thread 3 ] DEBUG Engine               - gameDifficulty: MEDIUM
14:54:11.296 [FXGL Background Thread 3 ] DEBUG Engine               - gameDifficultyProperty: ObjectProperty [value: MEDIUM]
14:54:11.296 [FXGL Background Thread 3 ] DEBUG Engine               - globalMusicVolume: 0.5
14:54:11.296 [FXGL Background Thread 3 ] DEBUG Engine               - globalMusicVolumeProperty: DoubleProperty [value: 0.5]
14:54:11.296 [FXGL Background Thread 3 ] DEBUG Engine               - globalSoundVolume: 0.5
14:54:11.296 [FXGL Background Thread 3 ] DEBUG Engine               - globalSoundVolumeProperty: DoubleProperty [value: 0.5]
14:54:11.297 [FXGL Background Thread 3 ] DEBUG Engine               - height: 900
14:54:11.297 [FXGL Background Thread 3 ] DEBUG Engine               - isAndroid: false
14:54:11.297 [FXGL Background Thread 3 ] DEBUG Engine               - isBrowser: false
14:54:11.297 [FXGL Background Thread 3 ] DEBUG Engine               - isClickFeedbackEnabled: false
14:54:11.297 [FXGL Background Thread 3 ] DEBUG Engine               - isCloseConfirmation: false
14:54:11.297 [FXGL Background Thread 3 ] DEBUG Engine               - isDesktop: true
14:54:11.298 [FXGL Background Thread 3 ] DEBUG Engine               - isDeveloperMenuEnabled: false
14:54:11.298 [FXGL Background Thread 3 ] DEBUG Engine               - isEntityPreloadEnabled: true
14:54:11.298 [FXGL Background Thread 3 ] DEBUG Engine               - isExperimentalNative: false
14:54:11.298 [FXGL Background Thread 3 ] DEBUG Engine               - isExperimentalTiledLargeMap: false
14:54:11.298 [FXGL Background Thread 3 ] DEBUG Engine               - isFileSystemWriteAllowed: true
14:54:11.298 [FXGL Background Thread 3 ] DEBUG Engine               - isFullScreenAllowed: true
14:54:11.298 [FXGL Background Thread 3 ] DEBUG Engine               - isFullScreenFromStart: false
14:54:11.298 [FXGL Background Thread 3 ] DEBUG Engine               - isGameMenuEnabled: true
14:54:11.299 [FXGL Background Thread 3 ] DEBUG Engine               - isIOS: false
14:54:11.299 [FXGL Background Thread 3 ] DEBUG Engine               - isIntroEnabled: false
14:54:11.299 [FXGL Background Thread 3 ] DEBUG Engine               - isLinux: false
14:54:11.299 [FXGL Background Thread 3 ] DEBUG Engine               - isMac: false
14:54:11.299 [FXGL Background Thread 3 ] DEBUG Engine               - isMainMenuEnabled: true
14:54:11.300 [FXGL Background Thread 3 ] DEBUG Engine               - isManualResizeEnabled: true
14:54:11.300 [FXGL Background Thread 3 ] DEBUG Engine               - isMobile: false
14:54:11.300 [FXGL Background Thread 3 ] DEBUG Engine               - isPreserveResizeRatio: true
14:54:11.300 [FXGL Background Thread 3 ] DEBUG Engine               - isProfilingEnabled: false
14:54:11.300 [FXGL Background Thread 3 ] DEBUG Engine               - isSingleStep: false
14:54:11.300 [FXGL Background Thread 3 ] DEBUG Engine               - isUserProfileEnabled: false
14:54:11.301 [FXGL Background Thread 3 ] DEBUG Engine               - isWindows: true
14:54:11.301 [FXGL Background Thread 3 ] DEBUG Engine               - language: ObjectProperty [value: ENGLISH]
14:54:11.301 [FXGL Background Thread 3 ] DEBUG Engine               - menuKey: ESCAPE
14:54:11.301 [FXGL Background Thread 3 ] DEBUG Engine               - notificationViewClass: class com.almasb.fxgl.notification.view.XboxNotificationView
14:54:11.301 [FXGL Background Thread 3 ] DEBUG Engine               - pixelsPerMeter: 50.0
14:54:11.301 [FXGL Background Thread 3 ] DEBUG Engine               - platform: WINDOWS
14:54:11.302 [FXGL Background Thread 3 ] DEBUG Engine               - profileDir: profiles/
14:54:11.302 [FXGL Background Thread 3 ] DEBUG Engine               - profileName: StringProperty [value: DEFAULT]
14:54:11.302 [FXGL Background Thread 3 ] DEBUG Engine               - randomSeed: -1
14:54:11.302 [FXGL Background Thread 3 ] DEBUG Engine               - runtimeInfo: RuntimeInfo(platform=WINDOWS, version=11.11, build=08.09.2020 18.00)
14:54:11.302 [FXGL Background Thread 3 ] DEBUG Engine               - saveFileExt: sav
14:54:11.302 [FXGL Background Thread 3 ] DEBUG Engine               - sceneFactory: GUI.MySceneFactory@4a857fbe
14:54:11.302 [FXGL Background Thread 3 ] DEBUG Engine               - secondsIn24h: 60
14:54:11.302 [FXGL Background Thread 3 ] DEBUG Engine               - soundMenuBack: menu/back.wav
14:54:11.303 [FXGL Background Thread 3 ] DEBUG Engine               - soundMenuPress: menu/press.wav
14:54:11.303 [FXGL Background Thread 3 ] DEBUG Engine               - soundMenuSelect: menu/select.wav
14:54:11.303 [FXGL Background Thread 3 ] DEBUG Engine               - soundNotification: core/notification.wav
14:54:11.303 [FXGL Background Thread 3 ] DEBUG Engine               - stageStyle: DECORATED
14:54:11.303 [FXGL Background Thread 3 ] DEBUG Engine               - supportedLanguages: [ENGLISH, FRENCH, GERMAN, HUNGARIAN, RUSSIAN]
14:54:11.303 [FXGL Background Thread 3 ] DEBUG Engine               - title: Slime Conqueror
14:54:11.303 [FXGL Background Thread 3 ] DEBUG Engine               - urlGithub: https://github.com/AlmasB/FXGL
14:54:11.304 [FXGL Background Thread 3 ] DEBUG Engine               - urlLeaderboard: http://fxgl-top.herokuapp.com/
14:54:11.304 [FXGL Background Thread 3 ] DEBUG Engine               - urlPOM: https://raw.githubusercontent.com/AlmasB/FXGL/master/pom.xml
14:54:11.304 [FXGL Background Thread 3 ] DEBUG Engine               - version: v2.2
14:54:11.304 [FXGL Background Thread 3 ] DEBUG Engine               - versionCheckDays: 7
14:54:11.304 [FXGL Background Thread 3 ] DEBUG Engine               - width: 1280
14:54:11.304 [FXGL Background Thread 3 ] DEBUG Engine               - Logging services
14:54:11.304 [FXGL Background Thread 3 ] DEBUG Engine               - class com.almasb.fxgl.app.FXGLApplication$GameApplicationService
14:54:11.305 [FXGL Background Thread 3 ] DEBUG Engine               - class com.almasb.fxgl.app.services.FXGLDialogService
14:54:11.305 [FXGL Background Thread 3 ] DEBUG Engine               - class com.almasb.fxgl.app.services.IOTaskExecutorService
14:54:11.305 [FXGL Background Thread 3 ] DEBUG Engine               - class com.almasb.fxgl.event.EventBusService
14:54:11.305 [FXGL Background Thread 3 ] DEBUG Engine               - class com.almasb.fxgl.io.FileSystemService
14:54:11.305 [FXGL Background Thread 3 ] DEBUG Engine               - class com.almasb.fxgl.localization.LocalizationService
14:54:11.306 [FXGL Background Thread 3 ] DEBUG Engine               - class com.almasb.fxgl.app.services.FXGLAssetLoaderService
14:54:11.306 [FXGL Background Thread 3 ] DEBUG Engine               - class com.almasb.fxgl.app.services.SystemBundleService
14:54:11.306 [FXGL Background Thread 3 ] DEBUG Engine               - class com.almasb.fxgl.profile.SaveLoadService
14:54:11.306 [FXGL Background Thread 3 ] DEBUG Engine               - class com.almasb.fxgl.ui.FXGLUIFactoryServiceProvider
14:54:11.306 [FXGL Background Thread 3 ] DEBUG Engine               - class com.almasb.fxgl.ui.FXGLDialogFactoryServiceProvider
14:54:11.306 [FXGL Background Thread 3 ] DEBUG Engine               - class com.almasb.fxgl.audio.AudioPlayer
14:54:11.306 [FXGL Background Thread 3 ] DEBUG Engine               - class com.almasb.fxgl.notification.impl.NotificationServiceProvider
14:54:11.306 [FXGL Background Thread 3 ] DEBUG Engine               - class com.almasb.fxgl.achievement.AchievementService
14:54:11.306 [FXGL Background Thread 3 ] DEBUG Engine               - class com.almasb.fxgl.cutscene.CutsceneService
14:54:11.307 [FXGL Background Thread 3 ] DEBUG Engine               - class com.almasb.fxgl.minigames.MiniGameService
14:54:11.307 [FXGL Background Thread 3 ] DEBUG Engine               - class com.almasb.fxgl.net.NetService
14:54:11.307 [FXGL Background Thread 3 ] DEBUG Engine               - class com.almasb.fxgl.app.services.UpdaterService
14:54:11.307 [FXGL Background Thread 3 ] DEBUG Engine               - class com.almasb.fxgl.dev.DevService
14:54:13.819 [JavaFX Application Thread] DEBUG GameApplicationServi - Starting new game
14:54:13.820 [JavaFX Application Thread] DEBUG MainWindow           - Pop state: MyMenu
14:54:13.820 [JavaFX Application Thread] DEBUG Input                - Clearing active input actions
14:54:13.821 [JavaFX Application Thread] DEBUG GameApplicationServi - Removing overlay from MyMenu and adding to FXGLMainMenuDummyScene
14:54:13.821 [JavaFX Application Thread] DEBUG MainWindow           - FXGLMainMenuDummyScene <- MyMenu
14:54:13.821 [JavaFX Application Thread] DEBUG Input                - Clearing active input actions
14:54:13.839 [JavaFX Application Thread] DEBUG GameApplicationServi - Removing overlay from FXGLMainMenuDummyScene and adding to FXGLLoadingScene
14:54:13.839 [JavaFX Application Thread] DEBUG MainWindow           - FXGLMainMenuDummyScene -> FXGLLoadingScene
14:54:13.840 [JavaFX Application Thread] DEBUG GameApplicationServi - Clearing previous game
14:54:13.840 [JavaFX Application Thread] DEBUG GameScene            - Clearing game scene
14:54:13.840 [JavaFX Application Thread] DEBUG GameWorld            - Clearing game world
14:54:13.841 [JavaFX Application Thread] DEBUG PhysicsWorld         - Clearing physics world
14:54:13.844 [FXGL Background Thread 4 ] DEBUG FXGLApplication      - Initializing game
14:54:13.880 [FXGL Background Thread 4 ] DEBUG FXGLAssetLoaderServi - Loading from file system: /assets/levels/map_level0.txt
14:54:13.904 [FXGL Background Thread 4 ] DEBUG FXGLAssetLoaderServi - Loading from file system: /assets/textures/murGauche.png
14:54:13.927 [FXGL Background Thread 4 ] DEBUG FXGLAssetLoaderServi - Loading from cache: /assets/textures/murGauche.png
14:54:13.929 [FXGL Background Thread 4 ] DEBUG FXGLAssetLoaderServi - Loading from cache: /assets/textures/murGauche.png
14:54:13.931 [FXGL Background Thread 4 ] DEBUG FXGLAssetLoaderServi - Loading from cache: /assets/textures/murGauche.png
14:54:13.932 [FXGL Background Thread 4 ] DEBUG FXGLAssetLoaderServi - Loading from cache: /assets/textures/murGauche.png
14:54:13.934 [FXGL Background Thread 4 ] DEBUG FXGLAssetLoaderServi - Loading from cache: /assets/textures/murGauche.png
14:54:13.935 [FXGL Background Thread 4 ] DEBUG FXGLAssetLoaderServi - Loading from cache: /assets/textures/murGauche.png
14:54:13.941 [FXGL Background Thread 4 ] DEBUG FXGLAssetLoaderServi - Loading from cache: /assets/textures/murGauche.png
14:54:13.944 [FXGL Background Thread 4 ] DEBUG FXGLAssetLoaderServi - Loading from cache: /assets/textures/murGauche.png
14:54:13.946 [FXGL Background Thread 4 ] DEBUG FXGLAssetLoaderServi - Loading from cache: /assets/textures/murGauche.png
14:54:13.948 [FXGL Background Thread 4 ] DEBUG FXGLAssetLoaderServi - Loading from cache: /assets/textures/murGauche.png
14:54:13.950 [FXGL Background Thread 4 ] DEBUG FXGLAssetLoaderServi - Loading from cache: /assets/textures/murGauche.png
14:54:13.952 [FXGL Background Thread 4 ] DEBUG FXGLAssetLoaderServi - Loading from cache: /assets/textures/murGauche.png
14:54:13.954 [FXGL Background Thread 4 ] DEBUG FXGLAssetLoaderServi - Loading from cache: /assets/textures/murGauche.png
14:54:13.955 [FXGL Background Thread 4 ] DEBUG FXGLAssetLoaderServi - Loading from cache: /assets/textures/murGauche.png
14:54:13.958 [FXGL Background Thread 4 ] DEBUG FXGLAssetLoaderServi - Loading from cache: /assets/textures/murGauche.png
14:54:13.959 [FXGL Background Thread 4 ] DEBUG FXGLAssetLoaderServi - Loading from cache: /assets/textures/murGauche.png
14:54:13.960 [FXGL Background Thread 4 ] DEBUG FXGLAssetLoaderServi - Loading from cache: /assets/textures/murGauche.png
14:54:13.963 [FXGL Background Thread 4 ] DEBUG FXGLAssetLoaderServi - Loading from cache: /assets/textures/murGauche.png
14:54:13.964 [FXGL Background Thread 4 ] DEBUG FXGLAssetLoaderServi - Loading from cache: /assets/textures/murGauche.png
14:54:13.965 [FXGL Background Thread 4 ] DEBUG FXGLAssetLoaderServi - Loading from cache: /assets/textures/murGauche.png
14:54:13.966 [FXGL Background Thread 4 ] DEBUG FXGLAssetLoaderServi - Loading from cache: /assets/textures/murGauche.png
14:54:13.967 [FXGL Background Thread 4 ] DEBUG FXGLAssetLoaderServi - Loading from file system: /assets/textures/sol.png
14:54:13.973 [FXGL Background Thread 4 ] DEBUG FXGLAssetLoaderServi - Loading from cache: /assets/textures/sol.png
14:54:13.974 [FXGL Background Thread 4 ] DEBUG FXGLAssetLoaderServi - Loading from cache: /assets/textures/sol.png
14:54:13.975 [FXGL Background Thread 4 ] DEBUG FXGLAssetLoaderServi - Loading from cache: /assets/textures/sol.png
14:54:13.977 [FXGL Background Thread 4 ] DEBUG FXGLAssetLoaderServi - Loading from cache: /assets/textures/sol.png
14:54:13.978 [FXGL Background Thread 4 ] DEBUG FXGLAssetLoaderServi - Loading from cache: /assets/textures/sol.png
14:54:13.978 [FXGL Background Thread 4 ] DEBUG FXGLAssetLoaderServi - Loading from cache: /assets/textures/sol.png
14:54:13.979 [FXGL Background Thread 4 ] DEBUG FXGLAssetLoaderServi - Loading from cache: /assets/textures/sol.png
14:54:13.980 [FXGL Background Thread 4 ] DEBUG FXGLAssetLoaderServi - Loading from cache: /assets/textures/sol.png
14:54:13.981 [FXGL Background Thread 4 ] DEBUG FXGLAssetLoaderServi - Loading from cache: /assets/textures/sol.png
14:54:13.983 [FXGL Background Thread 4 ] DEBUG FXGLAssetLoaderServi - Loading from cache: /assets/textures/sol.png
14:54:13.984 [FXGL Background Thread 4 ] DEBUG FXGLAssetLoaderServi - Loading from cache: /assets/textures/sol.png
14:54:13.986 [FXGL Background Thread 4 ] DEBUG FXGLAssetLoaderServi - Loading from cache: /assets/textures/sol.png
14:54:13.987 [FXGL Background Thread 4 ] DEBUG FXGLAssetLoaderServi - Loading from cache: /assets/textures/sol.png
14:54:13.989 [FXGL Background Thread 4 ] DEBUG FXGLAssetLoaderServi - Loading from cache: /assets/textures/sol.png
14:54:13.993 [FXGL Background Thread 4 ] DEBUG FXGLAssetLoaderServi - Loading from cache: /assets/textures/sol.png
14:54:13.995 [FXGL Background Thread 4 ] DEBUG FXGLAssetLoaderServi - Loading from cache: /assets/textures/sol.png
14:54:13.996 [FXGL Background Thread 4 ] DEBUG FXGLAssetLoaderServi - Loading from cache: /assets/textures/sol.png
14:54:13.997 [FXGL Background Thread 4 ] DEBUG FXGLAssetLoaderServi - Loading from cache: /assets/textures/sol.png
14:54:13.997 [FXGL Background Thread 4 ] DEBUG FXGLAssetLoaderServi - Loading from cache: /assets/textures/murGauche.png
14:54:13.998 [FXGL Background Thread 4 ] DEBUG FXGLAssetLoaderServi - Loading from cache: /assets/textures/murGauche.png
14:54:13.998 [FXGL Background Thread 4 ] DEBUG FXGLAssetLoaderServi - Loading from cache: /assets/textures/sol.png
14:54:13.999 [FXGL Background Thread 4 ] DEBUG FXGLAssetLoaderServi - Loading from cache: /assets/textures/murGauche.png
14:54:13.999 [FXGL Background Thread 4 ] DEBUG FXGLAssetLoaderServi - Loading from cache: /assets/textures/murGauche.png
14:54:14.000 [FXGL Background Thread 4 ] DEBUG FXGLAssetLoaderServi - Loading from cache: /assets/textures/murGauche.png
14:54:14.000 [FXGL Background Thread 4 ] DEBUG FXGLAssetLoaderServi - Loading from cache: /assets/textures/murGauche.png
14:54:14.001 [FXGL Background Thread 4 ] DEBUG FXGLAssetLoaderServi - Loading from cache: /assets/textures/murGauche.png
14:54:14.001 [FXGL Background Thread 4 ] DEBUG FXGLAssetLoaderServi - Loading from cache: /assets/textures/murGauche.png
14:54:14.002 [FXGL Background Thread 4 ] DEBUG FXGLAssetLoaderServi - Loading from cache: /assets/textures/murGauche.png
14:54:14.002 [FXGL Background Thread 4 ] DEBUG FXGLAssetLoaderServi - Loading from cache: /assets/textures/murGauche.png
14:54:14.004 [FXGL Background Thread 4 ] DEBUG FXGLAssetLoaderServi - Loading from cache: /assets/textures/murGauche.png
14:54:14.006 [FXGL Background Thread 4 ] DEBUG FXGLAssetLoaderServi - Loading from cache: /assets/textures/murGauche.png
14:54:14.008 [FXGL Background Thread 4 ] DEBUG FXGLAssetLoaderServi - Loading from cache: /assets/textures/murGauche.png
14:54:14.010 [FXGL Background Thread 4 ] DEBUG FXGLAssetLoaderServi - Loading from cache: /assets/textures/murGauche.png
14:54:14.011 [FXGL Background Thread 4 ] DEBUG FXGLAssetLoaderServi - Loading from cache: /assets/textures/murGauche.png
14:54:14.011 [FXGL Background Thread 4 ] DEBUG FXGLAssetLoaderServi - Loading from cache: /assets/textures/murGauche.png
14:54:14.012 [FXGL Background Thread 4 ] DEBUG FXGLAssetLoaderServi - Loading from cache: /assets/textures/murGauche.png
14:54:14.012 [FXGL Background Thread 4 ] DEBUG FXGLAssetLoaderServi - Loading from cache: /assets/textures/murGauche.png
14:54:14.013 [FXGL Background Thread 4 ] DEBUG FXGLAssetLoaderServi - Loading from cache: /assets/textures/murGauche.png
14:54:14.013 [FXGL Background Thread 4 ] DEBUG FXGLAssetLoaderServi - Loading from cache: /assets/textures/sol.png
14:54:14.014 [FXGL Background Thread 4 ] DEBUG FXGLAssetLoaderServi - Loading from cache: /assets/textures/murGauche.png
14:54:14.014 [FXGL Background Thread 4 ] DEBUG FXGLAssetLoaderServi - Loading from cache: /assets/textures/murGauche.png
14:54:14.015 [FXGL Background Thread 4 ] DEBUG FXGLAssetLoaderServi - Loading from cache: /assets/textures/sol.png
14:54:14.015 [FXGL Background Thread 4 ] DEBUG FXGLAssetLoaderServi - Loading from cache: /assets/textures/murGauche.png
14:54:14.016 [FXGL Background Thread 4 ] DEBUG FXGLAssetLoaderServi - Loading from cache: /assets/textures/sol.png
14:54:14.016 [FXGL Background Thread 4 ] DEBUG FXGLAssetLoaderServi - Loading from cache: /assets/textures/sol.png
14:54:14.017 [FXGL Background Thread 4 ] DEBUG FXGLAssetLoaderServi - Loading from cache: /assets/textures/sol.png
14:54:14.017 [FXGL Background Thread 4 ] DEBUG FXGLAssetLoaderServi - Loading from cache: /assets/textures/sol.png
14:54:14.018 [FXGL Background Thread 4 ] DEBUG FXGLAssetLoaderServi - Loading from cache: /assets/textures/sol.png
14:54:14.019 [FXGL Background Thread 4 ] DEBUG FXGLAssetLoaderServi - Loading from cache: /assets/textures/sol.png
14:54:14.019 [FXGL Background Thread 4 ] DEBUG FXGLAssetLoaderServi - Loading from cache: /assets/textures/sol.png
14:54:14.020 [FXGL Background Thread 4 ] DEBUG FXGLAssetLoaderServi - Loading from cache: /assets/textures/sol.png
14:54:14.021 [FXGL Background Thread 4 ] DEBUG FXGLAssetLoaderServi - Loading from cache: /assets/textures/sol.png
14:54:14.024 [FXGL Background Thread 4 ] DEBUG FXGLAssetLoaderServi - Loading from cache: /assets/textures/sol.png
14:54:14.026 [FXGL Background Thread 4 ] DEBUG FXGLAssetLoaderServi - Loading from cache: /assets/textures/sol.png
14:54:14.027 [FXGL Background Thread 4 ] DEBUG FXGLAssetLoaderServi - Loading from cache: /assets/textures/sol.png
14:54:14.028 [FXGL Background Thread 4 ] DEBUG FXGLAssetLoaderServi - Loading from cache: /assets/textures/sol.png
14:54:14.028 [FXGL Background Thread 4 ] DEBUG FXGLAssetLoaderServi - Loading from cache: /assets/textures/sol.png
14:54:14.029 [FXGL Background Thread 4 ] DEBUG FXGLAssetLoaderServi - Loading from cache: /assets/textures/sol.png
14:54:14.029 [FXGL Background Thread 4 ] DEBUG FXGLAssetLoaderServi - Loading from cache: /assets/textures/murGauche.png
14:54:14.030 [FXGL Background Thread 4 ] DEBUG FXGLAssetLoaderServi - Loading from cache: /assets/textures/sol.png
14:54:14.030 [FXGL Background Thread 4 ] DEBUG FXGLAssetLoaderServi - Loading from cache: /assets/textures/murGauche.png
14:54:14.031 [FXGL Background Thread 4 ] DEBUG FXGLAssetLoaderServi - Loading from cache: /assets/textures/murGauche.png
14:54:14.031 [FXGL Background Thread 4 ] DEBUG FXGLAssetLoaderServi - Loading from cache: /assets/textures/sol.png
14:54:14.032 [FXGL Background Thread 4 ] DEBUG FXGLAssetLoaderServi - Loading from cache: /assets/textures/murGauche.png
14:54:14.032 [FXGL Background Thread 4 ] DEBUG FXGLAssetLoaderServi - Loading from cache: /assets/textures/sol.png
14:54:14.033 [FXGL Background Thread 4 ] DEBUG FXGLAssetLoaderServi - Loading from cache: /assets/textures/sol.png
14:54:14.033 [FXGL Background Thread 4 ] DEBUG FXGLAssetLoaderServi - Loading from cache: /assets/textures/sol.png
14:54:14.039 [FXGL Background Thread 4 ] DEBUG FXGLAssetLoaderServi - Loading from cache: /assets/textures/sol.png
14:54:14.041 [FXGL Background Thread 4 ] DEBUG FXGLAssetLoaderServi - Loading from cache: /assets/textures/sol.png
14:54:14.043 [FXGL Background Thread 4 ] DEBUG FXGLAssetLoaderServi - Loading from cache: /assets/textures/sol.png
14:54:14.044 [FXGL Background Thread 4 ] DEBUG FXGLAssetLoaderServi - Loading from cache: /assets/textures/murGauche.png
14:54:14.044 [FXGL Background Thread 4 ] DEBUG FXGLAssetLoaderServi - Loading from cache: /assets/textures/sol.png
14:54:14.045 [FXGL Background Thread 4 ] DEBUG FXGLAssetLoaderServi - Loading from cache: /assets/textures/murGauche.png
14:54:14.046 [FXGL Background Thread 4 ] DEBUG FXGLAssetLoaderServi - Loading from cache: /assets/textures/murGauche.png
14:54:14.046 [FXGL Background Thread 4 ] DEBUG FXGLAssetLoaderServi - Loading from cache: /assets/textures/sol.png
14:54:14.047 [FXGL Background Thread 4 ] DEBUG FXGLAssetLoaderServi - Loading from cache: /assets/textures/sol.png
14:54:14.047 [FXGL Background Thread 4 ] DEBUG FXGLAssetLoaderServi - Loading from cache: /assets/textures/sol.png
14:54:14.048 [FXGL Background Thread 4 ] DEBUG FXGLAssetLoaderServi - Loading from cache: /assets/textures/sol.png
14:54:14.048 [FXGL Background Thread 4 ] DEBUG FXGLAssetLoaderServi - Loading from cache: /assets/textures/sol.png
14:54:14.048 [FXGL Background Thread 4 ] DEBUG FXGLAssetLoaderServi - Loading from cache: /assets/textures/sol.png
14:54:14.049 [FXGL Background Thread 4 ] DEBUG FXGLAssetLoaderServi - Loading from cache: /assets/textures/sol.png
14:54:14.050 [FXGL Background Thread 4 ] DEBUG FXGLAssetLoaderServi - Loading from cache: /assets/textures/sol.png
14:54:14.050 [FXGL Background Thread 4 ] DEBUG FXGLAssetLoaderServi - Loading from cache: /assets/textures/sol.png
14:54:14.050 [FXGL Background Thread 4 ] DEBUG FXGLAssetLoaderServi - Loading from cache: /assets/textures/sol.png
14:54:14.051 [FXGL Background Thread 4 ] DEBUG FXGLAssetLoaderServi - Loading from cache: /assets/textures/sol.png
14:54:14.051 [FXGL Background Thread 4 ] DEBUG FXGLAssetLoaderServi - Loading from cache: /assets/textures/sol.png
14:54:14.052 [FXGL Background Thread 4 ] DEBUG FXGLAssetLoaderServi - Loading from cache: /assets/textures/sol.png
14:54:14.052 [FXGL Background Thread 4 ] DEBUG FXGLAssetLoaderServi - Loading from cache: /assets/textures/sol.png
14:54:14.052 [FXGL Background Thread 4 ] DEBUG FXGLAssetLoaderServi - Loading from cache: /assets/textures/sol.png
14:54:14.054 [FXGL Background Thread 4 ] DEBUG FXGLAssetLoaderServi - Loading from cache: /assets/textures/sol.png
14:54:14.055 [FXGL Background Thread 4 ] DEBUG FXGLAssetLoaderServi - Loading from cache: /assets/textures/sol.png
14:54:14.057 [FXGL Background Thread 4 ] DEBUG FXGLAssetLoaderServi - Loading from cache: /assets/textures/murGauche.png
14:54:14.058 [FXGL Background Thread 4 ] DEBUG FXGLAssetLoaderServi - Loading from cache: /assets/textures/sol.png
14:54:14.060 [FXGL Background Thread 4 ] DEBUG FXGLAssetLoaderServi - Loading from file system: /assets/textures/TP.png
14:54:14.078 [FXGL Background Thread 4 ] DEBUG FXGLAssetLoaderServi - Loading from cache: /assets/textures/murGauche.png
14:54:14.079 [FXGL Background Thread 4 ] DEBUG FXGLAssetLoaderServi - Loading from cache: /assets/textures/murGauche.png
14:54:14.080 [FXGL Background Thread 4 ] DEBUG FXGLAssetLoaderServi - Loading from cache: /assets/textures/murGauche.png
14:54:14.080 [FXGL Background Thread 4 ] DEBUG FXGLAssetLoaderServi - Loading from cache: /assets/textures/sol.png
14:54:14.081 [FXGL Background Thread 4 ] DEBUG FXGLAssetLoaderServi - Loading from cache: /assets/textures/sol.png
14:54:14.082 [FXGL Background Thread 4 ] DEBUG FXGLAssetLoaderServi - Loading from cache: /assets/textures/sol.png
14:54:14.082 [FXGL Background Thread 4 ] DEBUG FXGLAssetLoaderServi - Loading from cache: /assets/textures/sol.png
14:54:14.083 [FXGL Background Thread 4 ] DEBUG FXGLAssetLoaderServi - Loading from cache: /assets/textures/sol.png
14:54:14.084 [FXGL Background Thread 4 ] DEBUG FXGLAssetLoaderServi - Loading from cache: /assets/textures/sol.png
14:54:14.085 [FXGL Background Thread 4 ] DEBUG FXGLAssetLoaderServi - Loading from cache: /assets/textures/sol.png
14:54:14.086 [FXGL Background Thread 4 ] DEBUG FXGLAssetLoaderServi - Loading from cache: /assets/textures/sol.png
14:54:14.087 [FXGL Background Thread 4 ] DEBUG FXGLAssetLoaderServi - Loading from cache: /assets/textures/sol.png
14:54:14.090 [FXGL Background Thread 4 ] DEBUG FXGLAssetLoaderServi - Loading from cache: /assets/textures/sol.png
14:54:14.093 [FXGL Background Thread 4 ] DEBUG FXGLAssetLoaderServi - Loading from cache: /assets/textures/sol.png
14:54:14.095 [FXGL Background Thread 4 ] DEBUG FXGLAssetLoaderServi - Loading from cache: /assets/textures/sol.png
14:54:14.095 [FXGL Background Thread 4 ] DEBUG FXGLAssetLoaderServi - Loading from cache: /assets/textures/sol.png
14:54:14.096 [FXGL Background Thread 4 ] DEBUG FXGLAssetLoaderServi - Loading from cache: /assets/textures/sol.png
14:54:14.097 [FXGL Background Thread 4 ] DEBUG FXGLAssetLoaderServi - Loading from cache: /assets/textures/sol.png
14:54:14.097 [FXGL Background Thread 4 ] DEBUG FXGLAssetLoaderServi - Loading from cache: /assets/textures/murGauche.png
14:54:14.098 [FXGL Background Thread 4 ] DEBUG FXGLAssetLoaderServi - Loading from cache: /assets/textures/murGauche.png
14:54:14.099 [FXGL Background Thread 4 ] DEBUG FXGLAssetLoaderServi - Loading from cache: /assets/textures/murGauche.png
14:54:14.099 [FXGL Background Thread 4 ] DEBUG FXGLAssetLoaderServi - Loading from cache: /assets/textures/murGauche.png
14:54:14.100 [FXGL Background Thread 4 ] DEBUG FXGLAssetLoaderServi - Loading from cache: /assets/textures/murGauche.png
14:54:14.100 [FXGL Background Thread 4 ] DEBUG FXGLAssetLoaderServi - Loading from cache: /assets/textures/murGauche.png
14:54:14.101 [FXGL Background Thread 4 ] DEBUG FXGLAssetLoaderServi - Loading from cache: /assets/textures/sol.png
14:54:14.111 [FXGL Background Thread 4 ] DEBUG FXGLAssetLoaderServi - Loading from cache: /assets/textures/sol.png
14:54:14.112 [FXGL Background Thread 4 ] DEBUG FXGLAssetLoaderServi - Loading from cache: /assets/textures/sol.png
14:54:14.113 [FXGL Background Thread 4 ] DEBUG FXGLAssetLoaderServi - Loading from cache: /assets/textures/sol.png
14:54:14.113 [FXGL Background Thread 4 ] DEBUG FXGLAssetLoaderServi - Loading from cache: /assets/textures/sol.png
14:54:14.114 [FXGL Background Thread 4 ] DEBUG FXGLAssetLoaderServi - Loading from cache: /assets/textures/sol.png
14:54:14.114 [FXGL Background Thread 4 ] DEBUG FXGLAssetLoaderServi - Loading from cache: /assets/textures/sol.png
14:54:14.115 [FXGL Background Thread 4 ] DEBUG FXGLAssetLoaderServi - Loading from file system: /assets/textures/renard.png
14:54:14.134 [FXGL Background Thread 4 ] DEBUG FXGLAssetLoaderServi - Loading from cache: /assets/textures/sol.png
14:54:14.135 [FXGL Background Thread 4 ] DEBUG FXGLAssetLoaderServi - Loading from cache: /assets/textures/sol.png
14:54:14.135 [FXGL Background Thread 4 ] DEBUG FXGLAssetLoaderServi - Loading from cache: /assets/textures/sol.png
14:54:14.135 [FXGL Background Thread 4 ] DEBUG FXGLAssetLoaderServi - Loading from cache: /assets/textures/sol.png
14:54:14.136 [FXGL Background Thread 4 ] DEBUG FXGLAssetLoaderServi - Loading from cache: /assets/textures/sol.png
14:54:14.136 [FXGL Background Thread 4 ] DEBUG FXGLAssetLoaderServi - Loading from cache: /assets/textures/sol.png
14:54:14.137 [FXGL Background Thread 4 ] DEBUG FXGLAssetLoaderServi - Loading from cache: /assets/textures/sol.png
14:54:14.138 [FXGL Background Thread 4 ] DEBUG FXGLAssetLoaderServi - Loading from cache: /assets/textures/murGauche.png
14:54:14.140 [FXGL Background Thread 4 ] DEBUG FXGLAssetLoaderServi - Loading from cache: /assets/textures/murGauche.png
14:54:14.141 [FXGL Background Thread 4 ] DEBUG FXGLAssetLoaderServi - Loading from cache: /assets/textures/murGauche.png
14:54:14.142 [FXGL Background Thread 4 ] DEBUG FXGLAssetLoaderServi - Loading from cache: /assets/textures/murGauche.png
14:54:14.144 [FXGL Background Thread 4 ] DEBUG FXGLAssetLoaderServi - Loading from cache: /assets/textures/murGauche.png
14:54:14.144 [FXGL Background Thread 4 ] DEBUG FXGLAssetLoaderServi - Loading from cache: /assets/textures/murGauche.png
14:54:14.144 [FXGL Background Thread 4 ] DEBUG FXGLAssetLoaderServi - Loading from cache: /assets/textures/murGauche.png
14:54:14.144 [FXGL Background Thread 4 ] DEBUG FXGLAssetLoaderServi - Loading from cache: /assets/textures/murGauche.png
14:54:14.145 [FXGL Background Thread 4 ] DEBUG FXGLAssetLoaderServi - Loading from cache: /assets/textures/murGauche.png
14:54:14.146 [FXGL Background Thread 4 ] DEBUG FXGLAssetLoaderServi - Loading from cache: /assets/textures/murGauche.png
14:54:14.146 [FXGL Background Thread 4 ] DEBUG FXGLAssetLoaderServi - Loading from cache: /assets/textures/murGauche.png
14:54:14.146 [FXGL Background Thread 4 ] DEBUG FXGLAssetLoaderServi - Loading from cache: /assets/textures/murGauche.png
14:54:14.147 [FXGL Background Thread 4 ] DEBUG FXGLAssetLoaderServi - Loading from cache: /assets/textures/murGauche.png
14:54:14.147 [FXGL Background Thread 4 ] DEBUG FXGLAssetLoaderServi - Loading from cache: /assets/textures/sol.png
14:54:14.148 [FXGL Background Thread 4 ] DEBUG FXGLAssetLoaderServi - Loading from cache: /assets/textures/murGauche.png
14:54:14.148 [FXGL Background Thread 4 ] DEBUG FXGLAssetLoaderServi - Loading from cache: /assets/textures/murGauche.png
14:54:14.148 [FXGL Background Thread 4 ] DEBUG FXGLAssetLoaderServi - Loading from cache: /assets/textures/murGauche.png
14:54:14.148 [FXGL Background Thread 4 ] DEBUG FXGLAssetLoaderServi - Loading from cache: /assets/textures/murGauche.png
14:54:14.149 [FXGL Background Thread 4 ] DEBUG FXGLAssetLoaderServi - Loading from cache: /assets/textures/murGauche.png
14:54:14.149 [FXGL Background Thread 4 ] DEBUG FXGLAssetLoaderServi - Loading from cache: /assets/textures/murGauche.png
14:54:14.149 [FXGL Background Thread 4 ] DEBUG FXGLAssetLoaderServi - Loading from cache: /assets/textures/murGauche.png
14:54:14.150 [FXGL Background Thread 4 ] DEBUG FXGLAssetLoaderServi - Loading from cache: /assets/textures/murGauche.png
14:54:14.151 [FXGL Background Thread 4 ] DEBUG FXGLAssetLoaderServi - Loading from cache: /assets/textures/murGauche.png
14:54:14.151 [FXGL Background Thread 4 ] DEBUG FXGLAssetLoaderServi - Loading from cache: /assets/textures/murGauche.png
14:54:14.151 [FXGL Background Thread 4 ] DEBUG FXGLAssetLoaderServi - Loading from cache: /assets/textures/murGauche.png
14:54:14.151 [FXGL Background Thread 4 ] DEBUG FXGLAssetLoaderServi - Loading from cache: /assets/textures/sol.png
14:54:14.151 [FXGL Background Thread 4 ] DEBUG FXGLAssetLoaderServi - Loading from cache: /assets/textures/sol.png
14:54:14.153 [FXGL Background Thread 4 ] DEBUG FXGLAssetLoaderServi - Loading from cache: /assets/textures/sol.png
14:54:14.154 [FXGL Background Thread 4 ] DEBUG FXGLAssetLoaderServi - Loading from cache: /assets/textures/sol.png
14:54:14.155 [FXGL Background Thread 4 ] DEBUG FXGLAssetLoaderServi - Loading from cache: /assets/textures/sol.png
14:54:14.156 [FXGL Background Thread 4 ] DEBUG FXGLAssetLoaderServi - Loading from cache: /assets/textures/sol.png
14:54:14.157 [FXGL Background Thread 4 ] DEBUG FXGLAssetLoaderServi - Loading from cache: /assets/textures/murGauche.png
14:54:14.158 [FXGL Background Thread 4 ] DEBUG FXGLAssetLoaderServi - Loading from cache: /assets/textures/murGauche.png
14:54:14.160 [FXGL Background Thread 4 ] DEBUG FXGLAssetLoaderServi - Loading from cache: /assets/textures/sol.png
14:54:14.160 [FXGL Background Thread 4 ] DEBUG FXGLAssetLoaderServi - Loading from cache: /assets/textures/sol.png
14:54:14.161 [FXGL Background Thread 4 ] DEBUG FXGLAssetLoaderServi - Loading from cache: /assets/textures/sol.png
14:54:14.161 [FXGL Background Thread 4 ] DEBUG FXGLAssetLoaderServi - Loading from cache: /assets/textures/murGauche.png
14:54:14.161 [FXGL Background Thread 4 ] DEBUG FXGLAssetLoaderServi - Loading from cache: /assets/textures/murGauche.png
14:54:14.163 [FXGL Background Thread 4 ] DEBUG FXGLAssetLoaderServi - Loading from cache: /assets/textures/sol.png
14:54:14.163 [FXGL Background Thread 4 ] DEBUG FXGLAssetLoaderServi - Loading from cache: /assets/textures/sol.png
14:54:14.163 [FXGL Background Thread 4 ] DEBUG FXGLAssetLoaderServi - Loading from cache: /assets/textures/sol.png
14:54:14.164 [FXGL Background Thread 4 ] DEBUG FXGLAssetLoaderServi - Loading from cache: /assets/textures/sol.png
14:54:14.164 [FXGL Background Thread 4 ] DEBUG FXGLAssetLoaderServi - Loading from cache: /assets/textures/sol.png
14:54:14.164 [FXGL Background Thread 4 ] DEBUG FXGLAssetLoaderServi - Loading from cache: /assets/textures/murGauche.png
14:54:14.164 [FXGL Background Thread 4 ] DEBUG FXGLAssetLoaderServi - Loading from cache: /assets/textures/murGauche.png
14:54:14.165 [FXGL Background Thread 4 ] DEBUG FXGLAssetLoaderServi - Loading from cache: /assets/textures/murGauche.png
14:54:14.165 [FXGL Background Thread 4 ] DEBUG FXGLAssetLoaderServi - Loading from cache: /assets/textures/sol.png
14:54:14.165 [FXGL Background Thread 4 ] DEBUG FXGLAssetLoaderServi - Loading from cache: /assets/textures/sol.png
14:54:14.165 [FXGL Background Thread 4 ] DEBUG FXGLAssetLoaderServi - Loading from cache: /assets/textures/sol.png
14:54:14.165 [FXGL Background Thread 4 ] DEBUG FXGLAssetLoaderServi - Loading from cache: /assets/textures/sol.png
14:54:14.166 [FXGL Background Thread 4 ] DEBUG FXGLAssetLoaderServi - Loading from cache: /assets/textures/sol.png
14:54:14.166 [FXGL Background Thread 4 ] DEBUG FXGLAssetLoaderServi - Loading from cache: /assets/textures/sol.png
14:54:14.167 [FXGL Background Thread 4 ] DEBUG FXGLAssetLoaderServi - Loading from cache: /assets/textures/sol.png
14:54:14.168 [FXGL Background Thread 4 ] DEBUG FXGLAssetLoaderServi - Loading from cache: /assets/textures/sol.png
14:54:14.168 [FXGL Background Thread 4 ] DEBUG FXGLAssetLoaderServi - Loading from cache: /assets/textures/sol.png
14:54:14.168 [FXGL Background Thread 4 ] DEBUG FXGLAssetLoaderServi - Loading from cache: /assets/textures/sol.png
14:54:14.168 [FXGL Background Thread 4 ] DEBUG FXGLAssetLoaderServi - Loading from cache: /assets/textures/sol.png
14:54:14.170 [FXGL Background Thread 4 ] DEBUG FXGLAssetLoaderServi - Loading from cache: /assets/textures/sol.png
14:54:14.170 [FXGL Background Thread 4 ] DEBUG FXGLAssetLoaderServi - Loading from cache: /assets/textures/sol.png
14:54:14.173 [FXGL Background Thread 4 ] DEBUG FXGLAssetLoaderServi - Loading from cache: /assets/textures/sol.png
14:54:14.174 [FXGL Background Thread 4 ] DEBUG FXGLAssetLoaderServi - Loading from cache: /assets/textures/sol.png
14:54:14.176 [FXGL Background Thread 4 ] DEBUG FXGLAssetLoaderServi - Loading from cache: /assets/textures/murGauche.png
14:54:14.177 [FXGL Background Thread 4 ] DEBUG FXGLAssetLoaderServi - Loading from cache: /assets/textures/sol.png
14:54:14.177 [FXGL Background Thread 4 ] DEBUG FXGLAssetLoaderServi - Loading from cache: /assets/textures/sol.png
14:54:14.178 [FXGL Background Thread 4 ] DEBUG FXGLAssetLoaderServi - Loading from cache: /assets/textures/sol.png
14:54:14.178 [FXGL Background Thread 4 ] DEBUG FXGLAssetLoaderServi - Loading from cache: /assets/textures/murGauche.png
14:54:14.179 [FXGL Background Thread 4 ] DEBUG FXGLAssetLoaderServi - Loading from cache: /assets/textures/murGauche.png
14:54:14.179 [FXGL Background Thread 4 ] DEBUG FXGLAssetLoaderServi - Loading from cache: /assets/textures/sol.png
14:54:14.179 [FXGL Background Thread 4 ] DEBUG FXGLAssetLoaderServi - Loading from cache: /assets/textures/sol.png
14:54:14.180 [FXGL Background Thread 4 ] DEBUG FXGLAssetLoaderServi - Loading from cache: /assets/textures/sol.png
14:54:14.180 [FXGL Background Thread 4 ] DEBUG FXGLAssetLoaderServi - Loading from cache: /assets/textures/sol.png
14:54:14.180 [FXGL Background Thread 4 ] DEBUG FXGLAssetLoaderServi - Loading from cache: /assets/textures/sol.png
14:54:14.181 [FXGL Background Thread 4 ] DEBUG FXGLAssetLoaderServi - Loading from cache: /assets/textures/sol.png
14:54:14.181 [FXGL Background Thread 4 ] DEBUG FXGLAssetLoaderServi - Loading from cache: /assets/textures/sol.png
14:54:14.181 [FXGL Background Thread 4 ] DEBUG FXGLAssetLoaderServi - Loading from cache: /assets/textures/sol.png
14:54:14.182 [FXGL Background Thread 4 ] DEBUG FXGLAssetLoaderServi - Loading from cache: /assets/textures/sol.png
14:54:14.182 [FXGL Background Thread 4 ] DEBUG FXGLAssetLoaderServi - Loading from cache: /assets/textures/sol.png
14:54:14.182 [FXGL Background Thread 4 ] DEBUG FXGLAssetLoaderServi - Loading from cache: /assets/textures/sol.png
14:54:14.182 [FXGL Background Thread 4 ] DEBUG FXGLAssetLoaderServi - Loading from cache: /assets/textures/sol.png
14:54:14.183 [FXGL Background Thread 4 ] DEBUG FXGLAssetLoaderServi - Loading from cache: /assets/textures/sol.png
14:54:14.183 [FXGL Background Thread 4 ] DEBUG FXGLAssetLoaderServi - Loading from cache: /assets/textures/sol.png
14:54:14.183 [FXGL Background Thread 4 ] DEBUG FXGLAssetLoaderServi - Loading from cache: /assets/textures/sol.png
14:54:14.184 [FXGL Background Thread 4 ] DEBUG FXGLAssetLoaderServi - Loading from cache: /assets/textures/sol.png
14:54:14.184 [FXGL Background Thread 4 ] DEBUG FXGLAssetLoaderServi - Loading from cache: /assets/textures/sol.png
14:54:14.184 [FXGL Background Thread 4 ] DEBUG FXGLAssetLoaderServi - Loading from cache: /assets/textures/sol.png
14:54:14.185 [FXGL Background Thread 4 ] DEBUG FXGLAssetLoaderServi - Loading from cache: /assets/textures/sol.png
14:54:14.185 [FXGL Background Thread 4 ] DEBUG FXGLAssetLoaderServi - Loading from cache: /assets/textures/murGauche.png
14:54:14.186 [FXGL Background Thread 4 ] DEBUG FXGLAssetLoaderServi - Loading from cache: /assets/textures/murGauche.png
14:54:14.186 [FXGL Background Thread 4 ] DEBUG FXGLAssetLoaderServi - Loading from cache: /assets/textures/sol.png
14:54:14.187 [FXGL Background Thread 4 ] DEBUG FXGLAssetLoaderServi - Loading from cache: /assets/textures/sol.png
14:54:14.189 [FXGL Background Thread 4 ] DEBUG FXGLAssetLoaderServi - Loading from cache: /assets/textures/sol.png
14:54:14.190 [FXGL Background Thread 4 ] DEBUG FXGLAssetLoaderServi - Loading from cache: /assets/textures/sol.png
14:54:14.191 [FXGL Background Thread 4 ] DEBUG FXGLAssetLoaderServi - Loading from cache: /assets/textures/sol.png
14:54:14.193 [FXGL Background Thread 4 ] DEBUG FXGLAssetLoaderServi - Loading from cache: /assets/textures/sol.png
14:54:14.193 [FXGL Background Thread 4 ] DEBUG FXGLAssetLoaderServi - Loading from cache: /assets/textures/sol.png
14:54:14.194 [FXGL Background Thread 4 ] DEBUG FXGLAssetLoaderServi - Loading from cache: /assets/textures/sol.png
14:54:14.195 [FXGL Background Thread 4 ] DEBUG FXGLAssetLoaderServi - Loading from cache: /assets/textures/renard.png
14:54:14.195 [FXGL Background Thread 4 ] DEBUG FXGLAssetLoaderServi - Loading from cache: /assets/textures/renard.png
14:54:14.196 [FXGL Background Thread 4 ] DEBUG FXGLAssetLoaderServi - Loading from cache: /assets/textures/renard.png
14:54:14.197 [FXGL Background Thread 4 ] DEBUG FXGLAssetLoaderServi - Loading from cache: /assets/textures/renard.png
14:54:14.197 [FXGL Background Thread 4 ] DEBUG FXGLAssetLoaderServi - Loading from cache: /assets/textures/renard.png
14:54:14.198 [FXGL Background Thread 4 ] DEBUG FXGLAssetLoaderServi - Loading from cache: /assets/textures/sol.png
14:54:14.198 [FXGL Background Thread 4 ] DEBUG FXGLAssetLoaderServi - Loading from cache: /assets/textures/sol.png
14:54:14.198 [FXGL Background Thread 4 ] DEBUG FXGLAssetLoaderServi - Loading from cache: /assets/textures/murGauche.png
14:54:14.199 [FXGL Background Thread 4 ] DEBUG FXGLAssetLoaderServi - Loading from cache: /assets/textures/sol.png
14:54:14.199 [FXGL Background Thread 4 ] DEBUG FXGLAssetLoaderServi - Loading from cache: /assets/textures/sol.png
14:54:14.199 [FXGL Background Thread 4 ] DEBUG FXGLAssetLoaderServi - Loading from cache: /assets/textures/sol.png
14:54:14.200 [FXGL Background Thread 4 ] DEBUG FXGLAssetLoaderServi - Loading from cache: /assets/textures/murGauche.png
14:54:14.200 [FXGL Background Thread 4 ] DEBUG FXGLAssetLoaderServi - Loading from cache: /assets/textures/murGauche.png
14:54:14.200 [FXGL Background Thread 4 ] DEBUG FXGLAssetLoaderServi - Loading from cache: /assets/textures/sol.png
14:54:14.201 [FXGL Background Thread 4 ] DEBUG FXGLAssetLoaderServi - Loading from cache: /assets/textures/sol.png
14:54:14.201 [FXGL Background Thread 4 ] DEBUG FXGLAssetLoaderServi - Loading from cache: /assets/textures/sol.png
14:54:14.201 [FXGL Background Thread 4 ] DEBUG FXGLAssetLoaderServi - Loading from cache: /assets/textures/sol.png
14:54:14.202 [FXGL Background Thread 4 ] DEBUG FXGLAssetLoaderServi - Loading from cache: /assets/textures/sol.png
14:54:14.202 [FXGL Background Thread 4 ] DEBUG FXGLAssetLoaderServi - Loading from cache: /assets/textures/sol.png
14:54:14.203 [FXGL Background Thread 4 ] DEBUG FXGLAssetLoaderServi - Loading from cache: /assets/textures/sol.png
14:54:14.204 [FXGL Background Thread 4 ] DEBUG FXGLAssetLoaderServi - Loading from cache: /assets/textures/sol.png
14:54:14.204 [FXGL Background Thread 4 ] DEBUG FXGLAssetLoaderServi - Loading from file system: /assets/textures/lezard.png
14:54:14.211 [FXGL Background Thread 4 ] DEBUG FXGLAssetLoaderServi - Loading from cache: /assets/textures/sol.png
14:54:14.212 [FXGL Background Thread 4 ] DEBUG FXGLAssetLoaderServi - Loading from cache: /assets/textures/sol.png
14:54:14.212 [FXGL Background Thread 4 ] DEBUG FXGLAssetLoaderServi - Loading from cache: /assets/textures/sol.png
14:54:14.213 [FXGL Background Thread 4 ] DEBUG FXGLAssetLoaderServi - Loading from cache: /assets/textures/lezard.png
14:54:14.214 [FXGL Background Thread 4 ] DEBUG FXGLAssetLoaderServi - Loading from cache: /assets/textures/sol.png
14:54:14.214 [FXGL Background Thread 4 ] DEBUG FXGLAssetLoaderServi - Loading from cache: /assets/textures/sol.png
14:54:14.214 [FXGL Background Thread 4 ] DEBUG FXGLAssetLoaderServi - Loading from cache: /assets/textures/sol.png
14:54:14.215 [FXGL Background Thread 4 ] DEBUG FXGLAssetLoaderServi - Loading from cache: /assets/textures/sol.png
14:54:14.215 [FXGL Background Thread 4 ] DEBUG FXGLAssetLoaderServi - Loading from cache: /assets/textures/sol.png
14:54:14.215 [FXGL Background Thread 4 ] DEBUG FXGLAssetLoaderServi - Loading from cache: /assets/textures/sol.png
14:54:14.216 [FXGL Background Thread 4 ] DEBUG FXGLAssetLoaderServi - Loading from cache: /assets/textures/murGauche.png
14:54:14.216 [FXGL Background Thread 4 ] DEBUG FXGLAssetLoaderServi - Loading from cache: /assets/textures/murGauche.png
14:54:14.217 [FXGL Background Thread 4 ] DEBUG FXGLAssetLoaderServi - Loading from cache: /assets/textures/murGauche.png
14:54:14.217 [FXGL Background Thread 4 ] DEBUG FXGLAssetLoaderServi - Loading from cache: /assets/textures/murGauche.png
14:54:14.218 [FXGL Background Thread 4 ] DEBUG FXGLAssetLoaderServi - Loading from cache: /assets/textures/sol.png
14:54:14.218 [FXGL Background Thread 4 ] DEBUG FXGLAssetLoaderServi - Loading from cache: /assets/textures/murGauche.png
14:54:14.219 [FXGL Background Thread 4 ] DEBUG FXGLAssetLoaderServi - Loading from cache: /assets/textures/murGauche.png
14:54:14.219 [FXGL Background Thread 4 ] DEBUG FXGLAssetLoaderServi - Loading from cache: /assets/textures/murGauche.png
14:54:14.220 [FXGL Background Thread 4 ] DEBUG FXGLAssetLoaderServi - Loading from cache: /assets/textures/murGauche.png
14:54:14.221 [FXGL Background Thread 4 ] DEBUG FXGLAssetLoaderServi - Loading from cache: /assets/textures/murGauche.png
14:54:14.223 [FXGL Background Thread 4 ] DEBUG FXGLAssetLoaderServi - Loading from cache: /assets/textures/murGauche.png
14:54:14.224 [FXGL Background Thread 4 ] DEBUG FXGLAssetLoaderServi - Loading from cache: /assets/textures/murGauche.png
14:54:14.226 [FXGL Background Thread 4 ] DEBUG FXGLAssetLoaderServi - Loading from cache: /assets/textures/murGauche.png
14:54:14.227 [FXGL Background Thread 4 ] DEBUG FXGLAssetLoaderServi - Loading from cache: /assets/textures/murGauche.png
14:54:14.228 [FXGL Background Thread 4 ] DEBUG FXGLAssetLoaderServi - Loading from cache: /assets/textures/murGauche.png
14:54:14.228 [FXGL Background Thread 4 ] DEBUG FXGLAssetLoaderServi - Loading from cache: /assets/textures/murGauche.png
14:54:14.229 [FXGL Background Thread 4 ] DEBUG FXGLAssetLoaderServi - Loading from cache: /assets/textures/murGauche.png
14:54:14.229 [FXGL Background Thread 4 ] DEBUG FXGLAssetLoaderServi - Loading from cache: /assets/textures/murGauche.png
14:54:14.230 [FXGL Background Thread 4 ] DEBUG FXGLAssetLoaderServi - Loading from cache: /assets/textures/murGauche.png
14:54:14.230 [FXGL Background Thread 4 ] DEBUG FXGLAssetLoaderServi - Loading from cache: /assets/textures/murGauche.png
14:54:14.231 [FXGL Background Thread 4 ] DEBUG FXGLAssetLoaderServi - Loading from cache: /assets/textures/murGauche.png
14:54:14.231 [FXGL Background Thread 4 ] DEBUG FXGLAssetLoaderServi - Loading from cache: /assets/textures/murGauche.png
14:54:14.231 [FXGL Background Thread 4 ] DEBUG FXGLAssetLoaderServi - Loading from cache: /assets/textures/murGauche.png
14:54:14.243 [FXGL Background Thread 4 ] DEBUG FXGLAssetLoaderServi - Loading from cache: /assets/textures/sol.png
14:54:14.244 [FXGL Background Thread 4 ] DEBUG FXGLAssetLoaderServi - Loading from cache: /assets/textures/sol.png
14:54:14.245 [FXGL Background Thread 4 ] DEBUG FXGLAssetLoaderServi - Loading from cache: /assets/textures/sol.png
14:54:14.246 [FXGL Background Thread 4 ] DEBUG FXGLAssetLoaderServi - Loading from cache: /assets/textures/sol.png
14:54:14.246 [FXGL Background Thread 4 ] DEBUG FXGLAssetLoaderServi - Loading from cache: /assets/textures/sol.png
14:54:14.247 [FXGL Background Thread 4 ] DEBUG FXGLAssetLoaderServi - Loading from cache: /assets/textures/sol.png
14:54:14.247 [FXGL Background Thread 4 ] DEBUG FXGLAssetLoaderServi - Loading from cache: /assets/textures/sol.png
14:54:14.247 [FXGL Background Thread 4 ] DEBUG FXGLAssetLoaderServi - Loading from cache: /assets/textures/sol.png
14:54:14.248 [FXGL Background Thread 4 ] DEBUG FXGLAssetLoaderServi - Loading from cache: /assets/textures/murGauche.png
14:54:14.248 [FXGL Background Thread 4 ] DEBUG FXGLAssetLoaderServi - Loading from cache: /assets/textures/sol.png
14:54:14.249 [FXGL Background Thread 4 ] DEBUG FXGLAssetLoaderServi - Loading from cache: /assets/textures/murGauche.png
14:54:14.249 [FXGL Background Thread 4 ] DEBUG FXGLAssetLoaderServi - Loading from cache: /assets/textures/sol.png
14:54:14.249 [FXGL Background Thread 4 ] DEBUG FXGLAssetLoaderServi - Loading from cache: /assets/textures/sol.png
14:54:14.250 [FXGL Background Thread 4 ] DEBUG FXGLAssetLoaderServi - Loading from cache: /assets/textures/murGauche.png
14:54:14.250 [FXGL Background Thread 4 ] DEBUG FXGLAssetLoaderServi - Loading from cache: /assets/textures/sol.png
14:54:14.250 [FXGL Background Thread 4 ] DEBUG FXGLAssetLoaderServi - Loading from cache: /assets/textures/sol.png
14:54:14.251 [FXGL Background Thread 4 ] DEBUG FXGLAssetLoaderServi - Loading from cache: /assets/textures/sol.png
14:54:14.251 [FXGL Background Thread 4 ] DEBUG FXGLAssetLoaderServi - Loading from cache: /assets/textures/sol.png
14:54:14.252 [FXGL Background Thread 4 ] DEBUG FXGLAssetLoaderServi - Loading from cache: /assets/textures/sol.png
14:54:14.252 [FXGL Background Thread 4 ] DEBUG FXGLAssetLoaderServi - Loading from cache: /assets/textures/murGauche.png
14:54:14.253 [FXGL Background Thread 4 ] DEBUG FXGLAssetLoaderServi - Loading from cache: /assets/textures/murGauche.png
14:54:14.255 [FXGL Background Thread 4 ] DEBUG FXGLAssetLoaderServi - Loading from cache: /assets/textures/sol.png
14:54:14.257 [FXGL Background Thread 4 ] DEBUG FXGLAssetLoaderServi - Loading from cache: /assets/textures/sol.png
14:54:14.259 [FXGL Background Thread 4 ] DEBUG FXGLAssetLoaderServi - Loading from cache: /assets/textures/sol.png
14:54:14.260 [FXGL Background Thread 4 ] DEBUG FXGLAssetLoaderServi - Loading from cache: /assets/textures/sol.png
14:54:14.261 [FXGL Background Thread 4 ] DEBUG FXGLAssetLoaderServi - Loading from cache: /assets/textures/sol.png
14:54:14.262 [FXGL Background Thread 4 ] DEBUG FXGLAssetLoaderServi - Loading from cache: /assets/textures/sol.png
14:54:14.262 [FXGL Background Thread 4 ] DEBUG FXGLAssetLoaderServi - Loading from cache: /assets/textures/sol.png
14:54:14.263 [FXGL Background Thread 4 ] DEBUG FXGLAssetLoaderServi - Loading from cache: /assets/textures/sol.png
14:54:14.264 [FXGL Background Thread 4 ] DEBUG FXGLAssetLoaderServi - Loading from cache: /assets/textures/sol.png
14:54:14.264 [FXGL Background Thread 4 ] DEBUG FXGLAssetLoaderServi - Loading from cache: /assets/textures/sol.png
14:54:14.265 [FXGL Background Thread 4 ] DEBUG FXGLAssetLoaderServi - Loading from cache: /assets/textures/murGauche.png
14:54:14.265 [FXGL Background Thread 4 ] DEBUG FXGLAssetLoaderServi - Loading from cache: /assets/textures/sol.png
14:54:14.266 [FXGL Background Thread 4 ] DEBUG FXGLAssetLoaderServi - Loading from cache: /assets/textures/sol.png
14:54:14.266 [FXGL Background Thread 4 ] DEBUG FXGLAssetLoaderServi - Loading from cache: /assets/textures/sol.png
14:54:14.267 [FXGL Background Thread 4 ] DEBUG FXGLAssetLoaderServi - Loading from cache: /assets/textures/sol.png
14:54:14.267 [FXGL Background Thread 4 ] DEBUG FXGLAssetLoaderServi - Loading from cache: /assets/textures/sol.png
14:54:14.267 [FXGL Background Thread 4 ] DEBUG FXGLAssetLoaderServi - Loading from cache: /assets/textures/sol.png
14:54:14.268 [FXGL Background Thread 4 ] DEBUG FXGLAssetLoaderServi - Loading from cache: /assets/textures/sol.png
14:54:14.268 [FXGL Background Thread 4 ] DEBUG FXGLAssetLoaderServi - Loading from cache: /assets/textures/sol.png
14:54:14.269 [FXGL Background Thread 4 ] DEBUG FXGLAssetLoaderServi - Loading from cache: /assets/textures/murGauche.png
14:54:14.271 [FXGL Background Thread 4 ] DEBUG FXGLAssetLoaderServi - Loading from cache: /assets/textures/murGauche.png
14:54:14.274 [FXGL Background Thread 4 ] DEBUG FXGLAssetLoaderServi - Loading from cache: /assets/textures/sol.png
14:54:14.277 [FXGL Background Thread 4 ] DEBUG FXGLAssetLoaderServi - Loading from cache: /assets/textures/sol.png
14:54:14.278 [FXGL Background Thread 4 ] DEBUG FXGLAssetLoaderServi - Loading from cache: /assets/textures/sol.png
14:54:14.278 [FXGL Background Thread 4 ] DEBUG FXGLAssetLoaderServi - Loading from cache: /assets/textures/sol.png
14:54:14.279 [FXGL Background Thread 4 ] DEBUG FXGLAssetLoaderServi - Loading from cache: /assets/textures/sol.png
14:54:14.279 [FXGL Background Thread 4 ] DEBUG FXGLAssetLoaderServi - Loading from cache: /assets/textures/sol.png
14:54:14.279 [FXGL Background Thread 4 ] DEBUG FXGLAssetLoaderServi - Loading from cache: /assets/textures/sol.png
14:54:14.280 [FXGL Background Thread 4 ] DEBUG FXGLAssetLoaderServi - Loading from cache: /assets/textures/sol.png
14:54:14.280 [FXGL Background Thread 4 ] DEBUG FXGLAssetLoaderServi - Loading from cache: /assets/textures/murGauche.png
14:54:14.281 [FXGL Background Thread 4 ] DEBUG FXGLAssetLoaderServi - Loading from cache: /assets/textures/sol.png
14:54:14.281 [FXGL Background Thread 4 ] DEBUG FXGLAssetLoaderServi - Loading from cache: /assets/textures/sol.png
14:54:14.281 [FXGL Background Thread 4 ] DEBUG FXGLAssetLoaderServi - Loading from cache: /assets/textures/sol.png
14:54:14.282 [FXGL Background Thread 4 ] DEBUG FXGLAssetLoaderServi - Loading from cache: /assets/textures/sol.png
14:54:14.282 [FXGL Background Thread 4 ] DEBUG FXGLAssetLoaderServi - Loading from cache: /assets/textures/murGauche.png
14:54:14.283 [FXGL Background Thread 4 ] DEBUG FXGLAssetLoaderServi - Loading from cache: /assets/textures/sol.png
14:54:14.283 [FXGL Background Thread 4 ] DEBUG FXGLAssetLoaderServi - Loading from cache: /assets/textures/sol.png
14:54:14.284 [FXGL Background Thread 4 ] DEBUG FXGLAssetLoaderServi - Loading from cache: /assets/textures/sol.png
14:54:14.284 [FXGL Background Thread 4 ] DEBUG FXGLAssetLoaderServi - Loading from cache: /assets/textures/sol.png
14:54:14.285 [FXGL Background Thread 4 ] DEBUG FXGLAssetLoaderServi - Loading from cache: /assets/textures/sol.png
14:54:14.285 [FXGL Background Thread 4 ] DEBUG FXGLAssetLoaderServi - Loading from cache: /assets/textures/murGauche.png
14:54:14.285 [FXGL Background Thread 4 ] DEBUG FXGLAssetLoaderServi - Loading from cache: /assets/textures/murGauche.png
14:54:14.286 [FXGL Background Thread 4 ] DEBUG FXGLAssetLoaderServi - Loading from cache: /assets/textures/murGauche.png
14:54:14.287 [FXGL Background Thread 4 ] DEBUG FXGLAssetLoaderServi - Loading from cache: /assets/textures/murGauche.png
14:54:14.288 [FXGL Background Thread 4 ] DEBUG FXGLAssetLoaderServi - Loading from cache: /assets/textures/murGauche.png
14:54:14.294 [FXGL Background Thread 4 ] DEBUG FXGLAssetLoaderServi - Loading from cache: /assets/textures/murGauche.png
14:54:14.294 [FXGL Background Thread 4 ] DEBUG FXGLAssetLoaderServi - Loading from cache: /assets/textures/murGauche.png
14:54:14.295 [FXGL Background Thread 4 ] DEBUG FXGLAssetLoaderServi - Loading from cache: /assets/textures/murGauche.png
14:54:14.295 [FXGL Background Thread 4 ] DEBUG FXGLAssetLoaderServi - Loading from cache: /assets/textures/murGauche.png
14:54:14.295 [FXGL Background Thread 4 ] DEBUG FXGLAssetLoaderServi - Loading from cache: /assets/textures/murGauche.png
14:54:14.295 [FXGL Background Thread 4 ] DEBUG FXGLAssetLoaderServi - Loading from cache: /assets/textures/murGauche.png
14:54:14.301 [FXGL Background Thread 4 ] DEBUG FXGLAssetLoaderServi - Loading from cache: /assets/textures/sol.png
14:54:14.302 [FXGL Background Thread 4 ] DEBUG FXGLAssetLoaderServi - Loading from cache: /assets/textures/murGauche.png
14:54:14.303 [FXGL Background Thread 4 ] DEBUG FXGLAssetLoaderServi - Loading from cache: /assets/textures/murGauche.png
14:54:14.303 [FXGL Background Thread 4 ] DEBUG FXGLAssetLoaderServi - Loading from cache: /assets/textures/murGauche.png
14:54:14.304 [FXGL Background Thread 4 ] DEBUG FXGLAssetLoaderServi - Loading from cache: /assets/textures/murGauche.png
14:54:14.305 [FXGL Background Thread 4 ] DEBUG FXGLAssetLoaderServi - Loading from cache: /assets/textures/murGauche.png
14:54:14.305 [FXGL Background Thread 4 ] DEBUG FXGLAssetLoaderServi - Loading from cache: /assets/textures/murGauche.png
14:54:14.306 [FXGL Background Thread 4 ] DEBUG FXGLAssetLoaderServi - Loading from cache: /assets/textures/murGauche.png
14:54:14.307 [FXGL Background Thread 4 ] DEBUG FXGLAssetLoaderServi - Loading from cache: /assets/textures/murGauche.png
14:54:14.308 [FXGL Background Thread 4 ] DEBUG FXGLAssetLoaderServi - Loading from cache: /assets/textures/murGauche.png
14:54:14.309 [FXGL Background Thread 4 ] DEBUG FXGLAssetLoaderServi - Loading from cache: /assets/textures/murGauche.png
14:54:14.310 [FXGL Background Thread 4 ] DEBUG FXGLAssetLoaderServi - Loading from cache: /assets/textures/murGauche.png
14:54:14.310 [FXGL Background Thread 4 ] DEBUG FXGLAssetLoaderServi - Loading from cache: /assets/textures/sol.png
14:54:14.311 [FXGL Background Thread 4 ] DEBUG FXGLAssetLoaderServi - Loading from cache: /assets/textures/sol.png
14:54:14.311 [FXGL Background Thread 4 ] DEBUG FXGLAssetLoaderServi - Loading from cache: /assets/textures/sol.png
14:54:14.311 [FXGL Background Thread 4 ] DEBUG FXGLAssetLoaderServi - Loading from cache: /assets/textures/sol.png
14:54:14.312 [FXGL Background Thread 4 ] DEBUG FXGLAssetLoaderServi - Loading from cache: /assets/textures/sol.png
14:54:14.312 [FXGL Background Thread 4 ] DEBUG FXGLAssetLoaderServi - Loading from cache: /assets/textures/sol.png
14:54:14.312 [FXGL Background Thread 4 ] DEBUG FXGLAssetLoaderServi - Loading from cache: /assets/textures/sol.png
14:54:14.313 [FXGL Background Thread 4 ] DEBUG FXGLAssetLoaderServi - Loading from cache: /assets/textures/sol.png
14:54:14.313 [FXGL Background Thread 4 ] DEBUG FXGLAssetLoaderServi - Loading from cache: /assets/textures/sol.png
14:54:14.314 [FXGL Background Thread 4 ] DEBUG FXGLAssetLoaderServi - Loading from cache: /assets/textures/sol.png
14:54:14.315 [FXGL Background Thread 4 ] DEBUG FXGLAssetLoaderServi - Loading from cache: /assets/textures/sol.png
14:54:14.315 [FXGL Background Thread 4 ] DEBUG FXGLAssetLoaderServi - Loading from cache: /assets/textures/sol.png
14:54:14.315 [FXGL Background Thread 4 ] DEBUG FXGLAssetLoaderServi - Loading from cache: /assets/textures/sol.png
14:54:14.316 [FXGL Background Thread 4 ] DEBUG FXGLAssetLoaderServi - Loading from cache: /assets/textures/sol.png
14:54:14.316 [FXGL Background Thread 4 ] DEBUG FXGLAssetLoaderServi - Loading from cache: /assets/textures/sol.png
14:54:14.316 [FXGL Background Thread 4 ] DEBUG FXGLAssetLoaderServi - Loading from cache: /assets/textures/sol.png
14:54:14.365 [FXGL Background Thread 4 ] DEBUG FXGLAssetLoaderServi - Loading from file system: /assets/textures/player.png
14:54:14.389 [FXGL Background Thread 4 ] DEBUG FXGLAssetLoaderServi - Loading from cache: /assets/textures/sol.png
14:54:14.389 [FXGL Background Thread 4 ] DEBUG FXGLAssetLoaderServi - Loading from cache: /assets/textures/sol.png
14:54:14.390 [FXGL Background Thread 4 ] DEBUG FXGLAssetLoaderServi - Loading from cache: /assets/textures/murGauche.png
14:54:14.390 [FXGL Background Thread 4 ] DEBUG FXGLAssetLoaderServi - Loading from cache: /assets/textures/murGauche.png
14:54:14.390 [FXGL Background Thread 4 ] DEBUG FXGLAssetLoaderServi - Loading from cache: /assets/textures/murGauche.png
14:54:14.390 [FXGL Background Thread 4 ] DEBUG FXGLAssetLoaderServi - Loading from cache: /assets/textures/murGauche.png
14:54:14.391 [FXGL Background Thread 4 ] DEBUG FXGLAssetLoaderServi - Loading from cache: /assets/textures/murGauche.png
14:54:14.391 [FXGL Background Thread 4 ] DEBUG FXGLAssetLoaderServi - Loading from cache: /assets/textures/murGauche.png
14:54:14.391 [FXGL Background Thread 4 ] DEBUG FXGLAssetLoaderServi - Loading from cache: /assets/textures/murGauche.png
14:54:14.391 [FXGL Background Thread 4 ] DEBUG FXGLAssetLoaderServi - Loading from cache: /assets/textures/murGauche.png
14:54:14.392 [FXGL Background Thread 4 ] DEBUG FXGLAssetLoaderServi - Loading from cache: /assets/textures/murGauche.png
14:54:14.392 [FXGL Background Thread 4 ] DEBUG FXGLAssetLoaderServi - Loading from cache: /assets/textures/murGauche.png
14:54:14.392 [FXGL Background Thread 4 ] DEBUG FXGLAssetLoaderServi - Loading from cache: /assets/textures/murGauche.png
14:54:14.393 [FXGL Background Thread 4 ] DEBUG FXGLAssetLoaderServi - Loading from cache: /assets/textures/murGauche.png
14:54:14.393 [FXGL Background Thread 4 ] DEBUG FXGLAssetLoaderServi - Loading from cache: /assets/textures/murGauche.png
14:54:14.393 [FXGL Background Thread 4 ] DEBUG FXGLAssetLoaderServi - Loading from cache: /assets/textures/murGauche.png
14:54:14.394 [FXGL Background Thread 4 ] DEBUG FXGLAssetLoaderServi - Loading from cache: /assets/textures/murGauche.png
14:54:14.394 [FXGL Background Thread 4 ] DEBUG FXGLAssetLoaderServi - Loading from cache: /assets/textures/murGauche.png
14:54:14.394 [FXGL Background Thread 4 ] DEBUG FXGLAssetLoaderServi - Loading from cache: /assets/textures/murGauche.png
14:54:14.394 [FXGL Background Thread 4 ] DEBUG FXGLAssetLoaderServi - Loading from cache: /assets/textures/murGauche.png
14:54:14.395 [FXGL Background Thread 4 ] DEBUG FXGLAssetLoaderServi - Loading from cache: /assets/textures/murGauche.png
14:54:14.395 [FXGL Background Thread 4 ] DEBUG FXGLAssetLoaderServi - Loading from cache: /assets/textures/murGauche.png
14:54:14.395 [FXGL Background Thread 4 ] DEBUG FXGLAssetLoaderServi - Loading from cache: /assets/textures/murGauche.png
14:54:14.395 [FXGL Background Thread 4 ] DEBUG FXGLAssetLoaderServi - Loading from cache: /assets/textures/murGauche.png
14:54:14.396 [FXGL Background Thread 4 ] DEBUG GameWorld            - Clearing removable entities
14:54:14.397 [FXGL Background Thread 4 ] DEBUG GameWorld            - Setting level: com.almasb.fxgl.entity.level.Level@12fa66b8
14:54:14.742 [FXGL Background Thread 4 ] INFO  FXGLApplication      - Game initialization took: 0,896 sec
14:54:14.743 [JavaFX Application Thread] DEBUG Input                - Clearing active input actions
14:54:14.863 [JavaFX Application Thread] DEBUG GameApplicationServi - Removing overlay from FXGLLoadingScene and adding to GameScene
14:54:14.864 [JavaFX Application Thread] DEBUG MainWindow           - FXGLLoadingScene -> GameScene
14:54:18.059 [FXGL Background Thread 2 ] WARN  UpdaterService       - Failed to find updates: java.net.UnknownHostException: raw.githubusercontent.com
14:54:41.031 [JavaFX Application Thread] DEBUG MainWindow           - Push state: DialogSubScene
14:54:41.031 [JavaFX Application Thread] DEBUG Input                - Clearing active input actions
14:54:41.032 [JavaFX Application Thread] DEBUG GameApplicationServi - Removing overlay from GameScene and adding to DialogSubScene
14:54:41.033 [JavaFX Application Thread] DEBUG MainWindow           - GameScene -> DialogSubScene
14:54:42.679 [JavaFX Application Thread] DEBUG MainWindow           - Pop state: DialogSubScene
14:54:42.679 [JavaFX Application Thread] DEBUG Input                - Clearing active input actions
14:54:42.682 [JavaFX Application Thread] DEBUG GameApplicationServi - Removing overlay from DialogSubScene and adding to GameScene
14:54:42.682 [JavaFX Application Thread] DEBUG MainWindow           - GameScene <- DialogSubScene
14:54:42.682 [JavaFX Application Thread] DEBUG FXGLApplication      - Exiting FXGL
14:54:42.682 [JavaFX Application Thread] DEBUG LoopRunner           - Stopping loop
14:54:42.682 [JavaFX Application Thread] DEBUG SystemBundleService  - Saving FXGL system data
14:54:42.684 [JavaFX Application Thread] DEBUG FileSystemAccess     - Writing to: C:\Users\Araksio\eclipse-workspace\Slime-Conqueror\system\fxgl.bundle
14:54:42.686 [JavaFX Application Thread] DEBUG Async                - Shutting down background threads
14:54:42.686 [JavaFX Application Thread] DEBUG MainWindow           - Closing main window
14:54:42.712 [JavaFX Application Thread] DEBUG Logger               - Closing Logger
