14:03:15.560 [main                     ] DEBUG Logger               - Configured Logger
14:03:15.589 [main                     ] DEBUG GameApplication      - Logging settings
Title: Slime Conqueror
Version: v2.2
Width: 1280
Height: 900
Fullscreen: true
Intro: false
Profiling: false
Single step:false
App Mode: DEVELOPER
Menu Key: ESCAPE
Stage Style: DECORATED
Scene Factory: class GUI.MySceneFactory

14:03:16.020 [JavaFX Application Thread] DEBUG FXGLApplication      - Initializing FXGL
14:03:16.029 [JavaFX Application Thread] INFO  Engine               - FXGL-11.11 (08.09.2020 18.00) on WINDOWS (J:11.0.8 FX:14)
14:03:16.029 [JavaFX Application Thread] DEBUG Engine               - JRE Vendor Name: Oracle Corporation
14:03:16.030 [JavaFX Application Thread] DEBUG Engine               - Running on OS: Windows 10 version 10.0
14:03:16.030 [JavaFX Application Thread] DEBUG Engine               - Architecture: amd64
14:03:16.030 [JavaFX Application Thread] INFO  Engine               - Source code and latest versions at: https://github.com/AlmasB/FXGL
14:03:16.030 [JavaFX Application Thread] INFO  Engine               -              Join the FXGL chat at: https://gitter.im/AlmasB/FXGL
14:03:16.151 [JavaFX Application Thread] DEBUG MainWindow           - Creating a JavaFX scene
14:03:16.215 [JavaFX Application Thread] DEBUG MainWindow           - Target settings size: 1280.0 x 900.0
14:03:16.216 [JavaFX Application Thread] DEBUG MainWindow           - Scaled scene size:    1280.0 x 900.0
14:03:16.216 [JavaFX Application Thread] DEBUG MainWindow           - Scaled ratio: (1.0, 1.0)
14:03:16.217 [JavaFX Application Thread] DEBUG MainWindow           - Set initial scene to StartupScene
14:03:16.225 [JavaFX Application Thread] DEBUG MainWindow           - Opening main window
14:03:16.314 [JavaFX Application Thread] DEBUG MainWindow           - Window border size: (16.0, 39.0)
14:03:16.314 [JavaFX Application Thread] DEBUG MainWindow           - Scaled size: 1280.0 x 900.0
14:03:16.314 [JavaFX Application Thread] DEBUG MainWindow           - Scaled ratio: (1.0, 1.0)
14:03:16.314 [JavaFX Application Thread] DEBUG MainWindow           - Scene size: 1280.0 x 900.0
14:03:16.314 [JavaFX Application Thread] DEBUG MainWindow           - Stage size: 1296.0 x 939.0
14:03:16.321 [FXGL Background Thread 1 ] DEBUG Engine               - Initializing environment variables
14:03:16.349 [FXGL Background Thread 1 ] DEBUG GameApplicationServi - Applying CSS: fxgl_dark.css
14:03:16.349 [FXGL Background Thread 1 ] DEBUG FXGLAssetLoaderServi - Loading from file system: /assets/ui/css/fxgl_dark.css
14:03:16.392 [FXGL Background Thread 1 ] DEBUG GameApplicationServi - Initializing application scenes
14:03:16.434 [FXGL Background Thread 1 ] DEBUG GameWorld            - Game world initialized
14:03:16.496 [FXGL Background Thread 1 ] DEBUG PhysicsWorld         - Physics world initialized: appHeight=900, physics.ppm=50,0
14:03:16.498 [FXGL Background Thread 1 ] DEBUG GameScene            - Game scene initialized: 1280x900
14:03:16.781 [FXGL Background Thread 1 ] DEBUG GameApplicationServi - Application scenes initialized
14:03:16.797 [FXGL Background Thread 1 ] DEBUG SystemBundleService  - Loading FXGL system data
14:03:16.801 [FXGL Background Thread 1 ] DEBUG FileSystemAccess     - Reading from: C:\Users\Cardinal\eclipse-workspace\Slime-Conqueror\system\fxgl.bundle
14:03:16.807 [FXGL Background Thread 1 ] DEBUG SystemBundleService  - Bundle FXGL: {}
14:03:16.807 [FXGL Background Thread 1 ] DEBUG UpdaterService       - Checking for updates
14:03:16.812 [FXGL Background Thread 4 ] DEBUG FXGLApplication      - Loading fonts
14:03:16.812 [FXGL Background Thread 4 ] DEBUG FXGLAssetLoaderServi - Loading from file system: /assets/ui/fonts/VarelaRound-Regular.ttf
14:03:16.812 [FXGL Background Thread 1 ] DEBUG FXGLApplication      - Loading default localization
14:03:16.813 [FXGL Background Thread 1 ] DEBUG FXGLAssetLoaderServi - Loading from file system: /assets/languages/english.lang
14:03:16.829 [FXGL Background Thread 1 ] INFO  FXGLApplication      - FXGL initialization took: 0,508 sec
14:03:16.840 [JavaFX Application Thread] DEBUG Input                - Registered new binding: HideGUI - H
14:03:16.840 [JavaFX Application Thread] DEBUG Input                - Registered new binding: Up - Z
14:03:16.840 [JavaFX Application Thread] DEBUG Input                - Registered new binding: Down - S
14:03:16.840 [JavaFX Application Thread] DEBUG Input                - Registered new binding: Left - Q
14:03:16.840 [JavaFX Application Thread] DEBUG Input                - Registered new binding: Right - D
14:03:16.840 [JavaFX Application Thread] DEBUG Input                - Registered new binding: Teleport - F
14:03:16.842 [JavaFX Application Thread] DEBUG Input                - Registered new binding: AttackPos - LMB
14:03:16.842 [JavaFX Application Thread] DEBUG Input                - Registered new binding: Attack - I
14:03:16.842 [JavaFX Application Thread] DEBUG FXGLAssetLoaderServi - Loading from file system: /assets/textures/fxgl_icon.png
14:03:16.889 [JavaFX Application Thread] DEBUG FXGLAssetLoaderServi - Loading from file system: /assets/ui/cursors/fxgl_default.png
14:03:16.891 [JavaFX Application Thread] DEBUG Input                - Registered new binding: Screenshot - P
14:03:16.892 [JavaFX Application Thread] DEBUG Input                - Registered new binding: System info dump - CTRL+9
14:03:16.892 [JavaFX Application Thread] DEBUG Input                - Registered new binding: Restart - CTRL+R
14:03:16.893 [JavaFX Application Thread] DEBUG Input                - Registered new binding: Toggle Debug Camera - CTRL+C
14:03:16.896 [JavaFX Application Thread] DEBUG LoopRunner           - Starting loop
14:03:16.898 [JavaFX Application Thread] DEBUG Input                - Clearing active input actions
14:03:16.907 [JavaFX Application Thread] DEBUG GameApplicationServi - Removing overlay from StartupScene and adding to FXGLMainMenuDummyScene
14:03:16.907 [JavaFX Application Thread] DEBUG MainWindow           - StartupScene -> FXGLMainMenuDummyScene
14:03:16.907 [JavaFX Application Thread] DEBUG MainWindow           - Push state: MyMenu
14:03:16.910 [JavaFX Application Thread] DEBUG Input                - Clearing active input actions
14:03:16.923 [JavaFX Application Thread] DEBUG GameApplicationServi - Removing overlay from FXGLMainMenuDummyScene and adding to MyMenu
14:03:16.924 [JavaFX Application Thread] DEBUG MainWindow           - FXGLMainMenuDummyScene -> MyMenu
14:03:17.118 [FXGL Background Thread 4 ] DEBUG FXGLAssetLoaderServi - Loading from file system: /assets/ui/fonts/Abel-Regular.ttf
14:03:17.121 [FXGL Background Thread 4 ] DEBUG FXGLAssetLoaderServi - Loading from file system: /assets/ui/fonts/lucida_console.ttf
14:03:17.125 [FXGL Background Thread 4 ] DEBUG FXGLAssetLoaderServi - Loading from file system: /assets/ui/fonts/Courier-Prime.ttf
14:03:17.129 [JavaFX Application Thread] DEBUG FXGLApplication      - Registering font factories with UI factory
14:03:17.529 [JavaFX Application Thread] DEBUG GameApplicationServi - Starting new game
14:03:17.530 [JavaFX Application Thread] DEBUG MainWindow           - Pop state: MyMenu
14:03:17.530 [JavaFX Application Thread] DEBUG Input                - Clearing active input actions
14:03:17.531 [JavaFX Application Thread] DEBUG GameApplicationServi - Removing overlay from MyMenu and adding to FXGLMainMenuDummyScene
14:03:17.531 [JavaFX Application Thread] DEBUG MainWindow           - FXGLMainMenuDummyScene <- MyMenu
14:03:17.531 [JavaFX Application Thread] DEBUG Input                - Clearing active input actions
14:03:17.537 [JavaFX Application Thread] DEBUG GameApplicationServi - Removing overlay from FXGLMainMenuDummyScene and adding to FXGLLoadingScene
14:03:17.537 [JavaFX Application Thread] DEBUG MainWindow           - FXGLMainMenuDummyScene -> FXGLLoadingScene
14:03:17.538 [JavaFX Application Thread] DEBUG GameApplicationServi - Clearing previous game
14:03:17.538 [JavaFX Application Thread] DEBUG GameScene            - Clearing game scene
14:03:17.538 [JavaFX Application Thread] DEBUG GameWorld            - Clearing game world
14:03:17.538 [JavaFX Application Thread] DEBUG PhysicsWorld         - Clearing physics world
14:03:17.539 [FXGL Background Thread 4 ] DEBUG FXGLApplication      - Initializing game
14:03:17.548 [FXGL Background Thread 4 ] DEBUG FXGLAssetLoaderServi - Loading from file system: /assets/levels/map_level0.txt
14:03:17.763 [FXGL Background Thread 4 ] DEBUG FXGLAssetLoaderServi - Loading from file system: /assets/textures/player.png
14:03:17.794 [FXGL Background Thread 4 ] DEBUG FXGLAssetLoaderServi - Loading from file system: /assets/textures/
14:03:17.814 [FXGL Background Thread 4 ] DEBUG FXGLAssetLoaderServi - Loading from cache: /assets/textures/
14:03:17.814 [FXGL Background Thread 4 ] DEBUG FXGLAssetLoaderServi - Loading from cache: /assets/textures/
14:03:17.815 [FXGL Background Thread 4 ] DEBUG FXGLAssetLoaderServi - Loading from cache: /assets/textures/
14:03:17.815 [FXGL Background Thread 4 ] DEBUG FXGLAssetLoaderServi - Loading from cache: /assets/textures/
14:03:17.815 [FXGL Background Thread 4 ] DEBUG FXGLAssetLoaderServi - Loading from cache: /assets/textures/
14:03:17.815 [FXGL Background Thread 4 ] DEBUG FXGLAssetLoaderServi - Loading from cache: /assets/textures/
14:03:17.816 [FXGL Background Thread 4 ] DEBUG FXGLAssetLoaderServi - Loading from file system: /assets/textures/MonsterElectricSlime.png
14:03:17.823 [JavaFX Application Thread] DEBUG LoopRunner           - Stopping loop
14:03:17.825 [JavaFX Application Thread] FATAL FXGLApplication      - Uncaught Exception:
java.lang.RuntimeException: Initialization failed
	at com.almasb.fxgl.app.FXGLApplication$InitAppTask.failed(FXGLApplication.kt:324)
	at javafx.concurrent.Task.setState(Task.java:710)
	at javafx.concurrent.Task$TaskCallable.lambda$call$2(Task.java:1455)
	at com.sun.javafx.application.PlatformImpl.lambda$runLater$10(PlatformImpl.java:428)
	at java.base/java.security.AccessController.doPrivileged(Native Method)
	at com.sun.javafx.application.PlatformImpl.lambda$runLater$11(PlatformImpl.java:427)
	at com.sun.glass.ui.InvokeLaterDispatcher$Future.run(InvokeLaterDispatcher.java:96)
	at com.sun.glass.ui.win.WinApplication._runLoop(Native Method)
	at com.sun.glass.ui.win.WinApplication.lambda$runLoop$3(WinApplication.java:174)
	at java.base/java.lang.Thread.run(Thread.java:834)
Caused by: java.lang.NullPointerException
	at game.and.map.Loot.addItems(Loot.java:55)
	at game.and.map.GameFactory.newMonster(GameFactory.java:131)
	at java.base/jdk.internal.reflect.NativeMethodAccessorImpl.invoke0(Native Method)
	at java.base/jdk.internal.reflect.NativeMethodAccessorImpl.invoke(NativeMethodAccessorImpl.java:62)
	at java.base/jdk.internal.reflect.DelegatingMethodAccessorImpl.invoke(DelegatingMethodAccessorImpl.java:43)
	at java.base/java.lang.reflect.Method.invoke(Method.java:566)
	at com.almasb.fxgl.core.reflect.ReflectionUtils.call(ReflectionUtils.java:104)
	at com.almasb.fxgl.core.reflect.ReflectionUtils.lambda$mapToFunction$3(ReflectionUtils.java:111)
	at com.almasb.fxgl.entity.GameWorld$create$2.invoke(GameWorld.kt:402)
	at com.almasb.fxgl.entity.GameWorld$create$2.invoke(GameWorld.kt:35)
	at com.almasb.fxgl.core.util.DSLKt.tryCatchRoot(DSL.kt:34)
	at com.almasb.fxgl.entity.GameWorld.create(GameWorld.kt:402)
	at com.almasb.fxgl.entity.level.text.TextLevelLoader.load(TextLevelLoader.kt:41)
	at com.almasb.fxgl.app.services.FXGLAssetLoaderService.loadLevel(FXGLAssetLoaderService.kt:276)
	at game.and.map.GameApp.initGame(GameApp.java:777)
	at com.almasb.fxgl.app.FXGLApplication$InitAppTask.initGame(FXGLApplication.kt:320)
	at com.almasb.fxgl.app.FXGLApplication$InitAppTask.call(FXGLApplication.kt:300)
	at com.almasb.fxgl.app.FXGLApplication$InitAppTask.call(FXGLApplication.kt:292)
	at javafx.concurrent.Task$TaskCallable.call(Task.java:1425)
	at java.base/java.util.concurrent.FutureTask.run(FutureTask.java:264)
	at java.base/java.util.concurrent.Executors$RunnableAdapter.call(Executors.java:515)
	at java.base/java.util.concurrent.FutureTask.run(FutureTask.java:264)
	at java.base/java.util.concurrent.ThreadPoolExecutor.runWorker(ThreadPoolExecutor.java:1128)
	at java.base/java.util.concurrent.ThreadPoolExecutor$Worker.run(ThreadPoolExecutor.java:628)
	... 1 more

14:03:17.825 [JavaFX Application Thread] FATAL FXGLApplication      - Application will now exit
14:03:17.838 [JavaFX Application Thread] DEBUG MainWindow           - Push state: ErrorSubScene
14:03:17.838 [JavaFX Application Thread] DEBUG Input                - Clearing active input actions
14:03:17.841 [JavaFX Application Thread] DEBUG GameApplicationServi - Removing overlay from FXGLLoadingScene and adding to ErrorSubScene
14:03:17.842 [JavaFX Application Thread] DEBUG MainWindow           - FXGLLoadingScene -> ErrorSubScene
14:03:17.844 [FXGL Background Thread 2 ] INFO  UpdaterService       - Your current version:  11.11
14:03:17.844 [FXGL Background Thread 2 ] INFO  UpdaterService       - Latest stable version: dev-SNAPSHOT
14:03:19.810 [FXGL Background Thread 3 ] DEBUG Engine               - Logging environment variables
14:03:19.811 [FXGL Background Thread 3 ] DEBUG Engine               - achievements: []
14:03:19.811 [FXGL Background Thread 3 ] DEBUG Engine               - appIcon: fxgl_icon.png
14:03:19.811 [FXGL Background Thread 3 ] DEBUG Engine               - applicationMode: DEVELOPER
14:03:19.811 [FXGL Background Thread 3 ] DEBUG Engine               - cSSList: [fxgl_dark.css]
14:03:19.811 [FXGL Background Thread 3 ] DEBUG Engine               - configClass: Optional.empty
14:03:19.811 [FXGL Background Thread 3 ] DEBUG Engine               - credits: []
14:03:19.811 [FXGL Background Thread 3 ] DEBUG Engine               - devBBoxColorProperty: ObjectProperty [value: 0xff0000ff]
14:03:19.811 [FXGL Background Thread 3 ] DEBUG Engine               - devEnableDebugCameraProperty: BooleanProperty [value: false]
14:03:19.811 [FXGL Background Thread 3 ] DEBUG Engine               - devSensorColorProperty: ObjectProperty [value: 0xffff00ff]
14:03:19.811 [FXGL Background Thread 3 ] DEBUG Engine               - devShowBBoxProperty: BooleanProperty [value: false]
14:03:19.811 [FXGL Background Thread 3 ] DEBUG Engine               - devShowPositionProperty: BooleanProperty [value: false]
14:03:19.811 [FXGL Background Thread 3 ] DEBUG Engine               - enabledMenuItems: []
14:03:19.811 [FXGL Background Thread 3 ] DEBUG Engine               - engineServices: [class com.almasb.fxgl.app.FXGLApplication$GameApplicationService, class com.almasb.fxgl.app.services.FXGLDialogService, class com.almasb.fxgl.app.services.IOTaskExecutorService, class com.almasb.fxgl.event.EventBusService, class com.almasb.fxgl.io.FileSystemService, class com.almasb.fxgl.localization.LocalizationService, class com.almasb.fxgl.app.services.FXGLAssetLoaderService, class com.almasb.fxgl.app.services.SystemBundleService, class com.almasb.fxgl.profile.SaveLoadService, class com.almasb.fxgl.ui.FXGLUIFactoryServiceProvider, class com.almasb.fxgl.ui.FXGLDialogFactoryServiceProvider, class com.almasb.fxgl.audio.AudioPlayer, class com.almasb.fxgl.notification.impl.NotificationServiceProvider, class com.almasb.fxgl.achievement.AchievementService, class com.almasb.fxgl.cutscene.CutsceneService, class com.almasb.fxgl.minigames.MiniGameService, class com.almasb.fxgl.net.NetService, class com.almasb.fxgl.app.services.UpdaterService, class com.almasb.fxgl.dev.DevService]
14:03:19.812 [FXGL Background Thread 3 ] DEBUG Engine               - fontGame: Abel-Regular.ttf
14:03:19.812 [FXGL Background Thread 3 ] DEBUG Engine               - fontMono: lucida_console.ttf
14:03:19.812 [FXGL Background Thread 3 ] DEBUG Engine               - fontText: Courier-Prime.ttf
14:03:19.812 [FXGL Background Thread 3 ] DEBUG Engine               - fontUI: VarelaRound-Regular.ttf
14:03:19.812 [FXGL Background Thread 3 ] DEBUG Engine               - fullScreen: BooleanProperty [value: false]
14:03:19.812 [FXGL Background Thread 3 ] DEBUG Engine               - gameDifficulty: MEDIUM
14:03:19.812 [FXGL Background Thread 3 ] DEBUG Engine               - gameDifficultyProperty: ObjectProperty [value: MEDIUM]
14:03:19.812 [FXGL Background Thread 3 ] DEBUG Engine               - globalMusicVolume: 0.5
14:03:19.812 [FXGL Background Thread 3 ] DEBUG Engine               - globalMusicVolumeProperty: DoubleProperty [value: 0.5]
14:03:19.812 [FXGL Background Thread 3 ] DEBUG Engine               - globalSoundVolume: 0.5
14:03:19.812 [FXGL Background Thread 3 ] DEBUG Engine               - globalSoundVolumeProperty: DoubleProperty [value: 0.5]
14:03:19.812 [FXGL Background Thread 3 ] DEBUG Engine               - height: 900
14:03:19.812 [FXGL Background Thread 3 ] DEBUG Engine               - isAndroid: false
14:03:19.812 [FXGL Background Thread 3 ] DEBUG Engine               - isBrowser: false
14:03:19.812 [FXGL Background Thread 3 ] DEBUG Engine               - isClickFeedbackEnabled: false
14:03:19.812 [FXGL Background Thread 3 ] DEBUG Engine               - isCloseConfirmation: false
14:03:19.813 [FXGL Background Thread 3 ] DEBUG Engine               - isDesktop: true
14:03:19.813 [FXGL Background Thread 3 ] DEBUG Engine               - isDeveloperMenuEnabled: false
14:03:19.813 [FXGL Background Thread 3 ] DEBUG Engine               - isEntityPreloadEnabled: true
14:03:19.813 [FXGL Background Thread 3 ] DEBUG Engine               - isExperimentalNative: false
14:03:19.813 [FXGL Background Thread 3 ] DEBUG Engine               - isExperimentalTiledLargeMap: false
14:03:19.813 [FXGL Background Thread 3 ] DEBUG Engine               - isFileSystemWriteAllowed: true
14:03:19.813 [FXGL Background Thread 3 ] DEBUG Engine               - isFullScreenAllowed: true
14:03:19.813 [FXGL Background Thread 3 ] DEBUG Engine               - isFullScreenFromStart: false
14:03:19.813 [FXGL Background Thread 3 ] DEBUG Engine               - isGameMenuEnabled: true
14:03:19.813 [FXGL Background Thread 3 ] DEBUG Engine               - isIOS: false
14:03:19.813 [FXGL Background Thread 3 ] DEBUG Engine               - isIntroEnabled: false
14:03:19.813 [FXGL Background Thread 3 ] DEBUG Engine               - isLinux: false
14:03:19.813 [FXGL Background Thread 3 ] DEBUG Engine               - isMac: false
14:03:19.813 [FXGL Background Thread 3 ] DEBUG Engine               - isMainMenuEnabled: true
14:03:19.814 [FXGL Background Thread 3 ] DEBUG Engine               - isManualResizeEnabled: true
14:03:19.814 [FXGL Background Thread 3 ] DEBUG Engine               - isMobile: false
14:03:19.814 [FXGL Background Thread 3 ] DEBUG Engine               - isPreserveResizeRatio: true
14:03:19.814 [FXGL Background Thread 3 ] DEBUG Engine               - isProfilingEnabled: false
14:03:19.814 [FXGL Background Thread 3 ] DEBUG Engine               - isSingleStep: false
14:03:19.814 [FXGL Background Thread 3 ] DEBUG Engine               - isUserProfileEnabled: false
14:03:19.814 [FXGL Background Thread 3 ] DEBUG Engine               - isWindows: true
14:03:19.814 [FXGL Background Thread 3 ] DEBUG Engine               - language: ObjectProperty [value: ENGLISH]
14:03:19.814 [FXGL Background Thread 3 ] DEBUG Engine               - menuKey: ESCAPE
14:03:19.814 [FXGL Background Thread 3 ] DEBUG Engine               - notificationViewClass: class com.almasb.fxgl.notification.view.XboxNotificationView
14:03:19.814 [FXGL Background Thread 3 ] DEBUG Engine               - pixelsPerMeter: 50.0
14:03:19.814 [FXGL Background Thread 3 ] DEBUG Engine               - platform: WINDOWS
14:03:19.814 [FXGL Background Thread 3 ] DEBUG Engine               - profileDir: profiles/
14:03:19.814 [FXGL Background Thread 3 ] DEBUG Engine               - profileName: StringProperty [value: DEFAULT]
14:03:19.814 [FXGL Background Thread 3 ] DEBUG Engine               - randomSeed: -1
14:03:19.815 [FXGL Background Thread 3 ] DEBUG Engine               - runtimeInfo: RuntimeInfo(platform=WINDOWS, version=11.11, build=08.09.2020 18.00)
14:03:19.815 [FXGL Background Thread 3 ] DEBUG Engine               - saveFileExt: sav
14:03:19.815 [FXGL Background Thread 3 ] DEBUG Engine               - sceneFactory: GUI.MySceneFactory@7c5da1be
14:03:19.815 [FXGL Background Thread 3 ] DEBUG Engine               - secondsIn24h: 60
14:03:19.815 [FXGL Background Thread 3 ] DEBUG Engine               - soundMenuBack: menu/back.wav
14:03:19.815 [FXGL Background Thread 3 ] DEBUG Engine               - soundMenuPress: menu/press.wav
14:03:19.815 [FXGL Background Thread 3 ] DEBUG Engine               - soundMenuSelect: menu/select.wav
14:03:19.815 [FXGL Background Thread 3 ] DEBUG Engine               - soundNotification: core/notification.wav
14:03:19.815 [FXGL Background Thread 3 ] DEBUG Engine               - stageStyle: DECORATED
14:03:19.815 [FXGL Background Thread 3 ] DEBUG Engine               - supportedLanguages: [ENGLISH, FRENCH, GERMAN, HUNGARIAN, RUSSIAN]
14:03:19.815 [FXGL Background Thread 3 ] DEBUG Engine               - title: Slime Conqueror
14:03:19.815 [FXGL Background Thread 3 ] DEBUG Engine               - urlGithub: https://github.com/AlmasB/FXGL
14:03:19.815 [FXGL Background Thread 3 ] DEBUG Engine               - urlLeaderboard: http://fxgl-top.herokuapp.com/
14:03:19.815 [FXGL Background Thread 3 ] DEBUG Engine               - urlPOM: https://raw.githubusercontent.com/AlmasB/FXGL/master/pom.xml
14:03:19.815 [FXGL Background Thread 3 ] DEBUG Engine               - version: v2.2
14:03:19.815 [FXGL Background Thread 3 ] DEBUG Engine               - versionCheckDays: 7
14:03:19.815 [FXGL Background Thread 3 ] DEBUG Engine               - width: 1280
14:03:19.815 [FXGL Background Thread 3 ] DEBUG Engine               - Logging services
14:03:19.816 [FXGL Background Thread 3 ] DEBUG Engine               - class com.almasb.fxgl.app.FXGLApplication$GameApplicationService
14:03:19.816 [FXGL Background Thread 3 ] DEBUG Engine               - class com.almasb.fxgl.app.services.FXGLDialogService
14:03:19.816 [FXGL Background Thread 3 ] DEBUG Engine               - class com.almasb.fxgl.app.services.IOTaskExecutorService
14:03:19.816 [FXGL Background Thread 3 ] DEBUG Engine               - class com.almasb.fxgl.event.EventBusService
14:03:19.816 [FXGL Background Thread 3 ] DEBUG Engine               - class com.almasb.fxgl.io.FileSystemService
14:03:19.816 [FXGL Background Thread 3 ] DEBUG Engine               - class com.almasb.fxgl.localization.LocalizationService
14:03:19.816 [FXGL Background Thread 3 ] DEBUG Engine               - class com.almasb.fxgl.app.services.FXGLAssetLoaderService
14:03:19.816 [FXGL Background Thread 3 ] DEBUG Engine               - class com.almasb.fxgl.app.services.SystemBundleService
14:03:19.816 [FXGL Background Thread 3 ] DEBUG Engine               - class com.almasb.fxgl.profile.SaveLoadService
14:03:19.816 [FXGL Background Thread 3 ] DEBUG Engine               - class com.almasb.fxgl.ui.FXGLUIFactoryServiceProvider
14:03:19.816 [FXGL Background Thread 3 ] DEBUG Engine               - class com.almasb.fxgl.ui.FXGLDialogFactoryServiceProvider
14:03:19.816 [FXGL Background Thread 3 ] DEBUG Engine               - class com.almasb.fxgl.audio.AudioPlayer
14:03:19.816 [FXGL Background Thread 3 ] DEBUG Engine               - class com.almasb.fxgl.notification.impl.NotificationServiceProvider
14:03:19.816 [FXGL Background Thread 3 ] DEBUG Engine               - class com.almasb.fxgl.achievement.AchievementService
14:03:19.816 [FXGL Background Thread 3 ] DEBUG Engine               - class com.almasb.fxgl.cutscene.CutsceneService
14:03:19.816 [FXGL Background Thread 3 ] DEBUG Engine               - class com.almasb.fxgl.minigames.MiniGameService
14:03:19.817 [FXGL Background Thread 3 ] DEBUG Engine               - class com.almasb.fxgl.net.NetService
14:03:19.817 [FXGL Background Thread 3 ] DEBUG Engine               - class com.almasb.fxgl.app.services.UpdaterService
14:03:19.817 [FXGL Background Thread 3 ] DEBUG Engine               - class com.almasb.fxgl.dev.DevService
14:11:11.998 [JavaFX Application Thread] DEBUG LoopRunner           - Pausing loop
14:15:52.388 [JavaFX Application Thread] DEBUG LoopRunner           - Resuming loop
14:18:30.500 [JavaFX Application Thread] DEBUG FXGLApplication      - Exiting FXGL
14:18:30.500 [JavaFX Application Thread] DEBUG Async                - Shutting down background threads
14:18:30.500 [JavaFX Application Thread] DEBUG MainWindow           - Closing main window
14:18:30.514 [JavaFX Application Thread] DEBUG Logger               - Closing Logger
