15:18:08.333 [main                     ] DEBUG Logger               - Configured Logger
15:18:08.370 [main                     ] DEBUG GameApplication      - Logging settings
Title: Slime Conqueror
Version: v2.2
Width: 1280
Height: 900
Fullscreen: true
Intro: false
Profiling: false
Single step:false
App Mode: DEVELOPER
Menu Key: ESCAPE
Stage Style: DECORATED
Scene Factory: class GUI.MySceneFactory

15:18:08.992 [JavaFX Application Thread] DEBUG FXGLApplication      - Initializing FXGL
15:18:09.003 [JavaFX Application Thread] INFO  Engine               - FXGL-11.11 (08.09.2020 18.00) on WINDOWS (J:14.0.2 FX:14)
15:18:09.004 [JavaFX Application Thread] DEBUG Engine               - JRE Vendor Name: Oracle Corporation
15:18:09.004 [JavaFX Application Thread] DEBUG Engine               - Running on OS: Windows 10 version 10.0
15:18:09.004 [JavaFX Application Thread] DEBUG Engine               - Architecture: amd64
15:18:09.004 [JavaFX Application Thread] INFO  Engine               - Source code and latest versions at: https://github.com/AlmasB/FXGL
15:18:09.004 [JavaFX Application Thread] INFO  Engine               -              Join the FXGL chat at: https://gitter.im/AlmasB/FXGL
15:18:09.168 [JavaFX Application Thread] DEBUG MainWindow           - Creating a JavaFX scene
15:18:09.261 [JavaFX Application Thread] DEBUG MainWindow           - Target settings size: 1280.0 x 900.0
15:18:09.261 [JavaFX Application Thread] DEBUG MainWindow           - Scaled scene size:    1280.0 x 900.0
15:18:09.262 [JavaFX Application Thread] DEBUG MainWindow           - Scaled ratio: (1.0, 1.0)
15:18:09.265 [JavaFX Application Thread] DEBUG MainWindow           - Set initial scene to StartupScene
15:18:09.274 [JavaFX Application Thread] DEBUG MainWindow           - Opening main window
15:18:09.408 [JavaFX Application Thread] DEBUG MainWindow           - Window border size: (16.0, 39.0)
15:18:09.408 [JavaFX Application Thread] DEBUG MainWindow           - Scaled size: 1280.0 x 900.0
15:18:09.409 [JavaFX Application Thread] DEBUG MainWindow           - Scaled ratio: (1.0, 1.0)
15:18:09.409 [JavaFX Application Thread] DEBUG MainWindow           - Scene size: 1280.0 x 900.0
15:18:09.409 [JavaFX Application Thread] DEBUG MainWindow           - Stage size: 1296.0 x 939.0
15:18:09.436 [FXGL Background Thread 1 ] DEBUG Engine               - Initializing environment variables
15:18:09.524 [FXGL Background Thread 1 ] DEBUG GameApplicationServi - Applying CSS: fxgl_dark.css
15:18:09.526 [FXGL Background Thread 1 ] DEBUG FXGLAssetLoaderServi - Loading from file system: /assets/ui/css/fxgl_dark.css
15:18:09.755 [FXGL Background Thread 1 ] DEBUG GameApplicationServi - Initializing application scenes
15:18:09.838 [FXGL Background Thread 1 ] DEBUG GameWorld            - Game world initialized
15:18:09.943 [FXGL Background Thread 1 ] DEBUG PhysicsWorld         - Physics world initialized: appHeight=900, physics.ppm=50,0
15:18:09.947 [FXGL Background Thread 1 ] DEBUG GameScene            - Game scene initialized: 1280x900
15:18:10.325 [FXGL Background Thread 1 ] DEBUG GameApplicationServi - Application scenes initialized
15:18:10.348 [FXGL Background Thread 1 ] DEBUG SystemBundleService  - Loading FXGL system data
15:18:10.358 [FXGL Background Thread 1 ] DEBUG FileSystemAccess     - Reading from: E:\informatique\git\branche\Slime-Conqueror\system\fxgl.bundle
15:18:10.368 [FXGL Background Thread 1 ] DEBUG SystemBundleService  - Bundle FXGL: {}
15:18:10.368 [FXGL Background Thread 1 ] DEBUG UpdaterService       - Checking for updates
15:18:10.374 [FXGL Background Thread 4 ] DEBUG FXGLApplication      - Loading fonts
15:18:10.374 [FXGL Background Thread 4 ] DEBUG FXGLAssetLoaderServi - Loading from file system: /assets/ui/fonts/VarelaRound-Regular.ttf
15:18:10.374 [FXGL Background Thread 1 ] DEBUG FXGLApplication      - Loading default localization
15:18:10.375 [FXGL Background Thread 1 ] DEBUG FXGLAssetLoaderServi - Loading from file system: /assets/languages/english.lang
15:18:10.409 [FXGL Background Thread 1 ] INFO  FXGLApplication      - FXGL initialization took: 0,973 sec
15:18:10.427 [JavaFX Application Thread] DEBUG Input                - Registered new binding: HideGUI - H
15:18:10.427 [JavaFX Application Thread] DEBUG Input                - Registered new binding: Up - Z
15:18:10.428 [JavaFX Application Thread] DEBUG Input                - Registered new binding: Down - S
15:18:10.428 [JavaFX Application Thread] DEBUG Input                - Registered new binding: Left - Q
15:18:10.428 [JavaFX Application Thread] DEBUG Input                - Registered new binding: Right - D
15:18:10.432 [JavaFX Application Thread] DEBUG Input                - Registered new binding: AttackPos - LMB
15:18:10.432 [JavaFX Application Thread] DEBUG FXGLAssetLoaderServi - Loading from file system: /assets/textures/fxgl_icon.png
15:18:10.493 [FXGL Background Thread 4 ] DEBUG FXGLAssetLoaderServi - Loading from file system: /assets/ui/fonts/Abel-Regular.ttf
15:18:10.501 [FXGL Background Thread 4 ] DEBUG FXGLAssetLoaderServi - Loading from file system: /assets/ui/fonts/lucida_console.ttf
15:18:10.508 [FXGL Background Thread 4 ] DEBUG FXGLAssetLoaderServi - Loading from file system: /assets/ui/fonts/Courier-Prime.ttf
15:18:10.529 [JavaFX Application Thread] DEBUG FXGLAssetLoaderServi - Loading from file system: /assets/ui/cursors/fxgl_default.png
15:18:10.534 [JavaFX Application Thread] DEBUG Input                - Registered new binding: Screenshot - P
15:18:10.536 [JavaFX Application Thread] DEBUG Input                - Registered new binding: System info dump - CTRL+9
15:18:10.537 [JavaFX Application Thread] DEBUG Input                - Registered new binding: Restart - CTRL+R
15:18:10.538 [JavaFX Application Thread] DEBUG Input                - Registered new binding: Toggle Debug Camera - CTRL+C
15:18:10.542 [JavaFX Application Thread] DEBUG LoopRunner           - Starting loop
15:18:10.544 [JavaFX Application Thread] DEBUG Input                - Clearing active input actions
15:18:10.565 [JavaFX Application Thread] DEBUG GameApplicationServi - Removing overlay from StartupScene and adding to FXGLMainMenuDummyScene
15:18:10.566 [JavaFX Application Thread] DEBUG MainWindow           - StartupScene -> FXGLMainMenuDummyScene
15:18:10.567 [JavaFX Application Thread] DEBUG LoopRunner           - Stopping loop
15:18:10.569 [JavaFX Application Thread] FATAL FXGLApplication      - Uncaught Exception:
kotlin.KotlinNullPointerException
	at com.almasb.fxgl.app.FXGLApplication$GameApplicationService.gotoMainMenu(FXGLApplication.kt:608)
	at com.almasb.fxgl.dsl.FXGL$Companion$controller$1.gotoMainMenu(FXGL.kt:95)
	at com.almasb.fxgl.app.FXGLApplication.setFirstSceneAfterStartup(FXGLApplication.kt:246)
	at com.almasb.fxgl.app.FXGLApplication.access$setFirstSceneAfterStartup(FXGLApplication.kt:68)
	at com.almasb.fxgl.app.FXGLApplication$start$task$2.accept(FXGLApplication.kt:127)
	at com.almasb.fxgl.app.FXGLApplication$start$task$2.accept(FXGLApplication.kt:68)
	at com.almasb.fxgl.core.concurrent.IOTask.succeed(IOTask.java:123)
	at com.almasb.fxgl.core.concurrent.IOTask$1.succeeded(IOTask.java:112)
	at javafx.concurrent.Task.setState(Task.java:726)
	at javafx.concurrent.Task$TaskCallable.lambda$call$1(Task.java:1436)
	at com.sun.javafx.application.PlatformImpl.lambda$runLater$10(PlatformImpl.java:428)
	at java.base/java.security.AccessController.doPrivileged(AccessController.java:391)
	at com.sun.javafx.application.PlatformImpl.lambda$runLater$11(PlatformImpl.java:427)
	at com.sun.glass.ui.InvokeLaterDispatcher$Future.run(InvokeLaterDispatcher.java:96)
	at com.sun.glass.ui.win.WinApplication._runLoop(Native Method)
	at com.sun.glass.ui.win.WinApplication.lambda$runLoop$3(WinApplication.java:174)
	at java.base/java.lang.Thread.run(Thread.java:832)

15:18:10.569 [JavaFX Application Thread] FATAL FXGLApplication      - Application will now exit
15:18:10.604 [JavaFX Application Thread] DEBUG MainWindow           - Push state: ErrorSubScene
15:18:10.605 [JavaFX Application Thread] DEBUG Input                - Clearing active input actions
15:18:10.626 [JavaFX Application Thread] DEBUG GameApplicationServi - Removing overlay from FXGLMainMenuDummyScene and adding to ErrorSubScene
15:18:10.627 [JavaFX Application Thread] DEBUG MainWindow           - FXGLMainMenuDummyScene -> ErrorSubScene
15:18:10.628 [JavaFX Application Thread] DEBUG FXGLApplication      - Registering font factories with UI factory
15:18:11.252 [FXGL Background Thread 2 ] INFO  UpdaterService       - Your current version:  11.11
15:18:11.253 [FXGL Background Thread 2 ] INFO  UpdaterService       - Latest stable version: dev-SNAPSHOT
15:18:12.843 [JavaFX Application Thread] DEBUG FXGLApplication      - Exiting FXGL
15:18:12.843 [JavaFX Application Thread] DEBUG Async                - Shutting down background threads
15:18:12.844 [JavaFX Application Thread] DEBUG MainWindow           - Closing main window
15:18:12.866 [JavaFX Application Thread] DEBUG Logger               - Closing Logger
