01:01:34.804 [main                     ] DEBUG Logger               - Configured Logger
01:01:34.923 [main                     ] DEBUG GameApplication      - Logging settings
Title: Slime Conqueror
Version: v2.2
Width: 1280
Height: 900
Fullscreen: true
Intro: false
Profiling: false
Single step:false
App Mode: DEVELOPER
Menu Key: ESCAPE
Stage Style: DECORATED
Scene Factory: class GUI.MySceneFactory

01:01:37.926 [JavaFX Application Thread] DEBUG FXGLApplication      - Initializing FXGL
01:01:37.942 [JavaFX Application Thread] INFO  Engine               - FXGL-11.11 (08.09.2020 18.00) on WINDOWS (J:11.0.8 FX:14)
01:01:37.942 [JavaFX Application Thread] DEBUG Engine               - JRE Vendor Name: Oracle Corporation
01:01:37.943 [JavaFX Application Thread] DEBUG Engine               - Running on OS: Windows 10 version 10.0
01:01:37.943 [JavaFX Application Thread] DEBUG Engine               - Architecture: amd64
01:01:37.943 [JavaFX Application Thread] INFO  Engine               - Source code and latest versions at: https://github.com/AlmasB/FXGL
01:01:37.943 [JavaFX Application Thread] INFO  Engine               -              Join the FXGL chat at: https://gitter.im/AlmasB/FXGL
01:01:38.147 [JavaFX Application Thread] DEBUG MainWindow           - Creating a JavaFX scene
01:01:38.376 [JavaFX Application Thread] DEBUG MainWindow           - Target settings size: 1280.0 x 900.0
01:01:38.376 [JavaFX Application Thread] DEBUG MainWindow           - Scaled scene size:    1280.0 x 900.0
01:01:38.376 [JavaFX Application Thread] DEBUG MainWindow           - Scaled ratio: (1.0, 1.0)
01:01:38.378 [JavaFX Application Thread] DEBUG MainWindow           - Set initial scene to StartupScene
01:01:38.388 [JavaFX Application Thread] DEBUG MainWindow           - Opening main window
01:01:38.810 [JavaFX Application Thread] DEBUG MainWindow           - Window border size: (16.0, 39.0)
01:01:38.810 [JavaFX Application Thread] DEBUG MainWindow           - Scaled size: 1280.0 x 900.0
01:01:38.811 [JavaFX Application Thread] DEBUG MainWindow           - Scaled ratio: (1.0, 1.0)
01:01:38.811 [JavaFX Application Thread] DEBUG MainWindow           - Scene size: 1280.0 x 900.0
01:01:38.811 [JavaFX Application Thread] DEBUG MainWindow           - Stage size: 1296.0 x 939.0
01:01:38.823 [FXGL Background Thread 1 ] DEBUG Engine               - Initializing environment variables
01:01:39.183 [FXGL Background Thread 1 ] DEBUG GameApplicationServi - Applying CSS: fxgl_dark.css
01:01:39.185 [FXGL Background Thread 1 ] DEBUG FXGLAssetLoaderServi - Loading from file system: /assets/ui/css/fxgl_dark.css
01:01:39.231 [FXGL Background Thread 1 ] DEBUG GameApplicationServi - Initializing application scenes
01:01:39.420 [FXGL Background Thread 1 ] DEBUG GameWorld            - Game world initialized
01:01:39.482 [FXGL Background Thread 1 ] DEBUG PhysicsWorld         - Physics world initialized: appHeight=900, physics.ppm=50.0
01:01:39.484 [FXGL Background Thread 1 ] DEBUG GameScene            - Game scene initialized: 1280x900
01:01:40.641 [FXGL Background Thread 1 ] DEBUG GameApplicationServi - Application scenes initialized
01:01:40.662 [FXGL Background Thread 1 ] DEBUG SystemBundleService  - Loading FXGL system data
01:01:40.752 [FXGL Background Thread 1 ] DEBUG FileSystemAccess     - Reading from: C:\Users\Gaël\workspace\4.7\Slime-Conqueror\system\fxgl.bundle
01:01:40.853 [FXGL Background Thread 1 ] DEBUG SystemBundleService  - Bundle FXGL: {}
01:01:40.854 [FXGL Background Thread 1 ] DEBUG UpdaterService       - Checking for updates
01:01:40.916 [FXGL Background Thread 1 ] DEBUG FXGLApplication      - Loading default localization
01:01:40.916 [FXGL Background Thread 1 ] DEBUG FXGLAssetLoaderServi - Loading from file system: /assets/languages/english.lang
01:01:40.943 [FXGL Background Thread 1 ] INFO  FXGLApplication      - FXGL initialization took: 2.119 sec
01:01:40.952 [JavaFX Application Thread] DEBUG Input                - Registered new binding: HideGUI - H
01:01:40.952 [JavaFX Application Thread] DEBUG Input                - Registered new binding: Up - Z
01:01:40.953 [JavaFX Application Thread] DEBUG Input                - Registered new binding: Down - S
01:01:40.953 [JavaFX Application Thread] DEBUG Input                - Registered new binding: Left - Q
01:01:40.953 [JavaFX Application Thread] DEBUG Input                - Registered new binding: Right - D
01:01:40.954 [JavaFX Application Thread] DEBUG Input                - Registered new binding: AttackPos - LMB
01:01:40.954 [JavaFX Application Thread] DEBUG FXGLAssetLoaderServi - Loading from file system: /assets/textures/fxgl_icon.png
01:01:40.994 [FXGL Background Thread 4 ] DEBUG FXGLApplication      - Loading fonts
01:01:40.994 [FXGL Background Thread 4 ] DEBUG FXGLAssetLoaderServi - Loading from file system: /assets/ui/fonts/VarelaRound-Regular.ttf
01:01:41.048 [JavaFX Application Thread] DEBUG FXGLAssetLoaderServi - Loading from file system: /assets/ui/cursors/fxgl_default.png
01:01:41.051 [JavaFX Application Thread] DEBUG Input                - Registered new binding: Screenshot - P
01:01:41.052 [JavaFX Application Thread] DEBUG Input                - Registered new binding: System info dump - CTRL+9
01:01:41.052 [JavaFX Application Thread] DEBUG Input                - Registered new binding: Restart - CTRL+R
01:01:41.053 [JavaFX Application Thread] DEBUG Input                - Registered new binding: Toggle Debug Camera - CTRL+C
01:01:41.056 [JavaFX Application Thread] DEBUG LoopRunner           - Starting loop
01:01:41.060 [JavaFX Application Thread] DEBUG Input                - Clearing active input actions
01:01:41.077 [JavaFX Application Thread] DEBUG GameApplicationServi - Removing overlay from StartupScene and adding to FXGLMainMenuDummyScene
01:01:41.078 [JavaFX Application Thread] DEBUG MainWindow           - StartupScene -> FXGLMainMenuDummyScene
01:01:41.078 [JavaFX Application Thread] DEBUG MainWindow           - Push state: MyMenu
01:01:41.078 [JavaFX Application Thread] DEBUG Input                - Clearing active input actions
01:01:41.119 [JavaFX Application Thread] DEBUG GameApplicationServi - Removing overlay from FXGLMainMenuDummyScene and adding to MyMenu
01:01:41.120 [JavaFX Application Thread] DEBUG MainWindow           - FXGLMainMenuDummyScene -> MyMenu
01:01:43.916 [FXGL Background Thread 3 ] DEBUG Engine               - Logging environment variables
01:01:43.941 [FXGL Background Thread 3 ] DEBUG Engine               - achievements: []
01:01:43.941 [FXGL Background Thread 3 ] DEBUG Engine               - appIcon: fxgl_icon.png
01:01:43.942 [FXGL Background Thread 3 ] DEBUG Engine               - applicationMode: DEVELOPER
01:01:43.942 [FXGL Background Thread 3 ] DEBUG Engine               - cSSList: [fxgl_dark.css]
01:01:43.942 [FXGL Background Thread 3 ] DEBUG Engine               - configClass: Optional.empty
01:01:43.943 [FXGL Background Thread 3 ] DEBUG Engine               - credits: []
01:01:43.944 [FXGL Background Thread 3 ] DEBUG Engine               - devBBoxColorProperty: ObjectProperty [value: 0xff0000ff]
01:01:43.944 [FXGL Background Thread 3 ] DEBUG Engine               - devEnableDebugCameraProperty: BooleanProperty [value: false]
01:01:43.945 [FXGL Background Thread 3 ] DEBUG Engine               - devSensorColorProperty: ObjectProperty [value: 0xffff00ff]
01:01:43.945 [FXGL Background Thread 3 ] DEBUG Engine               - devShowBBoxProperty: BooleanProperty [value: false]
01:01:43.945 [FXGL Background Thread 3 ] DEBUG Engine               - devShowPositionProperty: BooleanProperty [value: false]
01:01:43.986 [FXGL Background Thread 3 ] DEBUG Engine               - enabledMenuItems: []
01:01:43.986 [FXGL Background Thread 3 ] DEBUG Engine               - engineServices: [class com.almasb.fxgl.app.FXGLApplication$GameApplicationService, class com.almasb.fxgl.app.services.FXGLDialogService, class com.almasb.fxgl.app.services.IOTaskExecutorService, class com.almasb.fxgl.event.EventBusService, class com.almasb.fxgl.io.FileSystemService, class com.almasb.fxgl.localization.LocalizationService, class com.almasb.fxgl.app.services.FXGLAssetLoaderService, class com.almasb.fxgl.app.services.SystemBundleService, class com.almasb.fxgl.profile.SaveLoadService, class com.almasb.fxgl.ui.FXGLUIFactoryServiceProvider, class com.almasb.fxgl.ui.FXGLDialogFactoryServiceProvider, class com.almasb.fxgl.audio.AudioPlayer, class com.almasb.fxgl.notification.impl.NotificationServiceProvider, class com.almasb.fxgl.achievement.AchievementService, class com.almasb.fxgl.cutscene.CutsceneService, class com.almasb.fxgl.minigames.MiniGameService, class com.almasb.fxgl.net.NetService, class com.almasb.fxgl.app.services.UpdaterService, class com.almasb.fxgl.dev.DevService]
01:01:43.987 [FXGL Background Thread 3 ] DEBUG Engine               - fontGame: Abel-Regular.ttf
01:01:43.987 [FXGL Background Thread 3 ] DEBUG Engine               - fontMono: lucida_console.ttf
01:01:43.987 [FXGL Background Thread 3 ] DEBUG Engine               - fontText: Courier-Prime.ttf
01:01:43.988 [FXGL Background Thread 3 ] DEBUG Engine               - fontUI: VarelaRound-Regular.ttf
01:01:43.989 [FXGL Background Thread 3 ] DEBUG Engine               - fullScreen: BooleanProperty [value: false]
01:01:43.989 [FXGL Background Thread 3 ] DEBUG Engine               - gameDifficulty: MEDIUM
01:01:43.990 [FXGL Background Thread 3 ] DEBUG Engine               - gameDifficultyProperty: ObjectProperty [value: MEDIUM]
01:01:43.990 [FXGL Background Thread 3 ] DEBUG Engine               - globalMusicVolume: 0.5
01:01:43.991 [FXGL Background Thread 3 ] DEBUG Engine               - globalMusicVolumeProperty: DoubleProperty [value: 0.5]
01:01:43.991 [FXGL Background Thread 3 ] DEBUG Engine               - globalSoundVolume: 0.5
01:01:43.991 [FXGL Background Thread 3 ] DEBUG Engine               - globalSoundVolumeProperty: DoubleProperty [value: 0.5]
01:01:43.991 [FXGL Background Thread 3 ] DEBUG Engine               - height: 900
01:01:43.992 [FXGL Background Thread 3 ] DEBUG Engine               - isAndroid: false
01:01:43.992 [FXGL Background Thread 3 ] DEBUG Engine               - isBrowser: false
01:01:43.992 [FXGL Background Thread 3 ] DEBUG Engine               - isClickFeedbackEnabled: false
01:01:43.993 [FXGL Background Thread 3 ] DEBUG Engine               - isCloseConfirmation: false
01:01:43.994 [FXGL Background Thread 3 ] DEBUG Engine               - isDesktop: true
01:01:43.994 [FXGL Background Thread 3 ] DEBUG Engine               - isDeveloperMenuEnabled: false
01:01:43.994 [FXGL Background Thread 3 ] DEBUG Engine               - isEntityPreloadEnabled: true
01:01:43.995 [FXGL Background Thread 3 ] DEBUG Engine               - isExperimentalNative: false
01:01:43.995 [FXGL Background Thread 3 ] DEBUG Engine               - isExperimentalTiledLargeMap: false
01:01:43.995 [FXGL Background Thread 3 ] DEBUG Engine               - isFileSystemWriteAllowed: true
01:01:43.995 [FXGL Background Thread 3 ] DEBUG Engine               - isFullScreenAllowed: true
01:01:43.996 [FXGL Background Thread 3 ] DEBUG Engine               - isFullScreenFromStart: false
01:01:43.996 [FXGL Background Thread 3 ] DEBUG Engine               - isGameMenuEnabled: true
01:01:43.996 [FXGL Background Thread 3 ] DEBUG Engine               - isIOS: false
01:01:43.997 [FXGL Background Thread 3 ] DEBUG Engine               - isIntroEnabled: false
01:01:43.997 [FXGL Background Thread 3 ] DEBUG Engine               - isLinux: false
01:01:43.997 [FXGL Background Thread 3 ] DEBUG Engine               - isMac: false
01:01:43.997 [FXGL Background Thread 3 ] DEBUG Engine               - isMainMenuEnabled: true
01:01:43.997 [FXGL Background Thread 3 ] DEBUG Engine               - isManualResizeEnabled: true
01:01:43.997 [FXGL Background Thread 3 ] DEBUG Engine               - isMobile: false
01:01:43.998 [FXGL Background Thread 3 ] DEBUG Engine               - isPreserveResizeRatio: true
01:01:43.998 [FXGL Background Thread 3 ] DEBUG Engine               - isProfilingEnabled: false
01:01:43.998 [FXGL Background Thread 3 ] DEBUG Engine               - isSingleStep: false
01:01:43.999 [FXGL Background Thread 3 ] DEBUG Engine               - isUserProfileEnabled: false
01:01:43.999 [FXGL Background Thread 3 ] DEBUG Engine               - isWindows: true
01:01:43.999 [FXGL Background Thread 3 ] DEBUG Engine               - language: ObjectProperty [value: ENGLISH]
01:01:43.999 [FXGL Background Thread 3 ] DEBUG Engine               - menuKey: ESCAPE
01:01:43.999 [FXGL Background Thread 3 ] DEBUG Engine               - notificationViewClass: class com.almasb.fxgl.notification.view.XboxNotificationView
01:01:43.999 [FXGL Background Thread 3 ] DEBUG Engine               - pixelsPerMeter: 50.0
01:01:43.999 [FXGL Background Thread 3 ] DEBUG Engine               - platform: WINDOWS
01:01:44.000 [FXGL Background Thread 3 ] DEBUG Engine               - profileDir: profiles/
01:01:44.000 [FXGL Background Thread 3 ] DEBUG Engine               - profileName: StringProperty [value: DEFAULT]
01:01:44.000 [FXGL Background Thread 3 ] DEBUG Engine               - randomSeed: -1
01:01:44.000 [FXGL Background Thread 3 ] DEBUG Engine               - runtimeInfo: RuntimeInfo(platform=WINDOWS, version=11.11, build=08.09.2020 18.00)
01:01:44.000 [FXGL Background Thread 3 ] DEBUG Engine               - saveFileExt: sav
01:01:44.000 [FXGL Background Thread 3 ] DEBUG Engine               - sceneFactory: GUI.MySceneFactory@4ad30253
01:01:44.000 [FXGL Background Thread 3 ] DEBUG Engine               - secondsIn24h: 60
01:01:44.001 [FXGL Background Thread 3 ] DEBUG Engine               - soundMenuBack: menu/back.wav
01:01:44.001 [FXGL Background Thread 3 ] DEBUG Engine               - soundMenuPress: menu/press.wav
01:01:44.001 [FXGL Background Thread 3 ] DEBUG Engine               - soundMenuSelect: menu/select.wav
01:01:44.002 [FXGL Background Thread 3 ] DEBUG Engine               - soundNotification: core/notification.wav
01:01:44.002 [FXGL Background Thread 3 ] DEBUG Engine               - stageStyle: DECORATED
01:01:44.002 [FXGL Background Thread 3 ] DEBUG Engine               - supportedLanguages: [ENGLISH, FRENCH, GERMAN, HUNGARIAN, RUSSIAN]
01:01:44.002 [FXGL Background Thread 3 ] DEBUG Engine               - title: Slime Conqueror
01:01:44.002 [FXGL Background Thread 3 ] DEBUG Engine               - urlGithub: https://github.com/AlmasB/FXGL
01:01:44.002 [FXGL Background Thread 3 ] DEBUG Engine               - urlLeaderboard: http://fxgl-top.herokuapp.com/
01:01:44.002 [FXGL Background Thread 3 ] DEBUG Engine               - urlPOM: https://raw.githubusercontent.com/AlmasB/FXGL/master/pom.xml
01:01:44.003 [FXGL Background Thread 3 ] DEBUG Engine               - version: v2.2
01:01:44.003 [FXGL Background Thread 3 ] DEBUG Engine               - versionCheckDays: 7
01:01:44.003 [FXGL Background Thread 3 ] DEBUG Engine               - width: 1280
01:01:44.003 [FXGL Background Thread 3 ] DEBUG Engine               - Logging services
01:01:44.003 [FXGL Background Thread 3 ] DEBUG Engine               - class com.almasb.fxgl.app.FXGLApplication$GameApplicationService
01:01:44.003 [FXGL Background Thread 3 ] DEBUG Engine               - class com.almasb.fxgl.app.services.FXGLDialogService
01:01:44.004 [FXGL Background Thread 3 ] DEBUG Engine               - class com.almasb.fxgl.app.services.IOTaskExecutorService
01:01:44.004 [FXGL Background Thread 3 ] DEBUG Engine               - class com.almasb.fxgl.event.EventBusService
01:01:44.005 [FXGL Background Thread 3 ] DEBUG Engine               - class com.almasb.fxgl.io.FileSystemService
01:01:44.005 [FXGL Background Thread 3 ] DEBUG Engine               - class com.almasb.fxgl.localization.LocalizationService
01:01:44.005 [FXGL Background Thread 3 ] DEBUG Engine               - class com.almasb.fxgl.app.services.FXGLAssetLoaderService
01:01:44.005 [FXGL Background Thread 3 ] DEBUG Engine               - class com.almasb.fxgl.app.services.SystemBundleService
01:01:44.005 [FXGL Background Thread 3 ] DEBUG Engine               - class com.almasb.fxgl.profile.SaveLoadService
01:01:44.005 [FXGL Background Thread 3 ] DEBUG Engine               - class com.almasb.fxgl.ui.FXGLUIFactoryServiceProvider
01:01:44.005 [FXGL Background Thread 3 ] DEBUG Engine               - class com.almasb.fxgl.ui.FXGLDialogFactoryServiceProvider
01:01:44.005 [FXGL Background Thread 3 ] DEBUG Engine               - class com.almasb.fxgl.audio.AudioPlayer
01:01:44.005 [FXGL Background Thread 3 ] DEBUG Engine               - class com.almasb.fxgl.notification.impl.NotificationServiceProvider
01:01:44.006 [FXGL Background Thread 3 ] DEBUG Engine               - class com.almasb.fxgl.achievement.AchievementService
01:01:44.006 [FXGL Background Thread 3 ] DEBUG Engine               - class com.almasb.fxgl.cutscene.CutsceneService
01:01:44.006 [FXGL Background Thread 3 ] DEBUG Engine               - class com.almasb.fxgl.minigames.MiniGameService
01:01:44.006 [FXGL Background Thread 3 ] DEBUG Engine               - class com.almasb.fxgl.net.NetService
01:01:44.006 [FXGL Background Thread 3 ] DEBUG Engine               - class com.almasb.fxgl.app.services.UpdaterService
01:01:44.006 [FXGL Background Thread 3 ] DEBUG Engine               - class com.almasb.fxgl.dev.DevService
01:01:49.603 [FXGL Background Thread 4 ] DEBUG FXGLAssetLoaderServi - Loading from file system: /assets/ui/fonts/Abel-Regular.ttf
01:01:49.632 [FXGL Background Thread 4 ] DEBUG FXGLAssetLoaderServi - Loading from file system: /assets/ui/fonts/lucida_console.ttf
01:01:49.638 [FXGL Background Thread 4 ] DEBUG FXGLAssetLoaderServi - Loading from file system: /assets/ui/fonts/Courier-Prime.ttf
01:01:49.677 [JavaFX Application Thread] DEBUG FXGLApplication      - Registering font factories with UI factory
01:01:50.517 [FXGL Background Thread 2 ] INFO  UpdaterService       - Your current version:  11.11
01:01:50.518 [FXGL Background Thread 2 ] INFO  UpdaterService       - Latest stable version: dev-SNAPSHOT
01:01:53.645 [JavaFX Application Thread] DEBUG GameApplicationServi - Starting new game
01:01:53.645 [JavaFX Application Thread] DEBUG MainWindow           - Pop state: MyMenu
01:01:53.645 [JavaFX Application Thread] DEBUG Input                - Clearing active input actions
01:01:53.646 [JavaFX Application Thread] DEBUG GameApplicationServi - Removing overlay from MyMenu and adding to FXGLMainMenuDummyScene
01:01:53.647 [JavaFX Application Thread] DEBUG MainWindow           - FXGLMainMenuDummyScene <- MyMenu
01:01:53.647 [JavaFX Application Thread] DEBUG Input                - Clearing active input actions
01:01:53.652 [JavaFX Application Thread] DEBUG GameApplicationServi - Removing overlay from FXGLMainMenuDummyScene and adding to FXGLLoadingScene
01:01:53.652 [JavaFX Application Thread] DEBUG MainWindow           - FXGLMainMenuDummyScene -> FXGLLoadingScene
01:01:53.653 [JavaFX Application Thread] DEBUG GameApplicationServi - Clearing previous game
01:01:53.653 [JavaFX Application Thread] DEBUG GameScene            - Clearing game scene
01:01:53.653 [JavaFX Application Thread] DEBUG GameWorld            - Clearing game world
01:01:53.653 [JavaFX Application Thread] DEBUG PhysicsWorld         - Clearing physics world
01:01:53.654 [FXGL Background Thread 2 ] DEBUG FXGLApplication      - Initializing game
01:01:53.765 [FXGL Background Thread 2 ] DEBUG FXGLAssetLoaderServi - Loading from file system: /assets/levels/map_level0.txt
01:01:53.772 [FXGL Background Thread 2 ] DEBUG FXGLAssetLoaderServi - Loading from file system: /assets/textures/murGauche.png
01:01:53.827 [FXGL Background Thread 2 ] DEBUG FXGLAssetLoaderServi - Loading from file system: /assets/textures/murHautBas.png
01:01:53.872 [FXGL Background Thread 2 ] DEBUG FXGLAssetLoaderServi - Loading from cache: /assets/textures/murHautBas.png
01:01:53.873 [FXGL Background Thread 2 ] DEBUG FXGLAssetLoaderServi - Loading from cache: /assets/textures/murHautBas.png
01:01:53.873 [FXGL Background Thread 2 ] DEBUG FXGLAssetLoaderServi - Loading from cache: /assets/textures/murHautBas.png
01:01:53.874 [FXGL Background Thread 2 ] DEBUG FXGLAssetLoaderServi - Loading from cache: /assets/textures/murHautBas.png
01:01:53.874 [FXGL Background Thread 2 ] DEBUG FXGLAssetLoaderServi - Loading from cache: /assets/textures/murHautBas.png
01:01:53.875 [FXGL Background Thread 2 ] DEBUG FXGLAssetLoaderServi - Loading from cache: /assets/textures/murHautBas.png
01:01:53.875 [FXGL Background Thread 2 ] DEBUG FXGLAssetLoaderServi - Loading from cache: /assets/textures/murHautBas.png
01:01:53.876 [FXGL Background Thread 2 ] DEBUG FXGLAssetLoaderServi - Loading from cache: /assets/textures/murHautBas.png
01:01:53.876 [FXGL Background Thread 2 ] DEBUG FXGLAssetLoaderServi - Loading from cache: /assets/textures/murHautBas.png
01:01:53.877 [FXGL Background Thread 2 ] DEBUG FXGLAssetLoaderServi - Loading from cache: /assets/textures/murHautBas.png
01:01:53.877 [FXGL Background Thread 2 ] DEBUG FXGLAssetLoaderServi - Loading from cache: /assets/textures/murHautBas.png
01:01:53.878 [FXGL Background Thread 2 ] DEBUG FXGLAssetLoaderServi - Loading from cache: /assets/textures/murHautBas.png
01:01:53.878 [FXGL Background Thread 2 ] DEBUG FXGLAssetLoaderServi - Loading from cache: /assets/textures/murHautBas.png
01:01:53.879 [FXGL Background Thread 2 ] DEBUG FXGLAssetLoaderServi - Loading from cache: /assets/textures/murHautBas.png
01:01:53.880 [FXGL Background Thread 2 ] DEBUG FXGLAssetLoaderServi - Loading from cache: /assets/textures/murHautBas.png
01:01:53.880 [FXGL Background Thread 2 ] DEBUG FXGLAssetLoaderServi - Loading from cache: /assets/textures/murHautBas.png
01:01:53.880 [FXGL Background Thread 2 ] DEBUG FXGLAssetLoaderServi - Loading from cache: /assets/textures/murHautBas.png
01:01:53.880 [FXGL Background Thread 2 ] DEBUG FXGLAssetLoaderServi - Loading from cache: /assets/textures/murHautBas.png
01:01:53.881 [FXGL Background Thread 2 ] DEBUG FXGLAssetLoaderServi - Loading from file system: /assets/textures/murDroite.png
01:01:53.886 [FXGL Background Thread 2 ] DEBUG FXGLAssetLoaderServi - Loading from cache: /assets/textures/murGauche.png
01:01:54.507 [FXGL Background Thread 2 ] DEBUG FXGLAssetLoaderServi - Loading from file system: /assets/textures/player.png
01:01:54.693 [FXGL Background Thread 2 ] DEBUG FXGLAssetLoaderServi - Loading from cache: /assets/textures/murDroite.png
01:01:54.693 [FXGL Background Thread 2 ] DEBUG FXGLAssetLoaderServi - Loading from cache: /assets/textures/murGauche.png
01:01:54.698 [FXGL Background Thread 2 ] DEBUG FXGLAssetLoaderServi - Loading from cache: /assets/textures/murDroite.png
01:01:54.698 [FXGL Background Thread 2 ] DEBUG FXGLAssetLoaderServi - Loading from cache: /assets/textures/murGauche.png
01:01:54.699 [FXGL Background Thread 2 ] DEBUG FXGLAssetLoaderServi - Loading from cache: /assets/textures/murHautBas.png
01:01:54.699 [FXGL Background Thread 2 ] DEBUG FXGLAssetLoaderServi - Loading from cache: /assets/textures/murHautBas.png
01:01:54.699 [FXGL Background Thread 2 ] DEBUG FXGLAssetLoaderServi - Loading from cache: /assets/textures/murHautBas.png
01:01:54.699 [FXGL Background Thread 2 ] DEBUG FXGLAssetLoaderServi - Loading from cache: /assets/textures/murHautBas.png
01:01:54.700 [FXGL Background Thread 2 ] DEBUG FXGLAssetLoaderServi - Loading from cache: /assets/textures/murHautBas.png
01:01:54.700 [FXGL Background Thread 2 ] DEBUG FXGLAssetLoaderServi - Loading from cache: /assets/textures/murHautBas.png
01:01:54.704 [FXGL Background Thread 2 ] DEBUG FXGLAssetLoaderServi - Loading from cache: /assets/textures/murDroite.png
01:01:54.704 [FXGL Background Thread 2 ] DEBUG FXGLAssetLoaderServi - Loading from cache: /assets/textures/murGauche.png
01:01:54.714 [FXGL Background Thread 2 ] DEBUG FXGLAssetLoaderServi - Loading from file system: /assets/textures/lezard.png
01:01:54.745 [FXGL Background Thread 2 ] DEBUG FXGLAssetLoaderServi - Loading from file system: /assets/textures/bat.png
01:01:54.757 [FXGL Background Thread 2 ] DEBUG FXGLAssetLoaderServi - Loading from cache: /assets/textures/bat.png
01:01:54.758 [FXGL Background Thread 2 ] DEBUG FXGLAssetLoaderServi - Loading from cache: /assets/textures/lezard.png
01:01:54.758 [FXGL Background Thread 2 ] DEBUG FXGLAssetLoaderServi - Loading from file system: /assets/textures/renard.png
01:01:54.765 [FXGL Background Thread 2 ] DEBUG FXGLAssetLoaderServi - Loading from cache: /assets/textures/lezard.png
01:01:54.766 [FXGL Background Thread 2 ] DEBUG FXGLAssetLoaderServi - Loading from cache: /assets/textures/murDroite.png
01:01:54.767 [FXGL Background Thread 2 ] DEBUG FXGLAssetLoaderServi - Loading from cache: /assets/textures/murGauche.png
01:01:54.769 [FXGL Background Thread 2 ] DEBUG FXGLAssetLoaderServi - Loading from cache: /assets/textures/murHautBas.png
01:01:54.770 [FXGL Background Thread 2 ] DEBUG FXGLAssetLoaderServi - Loading from cache: /assets/textures/murHautBas.png
01:01:54.770 [FXGL Background Thread 2 ] DEBUG FXGLAssetLoaderServi - Loading from cache: /assets/textures/murHautBas.png
01:01:54.770 [FXGL Background Thread 2 ] DEBUG FXGLAssetLoaderServi - Loading from cache: /assets/textures/murHautBas.png
01:01:54.771 [FXGL Background Thread 2 ] DEBUG FXGLAssetLoaderServi - Loading from cache: /assets/textures/murDroite.png
01:01:54.771 [FXGL Background Thread 2 ] DEBUG FXGLAssetLoaderServi - Loading from cache: /assets/textures/murGauche.png
01:01:54.772 [FXGL Background Thread 2 ] DEBUG FXGLAssetLoaderServi - Loading from cache: /assets/textures/murHautBas.png
01:01:54.772 [FXGL Background Thread 2 ] DEBUG FXGLAssetLoaderServi - Loading from cache: /assets/textures/murHautBas.png
01:01:54.772 [FXGL Background Thread 2 ] DEBUG FXGLAssetLoaderServi - Loading from cache: /assets/textures/murHautBas.png
01:01:54.773 [FXGL Background Thread 2 ] DEBUG FXGLAssetLoaderServi - Loading from cache: /assets/textures/murHautBas.png
01:01:54.776 [FXGL Background Thread 2 ] DEBUG FXGLAssetLoaderServi - Loading from cache: /assets/textures/murDroite.png
01:01:54.776 [FXGL Background Thread 2 ] DEBUG FXGLAssetLoaderServi - Loading from cache: /assets/textures/murGauche.png
01:01:54.780 [FXGL Background Thread 2 ] DEBUG FXGLAssetLoaderServi - Loading from cache: /assets/textures/murDroite.png
01:01:54.780 [FXGL Background Thread 2 ] DEBUG FXGLAssetLoaderServi - Loading from cache: /assets/textures/murGauche.png
01:01:54.781 [FXGL Background Thread 2 ] DEBUG FXGLAssetLoaderServi - Loading from cache: /assets/textures/murHautBas.png
01:01:54.781 [FXGL Background Thread 2 ] DEBUG FXGLAssetLoaderServi - Loading from cache: /assets/textures/murHautBas.png
01:01:54.781 [FXGL Background Thread 2 ] DEBUG FXGLAssetLoaderServi - Loading from cache: /assets/textures/murHautBas.png
01:01:54.782 [FXGL Background Thread 2 ] DEBUG FXGLAssetLoaderServi - Loading from cache: /assets/textures/murHautBas.png
01:01:54.782 [FXGL Background Thread 2 ] DEBUG FXGLAssetLoaderServi - Loading from cache: /assets/textures/murHautBas.png
01:01:54.782 [FXGL Background Thread 2 ] DEBUG FXGLAssetLoaderServi - Loading from cache: /assets/textures/murHautBas.png
01:01:54.783 [FXGL Background Thread 2 ] DEBUG FXGLAssetLoaderServi - Loading from cache: /assets/textures/murHautBas.png
01:01:54.783 [FXGL Background Thread 2 ] DEBUG FXGLAssetLoaderServi - Loading from cache: /assets/textures/murHautBas.png
01:01:54.783 [FXGL Background Thread 2 ] DEBUG FXGLAssetLoaderServi - Loading from cache: /assets/textures/murHautBas.png
01:01:54.784 [FXGL Background Thread 2 ] DEBUG FXGLAssetLoaderServi - Loading from cache: /assets/textures/murHautBas.png
01:01:54.784 [FXGL Background Thread 2 ] DEBUG FXGLAssetLoaderServi - Loading from cache: /assets/textures/murHautBas.png
01:01:54.784 [FXGL Background Thread 2 ] DEBUG FXGLAssetLoaderServi - Loading from cache: /assets/textures/murHautBas.png
01:01:54.784 [FXGL Background Thread 2 ] DEBUG FXGLAssetLoaderServi - Loading from cache: /assets/textures/murHautBas.png
01:01:54.785 [FXGL Background Thread 2 ] DEBUG FXGLAssetLoaderServi - Loading from cache: /assets/textures/murHautBas.png
01:01:54.785 [FXGL Background Thread 2 ] DEBUG FXGLAssetLoaderServi - Loading from cache: /assets/textures/murHautBas.png
01:01:54.785 [FXGL Background Thread 2 ] DEBUG FXGLAssetLoaderServi - Loading from cache: /assets/textures/murDroite.png
01:01:54.785 [FXGL Background Thread 2 ] DEBUG FXGLAssetLoaderServi - Loading from cache: /assets/textures/murGauche.png
01:01:54.790 [FXGL Background Thread 2 ] DEBUG FXGLAssetLoaderServi - Loading from cache: /assets/textures/murDroite.png
01:01:54.790 [FXGL Background Thread 2 ] DEBUG FXGLAssetLoaderServi - Loading from cache: /assets/textures/murGauche.png
01:01:54.794 [FXGL Background Thread 2 ] DEBUG FXGLAssetLoaderServi - Loading from cache: /assets/textures/murDroite.png
01:01:54.794 [FXGL Background Thread 2 ] DEBUG FXGLAssetLoaderServi - Loading from cache: /assets/textures/murGauche.png
01:01:54.794 [FXGL Background Thread 2 ] DEBUG FXGLAssetLoaderServi - Loading from cache: /assets/textures/murHautBas.png
01:01:54.795 [FXGL Background Thread 2 ] DEBUG FXGLAssetLoaderServi - Loading from cache: /assets/textures/murHautBas.png
01:01:54.795 [FXGL Background Thread 2 ] DEBUG FXGLAssetLoaderServi - Loading from cache: /assets/textures/murHautBas.png
01:01:54.795 [FXGL Background Thread 2 ] DEBUG FXGLAssetLoaderServi - Loading from cache: /assets/textures/murHautBas.png
01:01:54.795 [FXGL Background Thread 2 ] DEBUG FXGLAssetLoaderServi - Loading from cache: /assets/textures/murHautBas.png
01:01:54.796 [FXGL Background Thread 2 ] DEBUG FXGLAssetLoaderServi - Loading from cache: /assets/textures/murHautBas.png
01:01:54.796 [FXGL Background Thread 2 ] DEBUG FXGLAssetLoaderServi - Loading from cache: /assets/textures/murHautBas.png
01:01:54.796 [FXGL Background Thread 2 ] DEBUG FXGLAssetLoaderServi - Loading from cache: /assets/textures/murHautBas.png
01:01:54.796 [FXGL Background Thread 2 ] DEBUG FXGLAssetLoaderServi - Loading from cache: /assets/textures/murHautBas.png
01:01:54.796 [FXGL Background Thread 2 ] DEBUG FXGLAssetLoaderServi - Loading from cache: /assets/textures/murHautBas.png
01:01:54.797 [FXGL Background Thread 2 ] DEBUG FXGLAssetLoaderServi - Loading from cache: /assets/textures/murHautBas.png
01:01:54.797 [FXGL Background Thread 2 ] DEBUG FXGLAssetLoaderServi - Loading from cache: /assets/textures/murHautBas.png
01:01:54.797 [FXGL Background Thread 2 ] DEBUG FXGLAssetLoaderServi - Loading from cache: /assets/textures/murHautBas.png
01:01:54.797 [FXGL Background Thread 2 ] DEBUG FXGLAssetLoaderServi - Loading from cache: /assets/textures/murHautBas.png
01:01:54.797 [FXGL Background Thread 2 ] DEBUG FXGLAssetLoaderServi - Loading from cache: /assets/textures/murHautBas.png
01:01:54.798 [FXGL Background Thread 2 ] DEBUG FXGLAssetLoaderServi - Loading from cache: /assets/textures/murHautBas.png
01:01:54.798 [FXGL Background Thread 2 ] DEBUG FXGLAssetLoaderServi - Loading from cache: /assets/textures/murDroite.png
01:01:54.798 [FXGL Background Thread 2 ] DEBUG FXGLAssetLoaderServi - Loading from cache: /assets/textures/murGauche.png
01:01:54.801 [FXGL Background Thread 2 ] DEBUG FXGLAssetLoaderServi - Loading from cache: /assets/textures/murGauche.png
01:01:54.802 [FXGL Background Thread 2 ] DEBUG FXGLAssetLoaderServi - Loading from cache: /assets/textures/murDroite.png
01:01:54.802 [FXGL Background Thread 2 ] DEBUG FXGLAssetLoaderServi - Loading from cache: /assets/textures/murGauche.png
01:01:54.804 [FXGL Background Thread 2 ] DEBUG FXGLAssetLoaderServi - Loading from cache: /assets/textures/lezard.png
01:01:54.805 [FXGL Background Thread 2 ] DEBUG FXGLAssetLoaderServi - Loading from cache: /assets/textures/bat.png
01:01:54.806 [FXGL Background Thread 2 ] DEBUG FXGLAssetLoaderServi - Loading from cache: /assets/textures/murDroite.png
01:01:54.807 [FXGL Background Thread 2 ] DEBUG FXGLAssetLoaderServi - Loading from cache: /assets/textures/murGauche.png
01:01:54.807 [FXGL Background Thread 2 ] DEBUG FXGLAssetLoaderServi - Loading from cache: /assets/textures/murHautBas.png
01:01:54.807 [FXGL Background Thread 2 ] DEBUG FXGLAssetLoaderServi - Loading from cache: /assets/textures/murHautBas.png
01:01:54.808 [FXGL Background Thread 2 ] DEBUG FXGLAssetLoaderServi - Loading from cache: /assets/textures/murHautBas.png
01:01:54.808 [FXGL Background Thread 2 ] DEBUG FXGLAssetLoaderServi - Loading from cache: /assets/textures/murHautBas.png
01:01:54.808 [FXGL Background Thread 2 ] DEBUG FXGLAssetLoaderServi - Loading from cache: /assets/textures/murHautBas.png
01:01:54.808 [FXGL Background Thread 2 ] DEBUG FXGLAssetLoaderServi - Loading from cache: /assets/textures/murHautBas.png
01:01:54.808 [FXGL Background Thread 2 ] DEBUG FXGLAssetLoaderServi - Loading from cache: /assets/textures/murHautBas.png
01:01:54.809 [FXGL Background Thread 2 ] DEBUG FXGLAssetLoaderServi - Loading from cache: /assets/textures/murHautBas.png
01:01:54.809 [FXGL Background Thread 2 ] DEBUG FXGLAssetLoaderServi - Loading from cache: /assets/textures/murHautBas.png
01:01:54.809 [FXGL Background Thread 2 ] DEBUG FXGLAssetLoaderServi - Loading from cache: /assets/textures/murHautBas.png
01:01:54.809 [FXGL Background Thread 2 ] DEBUG FXGLAssetLoaderServi - Loading from cache: /assets/textures/murHautBas.png
01:01:54.809 [FXGL Background Thread 2 ] DEBUG FXGLAssetLoaderServi - Loading from cache: /assets/textures/murHautBas.png
01:01:54.809 [FXGL Background Thread 2 ] DEBUG FXGLAssetLoaderServi - Loading from cache: /assets/textures/murHautBas.png
01:01:54.810 [FXGL Background Thread 2 ] DEBUG FXGLAssetLoaderServi - Loading from cache: /assets/textures/murHautBas.png
01:01:54.810 [FXGL Background Thread 2 ] DEBUG FXGLAssetLoaderServi - Loading from cache: /assets/textures/murHautBas.png
01:01:54.810 [FXGL Background Thread 2 ] DEBUG FXGLAssetLoaderServi - Loading from cache: /assets/textures/murHautBas.png
01:01:54.810 [FXGL Background Thread 2 ] DEBUG FXGLAssetLoaderServi - Loading from cache: /assets/textures/murHautBas.png
01:01:54.810 [FXGL Background Thread 2 ] DEBUG FXGLAssetLoaderServi - Loading from cache: /assets/textures/murHautBas.png
01:01:54.811 [FXGL Background Thread 2 ] DEBUG FXGLAssetLoaderServi - Loading from cache: /assets/textures/murDroite.png
01:01:54.811 [FXGL Background Thread 2 ] DEBUG FXGLAssetLoaderServi - Loading from cache: /assets/textures/murGauche.png
01:01:54.814 [FXGL Background Thread 2 ] DEBUG FXGLAssetLoaderServi - Loading from cache: /assets/textures/murDroite.png
01:01:54.814 [FXGL Background Thread 2 ] DEBUG FXGLAssetLoaderServi - Loading from cache: /assets/textures/murGauche.png
01:01:54.815 [FXGL Background Thread 2 ] DEBUG FXGLAssetLoaderServi - Loading from cache: /assets/textures/renard.png
01:01:54.815 [FXGL Background Thread 2 ] DEBUG FXGLAssetLoaderServi - Loading from cache: /assets/textures/renard.png
01:01:54.817 [FXGL Background Thread 2 ] DEBUG FXGLAssetLoaderServi - Loading from cache: /assets/textures/murDroite.png
01:01:54.817 [FXGL Background Thread 2 ] DEBUG FXGLAssetLoaderServi - Loading from cache: /assets/textures/murGauche.png
01:01:54.819 [FXGL Background Thread 2 ] DEBUG FXGLAssetLoaderServi - Loading from cache: /assets/textures/bat.png
01:01:54.820 [FXGL Background Thread 2 ] DEBUG FXGLAssetLoaderServi - Loading from cache: /assets/textures/bat.png
01:01:54.821 [FXGL Background Thread 2 ] DEBUG FXGLAssetLoaderServi - Loading from cache: /assets/textures/murDroite.png
01:01:54.821 [FXGL Background Thread 2 ] DEBUG FXGLAssetLoaderServi - Loading from cache: /assets/textures/murGauche.png
01:01:54.822 [FXGL Background Thread 2 ] DEBUG FXGLAssetLoaderServi - Loading from cache: /assets/textures/murHautBas.png
01:01:54.822 [FXGL Background Thread 2 ] DEBUG FXGLAssetLoaderServi - Loading from cache: /assets/textures/murHautBas.png
01:01:54.822 [FXGL Background Thread 2 ] DEBUG FXGLAssetLoaderServi - Loading from cache: /assets/textures/murHautBas.png
01:01:54.822 [FXGL Background Thread 2 ] DEBUG FXGLAssetLoaderServi - Loading from cache: /assets/textures/murHautBas.png
01:01:54.823 [FXGL Background Thread 2 ] DEBUG FXGLAssetLoaderServi - Loading from cache: /assets/textures/murHautBas.png
01:01:54.823 [FXGL Background Thread 2 ] DEBUG FXGLAssetLoaderServi - Loading from cache: /assets/textures/murHautBas.png
01:01:54.823 [FXGL Background Thread 2 ] DEBUG FXGLAssetLoaderServi - Loading from cache: /assets/textures/murHautBas.png
01:01:54.823 [FXGL Background Thread 2 ] DEBUG FXGLAssetLoaderServi - Loading from cache: /assets/textures/murHautBas.png
01:01:54.824 [FXGL Background Thread 2 ] DEBUG FXGLAssetLoaderServi - Loading from cache: /assets/textures/murHautBas.png
01:01:54.824 [FXGL Background Thread 2 ] DEBUG FXGLAssetLoaderServi - Loading from cache: /assets/textures/murHautBas.png
01:01:54.824 [FXGL Background Thread 2 ] DEBUG FXGLAssetLoaderServi - Loading from cache: /assets/textures/murHautBas.png
01:01:54.824 [FXGL Background Thread 2 ] DEBUG FXGLAssetLoaderServi - Loading from cache: /assets/textures/murHautBas.png
01:01:54.824 [FXGL Background Thread 2 ] DEBUG FXGLAssetLoaderServi - Loading from cache: /assets/textures/murHautBas.png
01:01:54.824 [FXGL Background Thread 2 ] DEBUG FXGLAssetLoaderServi - Loading from cache: /assets/textures/murHautBas.png
01:01:54.825 [FXGL Background Thread 2 ] DEBUG FXGLAssetLoaderServi - Loading from cache: /assets/textures/murHautBas.png
01:01:54.825 [FXGL Background Thread 2 ] DEBUG FXGLAssetLoaderServi - Loading from cache: /assets/textures/murHautBas.png
01:01:54.825 [FXGL Background Thread 2 ] DEBUG FXGLAssetLoaderServi - Loading from cache: /assets/textures/murHautBas.png
01:01:54.825 [FXGL Background Thread 2 ] DEBUG FXGLAssetLoaderServi - Loading from cache: /assets/textures/murHautBas.png
01:01:54.826 [FXGL Background Thread 2 ] DEBUG FXGLAssetLoaderServi - Loading from cache: /assets/textures/murDroite.png
01:01:54.826 [FXGL Background Thread 2 ] DEBUG FXGLAssetLoaderServi - Loading from cache: /assets/textures/murGauche.png
01:01:54.826 [FXGL Background Thread 2 ] DEBUG FXGLAssetLoaderServi - Loading from file system: /assets/textures/escalier.png
01:01:54.851 [FXGL Background Thread 2 ] DEBUG FXGLAssetLoaderServi - Loading from cache: /assets/textures/bat.png
01:01:54.853 [FXGL Background Thread 2 ] DEBUG FXGLAssetLoaderServi - Loading from cache: /assets/textures/murDroite.png
01:01:54.853 [FXGL Background Thread 2 ] DEBUG FXGLAssetLoaderServi - Loading from file system: /assets/textures/murCoinGauche.png
01:01:54.861 [FXGL Background Thread 2 ] DEBUG FXGLAssetLoaderServi - Loading from cache: /assets/textures/murHautBas.png
01:01:54.862 [FXGL Background Thread 2 ] DEBUG FXGLAssetLoaderServi - Loading from cache: /assets/textures/murHautBas.png
01:01:54.862 [FXGL Background Thread 2 ] DEBUG FXGLAssetLoaderServi - Loading from cache: /assets/textures/murHautBas.png
01:01:54.862 [FXGL Background Thread 2 ] DEBUG FXGLAssetLoaderServi - Loading from cache: /assets/textures/murHautBas.png
01:01:54.862 [FXGL Background Thread 2 ] DEBUG FXGLAssetLoaderServi - Loading from cache: /assets/textures/murHautBas.png
01:01:54.862 [FXGL Background Thread 2 ] DEBUG FXGLAssetLoaderServi - Loading from cache: /assets/textures/murHautBas.png
01:01:54.863 [FXGL Background Thread 2 ] DEBUG FXGLAssetLoaderServi - Loading from cache: /assets/textures/murHautBas.png
01:01:54.863 [FXGL Background Thread 2 ] DEBUG FXGLAssetLoaderServi - Loading from cache: /assets/textures/murHautBas.png
01:01:54.863 [FXGL Background Thread 2 ] DEBUG FXGLAssetLoaderServi - Loading from cache: /assets/textures/murHautBas.png
01:01:54.863 [FXGL Background Thread 2 ] DEBUG FXGLAssetLoaderServi - Loading from cache: /assets/textures/murHautBas.png
01:01:54.863 [FXGL Background Thread 2 ] DEBUG FXGLAssetLoaderServi - Loading from cache: /assets/textures/murHautBas.png
01:01:54.864 [FXGL Background Thread 2 ] DEBUG FXGLAssetLoaderServi - Loading from cache: /assets/textures/murHautBas.png
01:01:54.864 [FXGL Background Thread 2 ] DEBUG FXGLAssetLoaderServi - Loading from cache: /assets/textures/murHautBas.png
01:01:54.864 [FXGL Background Thread 2 ] DEBUG FXGLAssetLoaderServi - Loading from cache: /assets/textures/murHautBas.png
01:01:54.864 [FXGL Background Thread 2 ] DEBUG FXGLAssetLoaderServi - Loading from cache: /assets/textures/murHautBas.png
01:01:54.864 [FXGL Background Thread 2 ] DEBUG FXGLAssetLoaderServi - Loading from cache: /assets/textures/murHautBas.png
01:01:54.865 [FXGL Background Thread 2 ] DEBUG FXGLAssetLoaderServi - Loading from cache: /assets/textures/murHautBas.png
01:01:54.865 [FXGL Background Thread 2 ] DEBUG FXGLAssetLoaderServi - Loading from cache: /assets/textures/murHautBas.png
01:01:54.865 [FXGL Background Thread 2 ] DEBUG FXGLAssetLoaderServi - Loading from cache: /assets/textures/murHautBas.png
01:01:54.865 [FXGL Background Thread 2 ] DEBUG FXGLAssetLoaderServi - Loading from file system: /assets/textures/murCoinDroite.png
01:01:54.870 [FXGL Background Thread 2 ] DEBUG GameWorld            - Clearing removable entities
01:01:54.871 [FXGL Background Thread 2 ] DEBUG GameWorld            - Setting level: com.almasb.fxgl.entity.level.Level@1bbcb6f6
01:01:55.222 [FXGL Background Thread 2 ] INFO  FXGLApplication      - Game initialization took: 1.568 sec
01:01:55.224 [JavaFX Application Thread] DEBUG Input                - Clearing active input actions
01:01:55.303 [JavaFX Application Thread] DEBUG GameApplicationServi - Removing overlay from FXGLLoadingScene and adding to GameScene
01:01:55.303 [JavaFX Application Thread] DEBUG MainWindow           - FXGLLoadingScene -> GameScene
01:02:09.271 [JavaFX Application Thread] DEBUG MainWindow           - Push state: DialogSubScene
01:02:09.271 [JavaFX Application Thread] DEBUG Input                - Clearing active input actions
01:02:09.271 [JavaFX Application Thread] DEBUG GameApplicationServi - Removing overlay from GameScene and adding to DialogSubScene
01:02:09.271 [JavaFX Application Thread] DEBUG MainWindow           - GameScene -> DialogSubScene
01:02:10.484 [JavaFX Application Thread] DEBUG MainWindow           - Pop state: DialogSubScene
01:02:10.484 [JavaFX Application Thread] DEBUG Input                - Clearing active input actions
01:02:10.486 [JavaFX Application Thread] DEBUG GameApplicationServi - Removing overlay from DialogSubScene and adding to GameScene
01:02:10.486 [JavaFX Application Thread] DEBUG MainWindow           - GameScene <- DialogSubScene
01:02:10.486 [JavaFX Application Thread] DEBUG FXGLApplication      - Exiting FXGL
01:02:10.486 [JavaFX Application Thread] DEBUG LoopRunner           - Stopping loop
01:02:10.486 [JavaFX Application Thread] DEBUG SystemBundleService  - Saving FXGL system data
01:02:10.498 [JavaFX Application Thread] DEBUG FileSystemAccess     - Writing to: C:\Users\Gaël\workspace\4.7\Slime-Conqueror\system\fxgl.bundle
01:02:10.499 [JavaFX Application Thread] DEBUG Async                - Shutting down background threads
01:02:10.499 [JavaFX Application Thread] DEBUG MainWindow           - Closing main window
01:02:10.549 [JavaFX Application Thread] DEBUG Logger               - Closing Logger
