15:35:08.945 [main                     ] DEBUG Logger               - Configured Logger
15:35:08.973 [main                     ] DEBUG GameApplication      - Logging settings
Title: Slime Conqueror
Version: v2.2
Width: 1280
Height: 900
Fullscreen: true
Intro: false
Profiling: false
Single step:false
App Mode: DEVELOPER
Menu Key: ESCAPE
Stage Style: DECORATED
Scene Factory: class GUI.MySceneFactory

15:35:09.402 [JavaFX Application Thread] DEBUG FXGLApplication      - Initializing FXGL
15:35:09.411 [JavaFX Application Thread] INFO  Engine               - FXGL-11.11 (08.09.2020 18.00) on WINDOWS (J:11.0.8 FX:14)
15:35:09.411 [JavaFX Application Thread] DEBUG Engine               - JRE Vendor Name: Oracle Corporation
15:35:09.412 [JavaFX Application Thread] DEBUG Engine               - Running on OS: Windows 10 version 10.0
15:35:09.412 [JavaFX Application Thread] DEBUG Engine               - Architecture: amd64
15:35:09.412 [JavaFX Application Thread] INFO  Engine               - Source code and latest versions at: https://github.com/AlmasB/FXGL
15:35:09.412 [JavaFX Application Thread] INFO  Engine               -              Join the FXGL chat at: https://gitter.im/AlmasB/FXGL
15:35:09.533 [JavaFX Application Thread] DEBUG MainWindow           - Creating a JavaFX scene
15:35:09.597 [JavaFX Application Thread] DEBUG MainWindow           - Target settings size: 1280.0 x 900.0
15:35:09.598 [JavaFX Application Thread] DEBUG MainWindow           - Scaled scene size:    1280.0 x 900.0
15:35:09.598 [JavaFX Application Thread] DEBUG MainWindow           - Scaled ratio: (1.0, 1.0)
15:35:09.599 [JavaFX Application Thread] DEBUG MainWindow           - Set initial scene to StartupScene
15:35:09.607 [JavaFX Application Thread] DEBUG MainWindow           - Opening main window
15:35:09.696 [JavaFX Application Thread] DEBUG MainWindow           - Window border size: (16.0, 39.0)
15:35:09.697 [JavaFX Application Thread] DEBUG MainWindow           - Scaled size: 1280.0 x 900.0
15:35:09.697 [JavaFX Application Thread] DEBUG MainWindow           - Scaled ratio: (1.0, 1.0)
15:35:09.697 [JavaFX Application Thread] DEBUG MainWindow           - Scene size: 1280.0 x 900.0
15:35:09.697 [JavaFX Application Thread] DEBUG MainWindow           - Stage size: 1296.0 x 939.0
15:35:09.704 [FXGL Background Thread 1 ] DEBUG Engine               - Initializing environment variables
15:35:09.731 [FXGL Background Thread 1 ] DEBUG GameApplicationServi - Applying CSS: fxgl_dark.css
15:35:09.732 [FXGL Background Thread 1 ] DEBUG FXGLAssetLoaderServi - Loading from file system: /assets/ui/css/fxgl_dark.css
15:35:09.778 [FXGL Background Thread 1 ] DEBUG GameApplicationServi - Initializing application scenes
15:35:09.823 [FXGL Background Thread 1 ] DEBUG GameWorld            - Game world initialized
15:35:09.893 [FXGL Background Thread 1 ] DEBUG PhysicsWorld         - Physics world initialized: appHeight=900, physics.ppm=50,0
15:35:09.895 [FXGL Background Thread 1 ] DEBUG GameScene            - Game scene initialized: 1280x900
15:35:10.222 [FXGL Background Thread 1 ] DEBUG GameApplicationServi - Application scenes initialized
15:35:10.245 [FXGL Background Thread 1 ] DEBUG SystemBundleService  - Loading FXGL system data
15:35:10.250 [FXGL Background Thread 1 ] DEBUG FileSystemAccess     - Reading from: C:\Users\Cardinal\eclipse-workspace\Slime-Conqueror\system\fxgl.bundle
15:35:10.256 [FXGL Background Thread 1 ] DEBUG SystemBundleService  - Bundle FXGL: {}
15:35:10.256 [FXGL Background Thread 1 ] DEBUG UpdaterService       - Checking for updates
15:35:10.262 [FXGL Background Thread 4 ] DEBUG FXGLApplication      - Loading fonts
15:35:10.263 [FXGL Background Thread 4 ] DEBUG FXGLAssetLoaderServi - Loading from file system: /assets/ui/fonts/VarelaRound-Regular.ttf
15:35:10.263 [FXGL Background Thread 1 ] DEBUG FXGLApplication      - Loading default localization
15:35:10.263 [FXGL Background Thread 1 ] DEBUG FXGLAssetLoaderServi - Loading from file system: /assets/languages/english.lang
15:35:10.282 [FXGL Background Thread 1 ] INFO  FXGLApplication      - FXGL initialization took: 0,579 sec
15:35:10.296 [JavaFX Application Thread] DEBUG Input                - Registered new binding: HideGUI - H
15:35:10.296 [JavaFX Application Thread] DEBUG Input                - Registered new binding: Up - Z
15:35:10.296 [JavaFX Application Thread] DEBUG Input                - Registered new binding: Down - S
15:35:10.296 [JavaFX Application Thread] DEBUG Input                - Registered new binding: Left - Q
15:35:10.297 [JavaFX Application Thread] DEBUG Input                - Registered new binding: Right - D
15:35:10.297 [JavaFX Application Thread] DEBUG Input                - Registered new binding: Teleport - F
15:35:10.298 [JavaFX Application Thread] DEBUG Input                - Registered new binding: AttackPos - LMB
15:35:10.298 [JavaFX Application Thread] DEBUG Input                - Registered new binding: Attack - I
15:35:10.299 [JavaFX Application Thread] DEBUG FXGLAssetLoaderServi - Loading from file system: /assets/textures/fxgl_icon.png
15:35:10.351 [JavaFX Application Thread] DEBUG FXGLAssetLoaderServi - Loading from file system: /assets/ui/cursors/fxgl_default.png
15:35:10.354 [JavaFX Application Thread] DEBUG Input                - Registered new binding: Screenshot - P
15:35:10.355 [JavaFX Application Thread] DEBUG Input                - Registered new binding: System info dump - CTRL+9
15:35:10.355 [JavaFX Application Thread] DEBUG Input                - Registered new binding: Restart - CTRL+R
15:35:10.357 [JavaFX Application Thread] DEBUG Input                - Registered new binding: Toggle Debug Camera - CTRL+C
15:35:10.360 [JavaFX Application Thread] DEBUG LoopRunner           - Starting loop
15:35:10.364 [JavaFX Application Thread] DEBUG Input                - Clearing active input actions
15:35:10.381 [JavaFX Application Thread] DEBUG GameApplicationServi - Removing overlay from StartupScene and adding to FXGLMainMenuDummyScene
15:35:10.381 [JavaFX Application Thread] DEBUG MainWindow           - StartupScene -> FXGLMainMenuDummyScene
15:35:10.381 [JavaFX Application Thread] DEBUG MainWindow           - Push state: MyMenu
15:35:10.381 [JavaFX Application Thread] DEBUG Input                - Clearing active input actions
15:35:10.392 [JavaFX Application Thread] DEBUG GameApplicationServi - Removing overlay from FXGLMainMenuDummyScene and adding to MyMenu
15:35:10.393 [JavaFX Application Thread] DEBUG MainWindow           - FXGLMainMenuDummyScene -> MyMenu
15:35:10.643 [JavaFX Application Thread] DEBUG FXGLApplication      - Exiting FXGL
15:35:10.643 [JavaFX Application Thread] DEBUG LoopRunner           - Stopping loop
15:35:10.643 [JavaFX Application Thread] DEBUG SystemBundleService  - Saving FXGL system data
15:35:10.645 [JavaFX Application Thread] DEBUG FileSystemAccess     - Writing to: C:\Users\Cardinal\eclipse-workspace\Slime-Conqueror\system\fxgl.bundle
15:35:10.647 [JavaFX Application Thread] DEBUG Async                - Shutting down background threads
15:35:10.647 [JavaFX Application Thread] DEBUG MainWindow           - Closing main window
15:35:10.659 [JavaFX Application Thread] DEBUG Logger               - Closing Logger
15:35:10.671 [FXGL Background Thread 4 ] DEBUG FXGLAssetLoaderServi - Loading from file system: /assets/ui/fonts/Abel-Regular.ttf
15:35:10.674 [FXGL Background Thread 4 ] DEBUG FXGLAssetLoaderServi - Loading from file system: /assets/ui/fonts/lucida_console.ttf
