14:15:52.601 [main                     ] DEBUG Logger               - Configured Logger
14:15:52.636 [main                     ] DEBUG GameApplication      - Logging settings
Title: Slime Conqueror
Version: v2.2
Width: 1280
Height: 900
Fullscreen: true
Intro: false
Profiling: false
Single step:false
App Mode: DEVELOPER
Menu Key: ESCAPE
Stage Style: DECORATED
Scene Factory: class GUI.MySceneFactory

14:15:53.333 [JavaFX Application Thread] DEBUG FXGLApplication      - Initializing FXGL
14:15:53.356 [JavaFX Application Thread] INFO  Engine               - FXGL-11.11 (08.09.2020 18.00) on WINDOWS (J:14.0.2 FX:14)
14:15:53.357 [JavaFX Application Thread] DEBUG Engine               - JRE Vendor Name: Oracle Corporation
14:15:53.357 [JavaFX Application Thread] DEBUG Engine               - Running on OS: Windows 10 version 10.0
14:15:53.357 [JavaFX Application Thread] DEBUG Engine               - Architecture: amd64
14:15:53.357 [JavaFX Application Thread] INFO  Engine               - Source code and latest versions at: https://github.com/AlmasB/FXGL
14:15:53.358 [JavaFX Application Thread] INFO  Engine               -              Join the FXGL chat at: https://gitter.im/AlmasB/FXGL
14:15:53.502 [JavaFX Application Thread] DEBUG MainWindow           - Creating a JavaFX scene
14:15:53.502 [JavaFX Application Thread] DEBUG MainWindow           - Target size > screen size
14:15:53.572 [JavaFX Application Thread] DEBUG MainWindow           - Target settings size: 1280.0 x 900.0
14:15:53.572 [JavaFX Application Thread] DEBUG MainWindow           - Scaled scene size:    1203.0 x 863.0
14:15:53.572 [JavaFX Application Thread] DEBUG MainWindow           - Scaled ratio: (0.93984375, 0.9588888888888889)
14:15:53.574 [JavaFX Application Thread] DEBUG MainWindow           - Set initial scene to StartupScene
14:15:53.583 [JavaFX Application Thread] DEBUG MainWindow           - Opening main window
14:15:53.715 [JavaFX Application Thread] DEBUG MainWindow           - Window border size: (14.5999755859375, 37.79998779296875)
14:15:53.715 [JavaFX Application Thread] DEBUG MainWindow           - Scaled size: 1203.0 x 863.0
14:15:53.716 [JavaFX Application Thread] DEBUG MainWindow           - Scaled ratio: (0.93984375, 0.93984375)
14:15:53.716 [JavaFX Application Thread] DEBUG MainWindow           - Scene size: 1203.0 x 863.0
14:15:53.717 [JavaFX Application Thread] DEBUG MainWindow           - Stage size: 1217.5999755859375 x 900.7999877929688
14:15:53.729 [FXGL Background Thread 1 ] DEBUG Engine               - Initializing environment variables
14:15:53.777 [FXGL Background Thread 1 ] DEBUG GameApplicationServi - Applying CSS: fxgl_dark.css
14:15:53.778 [FXGL Background Thread 1 ] DEBUG FXGLAssetLoaderServi - Loading from file system: /assets/ui/css/fxgl_dark.css
14:15:53.865 [FXGL Background Thread 1 ] DEBUG GameApplicationServi - Initializing application scenes
14:15:53.944 [FXGL Background Thread 1 ] DEBUG GameWorld            - Game world initialized
14:15:54.025 [FXGL Background Thread 1 ] DEBUG PhysicsWorld         - Physics world initialized: appHeight=900, physics.ppm=50,0
14:15:54.026 [FXGL Background Thread 1 ] DEBUG GameScene            - Game scene initialized: 1280x900
14:15:54.495 [FXGL Background Thread 1 ] DEBUG GameApplicationServi - Application scenes initialized
14:15:54.522 [FXGL Background Thread 1 ] DEBUG SystemBundleService  - Loading FXGL system data
14:15:54.528 [FXGL Background Thread 1 ] DEBUG FileSystemAccess     - Reading from: C:\Users\Araksio\eclipse-workspace\Slime-Conqueror\system\fxgl.bundle
14:15:54.535 [FXGL Background Thread 1 ] DEBUG SystemBundleService  - Bundle FXGL: {}
14:15:54.536 [FXGL Background Thread 1 ] DEBUG UpdaterService       - Checking for updates
14:15:54.542 [FXGL Background Thread 4 ] DEBUG FXGLApplication      - Loading fonts
14:15:54.542 [FXGL Background Thread 4 ] DEBUG FXGLAssetLoaderServi - Loading from file system: /assets/ui/fonts/VarelaRound-Regular.ttf
14:15:54.543 [FXGL Background Thread 1 ] DEBUG FXGLApplication      - Loading default localization
14:15:54.544 [FXGL Background Thread 1 ] DEBUG FXGLAssetLoaderServi - Loading from file system: /assets/languages/english.lang
14:15:54.565 [FXGL Background Thread 1 ] INFO  FXGLApplication      - FXGL initialization took: 0,836 sec
14:15:54.581 [JavaFX Application Thread] DEBUG Input                - Registered new binding: HideGUI - H
14:15:54.582 [JavaFX Application Thread] DEBUG Input                - Registered new binding: Up - Z
14:15:54.582 [JavaFX Application Thread] DEBUG Input                - Registered new binding: Down - S
14:15:54.583 [JavaFX Application Thread] DEBUG Input                - Registered new binding: Left - Q
14:15:54.583 [JavaFX Application Thread] DEBUG Input                - Registered new binding: Right - D
14:15:54.583 [JavaFX Application Thread] DEBUG Input                - Registered new binding: Teleport - F
14:15:54.586 [JavaFX Application Thread] DEBUG Input                - Registered new binding: AttackPos - LMB
14:15:54.586 [JavaFX Application Thread] DEBUG Input                - Registered new binding: Attack - I
14:15:54.586 [JavaFX Application Thread] DEBUG FXGLAssetLoaderServi - Loading from file system: /assets/textures/fxgl_icon.png
14:15:54.655 [FXGL Background Thread 4 ] DEBUG FXGLAssetLoaderServi - Loading from file system: /assets/ui/fonts/Abel-Regular.ttf
14:15:54.667 [JavaFX Application Thread] DEBUG FXGLAssetLoaderServi - Loading from file system: /assets/ui/cursors/fxgl_default.png
14:15:54.669 [FXGL Background Thread 4 ] DEBUG FXGLAssetLoaderServi - Loading from file system: /assets/ui/fonts/lucida_console.ttf
14:15:54.672 [JavaFX Application Thread] DEBUG Input                - Registered new binding: Screenshot - P
14:15:54.673 [JavaFX Application Thread] DEBUG Input                - Registered new binding: System info dump - CTRL+9
14:15:54.673 [JavaFX Application Thread] DEBUG Input                - Registered new binding: Restart - CTRL+R
14:15:54.674 [JavaFX Application Thread] DEBUG Input                - Registered new binding: Toggle Debug Camera - CTRL+C
14:15:54.676 [FXGL Background Thread 4 ] DEBUG FXGLAssetLoaderServi - Loading from file system: /assets/ui/fonts/Courier-Prime.ttf
14:15:54.678 [JavaFX Application Thread] DEBUG LoopRunner           - Starting loop
14:15:54.680 [JavaFX Application Thread] DEBUG Input                - Clearing active input actions
14:15:54.692 [JavaFX Application Thread] DEBUG GameApplicationServi - Removing overlay from StartupScene and adding to FXGLMainMenuDummyScene
14:15:54.693 [JavaFX Application Thread] DEBUG MainWindow           - StartupScene -> FXGLMainMenuDummyScene
14:15:54.693 [JavaFX Application Thread] DEBUG MainWindow           - Push state: MyMenu
14:15:54.693 [JavaFX Application Thread] DEBUG Input                - Clearing active input actions
14:15:54.703 [JavaFX Application Thread] DEBUG GameApplicationServi - Removing overlay from FXGLMainMenuDummyScene and adding to MyMenu
14:15:54.704 [JavaFX Application Thread] DEBUG MainWindow           - FXGLMainMenuDummyScene -> MyMenu
14:15:54.705 [JavaFX Application Thread] DEBUG FXGLApplication      - Registering font factories with UI factory
14:15:55.338 [FXGL Background Thread 2 ] INFO  UpdaterService       - Your current version:  11.11
14:15:55.339 [FXGL Background Thread 2 ] INFO  UpdaterService       - Latest stable version: dev-SNAPSHOT
14:15:57.541 [FXGL Background Thread 3 ] DEBUG Engine               - Logging environment variables
14:15:57.542 [FXGL Background Thread 3 ] DEBUG Engine               - achievements: []
14:15:57.542 [FXGL Background Thread 3 ] DEBUG Engine               - appIcon: fxgl_icon.png
14:15:57.543 [FXGL Background Thread 3 ] DEBUG Engine               - applicationMode: DEVELOPER
14:15:57.543 [FXGL Background Thread 3 ] DEBUG Engine               - cSSList: [fxgl_dark.css]
14:15:57.543 [FXGL Background Thread 3 ] DEBUG Engine               - configClass: Optional.empty
14:15:57.544 [FXGL Background Thread 3 ] DEBUG Engine               - credits: []
14:15:57.545 [FXGL Background Thread 3 ] DEBUG Engine               - devBBoxColorProperty: ObjectProperty [value: 0xff0000ff]
14:15:57.545 [FXGL Background Thread 3 ] DEBUG Engine               - devEnableDebugCameraProperty: BooleanProperty [value: false]
14:15:57.546 [FXGL Background Thread 3 ] DEBUG Engine               - devSensorColorProperty: ObjectProperty [value: 0xffff00ff]
14:15:57.546 [FXGL Background Thread 3 ] DEBUG Engine               - devShowBBoxProperty: BooleanProperty [value: false]
14:15:57.546 [FXGL Background Thread 3 ] DEBUG Engine               - devShowPositionProperty: BooleanProperty [value: false]
14:15:57.547 [FXGL Background Thread 3 ] DEBUG Engine               - enabledMenuItems: []
14:15:57.547 [FXGL Background Thread 3 ] DEBUG Engine               - engineServices: [class com.almasb.fxgl.app.FXGLApplication$GameApplicationService, class com.almasb.fxgl.app.services.FXGLDialogService, class com.almasb.fxgl.app.services.IOTaskExecutorService, class com.almasb.fxgl.event.EventBusService, class com.almasb.fxgl.io.FileSystemService, class com.almasb.fxgl.localization.LocalizationService, class com.almasb.fxgl.app.services.FXGLAssetLoaderService, class com.almasb.fxgl.app.services.SystemBundleService, class com.almasb.fxgl.profile.SaveLoadService, class com.almasb.fxgl.ui.FXGLUIFactoryServiceProvider, class com.almasb.fxgl.ui.FXGLDialogFactoryServiceProvider, class com.almasb.fxgl.audio.AudioPlayer, class com.almasb.fxgl.notification.impl.NotificationServiceProvider, class com.almasb.fxgl.achievement.AchievementService, class com.almasb.fxgl.cutscene.CutsceneService, class com.almasb.fxgl.minigames.MiniGameService, class com.almasb.fxgl.net.NetService, class com.almasb.fxgl.app.services.UpdaterService, class com.almasb.fxgl.dev.DevService]
14:15:57.547 [FXGL Background Thread 3 ] DEBUG Engine               - fontGame: Abel-Regular.ttf
14:15:57.548 [FXGL Background Thread 3 ] DEBUG Engine               - fontMono: lucida_console.ttf
14:15:57.548 [FXGL Background Thread 3 ] DEBUG Engine               - fontText: Courier-Prime.ttf
14:15:57.549 [FXGL Background Thread 3 ] DEBUG Engine               - fontUI: VarelaRound-Regular.ttf
14:15:57.549 [FXGL Background Thread 3 ] DEBUG Engine               - fullScreen: BooleanProperty [value: false]
14:15:57.549 [FXGL Background Thread 3 ] DEBUG Engine               - gameDifficulty: MEDIUM
14:15:57.549 [FXGL Background Thread 3 ] DEBUG Engine               - gameDifficultyProperty: ObjectProperty [value: MEDIUM]
14:15:57.549 [FXGL Background Thread 3 ] DEBUG Engine               - globalMusicVolume: 0.5
14:15:57.550 [FXGL Background Thread 3 ] DEBUG Engine               - globalMusicVolumeProperty: DoubleProperty [value: 0.5]
14:15:57.550 [FXGL Background Thread 3 ] DEBUG Engine               - globalSoundVolume: 0.5
14:15:57.551 [FXGL Background Thread 3 ] DEBUG Engine               - globalSoundVolumeProperty: DoubleProperty [value: 0.5]
14:15:57.551 [FXGL Background Thread 3 ] DEBUG Engine               - height: 900
14:15:57.552 [FXGL Background Thread 3 ] DEBUG Engine               - isAndroid: false
14:15:57.552 [FXGL Background Thread 3 ] DEBUG Engine               - isBrowser: false
14:15:57.552 [FXGL Background Thread 3 ] DEBUG Engine               - isClickFeedbackEnabled: false
14:15:57.554 [FXGL Background Thread 3 ] DEBUG Engine               - isCloseConfirmation: false
14:15:57.554 [FXGL Background Thread 3 ] DEBUG Engine               - isDesktop: true
14:15:57.554 [FXGL Background Thread 3 ] DEBUG Engine               - isDeveloperMenuEnabled: false
14:15:57.555 [FXGL Background Thread 3 ] DEBUG Engine               - isEntityPreloadEnabled: true
14:15:57.555 [FXGL Background Thread 3 ] DEBUG Engine               - isExperimentalNative: false
14:15:57.555 [FXGL Background Thread 3 ] DEBUG Engine               - isExperimentalTiledLargeMap: false
14:15:57.556 [FXGL Background Thread 3 ] DEBUG Engine               - isFileSystemWriteAllowed: true
14:15:57.556 [FXGL Background Thread 3 ] DEBUG Engine               - isFullScreenAllowed: true
14:15:57.557 [FXGL Background Thread 3 ] DEBUG Engine               - isFullScreenFromStart: false
14:15:57.557 [FXGL Background Thread 3 ] DEBUG Engine               - isGameMenuEnabled: true
14:15:57.557 [FXGL Background Thread 3 ] DEBUG Engine               - isIOS: false
14:15:57.558 [FXGL Background Thread 3 ] DEBUG Engine               - isIntroEnabled: false
14:15:57.558 [FXGL Background Thread 3 ] DEBUG Engine               - isLinux: false
14:15:57.558 [FXGL Background Thread 3 ] DEBUG Engine               - isMac: false
14:15:57.558 [FXGL Background Thread 3 ] DEBUG Engine               - isMainMenuEnabled: true
14:15:57.559 [FXGL Background Thread 3 ] DEBUG Engine               - isManualResizeEnabled: true
14:15:57.559 [FXGL Background Thread 3 ] DEBUG Engine               - isMobile: false
14:15:57.559 [FXGL Background Thread 3 ] DEBUG Engine               - isPreserveResizeRatio: true
14:15:57.560 [FXGL Background Thread 3 ] DEBUG Engine               - isProfilingEnabled: false
14:15:57.560 [FXGL Background Thread 3 ] DEBUG Engine               - isSingleStep: false
14:15:57.560 [FXGL Background Thread 3 ] DEBUG Engine               - isUserProfileEnabled: false
14:15:57.561 [FXGL Background Thread 3 ] DEBUG Engine               - isWindows: true
14:15:57.561 [FXGL Background Thread 3 ] DEBUG Engine               - language: ObjectProperty [value: ENGLISH]
14:15:57.561 [FXGL Background Thread 3 ] DEBUG Engine               - menuKey: ESCAPE
14:15:57.562 [FXGL Background Thread 3 ] DEBUG Engine               - notificationViewClass: class com.almasb.fxgl.notification.view.XboxNotificationView
14:15:57.562 [FXGL Background Thread 3 ] DEBUG Engine               - pixelsPerMeter: 50.0
14:15:57.562 [FXGL Background Thread 3 ] DEBUG Engine               - platform: WINDOWS
14:15:57.563 [FXGL Background Thread 3 ] DEBUG Engine               - profileDir: profiles/
14:15:57.563 [FXGL Background Thread 3 ] DEBUG Engine               - profileName: StringProperty [value: DEFAULT]
14:15:57.563 [FXGL Background Thread 3 ] DEBUG Engine               - randomSeed: -1
14:15:57.564 [FXGL Background Thread 3 ] DEBUG Engine               - runtimeInfo: RuntimeInfo(platform=WINDOWS, version=11.11, build=08.09.2020 18.00)
14:15:57.564 [FXGL Background Thread 3 ] DEBUG Engine               - saveFileExt: sav
14:15:57.564 [FXGL Background Thread 3 ] DEBUG Engine               - sceneFactory: GUI.MySceneFactory@733687e9
14:15:57.565 [FXGL Background Thread 3 ] DEBUG Engine               - secondsIn24h: 60
14:15:57.565 [FXGL Background Thread 3 ] DEBUG Engine               - soundMenuBack: menu/back.wav
14:15:57.566 [FXGL Background Thread 3 ] DEBUG Engine               - soundMenuPress: menu/press.wav
14:15:57.566 [FXGL Background Thread 3 ] DEBUG Engine               - soundMenuSelect: menu/select.wav
14:15:57.566 [FXGL Background Thread 3 ] DEBUG Engine               - soundNotification: core/notification.wav
14:15:57.566 [FXGL Background Thread 3 ] DEBUG Engine               - stageStyle: DECORATED
14:15:57.567 [FXGL Background Thread 3 ] DEBUG Engine               - supportedLanguages: [ENGLISH, FRENCH, GERMAN, HUNGARIAN, RUSSIAN]
14:15:57.567 [FXGL Background Thread 3 ] DEBUG Engine               - title: Slime Conqueror
14:15:57.567 [FXGL Background Thread 3 ] DEBUG Engine               - urlGithub: https://github.com/AlmasB/FXGL
14:15:57.568 [FXGL Background Thread 3 ] DEBUG Engine               - urlLeaderboard: http://fxgl-top.herokuapp.com/
14:15:57.568 [FXGL Background Thread 3 ] DEBUG Engine               - urlPOM: https://raw.githubusercontent.com/AlmasB/FXGL/master/pom.xml
14:15:57.568 [FXGL Background Thread 3 ] DEBUG Engine               - version: v2.2
14:15:57.568 [FXGL Background Thread 3 ] DEBUG Engine               - versionCheckDays: 7
14:15:57.569 [FXGL Background Thread 3 ] DEBUG Engine               - width: 1280
14:15:57.569 [FXGL Background Thread 3 ] DEBUG Engine               - Logging services
14:15:57.569 [FXGL Background Thread 3 ] DEBUG Engine               - class com.almasb.fxgl.app.FXGLApplication$GameApplicationService
14:15:57.570 [FXGL Background Thread 3 ] DEBUG Engine               - class com.almasb.fxgl.app.services.FXGLDialogService
14:15:57.570 [FXGL Background Thread 3 ] DEBUG Engine               - class com.almasb.fxgl.app.services.IOTaskExecutorService
14:15:57.570 [FXGL Background Thread 3 ] DEBUG Engine               - class com.almasb.fxgl.event.EventBusService
14:15:57.570 [FXGL Background Thread 3 ] DEBUG Engine               - class com.almasb.fxgl.io.FileSystemService
14:15:57.571 [FXGL Background Thread 3 ] DEBUG Engine               - class com.almasb.fxgl.localization.LocalizationService
14:15:57.571 [FXGL Background Thread 3 ] DEBUG Engine               - class com.almasb.fxgl.app.services.FXGLAssetLoaderService
14:15:57.572 [FXGL Background Thread 3 ] DEBUG Engine               - class com.almasb.fxgl.app.services.SystemBundleService
14:15:57.572 [FXGL Background Thread 3 ] DEBUG Engine               - class com.almasb.fxgl.profile.SaveLoadService
14:15:57.572 [FXGL Background Thread 3 ] DEBUG Engine               - class com.almasb.fxgl.ui.FXGLUIFactoryServiceProvider
14:15:57.573 [FXGL Background Thread 3 ] DEBUG Engine               - class com.almasb.fxgl.ui.FXGLDialogFactoryServiceProvider
14:15:57.573 [FXGL Background Thread 3 ] DEBUG Engine               - class com.almasb.fxgl.audio.AudioPlayer
14:15:57.573 [FXGL Background Thread 3 ] DEBUG Engine               - class com.almasb.fxgl.notification.impl.NotificationServiceProvider
14:15:57.573 [FXGL Background Thread 3 ] DEBUG Engine               - class com.almasb.fxgl.achievement.AchievementService
14:15:57.574 [FXGL Background Thread 3 ] DEBUG Engine               - class com.almasb.fxgl.cutscene.CutsceneService
14:15:57.574 [FXGL Background Thread 3 ] DEBUG Engine               - class com.almasb.fxgl.minigames.MiniGameService
14:15:57.574 [FXGL Background Thread 3 ] DEBUG Engine               - class com.almasb.fxgl.net.NetService
14:15:57.574 [FXGL Background Thread 3 ] DEBUG Engine               - class com.almasb.fxgl.app.services.UpdaterService
14:15:57.575 [FXGL Background Thread 3 ] DEBUG Engine               - class com.almasb.fxgl.dev.DevService
14:16:12.776 [JavaFX Application Thread] DEBUG GameApplicationServi - Starting new game
14:16:12.777 [JavaFX Application Thread] DEBUG MainWindow           - Pop state: MyMenu
14:16:12.778 [JavaFX Application Thread] DEBUG Input                - Clearing active input actions
14:16:12.780 [JavaFX Application Thread] DEBUG GameApplicationServi - Removing overlay from MyMenu and adding to FXGLMainMenuDummyScene
14:16:12.782 [JavaFX Application Thread] DEBUG MainWindow           - FXGLMainMenuDummyScene <- MyMenu
14:16:12.782 [JavaFX Application Thread] DEBUG Input                - Clearing active input actions
14:16:12.815 [JavaFX Application Thread] DEBUG GameApplicationServi - Removing overlay from FXGLMainMenuDummyScene and adding to FXGLLoadingScene
14:16:12.816 [JavaFX Application Thread] DEBUG MainWindow           - FXGLMainMenuDummyScene -> FXGLLoadingScene
14:16:12.817 [JavaFX Application Thread] DEBUG GameApplicationServi - Clearing previous game
14:16:12.817 [JavaFX Application Thread] DEBUG GameScene            - Clearing game scene
14:16:12.818 [JavaFX Application Thread] DEBUG GameWorld            - Clearing game world
14:16:12.818 [JavaFX Application Thread] DEBUG PhysicsWorld         - Clearing physics world
14:16:12.823 [FXGL Background Thread 2 ] DEBUG FXGLApplication      - Initializing game
14:16:12.873 [FXGL Background Thread 2 ] DEBUG FXGLAssetLoaderServi - Loading from file system: /assets/levels/map_level0.txt
14:16:12.912 [JavaFX Application Thread] DEBUG LoopRunner           - Stopping loop
14:16:12.916 [JavaFX Application Thread] FATAL FXGLApplication      - Uncaught Exception:
java.lang.RuntimeException: Initialization failed
	at com.almasb.fxgl.app.FXGLApplication$InitAppTask.failed(FXGLApplication.kt:324)
	at javafx.concurrent.Task.setState(Task.java:710)
	at javafx.concurrent.Task$TaskCallable.lambda$call$2(Task.java:1455)
	at com.sun.javafx.application.PlatformImpl.lambda$runLater$10(PlatformImpl.java:428)
	at java.base/java.security.AccessController.doPrivileged(AccessController.java:391)
	at com.sun.javafx.application.PlatformImpl.lambda$runLater$11(PlatformImpl.java:427)
	at com.sun.glass.ui.InvokeLaterDispatcher$Future.run(InvokeLaterDispatcher.java:96)
	at com.sun.glass.ui.win.WinApplication._runLoop(Native Method)
	at com.sun.glass.ui.win.WinApplication.lambda$runLoop$3(WinApplication.java:174)
	at java.base/java.lang.Thread.run(Thread.java:832)
Caused by: java.lang.IllegalArgumentException: No EntityFactory has a method annotated @Spawns(1)
	at com.almasb.fxgl.entity.GameWorld.create(GameWorld.kt:392)
	at com.almasb.fxgl.entity.level.text.TextLevelLoader.load(TextLevelLoader.kt:41)
	at com.almasb.fxgl.app.services.FXGLAssetLoaderService.loadLevel(FXGLAssetLoaderService.kt:276)
	at game.and.map.GameApp.initGame(GameApp.java:807)
	at com.almasb.fxgl.app.FXGLApplication$InitAppTask.initGame(FXGLApplication.kt:320)
	at com.almasb.fxgl.app.FXGLApplication$InitAppTask.call(FXGLApplication.kt:300)
	at com.almasb.fxgl.app.FXGLApplication$InitAppTask.call(FXGLApplication.kt:292)
	at javafx.concurrent.Task$TaskCallable.call(Task.java:1425)
	at java.base/java.util.concurrent.FutureTask.run(FutureTask.java:264)
	at java.base/java.util.concurrent.Executors$RunnableAdapter.call(Executors.java:515)
	at java.base/java.util.concurrent.FutureTask.run(FutureTask.java:264)
	at java.base/java.util.concurrent.ThreadPoolExecutor.runWorker(ThreadPoolExecutor.java:1130)
	at java.base/java.util.concurrent.ThreadPoolExecutor$Worker.run(ThreadPoolExecutor.java:630)
	... 1 more

14:16:12.917 [JavaFX Application Thread] FATAL FXGLApplication      - Application will now exit
14:16:12.948 [JavaFX Application Thread] DEBUG MainWindow           - Push state: ErrorSubScene
14:16:12.949 [JavaFX Application Thread] DEBUG Input                - Clearing active input actions
14:16:12.959 [JavaFX Application Thread] DEBUG GameApplicationServi - Removing overlay from FXGLLoadingScene and adding to ErrorSubScene
14:16:12.959 [JavaFX Application Thread] DEBUG MainWindow           - FXGLLoadingScene -> ErrorSubScene
14:16:29.377 [JavaFX Application Thread] DEBUG FXGLApplication      - Exiting FXGL
14:16:29.377 [JavaFX Application Thread] DEBUG Async                - Shutting down background threads
14:16:29.377 [JavaFX Application Thread] DEBUG MainWindow           - Closing main window
14:16:29.408 [JavaFX Application Thread] DEBUG Logger               - Closing Logger
