22:07:33.981 [main                     ] DEBUG Logger               - Configured Logger
22:07:34.008 [main                     ] DEBUG GameApplication      - Logging settings
Title: Slime Conqueror
Version: v2.2
Width: 1280
Height: 900
Fullscreen: true
Intro: false
Profiling: false
Single step:false
App Mode: DEVELOPER
Menu Key: ESCAPE
Stage Style: DECORATED
Scene Factory: class GUI.MySceneFactory

22:07:34.468 [JavaFX Application Thread] DEBUG FXGLApplication      - Initializing FXGL
22:07:34.478 [JavaFX Application Thread] INFO  Engine               - FXGL-11.11 (08.09.2020 18.00) on WINDOWS (J:11.0.8 FX:14)
22:07:34.479 [JavaFX Application Thread] DEBUG Engine               - JRE Vendor Name: Oracle Corporation
22:07:34.479 [JavaFX Application Thread] DEBUG Engine               - Running on OS: Windows 10 version 10.0
22:07:34.479 [JavaFX Application Thread] DEBUG Engine               - Architecture: amd64
22:07:34.479 [JavaFX Application Thread] INFO  Engine               - Source code and latest versions at: https://github.com/AlmasB/FXGL
22:07:34.479 [JavaFX Application Thread] INFO  Engine               -              Join the FXGL chat at: https://gitter.im/AlmasB/FXGL
22:07:34.633 [JavaFX Application Thread] DEBUG MainWindow           - Creating a JavaFX scene
22:07:34.730 [JavaFX Application Thread] DEBUG MainWindow           - Target settings size: 1280.0 x 900.0
22:07:34.731 [JavaFX Application Thread] DEBUG MainWindow           - Scaled scene size:    1280.0 x 900.0
22:07:34.731 [JavaFX Application Thread] DEBUG MainWindow           - Scaled ratio: (1.0, 1.0)
22:07:34.733 [JavaFX Application Thread] DEBUG MainWindow           - Set initial scene to StartupScene
22:07:34.743 [JavaFX Application Thread] DEBUG MainWindow           - Opening main window
22:07:34.835 [JavaFX Application Thread] DEBUG MainWindow           - Window border size: (16.0, 39.0)
22:07:34.835 [JavaFX Application Thread] DEBUG MainWindow           - Scaled size: 1280.0 x 900.0
22:07:34.835 [JavaFX Application Thread] DEBUG MainWindow           - Scaled ratio: (1.0, 1.0)
22:07:34.836 [JavaFX Application Thread] DEBUG MainWindow           - Scene size: 1280.0 x 900.0
22:07:34.836 [JavaFX Application Thread] DEBUG MainWindow           - Stage size: 1296.0 x 939.0
22:07:34.843 [FXGL Background Thread 1 ] DEBUG Engine               - Initializing environment variables
22:07:34.870 [FXGL Background Thread 1 ] DEBUG GameApplicationServi - Applying CSS: fxgl_dark.css
22:07:34.871 [FXGL Background Thread 1 ] DEBUG FXGLAssetLoaderServi - Loading from file system: /assets/ui/css/fxgl_dark.css
22:07:34.918 [FXGL Background Thread 1 ] DEBUG GameApplicationServi - Initializing application scenes
22:07:34.993 [FXGL Background Thread 1 ] DEBUG GameWorld            - Game world initialized
22:07:35.049 [FXGL Background Thread 1 ] DEBUG PhysicsWorld         - Physics world initialized: appHeight=900, physics.ppm=50.0
22:07:35.051 [FXGL Background Thread 1 ] DEBUG GameScene            - Game scene initialized: 1280x900
22:07:35.394 [FXGL Background Thread 1 ] DEBUG GameApplicationServi - Application scenes initialized
22:07:35.412 [FXGL Background Thread 1 ] DEBUG SystemBundleService  - Loading FXGL system data
22:07:35.415 [FXGL Background Thread 1 ] DEBUG FileSystemAccess     - Reading from: C:\Users\Gaël\workspace\4.7\Slime-Conquror\system\fxgl.bundle
22:07:35.421 [FXGL Background Thread 1 ] DEBUG SystemBundleService  - Bundle FXGL: {}
22:07:35.421 [FXGL Background Thread 1 ] DEBUG UpdaterService       - Checking for updates
22:07:35.427 [FXGL Background Thread 4 ] DEBUG FXGLApplication      - Loading fonts
22:07:35.427 [FXGL Background Thread 4 ] DEBUG FXGLAssetLoaderServi - Loading from file system: /assets/ui/fonts/VarelaRound-Regular.ttf
22:07:35.428 [FXGL Background Thread 1 ] DEBUG FXGLApplication      - Loading default localization
22:07:35.428 [FXGL Background Thread 1 ] DEBUG FXGLAssetLoaderServi - Loading from file system: /assets/languages/english.lang
22:07:35.445 [FXGL Background Thread 1 ] INFO  FXGLApplication      - FXGL initialization took: 0.602 sec
22:07:35.455 [JavaFX Application Thread] DEBUG Input                - Registered new binding: HideGUI - H
22:07:35.456 [JavaFX Application Thread] DEBUG Input                - Registered new binding: Up - Z
22:07:35.456 [JavaFX Application Thread] DEBUG Input                - Registered new binding: Down - S
22:07:35.456 [JavaFX Application Thread] DEBUG Input                - Registered new binding: Left - Q
22:07:35.456 [JavaFX Application Thread] DEBUG Input                - Registered new binding: Right - D
22:07:35.456 [JavaFX Application Thread] DEBUG Input                - Registered new binding: Teleport - F
22:07:35.458 [JavaFX Application Thread] DEBUG Input                - Registered new binding: AttackPos - LMB
22:07:35.458 [JavaFX Application Thread] DEBUG Input                - Registered new binding: Attack - I
22:07:35.458 [JavaFX Application Thread] DEBUG FXGLAssetLoaderServi - Loading from file system: /assets/textures/fxgl_icon.png
22:07:35.492 [JavaFX Application Thread] DEBUG FXGLAssetLoaderServi - Loading from file system: /assets/ui/cursors/fxgl_default.png
22:07:35.494 [JavaFX Application Thread] DEBUG Input                - Registered new binding: Screenshot - P
22:07:35.495 [JavaFX Application Thread] DEBUG Input                - Registered new binding: System info dump - CTRL+9
22:07:35.495 [JavaFX Application Thread] DEBUG Input                - Registered new binding: Restart - CTRL+R
22:07:35.496 [JavaFX Application Thread] DEBUG Input                - Registered new binding: Toggle Debug Camera - CTRL+C
22:07:35.498 [JavaFX Application Thread] DEBUG LoopRunner           - Starting loop
22:07:35.500 [JavaFX Application Thread] DEBUG Input                - Clearing active input actions
22:07:35.508 [JavaFX Application Thread] DEBUG GameApplicationServi - Removing overlay from StartupScene and adding to FXGLMainMenuDummyScene
22:07:35.508 [JavaFX Application Thread] DEBUG MainWindow           - StartupScene -> FXGLMainMenuDummyScene
22:07:35.508 [JavaFX Application Thread] DEBUG MainWindow           - Push state: MyMenu
22:07:35.508 [JavaFX Application Thread] DEBUG Input                - Clearing active input actions
22:07:35.518 [JavaFX Application Thread] DEBUG GameApplicationServi - Removing overlay from FXGLMainMenuDummyScene and adding to MyMenu
22:07:35.518 [JavaFX Application Thread] DEBUG MainWindow           - FXGLMainMenuDummyScene -> MyMenu
22:07:35.989 [FXGL Background Thread 4 ] DEBUG FXGLAssetLoaderServi - Loading from file system: /assets/ui/fonts/Abel-Regular.ttf
22:07:36.008 [FXGL Background Thread 4 ] DEBUG FXGLAssetLoaderServi - Loading from file system: /assets/ui/fonts/lucida_console.ttf
22:07:36.015 [FXGL Background Thread 4 ] DEBUG FXGLAssetLoaderServi - Loading from file system: /assets/ui/fonts/Courier-Prime.ttf
22:07:36.021 [JavaFX Application Thread] DEBUG FXGLApplication      - Registering font factories with UI factory
22:07:36.198 [FXGL Background Thread 2 ] INFO  UpdaterService       - Your current version:  11.11
22:07:36.199 [FXGL Background Thread 2 ] INFO  UpdaterService       - Latest stable version: dev-SNAPSHOT
22:07:37.207 [JavaFX Application Thread] DEBUG GameApplicationServi - Starting new game
22:07:37.207 [JavaFX Application Thread] DEBUG MainWindow           - Pop state: MyMenu
22:07:37.207 [JavaFX Application Thread] DEBUG Input                - Clearing active input actions
22:07:37.208 [JavaFX Application Thread] DEBUG GameApplicationServi - Removing overlay from MyMenu and adding to FXGLMainMenuDummyScene
22:07:37.208 [JavaFX Application Thread] DEBUG MainWindow           - FXGLMainMenuDummyScene <- MyMenu
22:07:37.208 [JavaFX Application Thread] DEBUG Input                - Clearing active input actions
22:07:37.214 [JavaFX Application Thread] DEBUG GameApplicationServi - Removing overlay from FXGLMainMenuDummyScene and adding to FXGLLoadingScene
22:07:37.214 [JavaFX Application Thread] DEBUG MainWindow           - FXGLMainMenuDummyScene -> FXGLLoadingScene
22:07:37.214 [JavaFX Application Thread] DEBUG GameApplicationServi - Clearing previous game
22:07:37.214 [JavaFX Application Thread] DEBUG GameScene            - Clearing game scene
22:07:37.214 [JavaFX Application Thread] DEBUG GameWorld            - Clearing game world
22:07:37.214 [JavaFX Application Thread] DEBUG PhysicsWorld         - Clearing physics world
22:07:37.215 [FXGL Background Thread 2 ] DEBUG FXGLApplication      - Initializing game
22:07:37.225 [FXGL Background Thread 2 ] DEBUG FXGLAssetLoaderServi - Loading from file system: /assets/levels/map_level0.txt
22:07:37.267 [JavaFX Application Thread] DEBUG LoopRunner           - Stopping loop
22:07:37.273 [JavaFX Application Thread] FATAL FXGLApplication      - Uncaught Exception:
java.lang.RuntimeException: Initialization failed
	at com.almasb.fxgl.app.FXGLApplication$InitAppTask.failed(FXGLApplication.kt:324)
	at javafx.concurrent.Task.setState(Task.java:710)
	at javafx.concurrent.Task$TaskCallable.lambda$call$2(Task.java:1455)
	at com.sun.javafx.application.PlatformImpl.lambda$runLater$10(PlatformImpl.java:428)
	at java.base/java.security.AccessController.doPrivileged(Native Method)
	at com.sun.javafx.application.PlatformImpl.lambda$runLater$11(PlatformImpl.java:427)
	at com.sun.glass.ui.InvokeLaterDispatcher$Future.run(InvokeLaterDispatcher.java:96)
	at com.sun.glass.ui.win.WinApplication._runLoop(Native Method)
	at com.sun.glass.ui.win.WinApplication.lambda$runLoop$3(WinApplication.java:174)
	at java.base/java.lang.Thread.run(Thread.java:834)
Caused by: java.lang.IllegalArgumentException: No EntityFactory has a method annotated @Spawns(o)
	at com.almasb.fxgl.entity.GameWorld.create(GameWorld.kt:392)
	at com.almasb.fxgl.entity.level.text.TextLevelLoader.load(TextLevelLoader.kt:41)
	at com.almasb.fxgl.app.services.FXGLAssetLoaderService.loadLevel(FXGLAssetLoaderService.kt:276)
	at game.and.map.GameApp.initGame(GameApp.java:775)
	at com.almasb.fxgl.app.FXGLApplication$InitAppTask.initGame(FXGLApplication.kt:320)
	at com.almasb.fxgl.app.FXGLApplication$InitAppTask.call(FXGLApplication.kt:300)
	at com.almasb.fxgl.app.FXGLApplication$InitAppTask.call(FXGLApplication.kt:292)
	at javafx.concurrent.Task$TaskCallable.call(Task.java:1425)
	at java.base/java.util.concurrent.FutureTask.run(FutureTask.java:264)
	at java.base/java.util.concurrent.Executors$RunnableAdapter.call(Executors.java:515)
	at java.base/java.util.concurrent.FutureTask.run(FutureTask.java:264)
	at java.base/java.util.concurrent.ThreadPoolExecutor.runWorker(ThreadPoolExecutor.java:1128)
	at java.base/java.util.concurrent.ThreadPoolExecutor$Worker.run(ThreadPoolExecutor.java:628)
	... 1 more

22:07:37.273 [JavaFX Application Thread] FATAL FXGLApplication      - Application will now exit
22:07:37.290 [JavaFX Application Thread] DEBUG MainWindow           - Push state: ErrorSubScene
22:07:37.290 [JavaFX Application Thread] DEBUG Input                - Clearing active input actions
22:07:37.293 [JavaFX Application Thread] DEBUG GameApplicationServi - Removing overlay from FXGLLoadingScene and adding to ErrorSubScene
22:07:37.293 [JavaFX Application Thread] DEBUG MainWindow           - FXGLLoadingScene -> ErrorSubScene
22:07:38.427 [FXGL Background Thread 3 ] DEBUG Engine               - Logging environment variables
22:07:38.427 [FXGL Background Thread 3 ] DEBUG Engine               - achievements: []
22:07:38.427 [FXGL Background Thread 3 ] DEBUG Engine               - appIcon: fxgl_icon.png
22:07:38.427 [FXGL Background Thread 3 ] DEBUG Engine               - applicationMode: DEVELOPER
22:07:38.427 [FXGL Background Thread 3 ] DEBUG Engine               - cSSList: [fxgl_dark.css]
22:07:38.427 [FXGL Background Thread 3 ] DEBUG Engine               - configClass: Optional.empty
22:07:38.428 [FXGL Background Thread 3 ] DEBUG Engine               - credits: []
22:07:38.428 [FXGL Background Thread 3 ] DEBUG Engine               - devBBoxColorProperty: ObjectProperty [value: 0xff0000ff]
22:07:38.428 [FXGL Background Thread 3 ] DEBUG Engine               - devEnableDebugCameraProperty: BooleanProperty [value: false]
22:07:38.428 [FXGL Background Thread 3 ] DEBUG Engine               - devSensorColorProperty: ObjectProperty [value: 0xffff00ff]
22:07:38.428 [FXGL Background Thread 3 ] DEBUG Engine               - devShowBBoxProperty: BooleanProperty [value: false]
22:07:38.428 [FXGL Background Thread 3 ] DEBUG Engine               - devShowPositionProperty: BooleanProperty [value: false]
22:07:38.428 [FXGL Background Thread 3 ] DEBUG Engine               - enabledMenuItems: []
22:07:38.428 [FXGL Background Thread 3 ] DEBUG Engine               - engineServices: [class com.almasb.fxgl.app.FXGLApplication$GameApplicationService, class com.almasb.fxgl.app.services.FXGLDialogService, class com.almasb.fxgl.app.services.IOTaskExecutorService, class com.almasb.fxgl.event.EventBusService, class com.almasb.fxgl.io.FileSystemService, class com.almasb.fxgl.localization.LocalizationService, class com.almasb.fxgl.app.services.FXGLAssetLoaderService, class com.almasb.fxgl.app.services.SystemBundleService, class com.almasb.fxgl.profile.SaveLoadService, class com.almasb.fxgl.ui.FXGLUIFactoryServiceProvider, class com.almasb.fxgl.ui.FXGLDialogFactoryServiceProvider, class com.almasb.fxgl.audio.AudioPlayer, class com.almasb.fxgl.notification.impl.NotificationServiceProvider, class com.almasb.fxgl.achievement.AchievementService, class com.almasb.fxgl.cutscene.CutsceneService, class com.almasb.fxgl.minigames.MiniGameService, class com.almasb.fxgl.net.NetService, class com.almasb.fxgl.app.services.UpdaterService, class com.almasb.fxgl.dev.DevService]
22:07:38.428 [FXGL Background Thread 3 ] DEBUG Engine               - fontGame: Abel-Regular.ttf
22:07:38.428 [FXGL Background Thread 3 ] DEBUG Engine               - fontMono: lucida_console.ttf
22:07:38.428 [FXGL Background Thread 3 ] DEBUG Engine               - fontText: Courier-Prime.ttf
22:07:38.429 [FXGL Background Thread 3 ] DEBUG Engine               - fontUI: VarelaRound-Regular.ttf
22:07:38.429 [FXGL Background Thread 3 ] DEBUG Engine               - fullScreen: BooleanProperty [value: false]
22:07:38.429 [FXGL Background Thread 3 ] DEBUG Engine               - gameDifficulty: MEDIUM
22:07:38.429 [FXGL Background Thread 3 ] DEBUG Engine               - gameDifficultyProperty: ObjectProperty [value: MEDIUM]
22:07:38.429 [FXGL Background Thread 3 ] DEBUG Engine               - globalMusicVolume: 0.5
22:07:38.429 [FXGL Background Thread 3 ] DEBUG Engine               - globalMusicVolumeProperty: DoubleProperty [value: 0.5]
22:07:38.429 [FXGL Background Thread 3 ] DEBUG Engine               - globalSoundVolume: 0.5
22:07:38.429 [FXGL Background Thread 3 ] DEBUG Engine               - globalSoundVolumeProperty: DoubleProperty [value: 0.5]
22:07:38.429 [FXGL Background Thread 3 ] DEBUG Engine               - height: 900
22:07:38.429 [FXGL Background Thread 3 ] DEBUG Engine               - isAndroid: false
22:07:38.429 [FXGL Background Thread 3 ] DEBUG Engine               - isBrowser: false
22:07:38.429 [FXGL Background Thread 3 ] DEBUG Engine               - isClickFeedbackEnabled: false
22:07:38.429 [FXGL Background Thread 3 ] DEBUG Engine               - isCloseConfirmation: false
22:07:38.429 [FXGL Background Thread 3 ] DEBUG Engine               - isDesktop: true
22:07:38.429 [FXGL Background Thread 3 ] DEBUG Engine               - isDeveloperMenuEnabled: false
22:07:38.430 [FXGL Background Thread 3 ] DEBUG Engine               - isEntityPreloadEnabled: true
22:07:38.430 [FXGL Background Thread 3 ] DEBUG Engine               - isExperimentalNative: false
22:07:38.430 [FXGL Background Thread 3 ] DEBUG Engine               - isExperimentalTiledLargeMap: false
22:07:38.430 [FXGL Background Thread 3 ] DEBUG Engine               - isFileSystemWriteAllowed: true
22:07:38.430 [FXGL Background Thread 3 ] DEBUG Engine               - isFullScreenAllowed: true
22:07:38.430 [FXGL Background Thread 3 ] DEBUG Engine               - isFullScreenFromStart: false
22:07:38.430 [FXGL Background Thread 3 ] DEBUG Engine               - isGameMenuEnabled: true
22:07:38.430 [FXGL Background Thread 3 ] DEBUG Engine               - isIOS: false
22:07:38.430 [FXGL Background Thread 3 ] DEBUG Engine               - isIntroEnabled: false
22:07:38.430 [FXGL Background Thread 3 ] DEBUG Engine               - isLinux: false
22:07:38.430 [FXGL Background Thread 3 ] DEBUG Engine               - isMac: false
22:07:38.430 [FXGL Background Thread 3 ] DEBUG Engine               - isMainMenuEnabled: true
22:07:38.430 [FXGL Background Thread 3 ] DEBUG Engine               - isManualResizeEnabled: true
22:07:38.430 [FXGL Background Thread 3 ] DEBUG Engine               - isMobile: false
22:07:38.430 [FXGL Background Thread 3 ] DEBUG Engine               - isPreserveResizeRatio: true
22:07:38.430 [FXGL Background Thread 3 ] DEBUG Engine               - isProfilingEnabled: false
22:07:38.430 [FXGL Background Thread 3 ] DEBUG Engine               - isSingleStep: false
22:07:38.431 [FXGL Background Thread 3 ] DEBUG Engine               - isUserProfileEnabled: false
22:07:38.431 [FXGL Background Thread 3 ] DEBUG Engine               - isWindows: true
22:07:38.431 [FXGL Background Thread 3 ] DEBUG Engine               - language: ObjectProperty [value: ENGLISH]
22:07:38.431 [FXGL Background Thread 3 ] DEBUG Engine               - menuKey: ESCAPE
22:07:38.431 [FXGL Background Thread 3 ] DEBUG Engine               - notificationViewClass: class com.almasb.fxgl.notification.view.XboxNotificationView
22:07:38.431 [FXGL Background Thread 3 ] DEBUG Engine               - pixelsPerMeter: 50.0
22:07:38.431 [FXGL Background Thread 3 ] DEBUG Engine               - platform: WINDOWS
22:07:38.431 [FXGL Background Thread 3 ] DEBUG Engine               - profileDir: profiles/
22:07:38.431 [FXGL Background Thread 3 ] DEBUG Engine               - profileName: StringProperty [value: DEFAULT]
22:07:38.431 [FXGL Background Thread 3 ] DEBUG Engine               - randomSeed: -1
22:07:38.431 [FXGL Background Thread 3 ] DEBUG Engine               - runtimeInfo: RuntimeInfo(platform=WINDOWS, version=11.11, build=08.09.2020 18.00)
22:07:38.431 [FXGL Background Thread 3 ] DEBUG Engine               - saveFileExt: sav
22:07:38.431 [FXGL Background Thread 3 ] DEBUG Engine               - sceneFactory: GUI.MySceneFactory@4e2c7889
22:07:38.431 [FXGL Background Thread 3 ] DEBUG Engine               - secondsIn24h: 60
22:07:38.431 [FXGL Background Thread 3 ] DEBUG Engine               - soundMenuBack: menu/back.wav
22:07:38.432 [FXGL Background Thread 3 ] DEBUG Engine               - soundMenuPress: menu/press.wav
22:07:38.432 [FXGL Background Thread 3 ] DEBUG Engine               - soundMenuSelect: menu/select.wav
22:07:38.432 [FXGL Background Thread 3 ] DEBUG Engine               - soundNotification: core/notification.wav
22:07:38.432 [FXGL Background Thread 3 ] DEBUG Engine               - stageStyle: DECORATED
22:07:38.432 [FXGL Background Thread 3 ] DEBUG Engine               - supportedLanguages: [ENGLISH, FRENCH, GERMAN, HUNGARIAN, RUSSIAN]
22:07:38.432 [FXGL Background Thread 3 ] DEBUG Engine               - title: Slime Conqueror
22:07:38.432 [FXGL Background Thread 3 ] DEBUG Engine               - urlGithub: https://github.com/AlmasB/FXGL
22:07:38.432 [FXGL Background Thread 3 ] DEBUG Engine               - urlLeaderboard: http://fxgl-top.herokuapp.com/
22:07:38.432 [FXGL Background Thread 3 ] DEBUG Engine               - urlPOM: https://raw.githubusercontent.com/AlmasB/FXGL/master/pom.xml
22:07:38.432 [FXGL Background Thread 3 ] DEBUG Engine               - version: v2.2
22:07:38.432 [FXGL Background Thread 3 ] DEBUG Engine               - versionCheckDays: 7
22:07:38.432 [FXGL Background Thread 3 ] DEBUG Engine               - width: 1280
22:07:38.432 [FXGL Background Thread 3 ] DEBUG Engine               - Logging services
22:07:38.432 [FXGL Background Thread 3 ] DEBUG Engine               - class com.almasb.fxgl.app.FXGLApplication$GameApplicationService
22:07:38.432 [FXGL Background Thread 3 ] DEBUG Engine               - class com.almasb.fxgl.app.services.FXGLDialogService
22:07:38.432 [FXGL Background Thread 3 ] DEBUG Engine               - class com.almasb.fxgl.app.services.IOTaskExecutorService
22:07:38.432 [FXGL Background Thread 3 ] DEBUG Engine               - class com.almasb.fxgl.event.EventBusService
22:07:38.433 [FXGL Background Thread 3 ] DEBUG Engine               - class com.almasb.fxgl.io.FileSystemService
22:07:38.433 [FXGL Background Thread 3 ] DEBUG Engine               - class com.almasb.fxgl.localization.LocalizationService
22:07:38.433 [FXGL Background Thread 3 ] DEBUG Engine               - class com.almasb.fxgl.app.services.FXGLAssetLoaderService
22:07:38.433 [FXGL Background Thread 3 ] DEBUG Engine               - class com.almasb.fxgl.app.services.SystemBundleService
22:07:38.433 [FXGL Background Thread 3 ] DEBUG Engine               - class com.almasb.fxgl.profile.SaveLoadService
22:07:38.433 [FXGL Background Thread 3 ] DEBUG Engine               - class com.almasb.fxgl.ui.FXGLUIFactoryServiceProvider
22:07:38.433 [FXGL Background Thread 3 ] DEBUG Engine               - class com.almasb.fxgl.ui.FXGLDialogFactoryServiceProvider
22:07:38.433 [FXGL Background Thread 3 ] DEBUG Engine               - class com.almasb.fxgl.audio.AudioPlayer
22:07:38.433 [FXGL Background Thread 3 ] DEBUG Engine               - class com.almasb.fxgl.notification.impl.NotificationServiceProvider
22:07:38.433 [FXGL Background Thread 3 ] DEBUG Engine               - class com.almasb.fxgl.achievement.AchievementService
22:07:38.433 [FXGL Background Thread 3 ] DEBUG Engine               - class com.almasb.fxgl.cutscene.CutsceneService
22:07:38.433 [FXGL Background Thread 3 ] DEBUG Engine               - class com.almasb.fxgl.minigames.MiniGameService
22:07:38.433 [FXGL Background Thread 3 ] DEBUG Engine               - class com.almasb.fxgl.net.NetService
22:07:38.433 [FXGL Background Thread 3 ] DEBUG Engine               - class com.almasb.fxgl.app.services.UpdaterService
22:07:38.433 [FXGL Background Thread 3 ] DEBUG Engine               - class com.almasb.fxgl.dev.DevService
22:07:40.232 [JavaFX Application Thread] DEBUG FXGLApplication      - Exiting FXGL
22:07:40.232 [JavaFX Application Thread] DEBUG Async                - Shutting down background threads
22:07:40.232 [JavaFX Application Thread] DEBUG MainWindow           - Closing main window
22:07:40.244 [JavaFX Application Thread] DEBUG Logger               - Closing Logger
