21:33:44.203 [main                     ] DEBUG Logger               - Configured Logger
21:33:44.233 [main                     ] DEBUG GameApplication      - Logging settings
Title: Slime Conqueror
Version: v2.2
Width: 1280
Height: 900
Fullscreen: true
Intro: false
Profiling: false
Single step:false
App Mode: DEVELOPER
Menu Key: ESCAPE
Stage Style: DECORATED
Scene Factory: class GUI.MySceneFactory

21:33:44.674 [JavaFX Application Thread] DEBUG FXGLApplication      - Initializing FXGL
21:33:44.683 [JavaFX Application Thread] INFO  Engine               - FXGL-11.11 (08.09.2020 18.00) on WINDOWS (J:11.0.8 FX:14)
21:33:44.683 [JavaFX Application Thread] DEBUG Engine               - JRE Vendor Name: Oracle Corporation
21:33:44.684 [JavaFX Application Thread] DEBUG Engine               - Running on OS: Windows 10 version 10.0
21:33:44.684 [JavaFX Application Thread] DEBUG Engine               - Architecture: amd64
21:33:44.684 [JavaFX Application Thread] INFO  Engine               - Source code and latest versions at: https://github.com/AlmasB/FXGL
21:33:44.684 [JavaFX Application Thread] INFO  Engine               -              Join the FXGL chat at: https://gitter.im/AlmasB/FXGL
21:33:44.804 [JavaFX Application Thread] DEBUG MainWindow           - Creating a JavaFX scene
21:33:44.868 [JavaFX Application Thread] DEBUG MainWindow           - Target settings size: 1280.0 x 900.0
21:33:44.869 [JavaFX Application Thread] DEBUG MainWindow           - Scaled scene size:    1280.0 x 900.0
21:33:44.869 [JavaFX Application Thread] DEBUG MainWindow           - Scaled ratio: (1.0, 1.0)
21:33:44.870 [JavaFX Application Thread] DEBUG MainWindow           - Set initial scene to StartupScene
21:33:44.878 [JavaFX Application Thread] DEBUG MainWindow           - Opening main window
21:33:44.966 [JavaFX Application Thread] DEBUG MainWindow           - Window border size: (16.0, 39.0)
21:33:44.967 [JavaFX Application Thread] DEBUG MainWindow           - Scaled size: 1280.0 x 900.0
21:33:44.967 [JavaFX Application Thread] DEBUG MainWindow           - Scaled ratio: (1.0, 1.0)
21:33:44.967 [JavaFX Application Thread] DEBUG MainWindow           - Scene size: 1280.0 x 900.0
21:33:44.967 [JavaFX Application Thread] DEBUG MainWindow           - Stage size: 1296.0 x 939.0
21:33:44.974 [FXGL Background Thread 1 ] DEBUG Engine               - Initializing environment variables
21:33:45.004 [FXGL Background Thread 1 ] DEBUG GameApplicationServi - Applying CSS: fxgl_dark.css
21:33:45.005 [FXGL Background Thread 1 ] DEBUG FXGLAssetLoaderServi - Loading from file system: /assets/ui/css/fxgl_dark.css
21:33:45.052 [FXGL Background Thread 1 ] DEBUG GameApplicationServi - Initializing application scenes
21:33:45.096 [FXGL Background Thread 1 ] DEBUG GameWorld            - Game world initialized
21:33:45.162 [FXGL Background Thread 1 ] DEBUG PhysicsWorld         - Physics world initialized: appHeight=900, physics.ppm=50,0
21:33:45.164 [FXGL Background Thread 1 ] DEBUG GameScene            - Game scene initialized: 1280x900
21:33:45.458 [FXGL Background Thread 1 ] DEBUG GameApplicationServi - Application scenes initialized
21:33:45.479 [FXGL Background Thread 1 ] DEBUG SystemBundleService  - Loading FXGL system data
21:33:45.484 [FXGL Background Thread 1 ] DEBUG FileSystemAccess     - Reading from: C:\Users\Cardinal\eclipse-workspace\Slime-Conqueror\system\fxgl.bundle
21:33:45.489 [FXGL Background Thread 1 ] DEBUG SystemBundleService  - Bundle FXGL: {}
21:33:45.490 [FXGL Background Thread 1 ] DEBUG UpdaterService       - Checking for updates
21:33:45.496 [FXGL Background Thread 4 ] DEBUG FXGLApplication      - Loading fonts
21:33:45.496 [FXGL Background Thread 4 ] DEBUG FXGLAssetLoaderServi - Loading from file system: /assets/ui/fonts/VarelaRound-Regular.ttf
21:33:45.497 [FXGL Background Thread 1 ] DEBUG FXGLApplication      - Loading default localization
21:33:45.497 [FXGL Background Thread 1 ] DEBUG FXGLAssetLoaderServi - Loading from file system: /assets/languages/english.lang
21:33:45.516 [FXGL Background Thread 1 ] INFO  FXGLApplication      - FXGL initialization took: 0,543 sec
21:33:45.527 [JavaFX Application Thread] DEBUG Input                - Registered new binding: HideGUI - H
21:33:45.527 [JavaFX Application Thread] DEBUG Input                - Registered new binding: Up - Z
21:33:45.527 [JavaFX Application Thread] DEBUG Input                - Registered new binding: Down - S
21:33:45.527 [JavaFX Application Thread] DEBUG Input                - Registered new binding: Left - Q
21:33:45.527 [JavaFX Application Thread] DEBUG Input                - Registered new binding: Right - D
21:33:45.528 [JavaFX Application Thread] DEBUG Input                - Registered new binding: Teleport - F
21:33:45.530 [JavaFX Application Thread] DEBUG Input                - Registered new binding: AttackPos - LMB
21:33:45.530 [JavaFX Application Thread] DEBUG Input                - Registered new binding: Attack - I
21:33:45.530 [JavaFX Application Thread] DEBUG FXGLAssetLoaderServi - Loading from file system: /assets/textures/fxgl_icon.png
21:33:45.583 [JavaFX Application Thread] DEBUG FXGLAssetLoaderServi - Loading from file system: /assets/ui/cursors/fxgl_default.png
21:33:45.586 [JavaFX Application Thread] DEBUG Input                - Registered new binding: Screenshot - P
21:33:45.587 [JavaFX Application Thread] DEBUG Input                - Registered new binding: System info dump - CTRL+9
21:33:45.587 [JavaFX Application Thread] DEBUG Input                - Registered new binding: Restart - CTRL+R
21:33:45.588 [JavaFX Application Thread] DEBUG Input                - Registered new binding: Toggle Debug Camera - CTRL+C
21:33:45.591 [JavaFX Application Thread] DEBUG LoopRunner           - Starting loop
21:33:45.593 [JavaFX Application Thread] DEBUG Input                - Clearing active input actions
21:33:45.604 [JavaFX Application Thread] DEBUG GameApplicationServi - Removing overlay from StartupScene and adding to FXGLMainMenuDummyScene
21:33:45.604 [JavaFX Application Thread] DEBUG MainWindow           - StartupScene -> FXGLMainMenuDummyScene
21:33:45.604 [JavaFX Application Thread] DEBUG MainWindow           - Push state: MyMenu
21:33:45.604 [JavaFX Application Thread] DEBUG Input                - Clearing active input actions
21:33:45.615 [JavaFX Application Thread] DEBUG GameApplicationServi - Removing overlay from FXGLMainMenuDummyScene and adding to MyMenu
21:33:45.616 [JavaFX Application Thread] DEBUG MainWindow           - FXGLMainMenuDummyScene -> MyMenu
21:33:45.797 [FXGL Background Thread 4 ] DEBUG FXGLAssetLoaderServi - Loading from file system: /assets/ui/fonts/Abel-Regular.ttf
21:33:45.800 [FXGL Background Thread 4 ] DEBUG FXGLAssetLoaderServi - Loading from file system: /assets/ui/fonts/lucida_console.ttf
21:33:45.804 [FXGL Background Thread 4 ] DEBUG FXGLAssetLoaderServi - Loading from file system: /assets/ui/fonts/Courier-Prime.ttf
21:33:45.808 [JavaFX Application Thread] DEBUG FXGLApplication      - Registering font factories with UI factory
21:33:46.104 [FXGL Background Thread 2 ] INFO  UpdaterService       - Your current version:  11.11
21:33:46.105 [FXGL Background Thread 2 ] INFO  UpdaterService       - Latest stable version: dev-SNAPSHOT
21:33:46.150 [JavaFX Application Thread] DEBUG FXGLApplication      - Exiting FXGL
21:33:46.150 [JavaFX Application Thread] DEBUG LoopRunner           - Stopping loop
21:33:46.150 [JavaFX Application Thread] DEBUG SystemBundleService  - Saving FXGL system data
21:33:46.152 [JavaFX Application Thread] DEBUG FileSystemAccess     - Writing to: C:\Users\Cardinal\eclipse-workspace\Slime-Conqueror\system\fxgl.bundle
21:33:46.154 [JavaFX Application Thread] DEBUG Async                - Shutting down background threads
21:33:46.154 [JavaFX Application Thread] DEBUG MainWindow           - Closing main window
21:33:46.164 [JavaFX Application Thread] DEBUG Logger               - Closing Logger
