21:45:08.733 [main                     ] DEBUG Logger               - Configured Logger
21:45:08.761 [main                     ] DEBUG GameApplication      - Logging settings
Title: Slime Conqueror
Version: v2.2
Width: 1280
Height: 900
Fullscreen: true
Intro: false
Profiling: false
Single step:false
App Mode: DEVELOPER
Menu Key: ESCAPE
Stage Style: DECORATED
Scene Factory: class GUI.MySceneFactory

21:45:09.229 [JavaFX Application Thread] DEBUG FXGLApplication      - Initializing FXGL
21:45:09.241 [JavaFX Application Thread] INFO  Engine               - FXGL-11.11 (08.09.2020 18.00) on WINDOWS (J:11.0.8 FX:14)
21:45:09.242 [JavaFX Application Thread] DEBUG Engine               - JRE Vendor Name: Oracle Corporation
21:45:09.242 [JavaFX Application Thread] DEBUG Engine               - Running on OS: Windows 10 version 10.0
21:45:09.242 [JavaFX Application Thread] DEBUG Engine               - Architecture: amd64
21:45:09.242 [JavaFX Application Thread] INFO  Engine               - Source code and latest versions at: https://github.com/AlmasB/FXGL
21:45:09.243 [JavaFX Application Thread] INFO  Engine               -              Join the FXGL chat at: https://gitter.im/AlmasB/FXGL
21:45:09.458 [JavaFX Application Thread] DEBUG MainWindow           - Creating a JavaFX scene
21:45:09.558 [JavaFX Application Thread] DEBUG MainWindow           - Target settings size: 1280.0 x 900.0
21:45:09.558 [JavaFX Application Thread] DEBUG MainWindow           - Scaled scene size:    1280.0 x 900.0
21:45:09.558 [JavaFX Application Thread] DEBUG MainWindow           - Scaled ratio: (1.0, 1.0)
21:45:09.559 [JavaFX Application Thread] DEBUG MainWindow           - Set initial scene to StartupScene
21:45:09.568 [JavaFX Application Thread] DEBUG MainWindow           - Opening main window
21:45:09.659 [JavaFX Application Thread] DEBUG MainWindow           - Window border size: (16.0, 39.0)
21:45:09.659 [JavaFX Application Thread] DEBUG MainWindow           - Scaled size: 1280.0 x 900.0
21:45:09.659 [JavaFX Application Thread] DEBUG MainWindow           - Scaled ratio: (1.0, 1.0)
21:45:09.659 [JavaFX Application Thread] DEBUG MainWindow           - Scene size: 1280.0 x 900.0
21:45:09.659 [JavaFX Application Thread] DEBUG MainWindow           - Stage size: 1296.0 x 939.0
21:45:09.664 [FXGL Background Thread 1 ] DEBUG Engine               - Initializing environment variables
21:45:09.707 [FXGL Background Thread 1 ] DEBUG GameApplicationServi - Applying CSS: fxgl_dark.css
21:45:09.710 [FXGL Background Thread 1 ] DEBUG FXGLAssetLoaderServi - Loading from file system: /assets/ui/css/fxgl_dark.css
21:45:09.764 [FXGL Background Thread 1 ] DEBUG GameApplicationServi - Initializing application scenes
21:45:09.849 [FXGL Background Thread 1 ] DEBUG GameWorld            - Game world initialized
21:45:09.910 [FXGL Background Thread 1 ] DEBUG PhysicsWorld         - Physics world initialized: appHeight=900, physics.ppm=50.0
21:45:09.912 [FXGL Background Thread 1 ] DEBUG GameScene            - Game scene initialized: 1280x900
21:45:10.294 [FXGL Background Thread 1 ] DEBUG GameApplicationServi - Application scenes initialized
21:45:10.316 [FXGL Background Thread 1 ] DEBUG SystemBundleService  - Loading FXGL system data
21:45:10.319 [FXGL Background Thread 1 ] DEBUG FileSystemAccess     - Reading from: C:\Users\Gaël\workspace\4.7\Slime-Conqueror\system\fxgl.bundle
21:45:10.325 [FXGL Background Thread 1 ] DEBUG SystemBundleService  - Bundle FXGL: {}
21:45:10.326 [FXGL Background Thread 1 ] DEBUG UpdaterService       - Checking for updates
21:45:10.331 [FXGL Background Thread 4 ] DEBUG FXGLApplication      - Loading fonts
21:45:10.331 [FXGL Background Thread 4 ] DEBUG FXGLAssetLoaderServi - Loading from file system: /assets/ui/fonts/VarelaRound-Regular.ttf
21:45:10.338 [FXGL Background Thread 1 ] DEBUG FXGLApplication      - Loading default localization
21:45:10.338 [FXGL Background Thread 1 ] DEBUG FXGLAssetLoaderServi - Loading from file system: /assets/languages/english.lang
21:45:10.368 [FXGL Background Thread 1 ] INFO  FXGLApplication      - FXGL initialization took: 0.701 sec
21:45:10.378 [JavaFX Application Thread] DEBUG Input                - Registered new binding: HideGUI - H
21:45:10.378 [JavaFX Application Thread] DEBUG Input                - Registered new binding: Up - Z
21:45:10.378 [JavaFX Application Thread] DEBUG Input                - Registered new binding: Down - S
21:45:10.378 [JavaFX Application Thread] DEBUG Input                - Registered new binding: Left - Q
21:45:10.378 [JavaFX Application Thread] DEBUG Input                - Registered new binding: Right - D
21:45:10.379 [JavaFX Application Thread] DEBUG Input                - Registered new binding: Teleport - F
21:45:10.380 [JavaFX Application Thread] DEBUG Input                - Registered new binding: AttackPos - LMB
21:45:10.380 [JavaFX Application Thread] DEBUG Input                - Registered new binding: Attack - I
21:45:10.380 [JavaFX Application Thread] DEBUG FXGLAssetLoaderServi - Loading from file system: /assets/textures/fxgl_icon.png
21:45:10.429 [JavaFX Application Thread] DEBUG FXGLAssetLoaderServi - Loading from file system: /assets/ui/cursors/fxgl_default.png
21:45:10.432 [JavaFX Application Thread] DEBUG Input                - Registered new binding: Screenshot - P
21:45:10.433 [JavaFX Application Thread] DEBUG Input                - Registered new binding: System info dump - CTRL+9
21:45:10.433 [JavaFX Application Thread] DEBUG Input                - Registered new binding: Restart - CTRL+R
21:45:10.435 [JavaFX Application Thread] DEBUG Input                - Registered new binding: Toggle Debug Camera - CTRL+C
21:45:10.439 [JavaFX Application Thread] DEBUG LoopRunner           - Starting loop
21:45:10.442 [JavaFX Application Thread] DEBUG Input                - Clearing active input actions
21:45:10.448 [JavaFX Application Thread] DEBUG GameApplicationServi - Removing overlay from StartupScene and adding to FXGLMainMenuDummyScene
21:45:10.448 [JavaFX Application Thread] DEBUG MainWindow           - StartupScene -> FXGLMainMenuDummyScene
21:45:10.448 [JavaFX Application Thread] DEBUG MainWindow           - Push state: MyMenu
21:45:10.448 [JavaFX Application Thread] DEBUG Input                - Clearing active input actions
21:45:10.495 [JavaFX Application Thread] DEBUG GameApplicationServi - Removing overlay from FXGLMainMenuDummyScene and adding to MyMenu
21:45:10.495 [JavaFX Application Thread] DEBUG MainWindow           - FXGLMainMenuDummyScene -> MyMenu
21:45:10.766 [FXGL Background Thread 4 ] DEBUG FXGLAssetLoaderServi - Loading from file system: /assets/ui/fonts/Abel-Regular.ttf
21:45:10.770 [FXGL Background Thread 4 ] DEBUG FXGLAssetLoaderServi - Loading from file system: /assets/ui/fonts/lucida_console.ttf
21:45:10.779 [FXGL Background Thread 4 ] DEBUG FXGLAssetLoaderServi - Loading from file system: /assets/ui/fonts/Courier-Prime.ttf
21:45:10.784 [JavaFX Application Thread] DEBUG FXGLApplication      - Registering font factories with UI factory
21:45:11.123 [FXGL Background Thread 2 ] INFO  UpdaterService       - Your current version:  11.11
21:45:11.124 [FXGL Background Thread 2 ] INFO  UpdaterService       - Latest stable version: dev-SNAPSHOT
21:45:12.100 [JavaFX Application Thread] DEBUG GameApplicationServi - Starting new game
21:45:12.101 [JavaFX Application Thread] DEBUG MainWindow           - Pop state: MyMenu
21:45:12.101 [JavaFX Application Thread] DEBUG Input                - Clearing active input actions
21:45:12.102 [JavaFX Application Thread] DEBUG GameApplicationServi - Removing overlay from MyMenu and adding to FXGLMainMenuDummyScene
21:45:12.108 [JavaFX Application Thread] DEBUG MainWindow           - FXGLMainMenuDummyScene <- MyMenu
21:45:12.108 [JavaFX Application Thread] DEBUG Input                - Clearing active input actions
21:45:12.115 [JavaFX Application Thread] DEBUG GameApplicationServi - Removing overlay from FXGLMainMenuDummyScene and adding to FXGLLoadingScene
21:45:12.116 [JavaFX Application Thread] DEBUG MainWindow           - FXGLMainMenuDummyScene -> FXGLLoadingScene
21:45:12.116 [JavaFX Application Thread] DEBUG GameApplicationServi - Clearing previous game
21:45:12.116 [JavaFX Application Thread] DEBUG GameScene            - Clearing game scene
21:45:12.116 [JavaFX Application Thread] DEBUG GameWorld            - Clearing game world
21:45:12.116 [JavaFX Application Thread] DEBUG PhysicsWorld         - Clearing physics world
21:45:12.117 [FXGL Background Thread 2 ] DEBUG FXGLApplication      - Initializing game
21:45:12.128 [FXGL Background Thread 2 ] DEBUG FXGLAssetLoaderServi - Loading from file system: /assets/levels/map_level0.txt
21:45:12.148 [FXGL Background Thread 2 ] DEBUG FXGLAssetLoaderServi - Loading from file system: /assets/textures/
21:45:12.166 [FXGL Background Thread 2 ] DEBUG FXGLAssetLoaderServi - Loading from cache: /assets/textures/
21:45:12.172 [FXGL Background Thread 2 ] DEBUG FXGLAssetLoaderServi - Loading from cache: /assets/textures/
21:45:12.172 [FXGL Background Thread 2 ] DEBUG FXGLAssetLoaderServi - Loading from cache: /assets/textures/
21:45:12.173 [FXGL Background Thread 2 ] DEBUG FXGLAssetLoaderServi - Loading from cache: /assets/textures/
21:45:12.173 [FXGL Background Thread 2 ] DEBUG FXGLAssetLoaderServi - Loading from cache: /assets/textures/
21:45:12.173 [FXGL Background Thread 2 ] DEBUG FXGLAssetLoaderServi - Loading from cache: /assets/textures/
21:45:12.173 [FXGL Background Thread 2 ] DEBUG FXGLAssetLoaderServi - Loading from cache: /assets/textures/
21:45:12.174 [FXGL Background Thread 2 ] DEBUG FXGLAssetLoaderServi - Loading from cache: /assets/textures/
21:45:12.174 [FXGL Background Thread 2 ] DEBUG FXGLAssetLoaderServi - Loading from cache: /assets/textures/
21:45:12.174 [FXGL Background Thread 2 ] DEBUG FXGLAssetLoaderServi - Loading from cache: /assets/textures/
21:45:12.174 [FXGL Background Thread 2 ] DEBUG FXGLAssetLoaderServi - Loading from cache: /assets/textures/
21:45:12.175 [FXGL Background Thread 2 ] DEBUG FXGLAssetLoaderServi - Loading from cache: /assets/textures/
21:45:12.175 [FXGL Background Thread 2 ] DEBUG FXGLAssetLoaderServi - Loading from cache: /assets/textures/
21:45:12.175 [FXGL Background Thread 2 ] DEBUG FXGLAssetLoaderServi - Loading from cache: /assets/textures/
21:45:12.176 [FXGL Background Thread 2 ] DEBUG FXGLAssetLoaderServi - Loading from cache: /assets/textures/
21:45:12.176 [FXGL Background Thread 2 ] DEBUG FXGLAssetLoaderServi - Loading from cache: /assets/textures/
21:45:12.176 [FXGL Background Thread 2 ] DEBUG FXGLAssetLoaderServi - Loading from cache: /assets/textures/
21:45:12.177 [FXGL Background Thread 2 ] DEBUG FXGLAssetLoaderServi - Loading from cache: /assets/textures/
21:45:12.178 [FXGL Background Thread 2 ] DEBUG FXGLAssetLoaderServi - Loading from cache: /assets/textures/
21:45:12.184 [FXGL Background Thread 2 ] DEBUG FXGLAssetLoaderServi - Loading from cache: /assets/textures/
21:45:12.185 [FXGL Background Thread 2 ] DEBUG FXGLAssetLoaderServi - Loading from cache: /assets/textures/
21:45:12.186 [FXGL Background Thread 2 ] DEBUG FXGLAssetLoaderServi - Loading from cache: /assets/textures/
21:45:12.186 [FXGL Background Thread 2 ] DEBUG FXGLAssetLoaderServi - Loading from cache: /assets/textures/
21:45:12.186 [FXGL Background Thread 2 ] DEBUG FXGLAssetLoaderServi - Loading from cache: /assets/textures/
21:45:12.187 [FXGL Background Thread 2 ] DEBUG FXGLAssetLoaderServi - Loading from cache: /assets/textures/
21:45:12.187 [FXGL Background Thread 2 ] DEBUG FXGLAssetLoaderServi - Loading from cache: /assets/textures/
21:45:12.187 [FXGL Background Thread 2 ] DEBUG FXGLAssetLoaderServi - Loading from cache: /assets/textures/
21:45:12.187 [FXGL Background Thread 2 ] DEBUG FXGLAssetLoaderServi - Loading from cache: /assets/textures/
21:45:12.187 [FXGL Background Thread 2 ] DEBUG FXGLAssetLoaderServi - Loading from cache: /assets/textures/
21:45:12.187 [FXGL Background Thread 2 ] DEBUG FXGLAssetLoaderServi - Loading from cache: /assets/textures/
21:45:12.188 [FXGL Background Thread 2 ] DEBUG FXGLAssetLoaderServi - Loading from cache: /assets/textures/
21:45:12.188 [FXGL Background Thread 2 ] DEBUG FXGLAssetLoaderServi - Loading from cache: /assets/textures/
21:45:12.188 [FXGL Background Thread 2 ] DEBUG FXGLAssetLoaderServi - Loading from cache: /assets/textures/
21:45:12.189 [FXGL Background Thread 2 ] DEBUG FXGLAssetLoaderServi - Loading from cache: /assets/textures/
21:45:12.189 [FXGL Background Thread 2 ] DEBUG FXGLAssetLoaderServi - Loading from cache: /assets/textures/
21:45:12.189 [FXGL Background Thread 2 ] DEBUG FXGLAssetLoaderServi - Loading from cache: /assets/textures/
21:45:12.190 [FXGL Background Thread 2 ] DEBUG FXGLAssetLoaderServi - Loading from cache: /assets/textures/
21:45:12.190 [FXGL Background Thread 2 ] DEBUG FXGLAssetLoaderServi - Loading from cache: /assets/textures/
21:45:12.194 [FXGL Background Thread 2 ] DEBUG FXGLAssetLoaderServi - Loading from cache: /assets/textures/
21:45:12.195 [FXGL Background Thread 2 ] DEBUG FXGLAssetLoaderServi - Loading from cache: /assets/textures/
21:45:12.195 [FXGL Background Thread 2 ] DEBUG FXGLAssetLoaderServi - Loading from cache: /assets/textures/
21:45:12.196 [FXGL Background Thread 2 ] DEBUG FXGLAssetLoaderServi - Loading from file system: /assets/textures/Monster.png
21:45:12.213 [FXGL Background Thread 2 ] DEBUG FXGLAssetLoaderServi - Loading from cache: /assets/textures/Monster.png
21:45:12.214 [FXGL Background Thread 2 ] DEBUG FXGLAssetLoaderServi - Loading from cache: /assets/textures/
21:45:12.215 [FXGL Background Thread 2 ] DEBUG FXGLAssetLoaderServi - Loading from file system: /assets/textures/MonsterElectricSlime.png
21:45:12.217 [FXGL Background Thread 2 ] DEBUG FXGLAssetLoaderServi - Loading from cache: /assets/textures/MonsterElectricSlime.png
21:45:12.218 [FXGL Background Thread 2 ] DEBUG FXGLAssetLoaderServi - Loading from cache: /assets/textures/MonsterElectricSlime.png
21:45:12.218 [FXGL Background Thread 2 ] DEBUG FXGLAssetLoaderServi - Loading from cache: /assets/textures/
21:45:12.218 [FXGL Background Thread 2 ] DEBUG FXGLAssetLoaderServi - Loading from cache: /assets/textures/Monster.png
21:45:12.219 [FXGL Background Thread 2 ] DEBUG FXGLAssetLoaderServi - Loading from cache: /assets/textures/
21:45:12.219 [FXGL Background Thread 2 ] DEBUG FXGLAssetLoaderServi - Loading from cache: /assets/textures/
21:45:12.219 [FXGL Background Thread 2 ] DEBUG FXGLAssetLoaderServi - Loading from cache: /assets/textures/
21:45:12.219 [FXGL Background Thread 2 ] DEBUG FXGLAssetLoaderServi - Loading from cache: /assets/textures/
21:45:12.220 [FXGL Background Thread 2 ] DEBUG FXGLAssetLoaderServi - Loading from cache: /assets/textures/
21:45:12.220 [FXGL Background Thread 2 ] DEBUG FXGLAssetLoaderServi - Loading from cache: /assets/textures/
21:45:12.221 [FXGL Background Thread 2 ] DEBUG FXGLAssetLoaderServi - Loading from cache: /assets/textures/
21:45:12.221 [FXGL Background Thread 2 ] DEBUG FXGLAssetLoaderServi - Loading from cache: /assets/textures/
21:45:12.221 [FXGL Background Thread 2 ] DEBUG FXGLAssetLoaderServi - Loading from cache: /assets/textures/
21:45:12.221 [FXGL Background Thread 2 ] DEBUG FXGLAssetLoaderServi - Loading from cache: /assets/textures/
21:45:12.222 [FXGL Background Thread 2 ] DEBUG FXGLAssetLoaderServi - Loading from cache: /assets/textures/
21:45:12.222 [FXGL Background Thread 2 ] DEBUG FXGLAssetLoaderServi - Loading from cache: /assets/textures/
21:45:12.222 [FXGL Background Thread 2 ] DEBUG FXGLAssetLoaderServi - Loading from cache: /assets/textures/
21:45:12.222 [FXGL Background Thread 2 ] DEBUG FXGLAssetLoaderServi - Loading from cache: /assets/textures/
21:45:12.222 [FXGL Background Thread 2 ] DEBUG FXGLAssetLoaderServi - Loading from cache: /assets/textures/
21:45:12.222 [FXGL Background Thread 2 ] DEBUG FXGLAssetLoaderServi - Loading from cache: /assets/textures/
21:45:12.223 [FXGL Background Thread 2 ] DEBUG FXGLAssetLoaderServi - Loading from cache: /assets/textures/
21:45:12.223 [FXGL Background Thread 2 ] DEBUG FXGLAssetLoaderServi - Loading from cache: /assets/textures/
21:45:12.223 [FXGL Background Thread 2 ] DEBUG FXGLAssetLoaderServi - Loading from cache: /assets/textures/
21:45:12.223 [FXGL Background Thread 2 ] DEBUG FXGLAssetLoaderServi - Loading from cache: /assets/textures/
21:45:12.223 [FXGL Background Thread 2 ] DEBUG FXGLAssetLoaderServi - Loading from cache: /assets/textures/
21:45:12.223 [FXGL Background Thread 2 ] DEBUG FXGLAssetLoaderServi - Loading from cache: /assets/textures/
21:45:12.224 [FXGL Background Thread 2 ] DEBUG FXGLAssetLoaderServi - Loading from cache: /assets/textures/
21:45:12.224 [FXGL Background Thread 2 ] DEBUG FXGLAssetLoaderServi - Loading from file system: /assets/textures/TP.png
21:45:12.227 [FXGL Background Thread 2 ] DEBUG FXGLAssetLoaderServi - Loading from cache: /assets/textures/
21:45:12.227 [FXGL Background Thread 2 ] DEBUG FXGLAssetLoaderServi - Loading from cache: /assets/textures/
21:45:12.227 [FXGL Background Thread 2 ] DEBUG FXGLAssetLoaderServi - Loading from cache: /assets/textures/
21:45:12.227 [FXGL Background Thread 2 ] DEBUG FXGLAssetLoaderServi - Loading from cache: /assets/textures/
21:45:12.227 [FXGL Background Thread 2 ] DEBUG FXGLAssetLoaderServi - Loading from cache: /assets/textures/
21:45:12.227 [FXGL Background Thread 2 ] DEBUG FXGLAssetLoaderServi - Loading from cache: /assets/textures/
21:45:12.228 [FXGL Background Thread 2 ] DEBUG FXGLAssetLoaderServi - Loading from cache: /assets/textures/
21:45:12.228 [FXGL Background Thread 2 ] DEBUG FXGLAssetLoaderServi - Loading from cache: /assets/textures/
21:45:12.228 [FXGL Background Thread 2 ] DEBUG FXGLAssetLoaderServi - Loading from cache: /assets/textures/
21:45:12.228 [FXGL Background Thread 2 ] DEBUG FXGLAssetLoaderServi - Loading from cache: /assets/textures/
21:45:12.228 [FXGL Background Thread 2 ] DEBUG FXGLAssetLoaderServi - Loading from cache: /assets/textures/
21:45:12.228 [FXGL Background Thread 2 ] DEBUG FXGLAssetLoaderServi - Loading from cache: /assets/textures/
21:45:12.229 [FXGL Background Thread 2 ] DEBUG FXGLAssetLoaderServi - Loading from cache: /assets/textures/
21:45:12.229 [FXGL Background Thread 2 ] DEBUG FXGLAssetLoaderServi - Loading from cache: /assets/textures/
21:45:12.229 [FXGL Background Thread 2 ] DEBUG FXGLAssetLoaderServi - Loading from cache: /assets/textures/
21:45:12.230 [FXGL Background Thread 2 ] DEBUG FXGLAssetLoaderServi - Loading from cache: /assets/textures/
21:45:12.230 [FXGL Background Thread 2 ] DEBUG FXGLAssetLoaderServi - Loading from cache: /assets/textures/
21:45:12.249 [FXGL Background Thread 2 ] DEBUG FXGLAssetLoaderServi - Loading from cache: /assets/textures/
21:45:12.249 [FXGL Background Thread 2 ] DEBUG FXGLAssetLoaderServi - Loading from cache: /assets/textures/
21:45:12.249 [FXGL Background Thread 2 ] DEBUG FXGLAssetLoaderServi - Loading from cache: /assets/textures/
21:45:12.249 [FXGL Background Thread 2 ] DEBUG FXGLAssetLoaderServi - Loading from cache: /assets/textures/
21:45:12.250 [FXGL Background Thread 2 ] DEBUG FXGLAssetLoaderServi - Loading from cache: /assets/textures/
21:45:12.250 [FXGL Background Thread 2 ] DEBUG FXGLAssetLoaderServi - Loading from cache: /assets/textures/
21:45:12.250 [FXGL Background Thread 2 ] DEBUG FXGLAssetLoaderServi - Loading from cache: /assets/textures/
21:45:12.250 [FXGL Background Thread 2 ] DEBUG FXGLAssetLoaderServi - Loading from cache: /assets/textures/
21:45:12.250 [FXGL Background Thread 2 ] DEBUG FXGLAssetLoaderServi - Loading from cache: /assets/textures/
21:45:12.250 [FXGL Background Thread 2 ] DEBUG FXGLAssetLoaderServi - Loading from cache: /assets/textures/
21:45:12.250 [FXGL Background Thread 2 ] DEBUG FXGLAssetLoaderServi - Loading from cache: /assets/textures/
21:45:12.251 [FXGL Background Thread 2 ] DEBUG FXGLAssetLoaderServi - Loading from cache: /assets/textures/
21:45:12.251 [FXGL Background Thread 2 ] DEBUG FXGLAssetLoaderServi - Loading from cache: /assets/textures/
21:45:12.253 [FXGL Background Thread 2 ] DEBUG FXGLAssetLoaderServi - Loading from cache: /assets/textures/
21:45:12.256 [FXGL Background Thread 2 ] DEBUG FXGLAssetLoaderServi - Loading from cache: /assets/textures/
21:45:12.257 [FXGL Background Thread 2 ] DEBUG FXGLAssetLoaderServi - Loading from cache: /assets/textures/
21:45:12.257 [FXGL Background Thread 2 ] DEBUG FXGLAssetLoaderServi - Loading from cache: /assets/textures/
21:45:12.257 [FXGL Background Thread 2 ] DEBUG FXGLAssetLoaderServi - Loading from cache: /assets/textures/
21:45:12.257 [FXGL Background Thread 2 ] DEBUG FXGLAssetLoaderServi - Loading from cache: /assets/textures/
21:45:12.257 [FXGL Background Thread 2 ] DEBUG FXGLAssetLoaderServi - Loading from cache: /assets/textures/
21:45:12.258 [FXGL Background Thread 2 ] DEBUG FXGLAssetLoaderServi - Loading from cache: /assets/textures/
21:45:12.258 [FXGL Background Thread 2 ] DEBUG FXGLAssetLoaderServi - Loading from cache: /assets/textures/
21:45:12.258 [FXGL Background Thread 2 ] DEBUG FXGLAssetLoaderServi - Loading from cache: /assets/textures/
21:45:12.259 [FXGL Background Thread 2 ] DEBUG FXGLAssetLoaderServi - Loading from cache: /assets/textures/
21:45:12.259 [FXGL Background Thread 2 ] DEBUG FXGLAssetLoaderServi - Loading from cache: /assets/textures/
21:45:12.259 [FXGL Background Thread 2 ] DEBUG FXGLAssetLoaderServi - Loading from cache: /assets/textures/
21:45:12.259 [FXGL Background Thread 2 ] DEBUG FXGLAssetLoaderServi - Loading from cache: /assets/textures/
21:45:12.260 [FXGL Background Thread 2 ] DEBUG FXGLAssetLoaderServi - Loading from cache: /assets/textures/
21:45:12.260 [FXGL Background Thread 2 ] DEBUG FXGLAssetLoaderServi - Loading from cache: /assets/textures/
21:45:12.261 [FXGL Background Thread 2 ] DEBUG FXGLAssetLoaderServi - Loading from cache: /assets/textures/
21:45:12.261 [FXGL Background Thread 2 ] DEBUG FXGLAssetLoaderServi - Loading from cache: /assets/textures/
21:45:12.261 [FXGL Background Thread 2 ] DEBUG FXGLAssetLoaderServi - Loading from cache: /assets/textures/
21:45:12.261 [FXGL Background Thread 2 ] DEBUG FXGLAssetLoaderServi - Loading from cache: /assets/textures/
21:45:12.261 [FXGL Background Thread 2 ] DEBUG FXGLAssetLoaderServi - Loading from cache: /assets/textures/
21:45:12.261 [FXGL Background Thread 2 ] DEBUG FXGLAssetLoaderServi - Loading from cache: /assets/textures/
21:45:12.262 [FXGL Background Thread 2 ] DEBUG FXGLAssetLoaderServi - Loading from cache: /assets/textures/
21:45:12.458 [FXGL Background Thread 2 ] DEBUG FXGLAssetLoaderServi - Loading from file system: /assets/textures/player.png
21:45:12.478 [FXGL Background Thread 2 ] DEBUG FXGLAssetLoaderServi - Loading from cache: /assets/textures/
21:45:12.478 [FXGL Background Thread 2 ] DEBUG FXGLAssetLoaderServi - Loading from cache: /assets/textures/
21:45:12.479 [FXGL Background Thread 2 ] DEBUG FXGLAssetLoaderServi - Loading from cache: /assets/textures/
21:45:12.479 [FXGL Background Thread 2 ] DEBUG FXGLAssetLoaderServi - Loading from cache: /assets/textures/
21:45:12.479 [FXGL Background Thread 2 ] DEBUG FXGLAssetLoaderServi - Loading from cache: /assets/textures/
21:45:12.479 [FXGL Background Thread 2 ] DEBUG FXGLAssetLoaderServi - Loading from cache: /assets/textures/
21:45:12.480 [FXGL Background Thread 2 ] DEBUG FXGLAssetLoaderServi - Loading from cache: /assets/textures/
21:45:12.480 [FXGL Background Thread 2 ] DEBUG FXGLAssetLoaderServi - Loading from cache: /assets/textures/
21:45:12.481 [FXGL Background Thread 2 ] DEBUG FXGLAssetLoaderServi - Loading from cache: /assets/textures/
21:45:12.486 [FXGL Background Thread 2 ] DEBUG FXGLAssetLoaderServi - Loading from cache: /assets/textures/
21:45:12.486 [FXGL Background Thread 2 ] DEBUG FXGLAssetLoaderServi - Loading from cache: /assets/textures/
21:45:12.486 [FXGL Background Thread 2 ] DEBUG FXGLAssetLoaderServi - Loading from cache: /assets/textures/
21:45:12.487 [FXGL Background Thread 2 ] DEBUG FXGLAssetLoaderServi - Loading from cache: /assets/textures/
21:45:12.487 [FXGL Background Thread 2 ] DEBUG FXGLAssetLoaderServi - Loading from cache: /assets/textures/
21:45:12.487 [FXGL Background Thread 2 ] DEBUG FXGLAssetLoaderServi - Loading from cache: /assets/textures/
21:45:12.487 [FXGL Background Thread 2 ] DEBUG FXGLAssetLoaderServi - Loading from cache: /assets/textures/
21:45:12.487 [FXGL Background Thread 2 ] DEBUG FXGLAssetLoaderServi - Loading from cache: /assets/textures/
21:45:12.488 [FXGL Background Thread 2 ] DEBUG FXGLAssetLoaderServi - Loading from cache: /assets/textures/
21:45:12.488 [FXGL Background Thread 2 ] DEBUG FXGLAssetLoaderServi - Loading from cache: /assets/textures/
21:45:12.488 [FXGL Background Thread 2 ] DEBUG FXGLAssetLoaderServi - Loading from cache: /assets/textures/
21:45:12.488 [FXGL Background Thread 2 ] DEBUG FXGLAssetLoaderServi - Loading from cache: /assets/textures/
21:45:12.488 [FXGL Background Thread 2 ] DEBUG FXGLAssetLoaderServi - Loading from cache: /assets/textures/
21:45:12.488 [FXGL Background Thread 2 ] DEBUG FXGLAssetLoaderServi - Loading from cache: /assets/textures/
21:45:12.489 [FXGL Background Thread 2 ] DEBUG FXGLAssetLoaderServi - Loading from cache: /assets/textures/
21:45:12.489 [FXGL Background Thread 2 ] DEBUG FXGLAssetLoaderServi - Loading from cache: /assets/textures/
21:45:12.489 [FXGL Background Thread 2 ] DEBUG FXGLAssetLoaderServi - Loading from cache: /assets/textures/
21:45:12.490 [FXGL Background Thread 2 ] DEBUG FXGLAssetLoaderServi - Loading from cache: /assets/textures/
21:45:12.490 [FXGL Background Thread 2 ] DEBUG FXGLAssetLoaderServi - Loading from cache: /assets/textures/
21:45:12.490 [FXGL Background Thread 2 ] DEBUG FXGLAssetLoaderServi - Loading from cache: /assets/textures/
21:45:12.490 [FXGL Background Thread 2 ] DEBUG FXGLAssetLoaderServi - Loading from cache: /assets/textures/
21:45:12.491 [FXGL Background Thread 2 ] DEBUG FXGLAssetLoaderServi - Loading from cache: /assets/textures/
21:45:12.491 [FXGL Background Thread 2 ] DEBUG FXGLAssetLoaderServi - Loading from cache: /assets/textures/
21:45:12.491 [FXGL Background Thread 2 ] DEBUG FXGLAssetLoaderServi - Loading from cache: /assets/textures/
21:45:12.491 [FXGL Background Thread 2 ] DEBUG FXGLAssetLoaderServi - Loading from cache: /assets/textures/
21:45:12.491 [FXGL Background Thread 2 ] DEBUG FXGLAssetLoaderServi - Loading from cache: /assets/textures/
21:45:12.491 [FXGL Background Thread 2 ] DEBUG FXGLAssetLoaderServi - Loading from cache: /assets/textures/
21:45:12.492 [FXGL Background Thread 2 ] DEBUG FXGLAssetLoaderServi - Loading from cache: /assets/textures/
21:45:12.492 [FXGL Background Thread 2 ] DEBUG FXGLAssetLoaderServi - Loading from cache: /assets/textures/
21:45:12.492 [FXGL Background Thread 2 ] DEBUG FXGLAssetLoaderServi - Loading from cache: /assets/textures/Monster.png
21:45:12.492 [FXGL Background Thread 2 ] DEBUG FXGLAssetLoaderServi - Loading from cache: /assets/textures/
21:45:12.492 [FXGL Background Thread 2 ] DEBUG FXGLAssetLoaderServi - Loading from cache: /assets/textures/
21:45:12.493 [FXGL Background Thread 2 ] DEBUG FXGLAssetLoaderServi - Loading from cache: /assets/textures/
21:45:12.493 [FXGL Background Thread 2 ] DEBUG FXGLAssetLoaderServi - Loading from cache: /assets/textures/Monster.png
21:45:12.493 [FXGL Background Thread 2 ] DEBUG FXGLAssetLoaderServi - Loading from cache: /assets/textures/
21:45:12.493 [FXGL Background Thread 2 ] DEBUG FXGLAssetLoaderServi - Loading from cache: /assets/textures/
21:45:12.493 [FXGL Background Thread 2 ] DEBUG FXGLAssetLoaderServi - Loading from cache: /assets/textures/
21:45:12.493 [FXGL Background Thread 2 ] DEBUG FXGLAssetLoaderServi - Loading from cache: /assets/textures/
21:45:12.494 [FXGL Background Thread 2 ] DEBUG FXGLAssetLoaderServi - Loading from cache: /assets/textures/
21:45:12.494 [FXGL Background Thread 2 ] DEBUG FXGLAssetLoaderServi - Loading from cache: /assets/textures/
21:45:12.495 [FXGL Background Thread 2 ] DEBUG FXGLAssetLoaderServi - Loading from cache: /assets/textures/
21:45:12.498 [FXGL Background Thread 2 ] DEBUG FXGLAssetLoaderServi - Loading from cache: /assets/textures/
21:45:12.498 [FXGL Background Thread 2 ] DEBUG FXGLAssetLoaderServi - Loading from cache: /assets/textures/
21:45:12.498 [FXGL Background Thread 2 ] DEBUG FXGLAssetLoaderServi - Loading from cache: /assets/textures/
21:45:12.499 [FXGL Background Thread 2 ] DEBUG FXGLAssetLoaderServi - Loading from cache: /assets/textures/
21:45:12.499 [FXGL Background Thread 2 ] DEBUG FXGLAssetLoaderServi - Loading from cache: /assets/textures/
21:45:12.499 [FXGL Background Thread 2 ] DEBUG FXGLAssetLoaderServi - Loading from cache: /assets/textures/
21:45:12.499 [FXGL Background Thread 2 ] DEBUG FXGLAssetLoaderServi - Loading from cache: /assets/textures/
21:45:12.500 [FXGL Background Thread 2 ] DEBUG FXGLAssetLoaderServi - Loading from cache: /assets/textures/
21:45:12.500 [FXGL Background Thread 2 ] DEBUG FXGLAssetLoaderServi - Loading from cache: /assets/textures/
21:45:12.500 [FXGL Background Thread 2 ] DEBUG FXGLAssetLoaderServi - Loading from cache: /assets/textures/
21:45:12.500 [FXGL Background Thread 2 ] DEBUG FXGLAssetLoaderServi - Loading from cache: /assets/textures/
21:45:12.500 [FXGL Background Thread 2 ] DEBUG FXGLAssetLoaderServi - Loading from cache: /assets/textures/
21:45:12.500 [FXGL Background Thread 2 ] DEBUG FXGLAssetLoaderServi - Loading from cache: /assets/textures/
21:45:12.501 [FXGL Background Thread 2 ] DEBUG FXGLAssetLoaderServi - Loading from cache: /assets/textures/
21:45:12.501 [FXGL Background Thread 2 ] DEBUG FXGLAssetLoaderServi - Loading from cache: /assets/textures/
21:45:12.502 [FXGL Background Thread 2 ] DEBUG FXGLAssetLoaderServi - Loading from cache: /assets/textures/
21:45:12.502 [FXGL Background Thread 2 ] DEBUG FXGLAssetLoaderServi - Loading from cache: /assets/textures/
21:45:12.502 [FXGL Background Thread 2 ] DEBUG FXGLAssetLoaderServi - Loading from cache: /assets/textures/
21:45:12.502 [FXGL Background Thread 2 ] DEBUG FXGLAssetLoaderServi - Loading from cache: /assets/textures/
21:45:12.503 [FXGL Background Thread 2 ] DEBUG FXGLAssetLoaderServi - Loading from cache: /assets/textures/
21:45:12.503 [FXGL Background Thread 2 ] DEBUG FXGLAssetLoaderServi - Loading from cache: /assets/textures/
21:45:12.503 [FXGL Background Thread 2 ] DEBUG FXGLAssetLoaderServi - Loading from cache: /assets/textures/
21:45:12.503 [FXGL Background Thread 2 ] DEBUG FXGLAssetLoaderServi - Loading from cache: /assets/textures/
21:45:12.503 [FXGL Background Thread 2 ] DEBUG FXGLAssetLoaderServi - Loading from cache: /assets/textures/
21:45:12.503 [FXGL Background Thread 2 ] DEBUG FXGLAssetLoaderServi - Loading from cache: /assets/textures/
21:45:12.503 [FXGL Background Thread 2 ] DEBUG FXGLAssetLoaderServi - Loading from cache: /assets/textures/
21:45:12.503 [FXGL Background Thread 2 ] DEBUG FXGLAssetLoaderServi - Loading from cache: /assets/textures/
21:45:12.504 [FXGL Background Thread 2 ] DEBUG FXGLAssetLoaderServi - Loading from cache: /assets/textures/
21:45:12.504 [FXGL Background Thread 2 ] DEBUG FXGLAssetLoaderServi - Loading from cache: /assets/textures/
21:45:12.504 [FXGL Background Thread 2 ] DEBUG FXGLAssetLoaderServi - Loading from cache: /assets/textures/
21:45:12.504 [FXGL Background Thread 2 ] DEBUG FXGLAssetLoaderServi - Loading from cache: /assets/textures/
21:45:12.505 [FXGL Background Thread 2 ] DEBUG FXGLAssetLoaderServi - Loading from cache: /assets/textures/
21:45:12.505 [FXGL Background Thread 2 ] DEBUG FXGLAssetLoaderServi - Loading from cache: /assets/textures/
21:45:12.505 [FXGL Background Thread 2 ] DEBUG FXGLAssetLoaderServi - Loading from cache: /assets/textures/
21:45:12.505 [FXGL Background Thread 2 ] DEBUG FXGLAssetLoaderServi - Loading from cache: /assets/textures/
21:45:12.505 [FXGL Background Thread 2 ] DEBUG FXGLAssetLoaderServi - Loading from cache: /assets/textures/
21:45:12.506 [FXGL Background Thread 2 ] DEBUG FXGLAssetLoaderServi - Loading from cache: /assets/textures/
21:45:12.506 [FXGL Background Thread 2 ] DEBUG FXGLAssetLoaderServi - Loading from cache: /assets/textures/
21:45:12.506 [FXGL Background Thread 2 ] DEBUG FXGLAssetLoaderServi - Loading from cache: /assets/textures/
21:45:12.507 [FXGL Background Thread 2 ] DEBUG FXGLAssetLoaderServi - Loading from cache: /assets/textures/
21:45:12.507 [FXGL Background Thread 2 ] DEBUG FXGLAssetLoaderServi - Loading from cache: /assets/textures/
21:45:12.507 [FXGL Background Thread 2 ] DEBUG FXGLAssetLoaderServi - Loading from cache: /assets/textures/
21:45:12.508 [FXGL Background Thread 2 ] DEBUG FXGLAssetLoaderServi - Loading from cache: /assets/textures/
21:45:12.508 [FXGL Background Thread 2 ] DEBUG FXGLAssetLoaderServi - Loading from cache: /assets/textures/
21:45:12.508 [FXGL Background Thread 2 ] DEBUG FXGLAssetLoaderServi - Loading from cache: /assets/textures/
21:45:12.511 [FXGL Background Thread 2 ] DEBUG FXGLAssetLoaderServi - Loading from cache: /assets/textures/
21:45:12.512 [FXGL Background Thread 2 ] DEBUG FXGLAssetLoaderServi - Loading from cache: /assets/textures/
21:45:12.512 [FXGL Background Thread 2 ] DEBUG FXGLAssetLoaderServi - Loading from cache: /assets/textures/
21:45:12.512 [FXGL Background Thread 2 ] DEBUG FXGLAssetLoaderServi - Loading from cache: /assets/textures/
21:45:12.512 [FXGL Background Thread 2 ] DEBUG FXGLAssetLoaderServi - Loading from cache: /assets/textures/
21:45:12.512 [FXGL Background Thread 2 ] DEBUG FXGLAssetLoaderServi - Loading from cache: /assets/textures/
21:45:12.512 [FXGL Background Thread 2 ] DEBUG FXGLAssetLoaderServi - Loading from cache: /assets/textures/
21:45:12.513 [FXGL Background Thread 2 ] DEBUG FXGLAssetLoaderServi - Loading from cache: /assets/textures/
21:45:12.513 [FXGL Background Thread 2 ] DEBUG FXGLAssetLoaderServi - Loading from cache: /assets/textures/
21:45:12.513 [FXGL Background Thread 2 ] DEBUG FXGLAssetLoaderServi - Loading from cache: /assets/textures/
21:45:12.513 [FXGL Background Thread 2 ] DEBUG FXGLAssetLoaderServi - Loading from cache: /assets/textures/
21:45:12.513 [FXGL Background Thread 2 ] DEBUG FXGLAssetLoaderServi - Loading from cache: /assets/textures/
21:45:12.513 [FXGL Background Thread 2 ] DEBUG FXGLAssetLoaderServi - Loading from cache: /assets/textures/
21:45:12.513 [FXGL Background Thread 2 ] DEBUG FXGLAssetLoaderServi - Loading from cache: /assets/textures/
21:45:12.513 [FXGL Background Thread 2 ] DEBUG FXGLAssetLoaderServi - Loading from cache: /assets/textures/
21:45:12.514 [FXGL Background Thread 2 ] DEBUG FXGLAssetLoaderServi - Loading from cache: /assets/textures/
21:45:12.514 [FXGL Background Thread 2 ] DEBUG FXGLAssetLoaderServi - Loading from cache: /assets/textures/
21:45:12.514 [FXGL Background Thread 2 ] DEBUG FXGLAssetLoaderServi - Loading from cache: /assets/textures/
21:45:12.514 [FXGL Background Thread 2 ] DEBUG FXGLAssetLoaderServi - Loading from cache: /assets/textures/
21:45:12.514 [FXGL Background Thread 2 ] DEBUG FXGLAssetLoaderServi - Loading from cache: /assets/textures/
21:45:12.518 [FXGL Background Thread 2 ] DEBUG GameWorld            - Clearing removable entities
21:45:12.519 [FXGL Background Thread 2 ] DEBUG GameWorld            - Setting level: com.almasb.fxgl.entity.level.Level@539aa92d
21:45:12.656 [FXGL Background Thread 2 ] INFO  FXGLApplication      - Game initialization took: 0.538 sec
21:45:12.662 [JavaFX Application Thread] DEBUG Input                - Clearing active input actions
21:45:12.688 [JavaFX Application Thread] DEBUG GameApplicationServi - Removing overlay from FXGLLoadingScene and adding to GameScene
21:45:12.689 [JavaFX Application Thread] DEBUG MainWindow           - FXGLLoadingScene -> GameScene
21:45:13.330 [FXGL Background Thread 3 ] DEBUG Engine               - Logging environment variables
21:45:13.330 [FXGL Background Thread 3 ] DEBUG Engine               - achievements: []
21:45:13.330 [FXGL Background Thread 3 ] DEBUG Engine               - appIcon: fxgl_icon.png
21:45:13.330 [FXGL Background Thread 3 ] DEBUG Engine               - applicationMode: DEVELOPER
21:45:13.330 [FXGL Background Thread 3 ] DEBUG Engine               - cSSList: [fxgl_dark.css]
21:45:13.330 [FXGL Background Thread 3 ] DEBUG Engine               - configClass: Optional.empty
21:45:13.330 [FXGL Background Thread 3 ] DEBUG Engine               - credits: []
21:45:13.331 [FXGL Background Thread 3 ] DEBUG Engine               - devBBoxColorProperty: ObjectProperty [value: 0xff0000ff]
21:45:13.331 [FXGL Background Thread 3 ] DEBUG Engine               - devEnableDebugCameraProperty: BooleanProperty [value: false]
21:45:13.331 [FXGL Background Thread 3 ] DEBUG Engine               - devSensorColorProperty: ObjectProperty [value: 0xffff00ff]
21:45:13.331 [FXGL Background Thread 3 ] DEBUG Engine               - devShowBBoxProperty: BooleanProperty [value: false]
21:45:13.331 [FXGL Background Thread 3 ] DEBUG Engine               - devShowPositionProperty: BooleanProperty [value: false]
21:45:13.331 [FXGL Background Thread 3 ] DEBUG Engine               - enabledMenuItems: []
21:45:13.331 [FXGL Background Thread 3 ] DEBUG Engine               - engineServices: [class com.almasb.fxgl.app.FXGLApplication$GameApplicationService, class com.almasb.fxgl.app.services.FXGLDialogService, class com.almasb.fxgl.app.services.IOTaskExecutorService, class com.almasb.fxgl.event.EventBusService, class com.almasb.fxgl.io.FileSystemService, class com.almasb.fxgl.localization.LocalizationService, class com.almasb.fxgl.app.services.FXGLAssetLoaderService, class com.almasb.fxgl.app.services.SystemBundleService, class com.almasb.fxgl.profile.SaveLoadService, class com.almasb.fxgl.ui.FXGLUIFactoryServiceProvider, class com.almasb.fxgl.ui.FXGLDialogFactoryServiceProvider, class com.almasb.fxgl.audio.AudioPlayer, class com.almasb.fxgl.notification.impl.NotificationServiceProvider, class com.almasb.fxgl.achievement.AchievementService, class com.almasb.fxgl.cutscene.CutsceneService, class com.almasb.fxgl.minigames.MiniGameService, class com.almasb.fxgl.net.NetService, class com.almasb.fxgl.app.services.UpdaterService, class com.almasb.fxgl.dev.DevService]
21:45:13.331 [FXGL Background Thread 3 ] DEBUG Engine               - fontGame: Abel-Regular.ttf
21:45:13.331 [FXGL Background Thread 3 ] DEBUG Engine               - fontMono: lucida_console.ttf
21:45:13.331 [FXGL Background Thread 3 ] DEBUG Engine               - fontText: Courier-Prime.ttf
21:45:13.331 [FXGL Background Thread 3 ] DEBUG Engine               - fontUI: VarelaRound-Regular.ttf
21:45:13.332 [FXGL Background Thread 3 ] DEBUG Engine               - fullScreen: BooleanProperty [value: false]
21:45:13.332 [FXGL Background Thread 3 ] DEBUG Engine               - gameDifficulty: MEDIUM
21:45:13.332 [FXGL Background Thread 3 ] DEBUG Engine               - gameDifficultyProperty: ObjectProperty [value: MEDIUM]
21:45:13.332 [FXGL Background Thread 3 ] DEBUG Engine               - globalMusicVolume: 0.5
21:45:13.332 [FXGL Background Thread 3 ] DEBUG Engine               - globalMusicVolumeProperty: DoubleProperty [value: 0.5]
21:45:13.332 [FXGL Background Thread 3 ] DEBUG Engine               - globalSoundVolume: 0.5
21:45:13.332 [FXGL Background Thread 3 ] DEBUG Engine               - globalSoundVolumeProperty: DoubleProperty [value: 0.5]
21:45:13.332 [FXGL Background Thread 3 ] DEBUG Engine               - height: 900
21:45:13.332 [FXGL Background Thread 3 ] DEBUG Engine               - isAndroid: false
21:45:13.332 [FXGL Background Thread 3 ] DEBUG Engine               - isBrowser: false
21:45:13.332 [FXGL Background Thread 3 ] DEBUG Engine               - isClickFeedbackEnabled: false
21:45:13.332 [FXGL Background Thread 3 ] DEBUG Engine               - isCloseConfirmation: false
21:45:13.332 [FXGL Background Thread 3 ] DEBUG Engine               - isDesktop: true
21:45:13.332 [FXGL Background Thread 3 ] DEBUG Engine               - isDeveloperMenuEnabled: false
21:45:13.332 [FXGL Background Thread 3 ] DEBUG Engine               - isEntityPreloadEnabled: true
21:45:13.332 [FXGL Background Thread 3 ] DEBUG Engine               - isExperimentalNative: false
21:45:13.332 [FXGL Background Thread 3 ] DEBUG Engine               - isExperimentalTiledLargeMap: false
21:45:13.332 [FXGL Background Thread 3 ] DEBUG Engine               - isFileSystemWriteAllowed: true
21:45:13.332 [FXGL Background Thread 3 ] DEBUG Engine               - isFullScreenAllowed: true
21:45:13.332 [FXGL Background Thread 3 ] DEBUG Engine               - isFullScreenFromStart: false
21:45:13.332 [FXGL Background Thread 3 ] DEBUG Engine               - isGameMenuEnabled: true
21:45:13.332 [FXGL Background Thread 3 ] DEBUG Engine               - isIOS: false
21:45:13.333 [FXGL Background Thread 3 ] DEBUG Engine               - isIntroEnabled: false
21:45:13.333 [FXGL Background Thread 3 ] DEBUG Engine               - isLinux: false
21:45:13.333 [FXGL Background Thread 3 ] DEBUG Engine               - isMac: false
21:45:13.333 [FXGL Background Thread 3 ] DEBUG Engine               - isMainMenuEnabled: true
21:45:13.333 [FXGL Background Thread 3 ] DEBUG Engine               - isManualResizeEnabled: true
21:45:13.333 [FXGL Background Thread 3 ] DEBUG Engine               - isMobile: false
21:45:13.333 [FXGL Background Thread 3 ] DEBUG Engine               - isPreserveResizeRatio: true
21:45:13.333 [FXGL Background Thread 3 ] DEBUG Engine               - isProfilingEnabled: false
21:45:13.333 [FXGL Background Thread 3 ] DEBUG Engine               - isSingleStep: false
21:45:13.333 [FXGL Background Thread 3 ] DEBUG Engine               - isUserProfileEnabled: false
21:45:13.333 [FXGL Background Thread 3 ] DEBUG Engine               - isWindows: true
21:45:13.333 [FXGL Background Thread 3 ] DEBUG Engine               - language: ObjectProperty [value: ENGLISH]
21:45:13.333 [FXGL Background Thread 3 ] DEBUG Engine               - menuKey: ESCAPE
21:45:13.333 [FXGL Background Thread 3 ] DEBUG Engine               - notificationViewClass: class com.almasb.fxgl.notification.view.XboxNotificationView
21:45:13.333 [FXGL Background Thread 3 ] DEBUG Engine               - pixelsPerMeter: 50.0
21:45:13.333 [FXGL Background Thread 3 ] DEBUG Engine               - platform: WINDOWS
21:45:13.333 [FXGL Background Thread 3 ] DEBUG Engine               - profileDir: profiles/
21:45:13.333 [FXGL Background Thread 3 ] DEBUG Engine               - profileName: StringProperty [value: DEFAULT]
21:45:13.333 [FXGL Background Thread 3 ] DEBUG Engine               - randomSeed: -1
21:45:13.333 [FXGL Background Thread 3 ] DEBUG Engine               - runtimeInfo: RuntimeInfo(platform=WINDOWS, version=11.11, build=08.09.2020 18.00)
21:45:13.334 [FXGL Background Thread 3 ] DEBUG Engine               - saveFileExt: sav
21:45:13.334 [FXGL Background Thread 3 ] DEBUG Engine               - sceneFactory: GUI.MySceneFactory@db26f89
21:45:13.334 [FXGL Background Thread 3 ] DEBUG Engine               - secondsIn24h: 60
21:45:13.334 [FXGL Background Thread 3 ] DEBUG Engine               - soundMenuBack: menu/back.wav
21:45:13.334 [FXGL Background Thread 3 ] DEBUG Engine               - soundMenuPress: menu/press.wav
21:45:13.334 [FXGL Background Thread 3 ] DEBUG Engine               - soundMenuSelect: menu/select.wav
21:45:13.334 [FXGL Background Thread 3 ] DEBUG Engine               - soundNotification: core/notification.wav
21:45:13.334 [FXGL Background Thread 3 ] DEBUG Engine               - stageStyle: DECORATED
21:45:13.334 [FXGL Background Thread 3 ] DEBUG Engine               - supportedLanguages: [ENGLISH, FRENCH, GERMAN, HUNGARIAN, RUSSIAN]
21:45:13.334 [FXGL Background Thread 3 ] DEBUG Engine               - title: Slime Conqueror
21:45:13.334 [FXGL Background Thread 3 ] DEBUG Engine               - urlGithub: https://github.com/AlmasB/FXGL
21:45:13.334 [FXGL Background Thread 3 ] DEBUG Engine               - urlLeaderboard: http://fxgl-top.herokuapp.com/
21:45:13.334 [FXGL Background Thread 3 ] DEBUG Engine               - urlPOM: https://raw.githubusercontent.com/AlmasB/FXGL/master/pom.xml
21:45:13.334 [FXGL Background Thread 3 ] DEBUG Engine               - version: v2.2
21:45:13.334 [FXGL Background Thread 3 ] DEBUG Engine               - versionCheckDays: 7
21:45:13.334 [FXGL Background Thread 3 ] DEBUG Engine               - width: 1280
21:45:13.334 [FXGL Background Thread 3 ] DEBUG Engine               - Logging services
21:45:13.334 [FXGL Background Thread 3 ] DEBUG Engine               - class com.almasb.fxgl.app.FXGLApplication$GameApplicationService
21:45:13.334 [FXGL Background Thread 3 ] DEBUG Engine               - class com.almasb.fxgl.app.services.FXGLDialogService
21:45:13.334 [FXGL Background Thread 3 ] DEBUG Engine               - class com.almasb.fxgl.app.services.IOTaskExecutorService
21:45:13.334 [FXGL Background Thread 3 ] DEBUG Engine               - class com.almasb.fxgl.event.EventBusService
21:45:13.334 [FXGL Background Thread 3 ] DEBUG Engine               - class com.almasb.fxgl.io.FileSystemService
21:45:13.335 [FXGL Background Thread 3 ] DEBUG Engine               - class com.almasb.fxgl.localization.LocalizationService
21:45:13.335 [FXGL Background Thread 3 ] DEBUG Engine               - class com.almasb.fxgl.app.services.FXGLAssetLoaderService
21:45:13.335 [FXGL Background Thread 3 ] DEBUG Engine               - class com.almasb.fxgl.app.services.SystemBundleService
21:45:13.335 [FXGL Background Thread 3 ] DEBUG Engine               - class com.almasb.fxgl.profile.SaveLoadService
21:45:13.335 [FXGL Background Thread 3 ] DEBUG Engine               - class com.almasb.fxgl.ui.FXGLUIFactoryServiceProvider
21:45:13.335 [FXGL Background Thread 3 ] DEBUG Engine               - class com.almasb.fxgl.ui.FXGLDialogFactoryServiceProvider
21:45:13.335 [FXGL Background Thread 3 ] DEBUG Engine               - class com.almasb.fxgl.audio.AudioPlayer
21:45:13.335 [FXGL Background Thread 3 ] DEBUG Engine               - class com.almasb.fxgl.notification.impl.NotificationServiceProvider
21:45:13.335 [FXGL Background Thread 3 ] DEBUG Engine               - class com.almasb.fxgl.achievement.AchievementService
21:45:13.335 [FXGL Background Thread 3 ] DEBUG Engine               - class com.almasb.fxgl.cutscene.CutsceneService
21:45:13.335 [FXGL Background Thread 3 ] DEBUG Engine               - class com.almasb.fxgl.minigames.MiniGameService
21:45:13.335 [FXGL Background Thread 3 ] DEBUG Engine               - class com.almasb.fxgl.net.NetService
21:45:13.335 [FXGL Background Thread 3 ] DEBUG Engine               - class com.almasb.fxgl.app.services.UpdaterService
21:45:13.335 [FXGL Background Thread 3 ] DEBUG Engine               - class com.almasb.fxgl.dev.DevService
21:45:19.119 [JavaFX Application Thread] DEBUG FXGLAssetLoaderServi - Loading from file system: /assets/textures/Chest.jpg
21:45:20.038 [JavaFX Application Thread] DEBUG FXGLAssetLoaderServi - Loading from cache: /assets/textures/Chest.jpg
21:45:30.880 [JavaFX Application Thread] DEBUG MainWindow           - Push state: DialogSubScene
21:45:30.880 [JavaFX Application Thread] DEBUG Input                - Clearing active input actions
21:45:30.881 [JavaFX Application Thread] DEBUG GameApplicationServi - Removing overlay from GameScene and adding to DialogSubScene
21:45:30.882 [JavaFX Application Thread] DEBUG MainWindow           - GameScene -> DialogSubScene
21:45:30.884 [JavaFX Application Thread] DEBUG LoopRunner           - Stopping loop
21:45:30.888 [JavaFX Application Thread] FATAL FXGLApplication      - Uncaught Exception:
java.util.NoSuchElementException: No entity found satisfying the predicate
	at com.almasb.fxgl.entity.GameWorld.getSingleton(GameWorld.kt:412)
	at com.almasb.fxgl.entity.GameWorld.getSingleton(GameWorld.kt:408)
	at other.components.DelayMonsterAtkComponent.onUpdate(DelayMonsterAtkComponent.java:44)
	at com.almasb.fxgl.entity.Entity$ComponentMap.update(Entity.java:56)
	at com.almasb.fxgl.entity.Entity.update(Entity.java:204)
	at com.almasb.fxgl.entity.GameWorld.onUpdate(GameWorld.kt:156)
	at com.almasb.fxgl.app.scene.GameScene.step(GameScene.kt:114)
	at com.almasb.fxgl.app.scene.GameScene.onUpdate(GameScene.kt:110)
	at com.almasb.fxgl.scene.Scene.update(Scene.kt:78)
	at com.almasb.fxgl.app.MainWindow$update$1.invoke(MainWindow.kt:219)
	at com.almasb.fxgl.app.MainWindow$update$1.invoke(MainWindow.kt:40)
	at com.almasb.fxgl.core.fsm.StateMachine.runOnActiveStates(StateMachine.kt:60)
	at com.almasb.fxgl.app.MainWindow.update(MainWindow.kt:219)
	at com.almasb.fxgl.app.FXGLApplication$GameApplicationService.onUpdate(FXGLApplication.kt:400)
	at com.almasb.fxgl.app.Engine.loop(Engine.kt:130)
	at com.almasb.fxgl.app.Engine.access$loop(Engine.kt:24)
	at com.almasb.fxgl.app.Engine$loop$1.invoke(Engine.kt:28)
	at com.almasb.fxgl.app.Engine$loop$1.invoke(Engine.kt:24)
	at com.almasb.fxgl.app.LoopRunner.frame(LoopRunner.kt:86)
	at com.almasb.fxgl.app.LoopRunner.access$frame(LoopRunner.kt:17)
	at com.almasb.fxgl.app.LoopRunner$impl$2$1.handle(LoopRunner.kt:37)
	at javafx.animation.AnimationTimer$AnimationTimerReceiver.lambda$handle$0(AnimationTimer.java:57)
	at java.base/java.security.AccessController.doPrivileged(Native Method)
	at javafx.animation.AnimationTimer$AnimationTimerReceiver.handle(AnimationTimer.java:56)
	at com.sun.scenario.animation.AbstractMasterTimer.timePulseImpl(AbstractMasterTimer.java:357)
	at com.sun.scenario.animation.AbstractMasterTimer$MainLoop.run(AbstractMasterTimer.java:267)
	at com.sun.javafx.tk.quantum.QuantumToolkit.pulse(QuantumToolkit.java:559)
	at com.sun.javafx.tk.quantum.QuantumToolkit.pulse(QuantumToolkit.java:543)
	at com.sun.javafx.tk.quantum.QuantumToolkit.pulseFromQueue(QuantumToolkit.java:536)
	at com.sun.javafx.tk.quantum.QuantumToolkit.lambda$runToolkit$11(QuantumToolkit.java:342)
	at com.sun.glass.ui.InvokeLaterDispatcher$Future.run(InvokeLaterDispatcher.java:96)
	at com.sun.glass.ui.win.WinApplication._runLoop(Native Method)
	at com.sun.glass.ui.win.WinApplication.lambda$runLoop$3(WinApplication.java:174)
	at java.base/java.lang.Thread.run(Thread.java:834)

21:45:30.888 [JavaFX Application Thread] FATAL FXGLApplication      - Application will now exit
21:45:30.924 [JavaFX Application Thread] DEBUG MainWindow           - Push state: ErrorSubScene
21:45:30.925 [JavaFX Application Thread] DEBUG Input                - Clearing active input actions
21:45:30.925 [JavaFX Application Thread] DEBUG GameApplicationServi - Removing overlay from DialogSubScene and adding to ErrorSubScene
21:45:30.926 [JavaFX Application Thread] DEBUG MainWindow           - DialogSubScene -> ErrorSubScene
21:46:02.091 [JavaFX Application Thread] DEBUG FXGLApplication      - Exiting FXGL
21:46:02.091 [JavaFX Application Thread] DEBUG Async                - Shutting down background threads
21:46:02.092 [JavaFX Application Thread] DEBUG MainWindow           - Closing main window
21:46:02.103 [JavaFX Application Thread] DEBUG Logger               - Closing Logger
