18:28:48.093 [main                     ] DEBUG Logger               - Configured Logger
18:28:48.204 [main                     ] DEBUG GameApplication      - Logging settings
Title: Slime Conqueror
Version: v2.2
Width: 1280
Height: 900
Fullscreen: true
Intro: false
Profiling: false
Single step:false
App Mode: DEVELOPER
Menu Key: ESCAPE
Stage Style: DECORATED
Scene Factory: class GUI.MySceneFactory

18:28:48.851 [JavaFX Application Thread] DEBUG FXGLApplication      - Initializing FXGL
18:28:48.863 [JavaFX Application Thread] INFO  Engine               - FXGL-11.11 (08.09.2020 18.00) on WINDOWS (J:11.0.8 FX:14)
18:28:48.863 [JavaFX Application Thread] DEBUG Engine               - JRE Vendor Name: Oracle Corporation
18:28:48.863 [JavaFX Application Thread] DEBUG Engine               - Running on OS: Windows 10 version 10.0
18:28:48.863 [JavaFX Application Thread] DEBUG Engine               - Architecture: amd64
18:28:48.863 [JavaFX Application Thread] INFO  Engine               - Source code and latest versions at: https://github.com/AlmasB/FXGL
18:28:48.864 [JavaFX Application Thread] INFO  Engine               -              Join the FXGL chat at: https://gitter.im/AlmasB/FXGL
18:28:49.189 [JavaFX Application Thread] DEBUG MainWindow           - Creating a JavaFX scene
18:28:49.267 [JavaFX Application Thread] DEBUG MainWindow           - Target settings size: 1280.0 x 900.0
18:28:49.267 [JavaFX Application Thread] DEBUG MainWindow           - Scaled scene size:    1280.0 x 900.0
18:28:49.267 [JavaFX Application Thread] DEBUG MainWindow           - Scaled ratio: (1.0, 1.0)
18:28:49.268 [JavaFX Application Thread] DEBUG MainWindow           - Set initial scene to StartupScene
18:28:49.277 [JavaFX Application Thread] DEBUG MainWindow           - Opening main window
18:28:49.374 [JavaFX Application Thread] DEBUG MainWindow           - Window border size: (16.0, 39.0)
18:28:49.374 [JavaFX Application Thread] DEBUG MainWindow           - Scaled size: 1280.0 x 900.0
18:28:49.374 [JavaFX Application Thread] DEBUG MainWindow           - Scaled ratio: (1.0, 1.0)
18:28:49.374 [JavaFX Application Thread] DEBUG MainWindow           - Scene size: 1280.0 x 900.0
18:28:49.374 [JavaFX Application Thread] DEBUG MainWindow           - Stage size: 1296.0 x 939.0
18:28:49.381 [FXGL Background Thread 1 ] DEBUG Engine               - Initializing environment variables
18:28:49.418 [FXGL Background Thread 1 ] DEBUG GameApplicationServi - Applying CSS: fxgl_dark.css
18:28:49.422 [FXGL Background Thread 1 ] DEBUG FXGLAssetLoaderServi - Loading from file system: /assets/ui/css/fxgl_dark.css
18:28:49.467 [FXGL Background Thread 1 ] DEBUG GameApplicationServi - Initializing application scenes
18:28:49.547 [FXGL Background Thread 1 ] DEBUG GameWorld            - Game world initialized
18:28:49.605 [FXGL Background Thread 1 ] DEBUG PhysicsWorld         - Physics world initialized: appHeight=900, physics.ppm=50.0
18:28:49.607 [FXGL Background Thread 1 ] DEBUG GameScene            - Game scene initialized: 1280x900
18:28:49.918 [FXGL Background Thread 1 ] DEBUG GameApplicationServi - Application scenes initialized
18:28:49.947 [FXGL Background Thread 1 ] DEBUG SystemBundleService  - Loading FXGL system data
18:28:49.952 [FXGL Background Thread 1 ] DEBUG FileSystemAccess     - Reading from: C:\Users\Gaël\workspace\4.7\Slime-Conquror\system\fxgl.bundle
18:28:49.958 [FXGL Background Thread 1 ] DEBUG SystemBundleService  - Bundle FXGL: {}
18:28:49.958 [FXGL Background Thread 1 ] DEBUG UpdaterService       - Checking for updates
18:28:49.963 [FXGL Background Thread 4 ] DEBUG FXGLApplication      - Loading fonts
18:28:49.963 [FXGL Background Thread 4 ] DEBUG FXGLAssetLoaderServi - Loading from file system: /assets/ui/fonts/VarelaRound-Regular.ttf
18:28:49.963 [FXGL Background Thread 1 ] DEBUG FXGLApplication      - Loading default localization
18:28:49.964 [FXGL Background Thread 1 ] DEBUG FXGLAssetLoaderServi - Loading from file system: /assets/languages/english.lang
18:28:49.978 [FXGL Background Thread 1 ] INFO  FXGLApplication      - FXGL initialization took: 0.598 sec
18:28:49.989 [JavaFX Application Thread] DEBUG Input                - Registered new binding: HideGUI - H
18:28:49.989 [JavaFX Application Thread] DEBUG Input                - Registered new binding: Up - Z
18:28:49.989 [JavaFX Application Thread] DEBUG Input                - Registered new binding: Down - S
18:28:49.989 [JavaFX Application Thread] DEBUG Input                - Registered new binding: Left - Q
18:28:49.989 [JavaFX Application Thread] DEBUG Input                - Registered new binding: Right - D
18:28:49.989 [JavaFX Application Thread] DEBUG Input                - Registered new binding: Teleport - F
18:28:49.991 [JavaFX Application Thread] DEBUG Input                - Registered new binding: AttackPos - LMB
18:28:49.991 [JavaFX Application Thread] DEBUG Input                - Registered new binding: Attack - I
18:28:49.991 [JavaFX Application Thread] DEBUG FXGLAssetLoaderServi - Loading from file system: /assets/textures/fxgl_icon.png
18:28:50.025 [JavaFX Application Thread] DEBUG FXGLAssetLoaderServi - Loading from file system: /assets/ui/cursors/fxgl_default.png
18:28:50.028 [JavaFX Application Thread] DEBUG Input                - Registered new binding: Screenshot - P
18:28:50.028 [JavaFX Application Thread] DEBUG Input                - Registered new binding: System info dump - CTRL+9
18:28:50.029 [JavaFX Application Thread] DEBUG Input                - Registered new binding: Restart - CTRL+R
18:28:50.029 [JavaFX Application Thread] DEBUG Input                - Registered new binding: Toggle Debug Camera - CTRL+C
18:28:50.031 [JavaFX Application Thread] DEBUG LoopRunner           - Starting loop
18:28:50.033 [JavaFX Application Thread] DEBUG Input                - Clearing active input actions
18:28:50.040 [JavaFX Application Thread] DEBUG GameApplicationServi - Removing overlay from StartupScene and adding to FXGLMainMenuDummyScene
18:28:50.040 [JavaFX Application Thread] DEBUG MainWindow           - StartupScene -> FXGLMainMenuDummyScene
18:28:50.040 [JavaFX Application Thread] DEBUG MainWindow           - Push state: MyMenu
18:28:50.041 [JavaFX Application Thread] DEBUG Input                - Clearing active input actions
18:28:50.050 [JavaFX Application Thread] DEBUG GameApplicationServi - Removing overlay from FXGLMainMenuDummyScene and adding to MyMenu
18:28:50.050 [JavaFX Application Thread] DEBUG MainWindow           - FXGLMainMenuDummyScene -> MyMenu
18:28:50.526 [FXGL Background Thread 4 ] DEBUG FXGLAssetLoaderServi - Loading from file system: /assets/ui/fonts/Abel-Regular.ttf
18:28:50.531 [FXGL Background Thread 4 ] DEBUG FXGLAssetLoaderServi - Loading from file system: /assets/ui/fonts/lucida_console.ttf
18:28:50.535 [FXGL Background Thread 4 ] DEBUG FXGLAssetLoaderServi - Loading from file system: /assets/ui/fonts/Courier-Prime.ttf
18:28:50.542 [JavaFX Application Thread] DEBUG FXGLApplication      - Registering font factories with UI factory
18:28:50.950 [FXGL Background Thread 2 ] INFO  UpdaterService       - Your current version:  11.11
18:28:50.951 [FXGL Background Thread 2 ] INFO  UpdaterService       - Latest stable version: dev-SNAPSHOT
18:28:52.963 [FXGL Background Thread 3 ] DEBUG Engine               - Logging environment variables
18:28:52.963 [FXGL Background Thread 3 ] DEBUG Engine               - achievements: []
18:28:52.964 [FXGL Background Thread 3 ] DEBUG Engine               - appIcon: fxgl_icon.png
18:28:52.964 [FXGL Background Thread 3 ] DEBUG Engine               - applicationMode: DEVELOPER
18:28:52.964 [FXGL Background Thread 3 ] DEBUG Engine               - cSSList: [fxgl_dark.css]
18:28:52.964 [FXGL Background Thread 3 ] DEBUG Engine               - configClass: Optional.empty
18:28:52.964 [FXGL Background Thread 3 ] DEBUG Engine               - credits: []
18:28:52.964 [FXGL Background Thread 3 ] DEBUG Engine               - devBBoxColorProperty: ObjectProperty [value: 0xff0000ff]
18:28:52.964 [FXGL Background Thread 3 ] DEBUG Engine               - devEnableDebugCameraProperty: BooleanProperty [value: false]
18:28:52.965 [FXGL Background Thread 3 ] DEBUG Engine               - devSensorColorProperty: ObjectProperty [value: 0xffff00ff]
18:28:52.965 [FXGL Background Thread 3 ] DEBUG Engine               - devShowBBoxProperty: BooleanProperty [value: false]
18:28:52.965 [FXGL Background Thread 3 ] DEBUG Engine               - devShowPositionProperty: BooleanProperty [value: false]
18:28:52.965 [FXGL Background Thread 3 ] DEBUG Engine               - enabledMenuItems: []
18:28:52.965 [FXGL Background Thread 3 ] DEBUG Engine               - engineServices: [class com.almasb.fxgl.app.FXGLApplication$GameApplicationService, class com.almasb.fxgl.app.services.FXGLDialogService, class com.almasb.fxgl.app.services.IOTaskExecutorService, class com.almasb.fxgl.event.EventBusService, class com.almasb.fxgl.io.FileSystemService, class com.almasb.fxgl.localization.LocalizationService, class com.almasb.fxgl.app.services.FXGLAssetLoaderService, class com.almasb.fxgl.app.services.SystemBundleService, class com.almasb.fxgl.profile.SaveLoadService, class com.almasb.fxgl.ui.FXGLUIFactoryServiceProvider, class com.almasb.fxgl.ui.FXGLDialogFactoryServiceProvider, class com.almasb.fxgl.audio.AudioPlayer, class com.almasb.fxgl.notification.impl.NotificationServiceProvider, class com.almasb.fxgl.achievement.AchievementService, class com.almasb.fxgl.cutscene.CutsceneService, class com.almasb.fxgl.minigames.MiniGameService, class com.almasb.fxgl.net.NetService, class com.almasb.fxgl.app.services.UpdaterService, class com.almasb.fxgl.dev.DevService]
18:28:52.965 [FXGL Background Thread 3 ] DEBUG Engine               - fontGame: Abel-Regular.ttf
18:28:52.965 [FXGL Background Thread 3 ] DEBUG Engine               - fontMono: lucida_console.ttf
18:28:52.965 [FXGL Background Thread 3 ] DEBUG Engine               - fontText: Courier-Prime.ttf
18:28:52.966 [FXGL Background Thread 3 ] DEBUG Engine               - fontUI: VarelaRound-Regular.ttf
18:28:52.966 [FXGL Background Thread 3 ] DEBUG Engine               - fullScreen: BooleanProperty [value: false]
18:28:52.966 [FXGL Background Thread 3 ] DEBUG Engine               - gameDifficulty: MEDIUM
18:28:52.966 [FXGL Background Thread 3 ] DEBUG Engine               - gameDifficultyProperty: ObjectProperty [value: MEDIUM]
18:28:52.966 [FXGL Background Thread 3 ] DEBUG Engine               - globalMusicVolume: 0.5
18:28:52.966 [FXGL Background Thread 3 ] DEBUG Engine               - globalMusicVolumeProperty: DoubleProperty [value: 0.5]
18:28:52.966 [FXGL Background Thread 3 ] DEBUG Engine               - globalSoundVolume: 0.5
18:28:52.966 [FXGL Background Thread 3 ] DEBUG Engine               - globalSoundVolumeProperty: DoubleProperty [value: 0.5]
18:28:52.967 [FXGL Background Thread 3 ] DEBUG Engine               - height: 900
18:28:52.967 [FXGL Background Thread 3 ] DEBUG Engine               - isAndroid: false
18:28:52.967 [FXGL Background Thread 3 ] DEBUG Engine               - isBrowser: false
18:28:52.967 [FXGL Background Thread 3 ] DEBUG Engine               - isClickFeedbackEnabled: false
18:28:52.967 [FXGL Background Thread 3 ] DEBUG Engine               - isCloseConfirmation: false
18:28:52.967 [FXGL Background Thread 3 ] DEBUG Engine               - isDesktop: true
18:28:52.967 [FXGL Background Thread 3 ] DEBUG Engine               - isDeveloperMenuEnabled: false
18:28:52.967 [FXGL Background Thread 3 ] DEBUG Engine               - isEntityPreloadEnabled: true
18:28:52.967 [FXGL Background Thread 3 ] DEBUG Engine               - isExperimentalNative: false
18:28:52.968 [FXGL Background Thread 3 ] DEBUG Engine               - isExperimentalTiledLargeMap: false
18:28:52.968 [FXGL Background Thread 3 ] DEBUG Engine               - isFileSystemWriteAllowed: true
18:28:52.968 [FXGL Background Thread 3 ] DEBUG Engine               - isFullScreenAllowed: true
18:28:52.968 [FXGL Background Thread 3 ] DEBUG Engine               - isFullScreenFromStart: false
18:28:52.968 [FXGL Background Thread 3 ] DEBUG Engine               - isGameMenuEnabled: true
18:28:52.968 [FXGL Background Thread 3 ] DEBUG Engine               - isIOS: false
18:28:52.968 [FXGL Background Thread 3 ] DEBUG Engine               - isIntroEnabled: false
18:28:52.968 [FXGL Background Thread 3 ] DEBUG Engine               - isLinux: false
18:28:52.968 [FXGL Background Thread 3 ] DEBUG Engine               - isMac: false
18:28:52.969 [FXGL Background Thread 3 ] DEBUG Engine               - isMainMenuEnabled: true
18:28:52.969 [FXGL Background Thread 3 ] DEBUG Engine               - isManualResizeEnabled: true
18:28:52.969 [FXGL Background Thread 3 ] DEBUG Engine               - isMobile: false
18:28:52.969 [FXGL Background Thread 3 ] DEBUG Engine               - isPreserveResizeRatio: true
18:28:52.969 [FXGL Background Thread 3 ] DEBUG Engine               - isProfilingEnabled: false
18:28:52.969 [FXGL Background Thread 3 ] DEBUG Engine               - isSingleStep: false
18:28:52.969 [FXGL Background Thread 3 ] DEBUG Engine               - isUserProfileEnabled: false
18:28:52.969 [FXGL Background Thread 3 ] DEBUG Engine               - isWindows: true
18:28:52.970 [FXGL Background Thread 3 ] DEBUG Engine               - language: ObjectProperty [value: ENGLISH]
18:28:52.970 [FXGL Background Thread 3 ] DEBUG Engine               - menuKey: ESCAPE
18:28:52.970 [FXGL Background Thread 3 ] DEBUG Engine               - notificationViewClass: class com.almasb.fxgl.notification.view.XboxNotificationView
18:28:52.970 [FXGL Background Thread 3 ] DEBUG Engine               - pixelsPerMeter: 50.0
18:28:52.970 [FXGL Background Thread 3 ] DEBUG Engine               - platform: WINDOWS
18:28:52.970 [FXGL Background Thread 3 ] DEBUG Engine               - profileDir: profiles/
18:28:52.970 [FXGL Background Thread 3 ] DEBUG Engine               - profileName: StringProperty [value: DEFAULT]
18:28:52.970 [FXGL Background Thread 3 ] DEBUG Engine               - randomSeed: -1
18:28:52.970 [FXGL Background Thread 3 ] DEBUG Engine               - runtimeInfo: RuntimeInfo(platform=WINDOWS, version=11.11, build=08.09.2020 18.00)
18:28:52.970 [FXGL Background Thread 3 ] DEBUG Engine               - saveFileExt: sav
18:28:52.971 [FXGL Background Thread 3 ] DEBUG Engine               - sceneFactory: GUI.MySceneFactory@24678ae6
18:28:52.971 [FXGL Background Thread 3 ] DEBUG Engine               - secondsIn24h: 60
18:28:52.971 [FXGL Background Thread 3 ] DEBUG Engine               - soundMenuBack: menu/back.wav
18:28:52.971 [FXGL Background Thread 3 ] DEBUG Engine               - soundMenuPress: menu/press.wav
18:28:52.971 [FXGL Background Thread 3 ] DEBUG Engine               - soundMenuSelect: menu/select.wav
18:28:52.971 [FXGL Background Thread 3 ] DEBUG Engine               - soundNotification: core/notification.wav
18:28:52.971 [FXGL Background Thread 3 ] DEBUG Engine               - stageStyle: DECORATED
18:28:52.971 [FXGL Background Thread 3 ] DEBUG Engine               - supportedLanguages: [ENGLISH, FRENCH, GERMAN, HUNGARIAN, RUSSIAN]
18:28:52.971 [FXGL Background Thread 3 ] DEBUG Engine               - title: Slime Conqueror
18:28:52.972 [FXGL Background Thread 3 ] DEBUG Engine               - urlGithub: https://github.com/AlmasB/FXGL
18:28:52.972 [FXGL Background Thread 3 ] DEBUG Engine               - urlLeaderboard: http://fxgl-top.herokuapp.com/
18:28:52.972 [FXGL Background Thread 3 ] DEBUG Engine               - urlPOM: https://raw.githubusercontent.com/AlmasB/FXGL/master/pom.xml
18:28:52.972 [FXGL Background Thread 3 ] DEBUG Engine               - version: v2.2
18:28:52.972 [FXGL Background Thread 3 ] DEBUG Engine               - versionCheckDays: 7
18:28:52.972 [FXGL Background Thread 3 ] DEBUG Engine               - width: 1280
18:28:52.972 [FXGL Background Thread 3 ] DEBUG Engine               - Logging services
18:28:52.972 [FXGL Background Thread 3 ] DEBUG Engine               - class com.almasb.fxgl.app.FXGLApplication$GameApplicationService
18:28:52.972 [FXGL Background Thread 3 ] DEBUG Engine               - class com.almasb.fxgl.app.services.FXGLDialogService
18:28:52.972 [FXGL Background Thread 3 ] DEBUG Engine               - class com.almasb.fxgl.app.services.IOTaskExecutorService
18:28:52.973 [FXGL Background Thread 3 ] DEBUG Engine               - class com.almasb.fxgl.event.EventBusService
18:28:52.973 [FXGL Background Thread 3 ] DEBUG Engine               - class com.almasb.fxgl.io.FileSystemService
18:28:52.973 [FXGL Background Thread 3 ] DEBUG Engine               - class com.almasb.fxgl.localization.LocalizationService
18:28:52.973 [FXGL Background Thread 3 ] DEBUG Engine               - class com.almasb.fxgl.app.services.FXGLAssetLoaderService
18:28:52.973 [FXGL Background Thread 3 ] DEBUG Engine               - class com.almasb.fxgl.app.services.SystemBundleService
18:28:52.973 [FXGL Background Thread 3 ] DEBUG Engine               - class com.almasb.fxgl.profile.SaveLoadService
18:28:52.973 [FXGL Background Thread 3 ] DEBUG Engine               - class com.almasb.fxgl.ui.FXGLUIFactoryServiceProvider
18:28:52.973 [FXGL Background Thread 3 ] DEBUG Engine               - class com.almasb.fxgl.ui.FXGLDialogFactoryServiceProvider
18:28:52.973 [FXGL Background Thread 3 ] DEBUG Engine               - class com.almasb.fxgl.audio.AudioPlayer
18:28:52.973 [FXGL Background Thread 3 ] DEBUG Engine               - class com.almasb.fxgl.notification.impl.NotificationServiceProvider
18:28:52.973 [FXGL Background Thread 3 ] DEBUG Engine               - class com.almasb.fxgl.achievement.AchievementService
18:28:52.973 [FXGL Background Thread 3 ] DEBUG Engine               - class com.almasb.fxgl.cutscene.CutsceneService
18:28:52.974 [FXGL Background Thread 3 ] DEBUG Engine               - class com.almasb.fxgl.minigames.MiniGameService
18:28:52.974 [FXGL Background Thread 3 ] DEBUG Engine               - class com.almasb.fxgl.net.NetService
18:28:52.974 [FXGL Background Thread 3 ] DEBUG Engine               - class com.almasb.fxgl.app.services.UpdaterService
18:28:52.974 [FXGL Background Thread 3 ] DEBUG Engine               - class com.almasb.fxgl.dev.DevService
18:29:02.215 [JavaFX Application Thread] DEBUG GameApplicationServi - Starting new game
18:29:02.215 [JavaFX Application Thread] DEBUG MainWindow           - Pop state: MyMenu
18:29:02.215 [JavaFX Application Thread] DEBUG Input                - Clearing active input actions
18:29:02.217 [JavaFX Application Thread] DEBUG GameApplicationServi - Removing overlay from MyMenu and adding to FXGLMainMenuDummyScene
18:29:02.217 [JavaFX Application Thread] DEBUG MainWindow           - FXGLMainMenuDummyScene <- MyMenu
18:29:02.218 [JavaFX Application Thread] DEBUG Input                - Clearing active input actions
18:29:02.224 [JavaFX Application Thread] DEBUG GameApplicationServi - Removing overlay from FXGLMainMenuDummyScene and adding to FXGLLoadingScene
18:29:02.224 [JavaFX Application Thread] DEBUG MainWindow           - FXGLMainMenuDummyScene -> FXGLLoadingScene
18:29:02.224 [JavaFX Application Thread] DEBUG GameApplicationServi - Clearing previous game
18:29:02.224 [JavaFX Application Thread] DEBUG GameScene            - Clearing game scene
18:29:02.224 [JavaFX Application Thread] DEBUG GameWorld            - Clearing game world
18:29:02.224 [JavaFX Application Thread] DEBUG PhysicsWorld         - Clearing physics world
18:29:02.229 [FXGL Background Thread 2 ] DEBUG FXGLApplication      - Initializing game
18:29:03.593 [FXGL Background Thread 2 ] DEBUG FXGLAssetLoaderServi - Loading from file system: /assets/levels/map_level0.txt
18:29:03.613 [FXGL Background Thread 2 ] DEBUG FXGLAssetLoaderServi - Loading from file system: /assets/textures/
18:29:03.629 [FXGL Background Thread 2 ] DEBUG FXGLAssetLoaderServi - Loading from cache: /assets/textures/
18:29:03.629 [FXGL Background Thread 2 ] DEBUG FXGLAssetLoaderServi - Loading from cache: /assets/textures/
18:29:03.629 [FXGL Background Thread 2 ] DEBUG FXGLAssetLoaderServi - Loading from cache: /assets/textures/
18:29:03.633 [FXGL Background Thread 2 ] DEBUG FXGLAssetLoaderServi - Loading from cache: /assets/textures/
18:29:03.634 [FXGL Background Thread 2 ] DEBUG FXGLAssetLoaderServi - Loading from cache: /assets/textures/
18:29:03.634 [FXGL Background Thread 2 ] DEBUG FXGLAssetLoaderServi - Loading from cache: /assets/textures/
18:29:03.635 [FXGL Background Thread 2 ] DEBUG FXGLAssetLoaderServi - Loading from cache: /assets/textures/
18:29:03.635 [FXGL Background Thread 2 ] DEBUG FXGLAssetLoaderServi - Loading from cache: /assets/textures/
18:29:03.635 [FXGL Background Thread 2 ] DEBUG FXGLAssetLoaderServi - Loading from cache: /assets/textures/
18:29:03.635 [FXGL Background Thread 2 ] DEBUG FXGLAssetLoaderServi - Loading from cache: /assets/textures/
18:29:03.635 [FXGL Background Thread 2 ] DEBUG FXGLAssetLoaderServi - Loading from cache: /assets/textures/
18:29:03.636 [FXGL Background Thread 2 ] DEBUG FXGLAssetLoaderServi - Loading from cache: /assets/textures/
18:29:03.636 [FXGL Background Thread 2 ] DEBUG FXGLAssetLoaderServi - Loading from cache: /assets/textures/
18:29:03.636 [FXGL Background Thread 2 ] DEBUG FXGLAssetLoaderServi - Loading from cache: /assets/textures/
18:29:03.636 [FXGL Background Thread 2 ] DEBUG FXGLAssetLoaderServi - Loading from file system: /assets/textures/Monster.png
18:29:03.651 [FXGL Background Thread 2 ] DEBUG FXGLAssetLoaderServi - Loading from cache: /assets/textures/
18:29:03.651 [FXGL Background Thread 2 ] DEBUG FXGLAssetLoaderServi - Loading from file system: /assets/textures/player.png
18:29:03.685 [FXGL Background Thread 2 ] DEBUG FXGLAssetLoaderServi - Loading from cache: /assets/textures/
18:29:03.686 [FXGL Background Thread 2 ] DEBUG FXGLAssetLoaderServi - Loading from cache: /assets/textures/
18:29:03.686 [FXGL Background Thread 2 ] DEBUG FXGLAssetLoaderServi - Loading from cache: /assets/textures/
18:29:03.686 [FXGL Background Thread 2 ] DEBUG FXGLAssetLoaderServi - Loading from cache: /assets/textures/
18:29:03.686 [FXGL Background Thread 2 ] DEBUG FXGLAssetLoaderServi - Loading from cache: /assets/textures/
18:29:03.687 [FXGL Background Thread 2 ] DEBUG FXGLAssetLoaderServi - Loading from cache: /assets/textures/
18:29:03.687 [FXGL Background Thread 2 ] DEBUG FXGLAssetLoaderServi - Loading from cache: /assets/textures/
18:29:03.688 [FXGL Background Thread 2 ] DEBUG FXGLAssetLoaderServi - Loading from cache: /assets/textures/
18:29:03.688 [FXGL Background Thread 2 ] DEBUG FXGLAssetLoaderServi - Loading from cache: /assets/textures/
18:29:03.688 [FXGL Background Thread 2 ] DEBUG FXGLAssetLoaderServi - Loading from cache: /assets/textures/
18:29:03.688 [FXGL Background Thread 2 ] DEBUG FXGLAssetLoaderServi - Loading from cache: /assets/textures/
18:29:03.688 [FXGL Background Thread 2 ] DEBUG FXGLAssetLoaderServi - Loading from cache: /assets/textures/Monster.png
18:29:03.689 [FXGL Background Thread 2 ] DEBUG FXGLAssetLoaderServi - Loading from cache: /assets/textures/
18:29:03.689 [FXGL Background Thread 2 ] DEBUG FXGLAssetLoaderServi - Loading from cache: /assets/textures/
18:29:03.689 [FXGL Background Thread 2 ] DEBUG FXGLAssetLoaderServi - Loading from cache: /assets/textures/
18:29:03.690 [FXGL Background Thread 2 ] DEBUG FXGLAssetLoaderServi - Loading from cache: /assets/textures/Monster.png
18:29:03.690 [FXGL Background Thread 2 ] DEBUG FXGLAssetLoaderServi - Loading from cache: /assets/textures/
18:29:03.691 [FXGL Background Thread 2 ] DEBUG FXGLAssetLoaderServi - Loading from cache: /assets/textures/
18:29:03.691 [FXGL Background Thread 2 ] DEBUG FXGLAssetLoaderServi - Loading from cache: /assets/textures/
18:29:03.691 [FXGL Background Thread 2 ] DEBUG FXGLAssetLoaderServi - Loading from cache: /assets/textures/
18:29:03.692 [FXGL Background Thread 2 ] DEBUG FXGLAssetLoaderServi - Loading from cache: /assets/textures/
18:29:03.692 [FXGL Background Thread 2 ] DEBUG FXGLAssetLoaderServi - Loading from cache: /assets/textures/Monster.png
18:29:03.692 [FXGL Background Thread 2 ] DEBUG FXGLAssetLoaderServi - Loading from cache: /assets/textures/
18:29:03.693 [FXGL Background Thread 2 ] DEBUG FXGLAssetLoaderServi - Loading from cache: /assets/textures/
18:29:03.693 [FXGL Background Thread 2 ] DEBUG FXGLAssetLoaderServi - Loading from cache: /assets/textures/
18:29:03.693 [FXGL Background Thread 2 ] DEBUG FXGLAssetLoaderServi - Loading from cache: /assets/textures/
18:29:03.693 [FXGL Background Thread 2 ] DEBUG FXGLAssetLoaderServi - Loading from cache: /assets/textures/
18:29:03.694 [FXGL Background Thread 2 ] DEBUG FXGLAssetLoaderServi - Loading from cache: /assets/textures/
18:29:03.694 [FXGL Background Thread 2 ] DEBUG FXGLAssetLoaderServi - Loading from cache: /assets/textures/
18:29:03.694 [FXGL Background Thread 2 ] DEBUG FXGLAssetLoaderServi - Loading from cache: /assets/textures/
18:29:03.694 [FXGL Background Thread 2 ] DEBUG FXGLAssetLoaderServi - Loading from cache: /assets/textures/
18:29:03.695 [FXGL Background Thread 2 ] DEBUG FXGLAssetLoaderServi - Loading from cache: /assets/textures/
18:29:03.695 [FXGL Background Thread 2 ] DEBUG FXGLAssetLoaderServi - Loading from cache: /assets/textures/
18:29:03.695 [FXGL Background Thread 2 ] DEBUG FXGLAssetLoaderServi - Loading from cache: /assets/textures/
18:29:03.696 [FXGL Background Thread 2 ] DEBUG FXGLAssetLoaderServi - Loading from cache: /assets/textures/
18:29:03.696 [FXGL Background Thread 2 ] DEBUG FXGLAssetLoaderServi - Loading from cache: /assets/textures/
18:29:03.696 [FXGL Background Thread 2 ] DEBUG FXGLAssetLoaderServi - Loading from cache: /assets/textures/
18:29:03.697 [FXGL Background Thread 2 ] DEBUG FXGLAssetLoaderServi - Loading from cache: /assets/textures/
18:29:03.697 [FXGL Background Thread 2 ] DEBUG FXGLAssetLoaderServi - Loading from cache: /assets/textures/
18:29:03.698 [FXGL Background Thread 2 ] DEBUG FXGLAssetLoaderServi - Loading from cache: /assets/textures/
18:29:03.698 [FXGL Background Thread 2 ] DEBUG FXGLAssetLoaderServi - Loading from cache: /assets/textures/
18:29:03.698 [FXGL Background Thread 2 ] DEBUG FXGLAssetLoaderServi - Loading from cache: /assets/textures/
18:29:03.698 [FXGL Background Thread 2 ] DEBUG FXGLAssetLoaderServi - Loading from cache: /assets/textures/
18:29:03.698 [FXGL Background Thread 2 ] DEBUG FXGLAssetLoaderServi - Loading from cache: /assets/textures/
18:29:03.699 [FXGL Background Thread 2 ] DEBUG FXGLAssetLoaderServi - Loading from cache: /assets/textures/
18:29:03.699 [FXGL Background Thread 2 ] DEBUG FXGLAssetLoaderServi - Loading from cache: /assets/textures/
18:29:03.700 [FXGL Background Thread 2 ] DEBUG FXGLAssetLoaderServi - Loading from cache: /assets/textures/
18:29:03.700 [FXGL Background Thread 2 ] DEBUG FXGLAssetLoaderServi - Loading from cache: /assets/textures/
18:29:03.701 [FXGL Background Thread 2 ] DEBUG FXGLAssetLoaderServi - Loading from cache: /assets/textures/
18:29:03.701 [FXGL Background Thread 2 ] DEBUG FXGLAssetLoaderServi - Loading from cache: /assets/textures/
18:29:03.701 [FXGL Background Thread 2 ] DEBUG FXGLAssetLoaderServi - Loading from cache: /assets/textures/
18:29:03.702 [FXGL Background Thread 2 ] DEBUG FXGLAssetLoaderServi - Loading from cache: /assets/textures/
18:29:03.702 [FXGL Background Thread 2 ] DEBUG FXGLAssetLoaderServi - Loading from cache: /assets/textures/
18:29:03.702 [FXGL Background Thread 2 ] DEBUG FXGLAssetLoaderServi - Loading from cache: /assets/textures/
18:29:03.703 [FXGL Background Thread 2 ] DEBUG FXGLAssetLoaderServi - Loading from cache: /assets/textures/
18:29:03.703 [FXGL Background Thread 2 ] DEBUG FXGLAssetLoaderServi - Loading from cache: /assets/textures/
18:29:03.703 [FXGL Background Thread 2 ] DEBUG FXGLAssetLoaderServi - Loading from cache: /assets/textures/
18:29:03.703 [FXGL Background Thread 2 ] DEBUG FXGLAssetLoaderServi - Loading from cache: /assets/textures/
18:29:03.703 [FXGL Background Thread 2 ] DEBUG FXGLAssetLoaderServi - Loading from cache: /assets/textures/
18:29:03.703 [FXGL Background Thread 2 ] DEBUG FXGLAssetLoaderServi - Loading from cache: /assets/textures/
18:29:03.704 [FXGL Background Thread 2 ] DEBUG FXGLAssetLoaderServi - Loading from cache: /assets/textures/Monster.png
18:29:03.704 [FXGL Background Thread 2 ] DEBUG FXGLAssetLoaderServi - Loading from cache: /assets/textures/
18:29:03.705 [FXGL Background Thread 2 ] DEBUG FXGLAssetLoaderServi - Loading from cache: /assets/textures/
18:29:03.706 [FXGL Background Thread 2 ] DEBUG FXGLAssetLoaderServi - Loading from cache: /assets/textures/
18:29:03.706 [FXGL Background Thread 2 ] DEBUG FXGLAssetLoaderServi - Loading from cache: /assets/textures/
18:29:03.706 [FXGL Background Thread 2 ] DEBUG FXGLAssetLoaderServi - Loading from cache: /assets/textures/
18:29:03.707 [FXGL Background Thread 2 ] DEBUG FXGLAssetLoaderServi - Loading from cache: /assets/textures/
18:29:03.707 [FXGL Background Thread 2 ] DEBUG FXGLAssetLoaderServi - Loading from cache: /assets/textures/
18:29:03.707 [FXGL Background Thread 2 ] DEBUG FXGLAssetLoaderServi - Loading from cache: /assets/textures/
18:29:03.707 [FXGL Background Thread 2 ] DEBUG FXGLAssetLoaderServi - Loading from cache: /assets/textures/
18:29:03.707 [FXGL Background Thread 2 ] DEBUG FXGLAssetLoaderServi - Loading from cache: /assets/textures/
18:29:03.707 [FXGL Background Thread 2 ] DEBUG FXGLAssetLoaderServi - Loading from cache: /assets/textures/
18:29:03.708 [FXGL Background Thread 2 ] DEBUG FXGLAssetLoaderServi - Loading from cache: /assets/textures/
18:29:03.708 [FXGL Background Thread 2 ] DEBUG FXGLAssetLoaderServi - Loading from cache: /assets/textures/
18:29:03.708 [FXGL Background Thread 2 ] DEBUG FXGLAssetLoaderServi - Loading from cache: /assets/textures/
18:29:03.708 [FXGL Background Thread 2 ] DEBUG FXGLAssetLoaderServi - Loading from cache: /assets/textures/
18:29:03.708 [FXGL Background Thread 2 ] DEBUG FXGLAssetLoaderServi - Loading from cache: /assets/textures/
18:29:03.708 [FXGL Background Thread 2 ] DEBUG FXGLAssetLoaderServi - Loading from cache: /assets/textures/Monster.png
18:29:03.709 [FXGL Background Thread 2 ] DEBUG FXGLAssetLoaderServi - Loading from cache: /assets/textures/
18:29:03.710 [FXGL Background Thread 2 ] DEBUG FXGLAssetLoaderServi - Loading from cache: /assets/textures/
18:29:03.710 [FXGL Background Thread 2 ] DEBUG FXGLAssetLoaderServi - Loading from cache: /assets/textures/
18:29:03.710 [FXGL Background Thread 2 ] DEBUG FXGLAssetLoaderServi - Loading from cache: /assets/textures/
18:29:03.710 [FXGL Background Thread 2 ] DEBUG FXGLAssetLoaderServi - Loading from cache: /assets/textures/
18:29:03.710 [FXGL Background Thread 2 ] DEBUG FXGLAssetLoaderServi - Loading from cache: /assets/textures/
18:29:03.710 [FXGL Background Thread 2 ] DEBUG FXGLAssetLoaderServi - Loading from cache: /assets/textures/
18:29:03.711 [FXGL Background Thread 2 ] DEBUG FXGLAssetLoaderServi - Loading from cache: /assets/textures/
18:29:03.711 [FXGL Background Thread 2 ] DEBUG FXGLAssetLoaderServi - Loading from cache: /assets/textures/
18:29:03.711 [FXGL Background Thread 2 ] DEBUG FXGLAssetLoaderServi - Loading from cache: /assets/textures/
18:29:03.711 [FXGL Background Thread 2 ] DEBUG FXGLAssetLoaderServi - Loading from cache: /assets/textures/
18:29:03.711 [FXGL Background Thread 2 ] DEBUG FXGLAssetLoaderServi - Loading from cache: /assets/textures/
18:29:03.712 [FXGL Background Thread 2 ] DEBUG FXGLAssetLoaderServi - Loading from cache: /assets/textures/
18:29:03.712 [FXGL Background Thread 2 ] DEBUG FXGLAssetLoaderServi - Loading from cache: /assets/textures/
18:29:03.712 [FXGL Background Thread 2 ] DEBUG FXGLAssetLoaderServi - Loading from cache: /assets/textures/
18:29:03.712 [FXGL Background Thread 2 ] DEBUG FXGLAssetLoaderServi - Loading from cache: /assets/textures/
18:29:03.713 [FXGL Background Thread 2 ] DEBUG FXGLAssetLoaderServi - Loading from cache: /assets/textures/
18:29:03.713 [FXGL Background Thread 2 ] DEBUG FXGLAssetLoaderServi - Loading from cache: /assets/textures/
18:29:03.713 [FXGL Background Thread 2 ] DEBUG FXGLAssetLoaderServi - Loading from cache: /assets/textures/
18:29:03.714 [FXGL Background Thread 2 ] DEBUG FXGLAssetLoaderServi - Loading from cache: /assets/textures/
18:29:03.714 [FXGL Background Thread 2 ] DEBUG FXGLAssetLoaderServi - Loading from cache: /assets/textures/
18:29:03.714 [FXGL Background Thread 2 ] DEBUG FXGLAssetLoaderServi - Loading from cache: /assets/textures/
18:29:03.714 [FXGL Background Thread 2 ] DEBUG FXGLAssetLoaderServi - Loading from cache: /assets/textures/Monster.png
18:29:03.715 [FXGL Background Thread 2 ] DEBUG FXGLAssetLoaderServi - Loading from cache: /assets/textures/
18:29:03.715 [FXGL Background Thread 2 ] DEBUG FXGLAssetLoaderServi - Loading from cache: /assets/textures/
18:29:03.715 [FXGL Background Thread 2 ] DEBUG FXGLAssetLoaderServi - Loading from cache: /assets/textures/
18:29:03.715 [FXGL Background Thread 2 ] DEBUG FXGLAssetLoaderServi - Loading from cache: /assets/textures/
18:29:03.715 [FXGL Background Thread 2 ] DEBUG FXGLAssetLoaderServi - Loading from cache: /assets/textures/
18:29:03.716 [FXGL Background Thread 2 ] DEBUG FXGLAssetLoaderServi - Loading from cache: /assets/textures/
18:29:03.716 [FXGL Background Thread 2 ] DEBUG FXGLAssetLoaderServi - Loading from cache: /assets/textures/
18:29:03.716 [FXGL Background Thread 2 ] DEBUG FXGLAssetLoaderServi - Loading from cache: /assets/textures/
18:29:03.716 [FXGL Background Thread 2 ] DEBUG FXGLAssetLoaderServi - Loading from cache: /assets/textures/
18:29:03.716 [FXGL Background Thread 2 ] DEBUG FXGLAssetLoaderServi - Loading from cache: /assets/textures/
18:29:03.716 [FXGL Background Thread 2 ] DEBUG FXGLAssetLoaderServi - Loading from cache: /assets/textures/
18:29:03.717 [FXGL Background Thread 2 ] DEBUG FXGLAssetLoaderServi - Loading from cache: /assets/textures/
18:29:03.717 [FXGL Background Thread 2 ] DEBUG FXGLAssetLoaderServi - Loading from cache: /assets/textures/
18:29:03.717 [FXGL Background Thread 2 ] DEBUG FXGLAssetLoaderServi - Loading from cache: /assets/textures/
18:29:03.718 [FXGL Background Thread 2 ] DEBUG FXGLAssetLoaderServi - Loading from cache: /assets/textures/
18:29:03.718 [FXGL Background Thread 2 ] DEBUG FXGLAssetLoaderServi - Loading from cache: /assets/textures/
18:29:03.718 [FXGL Background Thread 2 ] DEBUG FXGLAssetLoaderServi - Loading from cache: /assets/textures/
18:29:03.719 [FXGL Background Thread 2 ] DEBUG FXGLAssetLoaderServi - Loading from cache: /assets/textures/
18:29:03.719 [FXGL Background Thread 2 ] DEBUG FXGLAssetLoaderServi - Loading from cache: /assets/textures/
18:29:03.719 [FXGL Background Thread 2 ] DEBUG FXGLAssetLoaderServi - Loading from cache: /assets/textures/
18:29:03.719 [FXGL Background Thread 2 ] DEBUG FXGLAssetLoaderServi - Loading from cache: /assets/textures/
18:29:03.719 [FXGL Background Thread 2 ] DEBUG FXGLAssetLoaderServi - Loading from cache: /assets/textures/
18:29:03.719 [FXGL Background Thread 2 ] DEBUG FXGLAssetLoaderServi - Loading from cache: /assets/textures/Monster.png
18:29:03.720 [FXGL Background Thread 2 ] DEBUG FXGLAssetLoaderServi - Loading from cache: /assets/textures/
18:29:03.720 [FXGL Background Thread 2 ] DEBUG FXGLAssetLoaderServi - Loading from cache: /assets/textures/Monster.png
18:29:03.720 [FXGL Background Thread 2 ] DEBUG FXGLAssetLoaderServi - Loading from cache: /assets/textures/
18:29:03.720 [FXGL Background Thread 2 ] DEBUG FXGLAssetLoaderServi - Loading from cache: /assets/textures/
18:29:03.721 [FXGL Background Thread 2 ] DEBUG FXGLAssetLoaderServi - Loading from cache: /assets/textures/
18:29:03.721 [FXGL Background Thread 2 ] DEBUG FXGLAssetLoaderServi - Loading from cache: /assets/textures/
18:29:03.721 [FXGL Background Thread 2 ] DEBUG FXGLAssetLoaderServi - Loading from cache: /assets/textures/
18:29:03.721 [FXGL Background Thread 2 ] DEBUG FXGLAssetLoaderServi - Loading from cache: /assets/textures/Monster.png
18:29:03.721 [FXGL Background Thread 2 ] DEBUG FXGLAssetLoaderServi - Loading from cache: /assets/textures/
18:29:03.722 [FXGL Background Thread 2 ] DEBUG FXGLAssetLoaderServi - Loading from cache: /assets/textures/
18:29:03.722 [FXGL Background Thread 2 ] DEBUG FXGLAssetLoaderServi - Loading from cache: /assets/textures/
18:29:03.722 [FXGL Background Thread 2 ] DEBUG FXGLAssetLoaderServi - Loading from cache: /assets/textures/
18:29:03.722 [FXGL Background Thread 2 ] DEBUG FXGLAssetLoaderServi - Loading from cache: /assets/textures/
18:29:03.722 [FXGL Background Thread 2 ] DEBUG FXGLAssetLoaderServi - Loading from cache: /assets/textures/
18:29:03.723 [FXGL Background Thread 2 ] DEBUG FXGLAssetLoaderServi - Loading from cache: /assets/textures/
18:29:03.723 [FXGL Background Thread 2 ] DEBUG FXGLAssetLoaderServi - Loading from cache: /assets/textures/
18:29:03.723 [FXGL Background Thread 2 ] DEBUG FXGLAssetLoaderServi - Loading from cache: /assets/textures/
18:29:03.723 [FXGL Background Thread 2 ] DEBUG FXGLAssetLoaderServi - Loading from cache: /assets/textures/
18:29:03.723 [FXGL Background Thread 2 ] DEBUG FXGLAssetLoaderServi - Loading from cache: /assets/textures/
18:29:03.723 [FXGL Background Thread 2 ] DEBUG FXGLAssetLoaderServi - Loading from cache: /assets/textures/
18:29:03.723 [FXGL Background Thread 2 ] DEBUG FXGLAssetLoaderServi - Loading from cache: /assets/textures/
18:29:03.724 [FXGL Background Thread 2 ] DEBUG FXGLAssetLoaderServi - Loading from cache: /assets/textures/
18:29:03.724 [FXGL Background Thread 2 ] DEBUG FXGLAssetLoaderServi - Loading from cache: /assets/textures/
18:29:03.724 [FXGL Background Thread 2 ] DEBUG FXGLAssetLoaderServi - Loading from cache: /assets/textures/
18:29:03.724 [FXGL Background Thread 2 ] DEBUG FXGLAssetLoaderServi - Loading from cache: /assets/textures/
18:29:03.724 [FXGL Background Thread 2 ] DEBUG FXGLAssetLoaderServi - Loading from cache: /assets/textures/
18:29:03.725 [FXGL Background Thread 2 ] DEBUG FXGLAssetLoaderServi - Loading from cache: /assets/textures/
18:29:03.725 [FXGL Background Thread 2 ] DEBUG FXGLAssetLoaderServi - Loading from cache: /assets/textures/
18:29:03.725 [FXGL Background Thread 2 ] DEBUG FXGLAssetLoaderServi - Loading from cache: /assets/textures/
18:29:03.726 [FXGL Background Thread 2 ] DEBUG FXGLAssetLoaderServi - Loading from cache: /assets/textures/
18:29:03.726 [FXGL Background Thread 2 ] DEBUG FXGLAssetLoaderServi - Loading from cache: /assets/textures/
18:29:03.726 [FXGL Background Thread 2 ] DEBUG FXGLAssetLoaderServi - Loading from cache: /assets/textures/
18:29:03.726 [FXGL Background Thread 2 ] DEBUG FXGLAssetLoaderServi - Loading from cache: /assets/textures/
18:29:03.726 [FXGL Background Thread 2 ] DEBUG FXGLAssetLoaderServi - Loading from cache: /assets/textures/
18:29:03.726 [FXGL Background Thread 2 ] DEBUG FXGLAssetLoaderServi - Loading from cache: /assets/textures/
18:29:03.726 [FXGL Background Thread 2 ] DEBUG FXGLAssetLoaderServi - Loading from cache: /assets/textures/
18:29:03.727 [FXGL Background Thread 2 ] DEBUG FXGLAssetLoaderServi - Loading from cache: /assets/textures/
18:29:03.727 [FXGL Background Thread 2 ] DEBUG FXGLAssetLoaderServi - Loading from cache: /assets/textures/
18:29:03.727 [FXGL Background Thread 2 ] DEBUG FXGLAssetLoaderServi - Loading from cache: /assets/textures/
18:29:03.727 [FXGL Background Thread 2 ] DEBUG FXGLAssetLoaderServi - Loading from cache: /assets/textures/
18:29:03.727 [FXGL Background Thread 2 ] DEBUG FXGLAssetLoaderServi - Loading from cache: /assets/textures/
18:29:03.727 [FXGL Background Thread 2 ] DEBUG FXGLAssetLoaderServi - Loading from cache: /assets/textures/
18:29:03.727 [FXGL Background Thread 2 ] DEBUG FXGLAssetLoaderServi - Loading from cache: /assets/textures/
18:29:03.728 [FXGL Background Thread 2 ] DEBUG FXGLAssetLoaderServi - Loading from cache: /assets/textures/
18:29:03.728 [FXGL Background Thread 2 ] DEBUG FXGLAssetLoaderServi - Loading from cache: /assets/textures/
18:29:03.728 [FXGL Background Thread 2 ] DEBUG FXGLAssetLoaderServi - Loading from cache: /assets/textures/Monster.png
18:29:03.729 [FXGL Background Thread 2 ] DEBUG FXGLAssetLoaderServi - Loading from cache: /assets/textures/
18:29:03.729 [FXGL Background Thread 2 ] DEBUG FXGLAssetLoaderServi - Loading from cache: /assets/textures/
18:29:03.729 [FXGL Background Thread 2 ] DEBUG FXGLAssetLoaderServi - Loading from cache: /assets/textures/
18:29:03.729 [FXGL Background Thread 2 ] DEBUG FXGLAssetLoaderServi - Loading from cache: /assets/textures/
18:29:03.729 [FXGL Background Thread 2 ] DEBUG FXGLAssetLoaderServi - Loading from cache: /assets/textures/
18:29:03.729 [FXGL Background Thread 2 ] DEBUG FXGLAssetLoaderServi - Loading from cache: /assets/textures/
18:29:03.730 [FXGL Background Thread 2 ] DEBUG FXGLAssetLoaderServi - Loading from cache: /assets/textures/
18:29:03.730 [FXGL Background Thread 2 ] DEBUG FXGLAssetLoaderServi - Loading from cache: /assets/textures/
18:29:03.730 [FXGL Background Thread 2 ] DEBUG FXGLAssetLoaderServi - Loading from cache: /assets/textures/
18:29:03.730 [FXGL Background Thread 2 ] DEBUG FXGLAssetLoaderServi - Loading from cache: /assets/textures/
18:29:03.730 [FXGL Background Thread 2 ] DEBUG FXGLAssetLoaderServi - Loading from cache: /assets/textures/Monster.png
18:29:03.731 [FXGL Background Thread 2 ] DEBUG FXGLAssetLoaderServi - Loading from cache: /assets/textures/
18:29:03.731 [FXGL Background Thread 2 ] DEBUG FXGLAssetLoaderServi - Loading from cache: /assets/textures/
18:29:03.731 [FXGL Background Thread 2 ] DEBUG FXGLAssetLoaderServi - Loading from cache: /assets/textures/
18:29:03.731 [FXGL Background Thread 2 ] DEBUG FXGLAssetLoaderServi - Loading from cache: /assets/textures/
18:29:03.731 [FXGL Background Thread 2 ] DEBUG FXGLAssetLoaderServi - Loading from cache: /assets/textures/
18:29:03.732 [FXGL Background Thread 2 ] DEBUG FXGLAssetLoaderServi - Loading from cache: /assets/textures/
18:29:03.732 [FXGL Background Thread 2 ] DEBUG FXGLAssetLoaderServi - Loading from cache: /assets/textures/
18:29:03.732 [FXGL Background Thread 2 ] DEBUG FXGLAssetLoaderServi - Loading from cache: /assets/textures/Monster.png
18:29:03.733 [FXGL Background Thread 2 ] DEBUG FXGLAssetLoaderServi - Loading from cache: /assets/textures/
18:29:03.733 [FXGL Background Thread 2 ] DEBUG FXGLAssetLoaderServi - Loading from cache: /assets/textures/
18:29:03.733 [FXGL Background Thread 2 ] DEBUG FXGLAssetLoaderServi - Loading from cache: /assets/textures/
18:29:03.733 [FXGL Background Thread 2 ] DEBUG FXGLAssetLoaderServi - Loading from cache: /assets/textures/Monster.png
18:29:03.734 [FXGL Background Thread 2 ] DEBUG FXGLAssetLoaderServi - Loading from cache: /assets/textures/
18:29:03.735 [FXGL Background Thread 2 ] DEBUG FXGLAssetLoaderServi - Loading from cache: /assets/textures/
18:29:03.735 [FXGL Background Thread 2 ] DEBUG FXGLAssetLoaderServi - Loading from cache: /assets/textures/
18:29:03.735 [FXGL Background Thread 2 ] DEBUG FXGLAssetLoaderServi - Loading from cache: /assets/textures/
18:29:03.735 [FXGL Background Thread 2 ] DEBUG FXGLAssetLoaderServi - Loading from cache: /assets/textures/
18:29:03.735 [FXGL Background Thread 2 ] DEBUG FXGLAssetLoaderServi - Loading from cache: /assets/textures/
18:29:03.735 [FXGL Background Thread 2 ] DEBUG FXGLAssetLoaderServi - Loading from cache: /assets/textures/
18:29:03.735 [FXGL Background Thread 2 ] DEBUG FXGLAssetLoaderServi - Loading from cache: /assets/textures/
18:29:03.736 [FXGL Background Thread 2 ] DEBUG FXGLAssetLoaderServi - Loading from cache: /assets/textures/
18:29:03.736 [FXGL Background Thread 2 ] DEBUG FXGLAssetLoaderServi - Loading from cache: /assets/textures/
18:29:03.736 [FXGL Background Thread 2 ] DEBUG FXGLAssetLoaderServi - Loading from cache: /assets/textures/
18:29:03.736 [FXGL Background Thread 2 ] DEBUG FXGLAssetLoaderServi - Loading from cache: /assets/textures/
18:29:03.736 [FXGL Background Thread 2 ] DEBUG FXGLAssetLoaderServi - Loading from cache: /assets/textures/
18:29:03.737 [FXGL Background Thread 2 ] DEBUG FXGLAssetLoaderServi - Loading from cache: /assets/textures/Monster.png
18:29:03.737 [FXGL Background Thread 2 ] DEBUG FXGLAssetLoaderServi - Loading from cache: /assets/textures/
18:29:03.737 [FXGL Background Thread 2 ] DEBUG FXGLAssetLoaderServi - Loading from cache: /assets/textures/
18:29:03.737 [FXGL Background Thread 2 ] DEBUG FXGLAssetLoaderServi - Loading from cache: /assets/textures/
18:29:03.737 [FXGL Background Thread 2 ] DEBUG FXGLAssetLoaderServi - Loading from cache: /assets/textures/
18:29:03.738 [FXGL Background Thread 2 ] DEBUG FXGLAssetLoaderServi - Loading from cache: /assets/textures/
18:29:03.738 [FXGL Background Thread 2 ] DEBUG FXGLAssetLoaderServi - Loading from cache: /assets/textures/
18:29:03.738 [FXGL Background Thread 2 ] DEBUG FXGLAssetLoaderServi - Loading from cache: /assets/textures/
18:29:03.738 [FXGL Background Thread 2 ] DEBUG FXGLAssetLoaderServi - Loading from cache: /assets/textures/
18:29:03.738 [FXGL Background Thread 2 ] DEBUG FXGLAssetLoaderServi - Loading from cache: /assets/textures/
18:29:03.738 [FXGL Background Thread 2 ] DEBUG FXGLAssetLoaderServi - Loading from cache: /assets/textures/
18:29:03.738 [FXGL Background Thread 2 ] DEBUG FXGLAssetLoaderServi - Loading from cache: /assets/textures/
18:29:03.738 [FXGL Background Thread 2 ] DEBUG FXGLAssetLoaderServi - Loading from cache: /assets/textures/
18:29:03.739 [FXGL Background Thread 2 ] DEBUG FXGLAssetLoaderServi - Loading from cache: /assets/textures/
18:29:03.739 [FXGL Background Thread 2 ] DEBUG FXGLAssetLoaderServi - Loading from cache: /assets/textures/
18:29:03.739 [FXGL Background Thread 2 ] DEBUG FXGLAssetLoaderServi - Loading from cache: /assets/textures/
18:29:03.739 [FXGL Background Thread 2 ] DEBUG FXGLAssetLoaderServi - Loading from cache: /assets/textures/
18:29:03.740 [FXGL Background Thread 2 ] DEBUG FXGLAssetLoaderServi - Loading from cache: /assets/textures/
18:29:03.740 [FXGL Background Thread 2 ] DEBUG FXGLAssetLoaderServi - Loading from cache: /assets/textures/
18:29:03.740 [FXGL Background Thread 2 ] DEBUG FXGLAssetLoaderServi - Loading from cache: /assets/textures/
18:29:03.740 [FXGL Background Thread 2 ] DEBUG FXGLAssetLoaderServi - Loading from cache: /assets/textures/
18:29:03.740 [FXGL Background Thread 2 ] DEBUG FXGLAssetLoaderServi - Loading from cache: /assets/textures/
18:29:03.740 [FXGL Background Thread 2 ] DEBUG FXGLAssetLoaderServi - Loading from cache: /assets/textures/
18:29:03.740 [FXGL Background Thread 2 ] DEBUG FXGLAssetLoaderServi - Loading from cache: /assets/textures/
18:29:03.740 [FXGL Background Thread 2 ] DEBUG FXGLAssetLoaderServi - Loading from cache: /assets/textures/
18:29:03.741 [FXGL Background Thread 2 ] DEBUG FXGLAssetLoaderServi - Loading from cache: /assets/textures/
18:29:03.741 [FXGL Background Thread 2 ] DEBUG FXGLAssetLoaderServi - Loading from cache: /assets/textures/
18:29:03.741 [FXGL Background Thread 2 ] DEBUG FXGLAssetLoaderServi - Loading from cache: /assets/textures/
18:29:03.741 [FXGL Background Thread 2 ] DEBUG FXGLAssetLoaderServi - Loading from cache: /assets/textures/
18:29:03.741 [FXGL Background Thread 2 ] DEBUG FXGLAssetLoaderServi - Loading from cache: /assets/textures/
18:29:03.741 [FXGL Background Thread 2 ] DEBUG FXGLAssetLoaderServi - Loading from cache: /assets/textures/
18:29:03.741 [FXGL Background Thread 2 ] DEBUG FXGLAssetLoaderServi - Loading from cache: /assets/textures/
18:29:03.741 [FXGL Background Thread 2 ] DEBUG FXGLAssetLoaderServi - Loading from cache: /assets/textures/
18:29:03.741 [FXGL Background Thread 2 ] DEBUG FXGLAssetLoaderServi - Loading from cache: /assets/textures/
18:29:03.742 [FXGL Background Thread 2 ] DEBUG FXGLAssetLoaderServi - Loading from cache: /assets/textures/
18:29:03.742 [FXGL Background Thread 2 ] DEBUG FXGLAssetLoaderServi - Loading from cache: /assets/textures/
18:29:03.742 [FXGL Background Thread 2 ] DEBUG FXGLAssetLoaderServi - Loading from cache: /assets/textures/
18:29:03.742 [FXGL Background Thread 2 ] DEBUG FXGLAssetLoaderServi - Loading from cache: /assets/textures/
18:29:03.743 [FXGL Background Thread 2 ] DEBUG FXGLAssetLoaderServi - Loading from cache: /assets/textures/
18:29:03.743 [FXGL Background Thread 2 ] DEBUG FXGLAssetLoaderServi - Loading from cache: /assets/textures/
18:29:03.743 [FXGL Background Thread 2 ] DEBUG FXGLAssetLoaderServi - Loading from cache: /assets/textures/Monster.png
18:29:03.743 [FXGL Background Thread 2 ] DEBUG FXGLAssetLoaderServi - Loading from cache: /assets/textures/
18:29:03.744 [FXGL Background Thread 2 ] DEBUG FXGLAssetLoaderServi - Loading from cache: /assets/textures/
18:29:03.744 [FXGL Background Thread 2 ] DEBUG FXGLAssetLoaderServi - Loading from cache: /assets/textures/
18:29:03.744 [FXGL Background Thread 2 ] DEBUG FXGLAssetLoaderServi - Loading from cache: /assets/textures/
18:29:03.744 [FXGL Background Thread 2 ] DEBUG FXGLAssetLoaderServi - Loading from cache: /assets/textures/
18:29:03.744 [FXGL Background Thread 2 ] DEBUG FXGLAssetLoaderServi - Loading from cache: /assets/textures/
18:29:03.744 [FXGL Background Thread 2 ] DEBUG FXGLAssetLoaderServi - Loading from cache: /assets/textures/
18:29:03.744 [FXGL Background Thread 2 ] DEBUG FXGLAssetLoaderServi - Loading from cache: /assets/textures/
18:29:03.745 [FXGL Background Thread 2 ] DEBUG FXGLAssetLoaderServi - Loading from cache: /assets/textures/
18:29:03.745 [FXGL Background Thread 2 ] DEBUG FXGLAssetLoaderServi - Loading from cache: /assets/textures/
18:29:03.745 [FXGL Background Thread 2 ] DEBUG FXGLAssetLoaderServi - Loading from cache: /assets/textures/
18:29:03.745 [FXGL Background Thread 2 ] DEBUG FXGLAssetLoaderServi - Loading from cache: /assets/textures/
18:29:03.745 [FXGL Background Thread 2 ] DEBUG FXGLAssetLoaderServi - Loading from cache: /assets/textures/
18:29:03.746 [FXGL Background Thread 2 ] DEBUG FXGLAssetLoaderServi - Loading from cache: /assets/textures/
18:29:03.746 [FXGL Background Thread 2 ] DEBUG FXGLAssetLoaderServi - Loading from cache: /assets/textures/
18:29:03.746 [FXGL Background Thread 2 ] DEBUG FXGLAssetLoaderServi - Loading from cache: /assets/textures/
18:29:03.746 [FXGL Background Thread 2 ] DEBUG FXGLAssetLoaderServi - Loading from cache: /assets/textures/
18:29:03.746 [FXGL Background Thread 2 ] DEBUG FXGLAssetLoaderServi - Loading from cache: /assets/textures/
18:29:03.746 [FXGL Background Thread 2 ] DEBUG FXGLAssetLoaderServi - Loading from cache: /assets/textures/
18:29:03.747 [FXGL Background Thread 2 ] DEBUG FXGLAssetLoaderServi - Loading from cache: /assets/textures/
18:29:03.747 [FXGL Background Thread 2 ] DEBUG FXGLAssetLoaderServi - Loading from cache: /assets/textures/
18:29:03.747 [FXGL Background Thread 2 ] DEBUG FXGLAssetLoaderServi - Loading from cache: /assets/textures/
18:29:03.747 [FXGL Background Thread 2 ] DEBUG FXGLAssetLoaderServi - Loading from cache: /assets/textures/
18:29:03.747 [FXGL Background Thread 2 ] DEBUG FXGLAssetLoaderServi - Loading from cache: /assets/textures/
18:29:03.747 [FXGL Background Thread 2 ] DEBUG FXGLAssetLoaderServi - Loading from cache: /assets/textures/
18:29:03.747 [FXGL Background Thread 2 ] DEBUG FXGLAssetLoaderServi - Loading from cache: /assets/textures/
18:29:03.747 [FXGL Background Thread 2 ] DEBUG FXGLAssetLoaderServi - Loading from cache: /assets/textures/
18:29:03.748 [FXGL Background Thread 2 ] DEBUG FXGLAssetLoaderServi - Loading from cache: /assets/textures/
18:29:03.748 [FXGL Background Thread 2 ] DEBUG FXGLAssetLoaderServi - Loading from cache: /assets/textures/
18:29:03.748 [FXGL Background Thread 2 ] DEBUG FXGLAssetLoaderServi - Loading from cache: /assets/textures/
18:29:03.748 [FXGL Background Thread 2 ] DEBUG FXGLAssetLoaderServi - Loading from cache: /assets/textures/
18:29:03.749 [FXGL Background Thread 2 ] DEBUG FXGLAssetLoaderServi - Loading from cache: /assets/textures/
18:29:03.749 [FXGL Background Thread 2 ] DEBUG FXGLAssetLoaderServi - Loading from cache: /assets/textures/
18:29:03.749 [FXGL Background Thread 2 ] DEBUG FXGLAssetLoaderServi - Loading from cache: /assets/textures/
18:29:03.749 [FXGL Background Thread 2 ] DEBUG FXGLAssetLoaderServi - Loading from cache: /assets/textures/Monster.png
18:29:03.749 [FXGL Background Thread 2 ] DEBUG FXGLAssetLoaderServi - Loading from cache: /assets/textures/
18:29:03.749 [FXGL Background Thread 2 ] DEBUG FXGLAssetLoaderServi - Loading from cache: /assets/textures/
18:29:03.749 [FXGL Background Thread 2 ] DEBUG FXGLAssetLoaderServi - Loading from cache: /assets/textures/
18:29:03.750 [FXGL Background Thread 2 ] DEBUG FXGLAssetLoaderServi - Loading from cache: /assets/textures/
18:29:03.750 [FXGL Background Thread 2 ] DEBUG FXGLAssetLoaderServi - Loading from cache: /assets/textures/
18:29:03.750 [FXGL Background Thread 2 ] DEBUG FXGLAssetLoaderServi - Loading from cache: /assets/textures/
18:29:03.751 [FXGL Background Thread 2 ] DEBUG FXGLAssetLoaderServi - Loading from cache: /assets/textures/Monster.png
18:29:03.751 [FXGL Background Thread 2 ] DEBUG FXGLAssetLoaderServi - Loading from cache: /assets/textures/
18:29:03.751 [FXGL Background Thread 2 ] DEBUG FXGLAssetLoaderServi - Loading from cache: /assets/textures/Monster.png
18:29:03.752 [FXGL Background Thread 2 ] DEBUG FXGLAssetLoaderServi - Loading from cache: /assets/textures/
18:29:03.752 [FXGL Background Thread 2 ] DEBUG FXGLAssetLoaderServi - Loading from cache: /assets/textures/
18:29:03.752 [FXGL Background Thread 2 ] DEBUG FXGLAssetLoaderServi - Loading from cache: /assets/textures/
18:29:03.752 [FXGL Background Thread 2 ] DEBUG FXGLAssetLoaderServi - Loading from cache: /assets/textures/
18:29:03.753 [FXGL Background Thread 2 ] DEBUG FXGLAssetLoaderServi - Loading from cache: /assets/textures/
18:29:03.753 [FXGL Background Thread 2 ] DEBUG FXGLAssetLoaderServi - Loading from cache: /assets/textures/
18:29:03.753 [FXGL Background Thread 2 ] DEBUG FXGLAssetLoaderServi - Loading from cache: /assets/textures/
18:29:03.753 [FXGL Background Thread 2 ] DEBUG FXGLAssetLoaderServi - Loading from cache: /assets/textures/
18:29:03.753 [FXGL Background Thread 2 ] DEBUG FXGLAssetLoaderServi - Loading from cache: /assets/textures/Monster.png
18:29:03.754 [FXGL Background Thread 2 ] DEBUG FXGLAssetLoaderServi - Loading from cache: /assets/textures/
18:29:03.754 [FXGL Background Thread 2 ] DEBUG FXGLAssetLoaderServi - Loading from cache: /assets/textures/Monster.png
18:29:03.755 [FXGL Background Thread 2 ] DEBUG FXGLAssetLoaderServi - Loading from cache: /assets/textures/
18:29:03.755 [FXGL Background Thread 2 ] DEBUG FXGLAssetLoaderServi - Loading from cache: /assets/textures/
18:29:03.755 [FXGL Background Thread 2 ] DEBUG FXGLAssetLoaderServi - Loading from cache: /assets/textures/Monster.png
18:29:03.755 [FXGL Background Thread 2 ] DEBUG FXGLAssetLoaderServi - Loading from cache: /assets/textures/Monster.png
18:29:03.756 [FXGL Background Thread 2 ] DEBUG FXGLAssetLoaderServi - Loading from cache: /assets/textures/
18:29:03.756 [FXGL Background Thread 2 ] DEBUG FXGLAssetLoaderServi - Loading from cache: /assets/textures/
18:29:03.756 [FXGL Background Thread 2 ] DEBUG FXGLAssetLoaderServi - Loading from cache: /assets/textures/
18:29:03.756 [FXGL Background Thread 2 ] DEBUG FXGLAssetLoaderServi - Loading from cache: /assets/textures/
18:29:03.756 [FXGL Background Thread 2 ] DEBUG FXGLAssetLoaderServi - Loading from cache: /assets/textures/
18:29:03.759 [FXGL Background Thread 2 ] DEBUG FXGLAssetLoaderServi - Loading from file system: /assets/textures/TP.png
18:29:03.762 [FXGL Background Thread 2 ] DEBUG GameWorld            - Clearing removable entities
18:29:03.762 [FXGL Background Thread 2 ] DEBUG GameWorld            - Setting level: com.almasb.fxgl.entity.level.Level@4589726
18:29:03.862 [FXGL Background Thread 2 ] INFO  FXGLApplication      - Game initialization took: 1.633 sec
18:29:03.864 [JavaFX Application Thread] DEBUG Input                - Clearing active input actions
18:29:03.904 [JavaFX Application Thread] DEBUG GameApplicationServi - Removing overlay from FXGLLoadingScene and adding to GameScene
18:29:03.904 [JavaFX Application Thread] DEBUG MainWindow           - FXGLLoadingScene -> GameScene
18:29:06.354 [JavaFX Application Thread] DEBUG FXGLAssetLoaderServi - Loading from file system: /assets/textures/Chest.jpg
18:29:07.629 [JavaFX Application Thread] DEBUG FXGLAssetLoaderServi - Loading from cache: /assets/textures/Chest.jpg
18:37:55.778 [JavaFX Application Thread] DEBUG FXGLAssetLoaderServi - Loading from cache: /assets/textures/Chest.jpg
18:38:00.081 [JavaFX Application Thread] DEBUG FXGLAssetLoaderServi - Loading from cache: /assets/textures/Chest.jpg
18:38:03.660 [JavaFX Application Thread] DEBUG FXGLAssetLoaderServi - Loading from cache: /assets/textures/Chest.jpg
18:38:05.022 [JavaFX Application Thread] DEBUG FXGLAssetLoaderServi - Loading from cache: /assets/textures/Chest.jpg
18:38:07.509 [JavaFX Application Thread] DEBUG FXGLAssetLoaderServi - Loading from cache: /assets/textures/Chest.jpg
18:38:10.155 [JavaFX Application Thread] DEBUG FXGLAssetLoaderServi - Loading from cache: /assets/textures/Chest.jpg
18:38:13.210 [JavaFX Application Thread] DEBUG FXGLAssetLoaderServi - Loading from cache: /assets/textures/Chest.jpg
18:38:15.422 [JavaFX Application Thread] DEBUG FXGLAssetLoaderServi - Loading from cache: /assets/textures/Chest.jpg
18:38:16.515 [JavaFX Application Thread] DEBUG FXGLAssetLoaderServi - Loading from cache: /assets/textures/Chest.jpg
18:38:17.899 [JavaFX Application Thread] DEBUG FXGLAssetLoaderServi - Loading from cache: /assets/textures/Chest.jpg
18:38:22.236 [JavaFX Application Thread] DEBUG MainWindow           - Push state: DialogSubScene
18:38:22.236 [JavaFX Application Thread] DEBUG Input                - Clearing active input actions
18:38:22.238 [JavaFX Application Thread] DEBUG GameApplicationServi - Removing overlay from GameScene and adding to DialogSubScene
18:38:22.238 [JavaFX Application Thread] DEBUG MainWindow           - GameScene -> DialogSubScene
18:38:22.242 [JavaFX Application Thread] DEBUG LoopRunner           - Stopping loop
18:38:22.246 [JavaFX Application Thread] FATAL FXGLApplication      - Uncaught Exception:
java.util.NoSuchElementException: No entity found satisfying the predicate
	at com.almasb.fxgl.entity.GameWorld.getSingleton(GameWorld.kt:412)
	at com.almasb.fxgl.entity.GameWorld.getSingleton(GameWorld.kt:408)
	at other.components.DelayMonsterAtkComponent.onUpdate(DelayMonsterAtkComponent.java:41)
	at com.almasb.fxgl.entity.Entity$ComponentMap.update(Entity.java:56)
	at com.almasb.fxgl.entity.Entity.update(Entity.java:204)
	at com.almasb.fxgl.entity.GameWorld.onUpdate(GameWorld.kt:156)
	at com.almasb.fxgl.app.scene.GameScene.step(GameScene.kt:114)
	at com.almasb.fxgl.app.scene.GameScene.onUpdate(GameScene.kt:110)
	at com.almasb.fxgl.scene.Scene.update(Scene.kt:78)
	at com.almasb.fxgl.app.MainWindow$update$1.invoke(MainWindow.kt:219)
	at com.almasb.fxgl.app.MainWindow$update$1.invoke(MainWindow.kt:40)
	at com.almasb.fxgl.core.fsm.StateMachine.runOnActiveStates(StateMachine.kt:60)
	at com.almasb.fxgl.app.MainWindow.update(MainWindow.kt:219)
	at com.almasb.fxgl.app.FXGLApplication$GameApplicationService.onUpdate(FXGLApplication.kt:400)
	at com.almasb.fxgl.app.Engine.loop(Engine.kt:130)
	at com.almasb.fxgl.app.Engine.access$loop(Engine.kt:24)
	at com.almasb.fxgl.app.Engine$loop$1.invoke(Engine.kt:28)
	at com.almasb.fxgl.app.Engine$loop$1.invoke(Engine.kt:24)
	at com.almasb.fxgl.app.LoopRunner.frame(LoopRunner.kt:86)
	at com.almasb.fxgl.app.LoopRunner.access$frame(LoopRunner.kt:17)
	at com.almasb.fxgl.app.LoopRunner$impl$2$1.handle(LoopRunner.kt:37)
	at javafx.animation.AnimationTimer$AnimationTimerReceiver.lambda$handle$0(AnimationTimer.java:57)
	at java.base/java.security.AccessController.doPrivileged(Native Method)
	at javafx.animation.AnimationTimer$AnimationTimerReceiver.handle(AnimationTimer.java:56)
	at com.sun.scenario.animation.AbstractMasterTimer.timePulseImpl(AbstractMasterTimer.java:357)
	at com.sun.scenario.animation.AbstractMasterTimer$MainLoop.run(AbstractMasterTimer.java:267)
	at com.sun.javafx.tk.quantum.QuantumToolkit.pulse(QuantumToolkit.java:559)
	at com.sun.javafx.tk.quantum.QuantumToolkit.pulse(QuantumToolkit.java:543)
	at com.sun.javafx.tk.quantum.QuantumToolkit.pulseFromQueue(QuantumToolkit.java:536)
	at com.sun.javafx.tk.quantum.QuantumToolkit.lambda$runToolkit$11(QuantumToolkit.java:342)
	at com.sun.glass.ui.InvokeLaterDispatcher$Future.run(InvokeLaterDispatcher.java:96)
	at com.sun.glass.ui.win.WinApplication._runLoop(Native Method)
	at com.sun.glass.ui.win.WinApplication.lambda$runLoop$3(WinApplication.java:174)
	at java.base/java.lang.Thread.run(Thread.java:834)

18:38:22.247 [JavaFX Application Thread] FATAL FXGLApplication      - Application will now exit
18:38:22.276 [JavaFX Application Thread] DEBUG MainWindow           - Push state: ErrorSubScene
18:38:22.276 [JavaFX Application Thread] DEBUG Input                - Clearing active input actions
18:38:22.279 [JavaFX Application Thread] DEBUG GameApplicationServi - Removing overlay from DialogSubScene and adding to ErrorSubScene
18:38:22.280 [JavaFX Application Thread] DEBUG MainWindow           - DialogSubScene -> ErrorSubScene
18:38:24.075 [JavaFX Application Thread] DEBUG FXGLApplication      - Exiting FXGL
18:38:24.075 [JavaFX Application Thread] DEBUG Async                - Shutting down background threads
18:38:24.076 [JavaFX Application Thread] DEBUG MainWindow           - Closing main window
18:38:24.083 [JavaFX Application Thread] DEBUG Logger               - Closing Logger
