18:10:13.133 [main                     ] DEBUG Logger               - Configured Logger
18:10:13.158 [main                     ] DEBUG GameApplication      - Logging settings
Title: Slime Conqueror
Version: v4.0
Width: 1280
Height: 900
Fullscreen: true
Intro: false
Profiling: false
Single step:false
App Mode: DEVELOPER
Menu Key: ESCAPE
Stage Style: DECORATED
Scene Factory: class GUI.MySceneFactory

18:10:13.687 [JavaFX Application Thread] DEBUG FXGLApplication      - Initializing FXGL
18:10:13.695 [JavaFX Application Thread] INFO  Engine               - FXGL-11.11 (08.09.2020 18.00) on WINDOWS (J:14.0.2 FX:14)
18:10:13.696 [JavaFX Application Thread] DEBUG Engine               - JRE Vendor Name: Oracle Corporation
18:10:13.696 [JavaFX Application Thread] DEBUG Engine               - Running on OS: Windows 10 version 10.0
18:10:13.696 [JavaFX Application Thread] DEBUG Engine               - Architecture: amd64
18:10:13.696 [JavaFX Application Thread] INFO  Engine               - Source code and latest versions at: https://github.com/AlmasB/FXGL
18:10:13.696 [JavaFX Application Thread] INFO  Engine               -              Join the FXGL chat at: https://gitter.im/AlmasB/FXGL
18:10:13.795 [JavaFX Application Thread] DEBUG MainWindow           - Creating a JavaFX scene
18:10:13.795 [JavaFX Application Thread] DEBUG MainWindow           - Target size > screen size
18:10:13.847 [JavaFX Application Thread] DEBUG MainWindow           - Target settings size: 1280.0 x 900.0
18:10:13.848 [JavaFX Application Thread] DEBUG MainWindow           - Scaled scene size:    1203.0 x 863.0
18:10:13.848 [JavaFX Application Thread] DEBUG MainWindow           - Scaled ratio: (0.93984375, 0.9588888888888889)
18:10:13.849 [JavaFX Application Thread] DEBUG MainWindow           - Set initial scene to StartupScene
18:10:13.856 [JavaFX Application Thread] DEBUG MainWindow           - Opening main window
18:10:13.946 [JavaFX Application Thread] DEBUG MainWindow           - Window border size: (14.5999755859375, 37.79998779296875)
18:10:13.946 [JavaFX Application Thread] DEBUG MainWindow           - Scaled size: 1203.0 x 863.0
18:10:13.946 [JavaFX Application Thread] DEBUG MainWindow           - Scaled ratio: (0.93984375, 0.93984375)
18:10:13.947 [JavaFX Application Thread] DEBUG MainWindow           - Scene size: 1203.0 x 863.0
18:10:13.947 [JavaFX Application Thread] DEBUG MainWindow           - Stage size: 1217.5999755859375 x 900.7999877929688
18:10:13.957 [FXGL Background Thread 1 ] DEBUG Engine               - Initializing environment variables
18:10:13.992 [FXGL Background Thread 1 ] DEBUG GameApplicationServi - Applying CSS: fxgl_dark.css
18:10:13.993 [FXGL Background Thread 1 ] DEBUG FXGLAssetLoaderServi - Loading from file system: /assets/ui/css/fxgl_dark.css
18:10:14.050 [FXGL Background Thread 1 ] DEBUG GameApplicationServi - Initializing application scenes
18:10:14.117 [FXGL Background Thread 1 ] DEBUG GameWorld            - Game world initialized
18:10:14.188 [FXGL Background Thread 1 ] DEBUG PhysicsWorld         - Physics world initialized: appHeight=900, physics.ppm=50,0
18:10:14.191 [FXGL Background Thread 1 ] DEBUG GameScene            - Game scene initialized: 1280x900
18:10:14.489 [FXGL Background Thread 1 ] DEBUG GameApplicationServi - Application scenes initialized
18:10:14.505 [FXGL Background Thread 1 ] DEBUG SystemBundleService  - Loading FXGL system data
18:10:14.508 [FXGL Background Thread 1 ] DEBUG FileSystemAccess     - Reading from: C:\Users\Araksio\eclipse-workspace\Slime-Conqueror\system\fxgl.bundle
18:10:14.514 [FXGL Background Thread 1 ] DEBUG SystemBundleService  - Bundle FXGL: {}
18:10:14.514 [FXGL Background Thread 1 ] DEBUG UpdaterService       - Checking for updates
18:10:14.518 [FXGL Background Thread 4 ] DEBUG FXGLApplication      - Loading fonts
18:10:14.518 [FXGL Background Thread 4 ] DEBUG FXGLAssetLoaderServi - Loading from file system: /assets/ui/fonts/VarelaRound-Regular.ttf
18:10:14.519 [FXGL Background Thread 1 ] DEBUG FXGLApplication      - Loading default localization
18:10:14.519 [FXGL Background Thread 1 ] DEBUG FXGLAssetLoaderServi - Loading from file system: /assets/languages/english.lang
18:10:14.536 [FXGL Background Thread 1 ] INFO  FXGLApplication      - FXGL initialization took: 0,578 sec
18:10:14.545 [JavaFX Application Thread] DEBUG Input                - Registered new binding: HideGUI - H
18:10:14.545 [JavaFX Application Thread] DEBUG Input                - Registered new binding: Up - Z
18:10:14.546 [JavaFX Application Thread] DEBUG Input                - Registered new binding: Down - S
18:10:14.546 [JavaFX Application Thread] DEBUG Input                - Registered new binding: Left - Q
18:10:14.546 [JavaFX Application Thread] DEBUG Input                - Registered new binding: Right - D
18:10:14.547 [JavaFX Application Thread] DEBUG Input                - Registered new binding: AttackPos - LMB
18:10:14.548 [JavaFX Application Thread] DEBUG FXGLAssetLoaderServi - Loading from file system: /assets/textures/fxgl_icon.png
18:10:14.588 [FXGL Background Thread 4 ] DEBUG FXGLAssetLoaderServi - Loading from file system: /assets/ui/fonts/Abel-Regular.ttf
18:10:14.594 [FXGL Background Thread 4 ] DEBUG FXGLAssetLoaderServi - Loading from file system: /assets/ui/fonts/lucida_console.ttf
18:10:14.598 [FXGL Background Thread 4 ] DEBUG FXGLAssetLoaderServi - Loading from file system: /assets/ui/fonts/Courier-Prime.ttf
18:10:14.604 [JavaFX Application Thread] DEBUG FXGLAssetLoaderServi - Loading from file system: /assets/ui/cursors/fxgl_default.png
18:10:14.607 [JavaFX Application Thread] DEBUG Input                - Registered new binding: Screenshot - P
18:10:14.608 [JavaFX Application Thread] DEBUG Input                - Registered new binding: System info dump - CTRL+9
18:10:14.609 [JavaFX Application Thread] DEBUG Input                - Registered new binding: Restart - CTRL+R
18:10:14.611 [JavaFX Application Thread] DEBUG Input                - Registered new binding: Toggle Debug Camera - CTRL+C
18:10:14.613 [JavaFX Application Thread] DEBUG LoopRunner           - Starting loop
18:10:14.616 [JavaFX Application Thread] DEBUG Input                - Clearing active input actions
18:10:14.623 [JavaFX Application Thread] DEBUG GameApplicationServi - Removing overlay from StartupScene and adding to FXGLMainMenuDummyScene
18:10:14.623 [JavaFX Application Thread] DEBUG MainWindow           - StartupScene -> FXGLMainMenuDummyScene
18:10:14.624 [JavaFX Application Thread] DEBUG MainWindow           - Push state: MyMenu
18:10:14.624 [JavaFX Application Thread] DEBUG Input                - Clearing active input actions
18:10:14.636 [JavaFX Application Thread] DEBUG GameApplicationServi - Removing overlay from FXGLMainMenuDummyScene and adding to MyMenu
18:10:14.636 [JavaFX Application Thread] DEBUG MainWindow           - FXGLMainMenuDummyScene -> MyMenu
18:10:14.636 [JavaFX Application Thread] DEBUG FXGLApplication      - Registering font factories with UI factory
18:10:14.940 [FXGL Background Thread 2 ] INFO  UpdaterService       - Your current version:  11.11
18:10:14.940 [FXGL Background Thread 2 ] INFO  UpdaterService       - Latest stable version: dev-SNAPSHOT
18:10:17.518 [FXGL Background Thread 3 ] DEBUG Engine               - Logging environment variables
18:10:17.518 [FXGL Background Thread 3 ] DEBUG Engine               - achievements: []
18:10:17.518 [FXGL Background Thread 3 ] DEBUG Engine               - appIcon: fxgl_icon.png
18:10:17.518 [FXGL Background Thread 3 ] DEBUG Engine               - applicationMode: DEVELOPER
18:10:17.518 [FXGL Background Thread 3 ] DEBUG Engine               - cSSList: [fxgl_dark.css]
18:10:17.518 [FXGL Background Thread 3 ] DEBUG Engine               - configClass: Optional.empty
18:10:17.518 [FXGL Background Thread 3 ] DEBUG Engine               - credits: []
18:10:17.519 [FXGL Background Thread 3 ] DEBUG Engine               - devBBoxColorProperty: ObjectProperty [value: 0xff0000ff]
18:10:17.519 [FXGL Background Thread 3 ] DEBUG Engine               - devEnableDebugCameraProperty: BooleanProperty [value: false]
18:10:17.519 [FXGL Background Thread 3 ] DEBUG Engine               - devSensorColorProperty: ObjectProperty [value: 0xffff00ff]
18:10:17.519 [FXGL Background Thread 3 ] DEBUG Engine               - devShowBBoxProperty: BooleanProperty [value: false]
18:10:17.519 [FXGL Background Thread 3 ] DEBUG Engine               - devShowPositionProperty: BooleanProperty [value: false]
18:10:17.519 [FXGL Background Thread 3 ] DEBUG Engine               - enabledMenuItems: []
18:10:17.519 [FXGL Background Thread 3 ] DEBUG Engine               - engineServices: [class com.almasb.fxgl.app.FXGLApplication$GameApplicationService, class com.almasb.fxgl.app.services.FXGLDialogService, class com.almasb.fxgl.app.services.IOTaskExecutorService, class com.almasb.fxgl.event.EventBusService, class com.almasb.fxgl.io.FileSystemService, class com.almasb.fxgl.localization.LocalizationService, class com.almasb.fxgl.app.services.FXGLAssetLoaderService, class com.almasb.fxgl.app.services.SystemBundleService, class com.almasb.fxgl.profile.SaveLoadService, class com.almasb.fxgl.ui.FXGLUIFactoryServiceProvider, class com.almasb.fxgl.ui.FXGLDialogFactoryServiceProvider, class com.almasb.fxgl.audio.AudioPlayer, class com.almasb.fxgl.notification.impl.NotificationServiceProvider, class com.almasb.fxgl.achievement.AchievementService, class com.almasb.fxgl.cutscene.CutsceneService, class com.almasb.fxgl.minigames.MiniGameService, class com.almasb.fxgl.net.NetService, class com.almasb.fxgl.app.services.UpdaterService, class com.almasb.fxgl.dev.DevService]
18:10:17.519 [FXGL Background Thread 3 ] DEBUG Engine               - fontGame: Abel-Regular.ttf
18:10:17.519 [FXGL Background Thread 3 ] DEBUG Engine               - fontMono: lucida_console.ttf
18:10:17.520 [FXGL Background Thread 3 ] DEBUG Engine               - fontText: Courier-Prime.ttf
18:10:17.520 [FXGL Background Thread 3 ] DEBUG Engine               - fontUI: VarelaRound-Regular.ttf
18:10:17.520 [FXGL Background Thread 3 ] DEBUG Engine               - fullScreen: BooleanProperty [value: false]
18:10:17.520 [FXGL Background Thread 3 ] DEBUG Engine               - gameDifficulty: MEDIUM
18:10:17.520 [FXGL Background Thread 3 ] DEBUG Engine               - gameDifficultyProperty: ObjectProperty [value: MEDIUM]
18:10:17.520 [FXGL Background Thread 3 ] DEBUG Engine               - globalMusicVolume: 0.5
18:10:17.520 [FXGL Background Thread 3 ] DEBUG Engine               - globalMusicVolumeProperty: DoubleProperty [value: 0.5]
18:10:17.520 [FXGL Background Thread 3 ] DEBUG Engine               - globalSoundVolume: 0.5
18:10:17.520 [FXGL Background Thread 3 ] DEBUG Engine               - globalSoundVolumeProperty: DoubleProperty [value: 0.5]
18:10:17.520 [FXGL Background Thread 3 ] DEBUG Engine               - height: 900
18:10:17.521 [FXGL Background Thread 3 ] DEBUG Engine               - isAndroid: false
18:10:17.521 [FXGL Background Thread 3 ] DEBUG Engine               - isBrowser: false
18:10:17.521 [FXGL Background Thread 3 ] DEBUG Engine               - isClickFeedbackEnabled: false
18:10:17.521 [FXGL Background Thread 3 ] DEBUG Engine               - isCloseConfirmation: false
18:10:17.521 [FXGL Background Thread 3 ] DEBUG Engine               - isDesktop: true
18:10:17.521 [FXGL Background Thread 3 ] DEBUG Engine               - isDeveloperMenuEnabled: false
18:10:17.521 [FXGL Background Thread 3 ] DEBUG Engine               - isEntityPreloadEnabled: true
18:10:17.521 [FXGL Background Thread 3 ] DEBUG Engine               - isExperimentalNative: false
18:10:17.521 [FXGL Background Thread 3 ] DEBUG Engine               - isExperimentalTiledLargeMap: false
18:10:17.521 [FXGL Background Thread 3 ] DEBUG Engine               - isFileSystemWriteAllowed: true
18:10:17.521 [FXGL Background Thread 3 ] DEBUG Engine               - isFullScreenAllowed: true
18:10:17.521 [FXGL Background Thread 3 ] DEBUG Engine               - isFullScreenFromStart: false
18:10:17.521 [FXGL Background Thread 3 ] DEBUG Engine               - isGameMenuEnabled: true
18:10:17.522 [FXGL Background Thread 3 ] DEBUG Engine               - isIOS: false
18:10:17.522 [FXGL Background Thread 3 ] DEBUG Engine               - isIntroEnabled: false
18:10:17.522 [FXGL Background Thread 3 ] DEBUG Engine               - isLinux: false
18:10:17.522 [FXGL Background Thread 3 ] DEBUG Engine               - isMac: false
18:10:17.522 [FXGL Background Thread 3 ] DEBUG Engine               - isMainMenuEnabled: true
18:10:17.522 [FXGL Background Thread 3 ] DEBUG Engine               - isManualResizeEnabled: true
18:10:17.522 [FXGL Background Thread 3 ] DEBUG Engine               - isMobile: false
18:10:17.522 [FXGL Background Thread 3 ] DEBUG Engine               - isPreserveResizeRatio: true
18:10:17.522 [FXGL Background Thread 3 ] DEBUG Engine               - isProfilingEnabled: false
18:10:17.522 [FXGL Background Thread 3 ] DEBUG Engine               - isSingleStep: false
18:10:17.522 [FXGL Background Thread 3 ] DEBUG Engine               - isUserProfileEnabled: false
18:10:17.522 [FXGL Background Thread 3 ] DEBUG Engine               - isWindows: true
18:10:17.523 [FXGL Background Thread 3 ] DEBUG Engine               - language: ObjectProperty [value: ENGLISH]
18:10:17.523 [FXGL Background Thread 3 ] DEBUG Engine               - menuKey: ESCAPE
18:10:17.523 [FXGL Background Thread 3 ] DEBUG Engine               - notificationViewClass: class com.almasb.fxgl.notification.view.XboxNotificationView
18:10:17.523 [FXGL Background Thread 3 ] DEBUG Engine               - pixelsPerMeter: 50.0
18:10:17.523 [FXGL Background Thread 3 ] DEBUG Engine               - platform: WINDOWS
18:10:17.523 [FXGL Background Thread 3 ] DEBUG Engine               - profileDir: profiles/
18:10:17.523 [FXGL Background Thread 3 ] DEBUG Engine               - profileName: StringProperty [value: DEFAULT]
18:10:17.523 [FXGL Background Thread 3 ] DEBUG Engine               - randomSeed: -1
18:10:17.523 [FXGL Background Thread 3 ] DEBUG Engine               - runtimeInfo: RuntimeInfo(platform=WINDOWS, version=11.11, build=08.09.2020 18.00)
18:10:17.523 [FXGL Background Thread 3 ] DEBUG Engine               - saveFileExt: sav
18:10:17.523 [FXGL Background Thread 3 ] DEBUG Engine               - sceneFactory: GUI.MySceneFactory@322b0b6e
18:10:17.523 [FXGL Background Thread 3 ] DEBUG Engine               - secondsIn24h: 60
18:10:17.524 [FXGL Background Thread 3 ] DEBUG Engine               - soundMenuBack: menu/back.wav
18:10:17.524 [FXGL Background Thread 3 ] DEBUG Engine               - soundMenuPress: menu/press.wav
18:10:17.524 [FXGL Background Thread 3 ] DEBUG Engine               - soundMenuSelect: menu/select.wav
18:10:17.524 [FXGL Background Thread 3 ] DEBUG Engine               - soundNotification: core/notification.wav
18:10:17.524 [FXGL Background Thread 3 ] DEBUG Engine               - stageStyle: DECORATED
18:10:17.524 [FXGL Background Thread 3 ] DEBUG Engine               - supportedLanguages: [ENGLISH, FRENCH, GERMAN, HUNGARIAN, RUSSIAN]
18:10:17.524 [FXGL Background Thread 3 ] DEBUG Engine               - title: Slime Conqueror
18:10:17.524 [FXGL Background Thread 3 ] DEBUG Engine               - urlGithub: https://github.com/AlmasB/FXGL
18:10:17.524 [FXGL Background Thread 3 ] DEBUG Engine               - urlLeaderboard: http://fxgl-top.herokuapp.com/
18:10:17.524 [FXGL Background Thread 3 ] DEBUG Engine               - urlPOM: https://raw.githubusercontent.com/AlmasB/FXGL/master/pom.xml
18:10:17.524 [FXGL Background Thread 3 ] DEBUG Engine               - version: v4.0
18:10:17.525 [FXGL Background Thread 3 ] DEBUG Engine               - versionCheckDays: 7
18:10:17.525 [FXGL Background Thread 3 ] DEBUG Engine               - width: 1280
18:10:17.525 [FXGL Background Thread 3 ] DEBUG Engine               - Logging services
18:10:17.525 [FXGL Background Thread 3 ] DEBUG Engine               - class com.almasb.fxgl.app.FXGLApplication$GameApplicationService
18:10:17.525 [FXGL Background Thread 3 ] DEBUG Engine               - class com.almasb.fxgl.app.services.FXGLDialogService
18:10:17.525 [FXGL Background Thread 3 ] DEBUG Engine               - class com.almasb.fxgl.app.services.IOTaskExecutorService
18:10:17.525 [FXGL Background Thread 3 ] DEBUG Engine               - class com.almasb.fxgl.event.EventBusService
18:10:17.525 [FXGL Background Thread 3 ] DEBUG Engine               - class com.almasb.fxgl.io.FileSystemService
18:10:17.525 [FXGL Background Thread 3 ] DEBUG Engine               - class com.almasb.fxgl.localization.LocalizationService
18:10:17.525 [FXGL Background Thread 3 ] DEBUG Engine               - class com.almasb.fxgl.app.services.FXGLAssetLoaderService
18:10:17.525 [FXGL Background Thread 3 ] DEBUG Engine               - class com.almasb.fxgl.app.services.SystemBundleService
18:10:17.525 [FXGL Background Thread 3 ] DEBUG Engine               - class com.almasb.fxgl.profile.SaveLoadService
18:10:17.525 [FXGL Background Thread 3 ] DEBUG Engine               - class com.almasb.fxgl.ui.FXGLUIFactoryServiceProvider
18:10:17.525 [FXGL Background Thread 3 ] DEBUG Engine               - class com.almasb.fxgl.ui.FXGLDialogFactoryServiceProvider
18:10:17.525 [FXGL Background Thread 3 ] DEBUG Engine               - class com.almasb.fxgl.audio.AudioPlayer
18:10:17.526 [FXGL Background Thread 3 ] DEBUG Engine               - class com.almasb.fxgl.notification.impl.NotificationServiceProvider
18:10:17.526 [FXGL Background Thread 3 ] DEBUG Engine               - class com.almasb.fxgl.achievement.AchievementService
18:10:17.526 [FXGL Background Thread 3 ] DEBUG Engine               - class com.almasb.fxgl.cutscene.CutsceneService
18:10:17.526 [FXGL Background Thread 3 ] DEBUG Engine               - class com.almasb.fxgl.minigames.MiniGameService
18:10:17.526 [FXGL Background Thread 3 ] DEBUG Engine               - class com.almasb.fxgl.net.NetService
18:10:17.526 [FXGL Background Thread 3 ] DEBUG Engine               - class com.almasb.fxgl.app.services.UpdaterService
18:10:17.526 [FXGL Background Thread 3 ] DEBUG Engine               - class com.almasb.fxgl.dev.DevService
18:10:19.620 [JavaFX Application Thread] DEBUG GameApplicationServi - Starting new game
18:10:19.621 [JavaFX Application Thread] DEBUG MainWindow           - Pop state: MyMenu
18:10:19.621 [JavaFX Application Thread] DEBUG Input                - Clearing active input actions
18:10:19.621 [JavaFX Application Thread] DEBUG GameApplicationServi - Removing overlay from MyMenu and adding to FXGLMainMenuDummyScene
18:10:19.621 [JavaFX Application Thread] DEBUG MainWindow           - FXGLMainMenuDummyScene <- MyMenu
18:10:19.621 [JavaFX Application Thread] DEBUG Input                - Clearing active input actions
18:10:19.632 [JavaFX Application Thread] DEBUG GameApplicationServi - Removing overlay from FXGLMainMenuDummyScene and adding to FXGLLoadingScene
18:10:19.632 [JavaFX Application Thread] DEBUG MainWindow           - FXGLMainMenuDummyScene -> FXGLLoadingScene
18:10:19.633 [JavaFX Application Thread] DEBUG GameApplicationServi - Clearing previous game
18:10:19.633 [JavaFX Application Thread] DEBUG GameScene            - Clearing game scene
18:10:19.633 [JavaFX Application Thread] DEBUG GameWorld            - Clearing game world
18:10:19.633 [JavaFX Application Thread] DEBUG PhysicsWorld         - Clearing physics world
18:10:19.635 [FXGL Background Thread 2 ] DEBUG FXGLApplication      - Initializing game
18:10:19.651 [FXGL Background Thread 2 ] DEBUG FXGLAssetLoaderServi - Loading from file system: /assets/levels/map_level0.txt
18:10:19.663 [FXGL Background Thread 2 ] DEBUG FXGLAssetLoaderServi - Loading from file system: /assets/textures/murGauche.png
18:10:19.672 [FXGL Background Thread 2 ] DEBUG FXGLAssetLoaderServi - Loading from file system: /assets/textures/murHautBas.png
18:10:19.675 [FXGL Background Thread 2 ] DEBUG FXGLAssetLoaderServi - Loading from cache: /assets/textures/murHautBas.png
18:10:19.679 [FXGL Background Thread 2 ] DEBUG FXGLAssetLoaderServi - Loading from cache: /assets/textures/murHautBas.png
18:10:19.680 [FXGL Background Thread 2 ] DEBUG FXGLAssetLoaderServi - Loading from cache: /assets/textures/murHautBas.png
18:10:19.681 [FXGL Background Thread 2 ] DEBUG FXGLAssetLoaderServi - Loading from cache: /assets/textures/murHautBas.png
18:10:19.682 [FXGL Background Thread 2 ] DEBUG FXGLAssetLoaderServi - Loading from cache: /assets/textures/murHautBas.png
18:10:19.682 [FXGL Background Thread 2 ] DEBUG FXGLAssetLoaderServi - Loading from cache: /assets/textures/murHautBas.png
18:10:19.683 [FXGL Background Thread 2 ] DEBUG FXGLAssetLoaderServi - Loading from cache: /assets/textures/murHautBas.png
18:10:19.684 [FXGL Background Thread 2 ] DEBUG FXGLAssetLoaderServi - Loading from cache: /assets/textures/murHautBas.png
18:10:19.685 [FXGL Background Thread 2 ] DEBUG FXGLAssetLoaderServi - Loading from cache: /assets/textures/murHautBas.png
18:10:19.686 [FXGL Background Thread 2 ] DEBUG FXGLAssetLoaderServi - Loading from cache: /assets/textures/murHautBas.png
18:10:19.686 [FXGL Background Thread 2 ] DEBUG FXGLAssetLoaderServi - Loading from cache: /assets/textures/murHautBas.png
18:10:19.687 [FXGL Background Thread 2 ] DEBUG FXGLAssetLoaderServi - Loading from cache: /assets/textures/murHautBas.png
18:10:19.688 [FXGL Background Thread 2 ] DEBUG FXGLAssetLoaderServi - Loading from cache: /assets/textures/murHautBas.png
18:10:19.688 [FXGL Background Thread 2 ] DEBUG FXGLAssetLoaderServi - Loading from cache: /assets/textures/murHautBas.png
18:10:19.689 [FXGL Background Thread 2 ] DEBUG FXGLAssetLoaderServi - Loading from cache: /assets/textures/murHautBas.png
18:10:19.690 [FXGL Background Thread 2 ] DEBUG FXGLAssetLoaderServi - Loading from cache: /assets/textures/murHautBas.png
18:10:19.691 [FXGL Background Thread 2 ] DEBUG FXGLAssetLoaderServi - Loading from cache: /assets/textures/murHautBas.png
18:10:19.692 [FXGL Background Thread 2 ] DEBUG FXGLAssetLoaderServi - Loading from cache: /assets/textures/murHautBas.png
18:10:19.693 [FXGL Background Thread 2 ] DEBUG FXGLAssetLoaderServi - Loading from file system: /assets/textures/murDroite.png
18:10:19.695 [FXGL Background Thread 2 ] DEBUG FXGLAssetLoaderServi - Loading from cache: /assets/textures/murGauche.png
18:10:19.699 [FXGL Background Thread 2 ] DEBUG FXGLAssetLoaderServi - Loading from file system: /assets/textures/lezard.png
18:10:19.735 [FXGL Background Thread 2 ] DEBUG FXGLAssetLoaderServi - Loading from cache: /assets/textures/lezard.png
18:10:19.739 [FXGL Background Thread 2 ] DEBUG FXGLAssetLoaderServi - Loading from file system: /assets/textures/escalier.png
18:10:19.746 [FXGL Background Thread 2 ] DEBUG FXGLAssetLoaderServi - Loading from cache: /assets/textures/murDroite.png
18:10:19.747 [FXGL Background Thread 2 ] DEBUG FXGLAssetLoaderServi - Loading from cache: /assets/textures/murGauche.png
18:10:19.748 [FXGL Background Thread 2 ] DEBUG FXGLAssetLoaderServi - Loading from file system: /assets/textures/bat.png
18:10:19.752 [FXGL Background Thread 2 ] DEBUG FXGLAssetLoaderServi - Loading from cache: /assets/textures/murHautBas.png
18:10:19.754 [FXGL Background Thread 2 ] DEBUG FXGLAssetLoaderServi - Loading from cache: /assets/textures/murHautBas.png
18:10:19.756 [FXGL Background Thread 2 ] DEBUG FXGLAssetLoaderServi - Loading from cache: /assets/textures/murHautBas.png
18:10:19.758 [FXGL Background Thread 2 ] DEBUG FXGLAssetLoaderServi - Loading from cache: /assets/textures/murHautBas.png
18:10:19.759 [FXGL Background Thread 2 ] DEBUG FXGLAssetLoaderServi - Loading from cache: /assets/textures/murHautBas.png
18:10:19.760 [FXGL Background Thread 2 ] DEBUG FXGLAssetLoaderServi - Loading from cache: /assets/textures/murHautBas.png
18:10:19.761 [FXGL Background Thread 2 ] DEBUG FXGLAssetLoaderServi - Loading from cache: /assets/textures/murHautBas.png
18:10:19.762 [FXGL Background Thread 2 ] DEBUG FXGLAssetLoaderServi - Loading from cache: /assets/textures/murHautBas.png
18:10:19.763 [FXGL Background Thread 2 ] DEBUG FXGLAssetLoaderServi - Loading from cache: /assets/textures/murHautBas.png
18:10:19.764 [FXGL Background Thread 2 ] DEBUG FXGLAssetLoaderServi - Loading from cache: /assets/textures/murHautBas.png
18:10:19.765 [FXGL Background Thread 2 ] DEBUG FXGLAssetLoaderServi - Loading from cache: /assets/textures/murHautBas.png
18:10:19.765 [FXGL Background Thread 2 ] DEBUG FXGLAssetLoaderServi - Loading from cache: /assets/textures/murHautBas.png
18:10:19.766 [FXGL Background Thread 2 ] DEBUG FXGLAssetLoaderServi - Loading from cache: /assets/textures/murHautBas.png
18:10:19.767 [FXGL Background Thread 2 ] DEBUG FXGLAssetLoaderServi - Loading from cache: /assets/textures/murHautBas.png
18:10:19.767 [FXGL Background Thread 2 ] DEBUG FXGLAssetLoaderServi - Loading from cache: /assets/textures/murHautBas.png
18:10:19.768 [FXGL Background Thread 2 ] DEBUG FXGLAssetLoaderServi - Loading from cache: /assets/textures/murHautBas.png
18:10:19.769 [FXGL Background Thread 2 ] DEBUG FXGLAssetLoaderServi - Loading from cache: /assets/textures/murHautBas.png
18:10:19.769 [FXGL Background Thread 2 ] DEBUG FXGLAssetLoaderServi - Loading from cache: /assets/textures/murHautBas.png
18:10:19.770 [FXGL Background Thread 2 ] DEBUG FXGLAssetLoaderServi - Loading from cache: /assets/textures/murDroite.png
18:10:19.771 [FXGL Background Thread 2 ] DEBUG FXGLAssetLoaderServi - Loading from cache: /assets/textures/murGauche.png
18:10:19.788 [FXGL Background Thread 2 ] DEBUG FXGLAssetLoaderServi - Loading from cache: /assets/textures/murDroite.png
18:10:19.788 [FXGL Background Thread 2 ] DEBUG FXGLAssetLoaderServi - Loading from cache: /assets/textures/murGauche.png
18:10:19.806 [FXGL Background Thread 2 ] DEBUG FXGLAssetLoaderServi - Loading from file system: /assets/textures/renard.png
18:10:19.817 [FXGL Background Thread 2 ] DEBUG FXGLAssetLoaderServi - Loading from cache: /assets/textures/murDroite.png
18:10:19.817 [FXGL Background Thread 2 ] DEBUG FXGLAssetLoaderServi - Loading from cache: /assets/textures/murGauche.png
18:10:19.821 [FXGL Background Thread 2 ] DEBUG FXGLAssetLoaderServi - Loading from cache: /assets/textures/murDroite.png
18:10:19.822 [FXGL Background Thread 2 ] DEBUG FXGLAssetLoaderServi - Loading from cache: /assets/textures/murGauche.png
18:10:19.826 [FXGL Background Thread 2 ] DEBUG FXGLAssetLoaderServi - Loading from cache: /assets/textures/renard.png
18:10:19.832 [FXGL Background Thread 2 ] DEBUG FXGLAssetLoaderServi - Loading from cache: /assets/textures/renard.png
18:10:19.834 [FXGL Background Thread 2 ] DEBUG FXGLAssetLoaderServi - Loading from cache: /assets/textures/murDroite.png
18:10:19.835 [FXGL Background Thread 2 ] DEBUG FXGLAssetLoaderServi - Loading from cache: /assets/textures/murGauche.png
18:10:19.840 [FXGL Background Thread 2 ] DEBUG FXGLAssetLoaderServi - Loading from cache: /assets/textures/murDroite.png
18:10:19.842 [FXGL Background Thread 2 ] DEBUG FXGLAssetLoaderServi - Loading from cache: /assets/textures/murGauche.png
18:10:19.845 [FXGL Background Thread 2 ] DEBUG FXGLAssetLoaderServi - Loading from cache: /assets/textures/murHautBas.png
18:10:19.848 [FXGL Background Thread 2 ] DEBUG FXGLAssetLoaderServi - Loading from cache: /assets/textures/murHautBas.png
18:10:19.849 [FXGL Background Thread 2 ] DEBUG FXGLAssetLoaderServi - Loading from cache: /assets/textures/murHautBas.png
18:10:19.850 [FXGL Background Thread 2 ] DEBUG FXGLAssetLoaderServi - Loading from cache: /assets/textures/murHautBas.png
18:10:19.851 [FXGL Background Thread 2 ] DEBUG FXGLAssetLoaderServi - Loading from cache: /assets/textures/murHautBas.png
18:10:19.851 [FXGL Background Thread 2 ] DEBUG FXGLAssetLoaderServi - Loading from cache: /assets/textures/murHautBas.png
18:10:19.852 [FXGL Background Thread 2 ] DEBUG FXGLAssetLoaderServi - Loading from cache: /assets/textures/murHautBas.png
18:10:19.853 [FXGL Background Thread 2 ] DEBUG FXGLAssetLoaderServi - Loading from cache: /assets/textures/murHautBas.png
18:10:19.854 [FXGL Background Thread 2 ] DEBUG FXGLAssetLoaderServi - Loading from cache: /assets/textures/murHautBas.png
18:10:19.854 [FXGL Background Thread 2 ] DEBUG FXGLAssetLoaderServi - Loading from cache: /assets/textures/murHautBas.png
18:10:19.855 [FXGL Background Thread 2 ] DEBUG FXGLAssetLoaderServi - Loading from cache: /assets/textures/murHautBas.png
18:10:19.856 [FXGL Background Thread 2 ] DEBUG FXGLAssetLoaderServi - Loading from cache: /assets/textures/murHautBas.png
18:10:19.858 [FXGL Background Thread 2 ] DEBUG FXGLAssetLoaderServi - Loading from cache: /assets/textures/murHautBas.png
18:10:19.861 [FXGL Background Thread 2 ] DEBUG FXGLAssetLoaderServi - Loading from cache: /assets/textures/murHautBas.png
18:10:19.862 [FXGL Background Thread 2 ] DEBUG FXGLAssetLoaderServi - Loading from cache: /assets/textures/murHautBas.png
18:10:19.865 [FXGL Background Thread 2 ] DEBUG FXGLAssetLoaderServi - Loading from cache: /assets/textures/murHautBas.png
18:10:19.866 [FXGL Background Thread 2 ] DEBUG FXGLAssetLoaderServi - Loading from cache: /assets/textures/murHautBas.png
18:10:19.867 [FXGL Background Thread 2 ] DEBUG FXGLAssetLoaderServi - Loading from cache: /assets/textures/murDroite.png
18:10:19.867 [FXGL Background Thread 2 ] DEBUG FXGLAssetLoaderServi - Loading from cache: /assets/textures/murGauche.png
18:10:19.870 [FXGL Background Thread 2 ] DEBUG FXGLAssetLoaderServi - Loading from cache: /assets/textures/murDroite.png
18:10:19.871 [FXGL Background Thread 2 ] DEBUG FXGLAssetLoaderServi - Loading from cache: /assets/textures/murGauche.png
18:10:19.871 [FXGL Background Thread 2 ] DEBUG FXGLAssetLoaderServi - Loading from cache: /assets/textures/bat.png
18:10:19.882 [FXGL Background Thread 2 ] DEBUG FXGLAssetLoaderServi - Loading from cache: /assets/textures/murDroite.png
18:10:19.883 [FXGL Background Thread 2 ] DEBUG FXGLAssetLoaderServi - Loading from cache: /assets/textures/murGauche.png
18:10:19.886 [FXGL Background Thread 2 ] DEBUG FXGLAssetLoaderServi - Loading from cache: /assets/textures/renard.png
18:10:19.887 [FXGL Background Thread 2 ] DEBUG FXGLAssetLoaderServi - Loading from cache: /assets/textures/murDroite.png
18:10:19.888 [FXGL Background Thread 2 ] DEBUG FXGLAssetLoaderServi - Loading from cache: /assets/textures/murGauche.png
18:10:19.899 [FXGL Background Thread 2 ] DEBUG FXGLAssetLoaderServi - Loading from cache: /assets/textures/murDroite.png
18:10:19.900 [FXGL Background Thread 2 ] DEBUG FXGLAssetLoaderServi - Loading from cache: /assets/textures/murGauche.png
18:10:19.901 [FXGL Background Thread 2 ] DEBUG FXGLAssetLoaderServi - Loading from cache: /assets/textures/renard.png
18:10:19.904 [FXGL Background Thread 2 ] DEBUG FXGLAssetLoaderServi - Loading from cache: /assets/textures/murDroite.png
18:10:19.905 [FXGL Background Thread 2 ] DEBUG FXGLAssetLoaderServi - Loading from cache: /assets/textures/murGauche.png
18:10:19.905 [FXGL Background Thread 2 ] DEBUG FXGLAssetLoaderServi - Loading from cache: /assets/textures/renard.png
18:10:19.918 [FXGL Background Thread 2 ] DEBUG FXGLAssetLoaderServi - Loading from cache: /assets/textures/bat.png
18:10:19.919 [FXGL Background Thread 2 ] DEBUG FXGLAssetLoaderServi - Loading from cache: /assets/textures/murDroite.png
18:10:19.919 [FXGL Background Thread 2 ] DEBUG FXGLAssetLoaderServi - Loading from cache: /assets/textures/murGauche.png
18:10:19.924 [FXGL Background Thread 2 ] DEBUG FXGLAssetLoaderServi - Loading from cache: /assets/textures/murDroite.png
18:10:19.926 [FXGL Background Thread 2 ] DEBUG FXGLAssetLoaderServi - Loading from cache: /assets/textures/murGauche.png
18:10:19.932 [FXGL Background Thread 2 ] DEBUG FXGLAssetLoaderServi - Loading from cache: /assets/textures/renard.png
18:10:19.934 [FXGL Background Thread 2 ] DEBUG FXGLAssetLoaderServi - Loading from cache: /assets/textures/lezard.png
18:10:19.936 [FXGL Background Thread 2 ] DEBUG FXGLAssetLoaderServi - Loading from cache: /assets/textures/murDroite.png
18:10:19.936 [FXGL Background Thread 2 ] DEBUG FXGLAssetLoaderServi - Loading from cache: /assets/textures/murGauche.png
18:10:19.936 [FXGL Background Thread 2 ] DEBUG FXGLAssetLoaderServi - Loading from cache: /assets/textures/murHautBas.png
18:10:19.937 [FXGL Background Thread 2 ] DEBUG FXGLAssetLoaderServi - Loading from cache: /assets/textures/murHautBas.png
18:10:19.937 [FXGL Background Thread 2 ] DEBUG FXGLAssetLoaderServi - Loading from cache: /assets/textures/murHautBas.png
18:10:19.938 [FXGL Background Thread 2 ] DEBUG FXGLAssetLoaderServi - Loading from cache: /assets/textures/murHautBas.png
18:10:19.938 [FXGL Background Thread 2 ] DEBUG FXGLAssetLoaderServi - Loading from cache: /assets/textures/murHautBas.png
18:10:19.938 [FXGL Background Thread 2 ] DEBUG FXGLAssetLoaderServi - Loading from cache: /assets/textures/murHautBas.png
18:10:19.939 [FXGL Background Thread 2 ] DEBUG FXGLAssetLoaderServi - Loading from cache: /assets/textures/murHautBas.png
18:10:19.939 [FXGL Background Thread 2 ] DEBUG FXGLAssetLoaderServi - Loading from cache: /assets/textures/murHautBas.png
18:10:19.964 [FXGL Background Thread 2 ] DEBUG FXGLAssetLoaderServi - Loading from cache: /assets/textures/murDroite.png
18:10:19.965 [FXGL Background Thread 2 ] DEBUG FXGLAssetLoaderServi - Loading from cache: /assets/textures/murGauche.png
18:10:19.968 [FXGL Background Thread 2 ] DEBUG FXGLAssetLoaderServi - Loading from cache: /assets/textures/renard.png
18:10:19.972 [FXGL Background Thread 2 ] DEBUG FXGLAssetLoaderServi - Loading from cache: /assets/textures/murDroite.png
18:10:19.972 [FXGL Background Thread 2 ] DEBUG FXGLAssetLoaderServi - Loading from cache: /assets/textures/murGauche.png
18:10:20.034 [FXGL Background Thread 2 ] DEBUG FXGLAssetLoaderServi - Loading from file system: /assets/textures/player.png
18:10:20.060 [FXGL Background Thread 2 ] DEBUG FXGLAssetLoaderServi - Loading from cache: /assets/textures/murDroite.png
18:10:20.062 [FXGL Background Thread 2 ] DEBUG FXGLAssetLoaderServi - Loading from file system: /assets/textures/murCoinGauche.png
18:10:20.066 [FXGL Background Thread 2 ] DEBUG FXGLAssetLoaderServi - Loading from cache: /assets/textures/murHautBas.png
18:10:20.066 [FXGL Background Thread 2 ] DEBUG FXGLAssetLoaderServi - Loading from cache: /assets/textures/murHautBas.png
18:10:20.066 [FXGL Background Thread 2 ] DEBUG FXGLAssetLoaderServi - Loading from cache: /assets/textures/murHautBas.png
18:10:20.067 [FXGL Background Thread 2 ] DEBUG FXGLAssetLoaderServi - Loading from cache: /assets/textures/murHautBas.png
18:10:20.067 [FXGL Background Thread 2 ] DEBUG FXGLAssetLoaderServi - Loading from cache: /assets/textures/murHautBas.png
18:10:20.067 [FXGL Background Thread 2 ] DEBUG FXGLAssetLoaderServi - Loading from cache: /assets/textures/murHautBas.png
18:10:20.067 [FXGL Background Thread 2 ] DEBUG FXGLAssetLoaderServi - Loading from cache: /assets/textures/murHautBas.png
18:10:20.072 [FXGL Background Thread 2 ] DEBUG FXGLAssetLoaderServi - Loading from cache: /assets/textures/murHautBas.png
18:10:20.072 [FXGL Background Thread 2 ] DEBUG FXGLAssetLoaderServi - Loading from cache: /assets/textures/murHautBas.png
18:10:20.072 [FXGL Background Thread 2 ] DEBUG FXGLAssetLoaderServi - Loading from cache: /assets/textures/murHautBas.png
18:10:20.072 [FXGL Background Thread 2 ] DEBUG FXGLAssetLoaderServi - Loading from cache: /assets/textures/murHautBas.png
18:10:20.072 [FXGL Background Thread 2 ] DEBUG FXGLAssetLoaderServi - Loading from cache: /assets/textures/murHautBas.png
18:10:20.072 [FXGL Background Thread 2 ] DEBUG FXGLAssetLoaderServi - Loading from cache: /assets/textures/murHautBas.png
18:10:20.073 [FXGL Background Thread 2 ] DEBUG FXGLAssetLoaderServi - Loading from cache: /assets/textures/murHautBas.png
18:10:20.073 [FXGL Background Thread 2 ] DEBUG FXGLAssetLoaderServi - Loading from cache: /assets/textures/murHautBas.png
18:10:20.074 [FXGL Background Thread 2 ] DEBUG FXGLAssetLoaderServi - Loading from cache: /assets/textures/murHautBas.png
18:10:20.075 [FXGL Background Thread 2 ] DEBUG FXGLAssetLoaderServi - Loading from cache: /assets/textures/murHautBas.png
18:10:20.078 [FXGL Background Thread 2 ] DEBUG FXGLAssetLoaderServi - Loading from cache: /assets/textures/murHautBas.png
18:10:20.079 [FXGL Background Thread 2 ] DEBUG FXGLAssetLoaderServi - Loading from cache: /assets/textures/murHautBas.png
18:10:20.080 [FXGL Background Thread 2 ] DEBUG FXGLAssetLoaderServi - Loading from file system: /assets/textures/murCoinDroite.png
18:10:20.083 [FXGL Background Thread 2 ] DEBUG GameWorld            - Clearing removable entities
18:10:20.084 [FXGL Background Thread 2 ] DEBUG GameWorld            - Setting level: com.almasb.fxgl.entity.level.Level@58a0b5b8
18:10:20.350 [FXGL Background Thread 2 ] INFO  FXGLApplication      - Game initialization took: 0,716 sec
18:10:20.354 [JavaFX Application Thread] DEBUG Input                - Clearing active input actions
18:10:20.459 [JavaFX Application Thread] DEBUG GameApplicationServi - Removing overlay from FXGLLoadingScene and adding to GameScene
18:10:20.459 [JavaFX Application Thread] DEBUG MainWindow           - FXGLLoadingScene -> GameScene
18:10:27.714 [JavaFX Application Thread] DEBUG FXGLAssetLoaderServi - Loading from file system: /assets/textures/Chest.png
18:10:29.531 [JavaFX Application Thread] DEBUG FXGLAssetLoaderServi - Loading from cache: /assets/textures/Chest.png
18:10:32.469 [JavaFX Application Thread] DEBUG FXGLAssetLoaderServi - Loading from cache: /assets/textures/Chest.png
18:10:35.476 [JavaFX Application Thread] DEBUG FXGLAssetLoaderServi - Loading from cache: /assets/textures/Chest.png
18:10:40.408 [JavaFX Application Thread] DEBUG FXGLAssetLoaderServi - Loading from cache: /assets/textures/Chest.png
18:10:42.997 [JavaFX Application Thread] DEBUG FXGLAssetLoaderServi - Loading from cache: /assets/textures/Chest.png
18:10:45.096 [JavaFX Application Thread] DEBUG FXGLAssetLoaderServi - Loading from cache: /assets/textures/Chest.png
18:10:47.928 [JavaFX Application Thread] DEBUG FXGLAssetLoaderServi - Loading from cache: /assets/textures/Chest.png
18:10:56.045 [JavaFX Application Thread] DEBUG FXGLAssetLoaderServi - Loading from cache: /assets/textures/Chest.png
18:10:57.238 [JavaFX Application Thread] DEBUG FXGLAssetLoaderServi - Loading from cache: /assets/textures/Chest.png
18:11:00.035 [JavaFX Application Thread] DEBUG FXGLAssetLoaderServi - Loading from cache: /assets/textures/Chest.png
18:11:06.404 [JavaFX Application Thread] DEBUG FXGLAssetLoaderServi - Loading from cache: /assets/textures/Chest.png
18:11:09.419 [JavaFX Application Thread] DEBUG FXGLAssetLoaderServi - Loading from cache: /assets/textures/Chest.png
18:11:11.651 [JavaFX Application Thread] DEBUG FXGLAssetLoaderServi - Loading from cache: /assets/textures/Chest.png
18:11:16.985 [JavaFX Application Thread] DEBUG FXGLAssetLoaderServi - Loading from file system: /assets/levels/map_level1.txt
18:11:16.986 [JavaFX Application Thread] DEBUG FXGLAssetLoaderServi - Loading from cache: /assets/textures/murGauche.png
18:11:16.986 [JavaFX Application Thread] DEBUG FXGLAssetLoaderServi - Loading from cache: /assets/textures/murHautBas.png
18:11:16.986 [JavaFX Application Thread] DEBUG FXGLAssetLoaderServi - Loading from cache: /assets/textures/murHautBas.png
18:11:16.986 [JavaFX Application Thread] DEBUG FXGLAssetLoaderServi - Loading from cache: /assets/textures/murHautBas.png
18:11:16.986 [JavaFX Application Thread] DEBUG FXGLAssetLoaderServi - Loading from cache: /assets/textures/murHautBas.png
18:11:16.986 [JavaFX Application Thread] DEBUG FXGLAssetLoaderServi - Loading from cache: /assets/textures/murHautBas.png
18:11:16.986 [JavaFX Application Thread] DEBUG FXGLAssetLoaderServi - Loading from cache: /assets/textures/murHautBas.png
18:11:16.987 [JavaFX Application Thread] DEBUG FXGLAssetLoaderServi - Loading from cache: /assets/textures/murHautBas.png
18:11:16.987 [JavaFX Application Thread] DEBUG FXGLAssetLoaderServi - Loading from cache: /assets/textures/murHautBas.png
18:11:16.987 [JavaFX Application Thread] DEBUG FXGLAssetLoaderServi - Loading from cache: /assets/textures/murHautBas.png
18:11:16.987 [JavaFX Application Thread] DEBUG FXGLAssetLoaderServi - Loading from cache: /assets/textures/murHautBas.png
18:11:16.987 [JavaFX Application Thread] DEBUG FXGLAssetLoaderServi - Loading from cache: /assets/textures/murHautBas.png
18:11:16.987 [JavaFX Application Thread] DEBUG FXGLAssetLoaderServi - Loading from cache: /assets/textures/murHautBas.png
18:11:16.987 [JavaFX Application Thread] DEBUG FXGLAssetLoaderServi - Loading from cache: /assets/textures/murHautBas.png
18:11:16.987 [JavaFX Application Thread] DEBUG FXGLAssetLoaderServi - Loading from cache: /assets/textures/murHautBas.png
18:11:16.987 [JavaFX Application Thread] DEBUG FXGLAssetLoaderServi - Loading from cache: /assets/textures/murHautBas.png
18:11:16.988 [JavaFX Application Thread] DEBUG FXGLAssetLoaderServi - Loading from cache: /assets/textures/murHautBas.png
18:11:16.988 [JavaFX Application Thread] DEBUG FXGLAssetLoaderServi - Loading from cache: /assets/textures/murHautBas.png
18:11:16.988 [JavaFX Application Thread] DEBUG FXGLAssetLoaderServi - Loading from cache: /assets/textures/murHautBas.png
18:11:16.988 [JavaFX Application Thread] DEBUG FXGLAssetLoaderServi - Loading from cache: /assets/textures/murHautBas.png
18:11:16.988 [JavaFX Application Thread] DEBUG FXGLAssetLoaderServi - Loading from cache: /assets/textures/murDroite.png
18:11:16.988 [JavaFX Application Thread] DEBUG FXGLAssetLoaderServi - Loading from cache: /assets/textures/murGauche.png
18:11:16.999 [JavaFX Application Thread] DEBUG FXGLAssetLoaderServi - Loading from cache: /assets/textures/player.png
18:11:17.006 [JavaFX Application Thread] DEBUG FXGLAssetLoaderServi - Loading from cache: /assets/textures/murDroite.png
18:11:17.006 [JavaFX Application Thread] DEBUG FXGLAssetLoaderServi - Loading from cache: /assets/textures/murGauche.png
18:11:17.008 [JavaFX Application Thread] DEBUG FXGLAssetLoaderServi - Loading from cache: /assets/textures/murDroite.png
18:11:17.009 [JavaFX Application Thread] DEBUG FXGLAssetLoaderServi - Loading from cache: /assets/textures/murGauche.png
18:11:17.009 [JavaFX Application Thread] DEBUG FXGLAssetLoaderServi - Loading from cache: /assets/textures/murHautBas.png
18:11:17.009 [JavaFX Application Thread] DEBUG FXGLAssetLoaderServi - Loading from cache: /assets/textures/murHautBas.png
18:11:17.009 [JavaFX Application Thread] DEBUG FXGLAssetLoaderServi - Loading from cache: /assets/textures/murHautBas.png
18:11:17.009 [JavaFX Application Thread] DEBUG FXGLAssetLoaderServi - Loading from cache: /assets/textures/murHautBas.png
18:11:17.010 [JavaFX Application Thread] DEBUG FXGLAssetLoaderServi - Loading from cache: /assets/textures/murHautBas.png
18:11:17.010 [JavaFX Application Thread] DEBUG FXGLAssetLoaderServi - Loading from cache: /assets/textures/murHautBas.png
18:11:17.011 [JavaFX Application Thread] DEBUG FXGLAssetLoaderServi - Loading from cache: /assets/textures/murDroite.png
18:11:17.011 [JavaFX Application Thread] DEBUG FXGLAssetLoaderServi - Loading from cache: /assets/textures/murGauche.png
18:11:17.012 [JavaFX Application Thread] DEBUG FXGLAssetLoaderServi - Loading from cache: /assets/textures/lezard.png
18:11:17.012 [JavaFX Application Thread] DEBUG FXGLAssetLoaderServi - Loading from cache: /assets/textures/bat.png
18:11:17.013 [JavaFX Application Thread] DEBUG FXGLAssetLoaderServi - Loading from cache: /assets/textures/renard.png
18:11:17.013 [JavaFX Application Thread] DEBUG FXGLAssetLoaderServi - Loading from cache: /assets/textures/bat.png
18:11:17.013 [JavaFX Application Thread] DEBUG FXGLAssetLoaderServi - Loading from cache: /assets/textures/renard.png
18:11:17.013 [JavaFX Application Thread] DEBUG FXGLAssetLoaderServi - Loading from cache: /assets/textures/bat.png
18:11:17.014 [JavaFX Application Thread] DEBUG FXGLAssetLoaderServi - Loading from cache: /assets/textures/murDroite.png
18:11:17.014 [JavaFX Application Thread] DEBUG FXGLAssetLoaderServi - Loading from cache: /assets/textures/murGauche.png
18:11:17.016 [JavaFX Application Thread] DEBUG FXGLAssetLoaderServi - Loading from cache: /assets/textures/murHautBas.png
18:11:17.016 [JavaFX Application Thread] DEBUG FXGLAssetLoaderServi - Loading from cache: /assets/textures/murHautBas.png
18:11:17.016 [JavaFX Application Thread] DEBUG FXGLAssetLoaderServi - Loading from cache: /assets/textures/murHautBas.png
18:11:17.017 [JavaFX Application Thread] DEBUG FXGLAssetLoaderServi - Loading from cache: /assets/textures/murHautBas.png
18:11:17.017 [JavaFX Application Thread] DEBUG FXGLAssetLoaderServi - Loading from cache: /assets/textures/murDroite.png
18:11:17.017 [JavaFX Application Thread] DEBUG FXGLAssetLoaderServi - Loading from cache: /assets/textures/murGauche.png
18:11:17.017 [JavaFX Application Thread] DEBUG FXGLAssetLoaderServi - Loading from cache: /assets/textures/murHautBas.png
18:11:17.018 [JavaFX Application Thread] DEBUG FXGLAssetLoaderServi - Loading from cache: /assets/textures/murHautBas.png
18:11:17.018 [JavaFX Application Thread] DEBUG FXGLAssetLoaderServi - Loading from cache: /assets/textures/murHautBas.png
18:11:17.018 [JavaFX Application Thread] DEBUG FXGLAssetLoaderServi - Loading from cache: /assets/textures/murHautBas.png
18:11:17.019 [JavaFX Application Thread] DEBUG FXGLAssetLoaderServi - Loading from cache: /assets/textures/murDroite.png
18:11:17.020 [JavaFX Application Thread] DEBUG FXGLAssetLoaderServi - Loading from cache: /assets/textures/murGauche.png
18:11:17.021 [JavaFX Application Thread] DEBUG FXGLAssetLoaderServi - Loading from cache: /assets/textures/murDroite.png
18:11:17.021 [JavaFX Application Thread] DEBUG FXGLAssetLoaderServi - Loading from cache: /assets/textures/murGauche.png
18:11:17.022 [JavaFX Application Thread] DEBUG FXGLAssetLoaderServi - Loading from cache: /assets/textures/murHautBas.png
18:11:17.022 [JavaFX Application Thread] DEBUG FXGLAssetLoaderServi - Loading from cache: /assets/textures/murHautBas.png
18:11:17.022 [JavaFX Application Thread] DEBUG FXGLAssetLoaderServi - Loading from cache: /assets/textures/murHautBas.png
18:11:17.022 [JavaFX Application Thread] DEBUG FXGLAssetLoaderServi - Loading from cache: /assets/textures/murHautBas.png
18:11:17.022 [JavaFX Application Thread] DEBUG FXGLAssetLoaderServi - Loading from cache: /assets/textures/murHautBas.png
18:11:17.022 [JavaFX Application Thread] DEBUG FXGLAssetLoaderServi - Loading from cache: /assets/textures/murHautBas.png
18:11:17.023 [JavaFX Application Thread] DEBUG FXGLAssetLoaderServi - Loading from cache: /assets/textures/murHautBas.png
18:11:17.023 [JavaFX Application Thread] DEBUG FXGLAssetLoaderServi - Loading from cache: /assets/textures/murHautBas.png
18:11:17.023 [JavaFX Application Thread] DEBUG FXGLAssetLoaderServi - Loading from cache: /assets/textures/murHautBas.png
18:11:17.023 [JavaFX Application Thread] DEBUG FXGLAssetLoaderServi - Loading from cache: /assets/textures/murHautBas.png
18:11:17.024 [JavaFX Application Thread] DEBUG FXGLAssetLoaderServi - Loading from cache: /assets/textures/murHautBas.png
18:11:17.024 [JavaFX Application Thread] DEBUG FXGLAssetLoaderServi - Loading from cache: /assets/textures/murHautBas.png
18:11:17.024 [JavaFX Application Thread] DEBUG FXGLAssetLoaderServi - Loading from cache: /assets/textures/murHautBas.png
18:11:17.024 [JavaFX Application Thread] DEBUG FXGLAssetLoaderServi - Loading from cache: /assets/textures/murHautBas.png
18:11:17.024 [JavaFX Application Thread] DEBUG FXGLAssetLoaderServi - Loading from cache: /assets/textures/murHautBas.png
18:11:17.024 [JavaFX Application Thread] DEBUG FXGLAssetLoaderServi - Loading from cache: /assets/textures/murDroite.png
18:11:17.025 [JavaFX Application Thread] DEBUG FXGLAssetLoaderServi - Loading from cache: /assets/textures/murGauche.png
18:11:17.026 [JavaFX Application Thread] DEBUG FXGLAssetLoaderServi - Loading from cache: /assets/textures/murDroite.png
18:11:17.027 [JavaFX Application Thread] DEBUG FXGLAssetLoaderServi - Loading from cache: /assets/textures/murGauche.png
18:11:17.028 [JavaFX Application Thread] DEBUG FXGLAssetLoaderServi - Loading from cache: /assets/textures/murDroite.png
18:11:17.029 [JavaFX Application Thread] DEBUG FXGLAssetLoaderServi - Loading from cache: /assets/textures/murGauche.png
18:11:17.029 [JavaFX Application Thread] DEBUG FXGLAssetLoaderServi - Loading from cache: /assets/textures/murHautBas.png
18:11:17.029 [JavaFX Application Thread] DEBUG FXGLAssetLoaderServi - Loading from cache: /assets/textures/murHautBas.png
18:11:17.029 [JavaFX Application Thread] DEBUG FXGLAssetLoaderServi - Loading from cache: /assets/textures/murHautBas.png
18:11:17.029 [JavaFX Application Thread] DEBUG FXGLAssetLoaderServi - Loading from cache: /assets/textures/murHautBas.png
18:11:17.030 [JavaFX Application Thread] DEBUG FXGLAssetLoaderServi - Loading from cache: /assets/textures/murHautBas.png
18:11:17.030 [JavaFX Application Thread] DEBUG FXGLAssetLoaderServi - Loading from cache: /assets/textures/murHautBas.png
18:11:17.030 [JavaFX Application Thread] DEBUG FXGLAssetLoaderServi - Loading from cache: /assets/textures/murHautBas.png
18:11:17.030 [JavaFX Application Thread] DEBUG FXGLAssetLoaderServi - Loading from cache: /assets/textures/murHautBas.png
18:11:17.030 [JavaFX Application Thread] DEBUG FXGLAssetLoaderServi - Loading from cache: /assets/textures/murHautBas.png
18:11:17.030 [JavaFX Application Thread] DEBUG FXGLAssetLoaderServi - Loading from cache: /assets/textures/murHautBas.png
18:11:17.030 [JavaFX Application Thread] DEBUG FXGLAssetLoaderServi - Loading from cache: /assets/textures/murHautBas.png
18:11:17.030 [JavaFX Application Thread] DEBUG FXGLAssetLoaderServi - Loading from cache: /assets/textures/murHautBas.png
18:11:17.031 [JavaFX Application Thread] DEBUG FXGLAssetLoaderServi - Loading from cache: /assets/textures/murHautBas.png
18:11:17.031 [JavaFX Application Thread] DEBUG FXGLAssetLoaderServi - Loading from cache: /assets/textures/murHautBas.png
18:11:17.031 [JavaFX Application Thread] DEBUG FXGLAssetLoaderServi - Loading from cache: /assets/textures/murHautBas.png
18:11:17.031 [JavaFX Application Thread] DEBUG FXGLAssetLoaderServi - Loading from cache: /assets/textures/murHautBas.png
18:11:17.031 [JavaFX Application Thread] DEBUG FXGLAssetLoaderServi - Loading from cache: /assets/textures/murDroite.png
18:11:17.031 [JavaFX Application Thread] DEBUG FXGLAssetLoaderServi - Loading from cache: /assets/textures/murGauche.png
18:11:17.033 [JavaFX Application Thread] DEBUG FXGLAssetLoaderServi - Loading from cache: /assets/textures/murDroite.png
18:11:17.033 [JavaFX Application Thread] DEBUG FXGLAssetLoaderServi - Loading from cache: /assets/textures/murGauche.png
18:11:17.034 [JavaFX Application Thread] DEBUG FXGLAssetLoaderServi - Loading from cache: /assets/textures/bat.png
18:11:17.035 [JavaFX Application Thread] DEBUG FXGLAssetLoaderServi - Loading from cache: /assets/textures/bat.png
18:11:17.036 [JavaFX Application Thread] DEBUG FXGLAssetLoaderServi - Loading from cache: /assets/textures/murDroite.png
18:11:17.036 [JavaFX Application Thread] DEBUG FXGLAssetLoaderServi - Loading from cache: /assets/textures/murGauche.png
18:11:17.036 [JavaFX Application Thread] DEBUG FXGLAssetLoaderServi - Loading from cache: /assets/textures/murHautBas.png
18:11:17.036 [JavaFX Application Thread] DEBUG FXGLAssetLoaderServi - Loading from cache: /assets/textures/murHautBas.png
18:11:17.037 [JavaFX Application Thread] DEBUG FXGLAssetLoaderServi - Loading from cache: /assets/textures/murHautBas.png
18:11:17.037 [JavaFX Application Thread] DEBUG FXGLAssetLoaderServi - Loading from cache: /assets/textures/murHautBas.png
18:11:17.037 [JavaFX Application Thread] DEBUG FXGLAssetLoaderServi - Loading from cache: /assets/textures/murHautBas.png
18:11:17.037 [JavaFX Application Thread] DEBUG FXGLAssetLoaderServi - Loading from cache: /assets/textures/murHautBas.png
18:11:17.037 [JavaFX Application Thread] DEBUG FXGLAssetLoaderServi - Loading from cache: /assets/textures/murHautBas.png
18:11:17.037 [JavaFX Application Thread] DEBUG FXGLAssetLoaderServi - Loading from cache: /assets/textures/murHautBas.png
18:11:17.038 [JavaFX Application Thread] DEBUG FXGLAssetLoaderServi - Loading from cache: /assets/textures/murHautBas.png
18:11:17.038 [JavaFX Application Thread] DEBUG FXGLAssetLoaderServi - Loading from cache: /assets/textures/murHautBas.png
18:11:17.038 [JavaFX Application Thread] DEBUG FXGLAssetLoaderServi - Loading from cache: /assets/textures/murHautBas.png
18:11:17.038 [JavaFX Application Thread] DEBUG FXGLAssetLoaderServi - Loading from cache: /assets/textures/murHautBas.png
18:11:17.038 [JavaFX Application Thread] DEBUG FXGLAssetLoaderServi - Loading from cache: /assets/textures/murHautBas.png
18:11:17.038 [JavaFX Application Thread] DEBUG FXGLAssetLoaderServi - Loading from cache: /assets/textures/murHautBas.png
18:11:17.039 [JavaFX Application Thread] DEBUG FXGLAssetLoaderServi - Loading from cache: /assets/textures/murHautBas.png
18:11:17.039 [JavaFX Application Thread] DEBUG FXGLAssetLoaderServi - Loading from cache: /assets/textures/murHautBas.png
18:11:17.039 [JavaFX Application Thread] DEBUG FXGLAssetLoaderServi - Loading from cache: /assets/textures/murHautBas.png
18:11:17.039 [JavaFX Application Thread] DEBUG FXGLAssetLoaderServi - Loading from cache: /assets/textures/murHautBas.png
18:11:17.039 [JavaFX Application Thread] DEBUG FXGLAssetLoaderServi - Loading from cache: /assets/textures/murDroite.png
18:11:17.039 [JavaFX Application Thread] DEBUG FXGLAssetLoaderServi - Loading from cache: /assets/textures/murGauche.png
18:11:17.040 [JavaFX Application Thread] DEBUG FXGLAssetLoaderServi - Loading from cache: /assets/textures/murDroite.png
18:11:17.040 [JavaFX Application Thread] DEBUG FXGLAssetLoaderServi - Loading from cache: /assets/textures/murGauche.png
18:11:17.041 [JavaFX Application Thread] DEBUG FXGLAssetLoaderServi - Loading from cache: /assets/textures/renard.png
18:11:17.041 [JavaFX Application Thread] DEBUG FXGLAssetLoaderServi - Loading from cache: /assets/textures/renard.png
18:11:17.043 [JavaFX Application Thread] DEBUG FXGLAssetLoaderServi - Loading from cache: /assets/textures/murDroite.png
18:11:17.043 [JavaFX Application Thread] DEBUG FXGLAssetLoaderServi - Loading from cache: /assets/textures/murGauche.png
18:11:17.044 [JavaFX Application Thread] DEBUG FXGLAssetLoaderServi - Loading from cache: /assets/textures/bat.png
18:11:17.044 [JavaFX Application Thread] DEBUG FXGLAssetLoaderServi - Loading from cache: /assets/textures/renard.png
18:11:17.044 [JavaFX Application Thread] DEBUG FXGLAssetLoaderServi - Loading from cache: /assets/textures/murDroite.png
18:11:17.045 [JavaFX Application Thread] DEBUG FXGLAssetLoaderServi - Loading from cache: /assets/textures/murGauche.png
18:11:17.045 [JavaFX Application Thread] DEBUG FXGLAssetLoaderServi - Loading from cache: /assets/textures/murHautBas.png
18:11:17.045 [JavaFX Application Thread] DEBUG FXGLAssetLoaderServi - Loading from cache: /assets/textures/murHautBas.png
18:11:17.045 [JavaFX Application Thread] DEBUG FXGLAssetLoaderServi - Loading from cache: /assets/textures/murHautBas.png
18:11:17.045 [JavaFX Application Thread] DEBUG FXGLAssetLoaderServi - Loading from cache: /assets/textures/murHautBas.png
18:11:17.045 [JavaFX Application Thread] DEBUG FXGLAssetLoaderServi - Loading from cache: /assets/textures/murHautBas.png
18:11:17.046 [JavaFX Application Thread] DEBUG FXGLAssetLoaderServi - Loading from cache: /assets/textures/murHautBas.png
18:11:17.046 [JavaFX Application Thread] DEBUG FXGLAssetLoaderServi - Loading from cache: /assets/textures/murHautBas.png
18:11:17.046 [JavaFX Application Thread] DEBUG FXGLAssetLoaderServi - Loading from cache: /assets/textures/murHautBas.png
18:11:17.046 [JavaFX Application Thread] DEBUG FXGLAssetLoaderServi - Loading from cache: /assets/textures/murHautBas.png
18:11:17.046 [JavaFX Application Thread] DEBUG FXGLAssetLoaderServi - Loading from cache: /assets/textures/murHautBas.png
18:11:17.046 [JavaFX Application Thread] DEBUG FXGLAssetLoaderServi - Loading from cache: /assets/textures/murHautBas.png
18:11:17.046 [JavaFX Application Thread] DEBUG FXGLAssetLoaderServi - Loading from cache: /assets/textures/murHautBas.png
18:11:17.047 [JavaFX Application Thread] DEBUG FXGLAssetLoaderServi - Loading from cache: /assets/textures/murHautBas.png
18:11:17.047 [JavaFX Application Thread] DEBUG FXGLAssetLoaderServi - Loading from cache: /assets/textures/murHautBas.png
18:11:17.047 [JavaFX Application Thread] DEBUG FXGLAssetLoaderServi - Loading from cache: /assets/textures/murHautBas.png
18:11:17.047 [JavaFX Application Thread] DEBUG FXGLAssetLoaderServi - Loading from cache: /assets/textures/murHautBas.png
18:11:17.047 [JavaFX Application Thread] DEBUG FXGLAssetLoaderServi - Loading from cache: /assets/textures/murHautBas.png
18:11:17.047 [JavaFX Application Thread] DEBUG FXGLAssetLoaderServi - Loading from cache: /assets/textures/murHautBas.png
18:11:17.047 [JavaFX Application Thread] DEBUG FXGLAssetLoaderServi - Loading from cache: /assets/textures/murDroite.png
18:11:17.047 [JavaFX Application Thread] DEBUG FXGLAssetLoaderServi - Loading from cache: /assets/textures/murGauche.png
18:11:17.048 [JavaFX Application Thread] DEBUG FXGLAssetLoaderServi - Loading from cache: /assets/textures/escalier.png
18:11:17.048 [JavaFX Application Thread] DEBUG FXGLAssetLoaderServi - Loading from cache: /assets/textures/renard.png
18:11:17.049 [JavaFX Application Thread] DEBUG FXGLAssetLoaderServi - Loading from cache: /assets/textures/murDroite.png
18:11:17.049 [JavaFX Application Thread] DEBUG FXGLAssetLoaderServi - Loading from cache: /assets/textures/murCoinGauche.png
18:11:17.049 [JavaFX Application Thread] DEBUG FXGLAssetLoaderServi - Loading from cache: /assets/textures/murHautBas.png
18:11:17.049 [JavaFX Application Thread] DEBUG FXGLAssetLoaderServi - Loading from cache: /assets/textures/murHautBas.png
18:11:17.049 [JavaFX Application Thread] DEBUG FXGLAssetLoaderServi - Loading from cache: /assets/textures/murHautBas.png
18:11:17.049 [JavaFX Application Thread] DEBUG FXGLAssetLoaderServi - Loading from cache: /assets/textures/murHautBas.png
18:11:17.049 [JavaFX Application Thread] DEBUG FXGLAssetLoaderServi - Loading from cache: /assets/textures/murHautBas.png
18:11:17.049 [JavaFX Application Thread] DEBUG FXGLAssetLoaderServi - Loading from cache: /assets/textures/murHautBas.png
18:11:17.049 [JavaFX Application Thread] DEBUG FXGLAssetLoaderServi - Loading from cache: /assets/textures/murHautBas.png
18:11:17.050 [JavaFX Application Thread] DEBUG FXGLAssetLoaderServi - Loading from cache: /assets/textures/murHautBas.png
18:11:17.050 [JavaFX Application Thread] DEBUG FXGLAssetLoaderServi - Loading from cache: /assets/textures/murHautBas.png
18:11:17.050 [JavaFX Application Thread] DEBUG FXGLAssetLoaderServi - Loading from cache: /assets/textures/murHautBas.png
18:11:17.050 [JavaFX Application Thread] DEBUG FXGLAssetLoaderServi - Loading from cache: /assets/textures/murHautBas.png
18:11:17.050 [JavaFX Application Thread] DEBUG FXGLAssetLoaderServi - Loading from cache: /assets/textures/murHautBas.png
18:11:17.050 [JavaFX Application Thread] DEBUG FXGLAssetLoaderServi - Loading from cache: /assets/textures/murHautBas.png
18:11:17.051 [JavaFX Application Thread] DEBUG FXGLAssetLoaderServi - Loading from cache: /assets/textures/murHautBas.png
18:11:17.051 [JavaFX Application Thread] DEBUG FXGLAssetLoaderServi - Loading from cache: /assets/textures/murHautBas.png
18:11:17.051 [JavaFX Application Thread] DEBUG FXGLAssetLoaderServi - Loading from cache: /assets/textures/murHautBas.png
18:11:17.051 [JavaFX Application Thread] DEBUG FXGLAssetLoaderServi - Loading from cache: /assets/textures/murHautBas.png
18:11:17.051 [JavaFX Application Thread] DEBUG FXGLAssetLoaderServi - Loading from cache: /assets/textures/murHautBas.png
18:11:17.051 [JavaFX Application Thread] DEBUG FXGLAssetLoaderServi - Loading from cache: /assets/textures/murHautBas.png
18:11:17.051 [JavaFX Application Thread] DEBUG FXGLAssetLoaderServi - Loading from cache: /assets/textures/murCoinDroite.png
18:11:17.051 [JavaFX Application Thread] DEBUG GameWorld            - Clearing removable entities
18:11:17.069 [JavaFX Application Thread] DEBUG GameWorld            - Setting level: com.almasb.fxgl.entity.level.Level@68bcc42f
18:11:20.466 [JavaFX Application Thread] DEBUG FXGLAssetLoaderServi - Loading from cache: /assets/textures/Chest.png
18:11:20.782 [JavaFX Application Thread] DEBUG FXGLAssetLoaderServi - Loading from cache: /assets/textures/Chest.png
18:11:22.107 [JavaFX Application Thread] DEBUG FXGLAssetLoaderServi - Loading from cache: /assets/textures/Chest.png
18:11:23.267 [JavaFX Application Thread] DEBUG FXGLAssetLoaderServi - Loading from cache: /assets/textures/Chest.png
18:11:24.000 [JavaFX Application Thread] DEBUG FXGLAssetLoaderServi - Loading from cache: /assets/textures/Chest.png
18:11:27.216 [JavaFX Application Thread] DEBUG FXGLAssetLoaderServi - Loading from cache: /assets/textures/Chest.png
18:11:36.345 [JavaFX Application Thread] DEBUG FXGLAssetLoaderServi - Loading from cache: /assets/textures/Chest.png
18:11:38.278 [JavaFX Application Thread] DEBUG FXGLAssetLoaderServi - Loading from cache: /assets/textures/Chest.png
18:11:42.727 [JavaFX Application Thread] DEBUG MainWindow           - Push state: MyMenu
18:11:42.727 [JavaFX Application Thread] DEBUG Input                - Clearing active input actions
18:11:42.727 [JavaFX Application Thread] DEBUG GameApplicationServi - Removing overlay from GameScene and adding to MyMenu
18:11:42.727 [JavaFX Application Thread] DEBUG MainWindow           - GameScene -> MyMenu
18:11:43.372 [JavaFX Application Thread] DEBUG MainWindow           - Pop state: MyMenu
18:11:43.372 [JavaFX Application Thread] DEBUG Input                - Clearing active input actions
18:11:43.373 [JavaFX Application Thread] DEBUG GameApplicationServi - Removing overlay from MyMenu and adding to GameScene
18:11:43.373 [JavaFX Application Thread] DEBUG MainWindow           - GameScene <- MyMenu
18:11:46.562 [JavaFX Application Thread] DEBUG FXGLAssetLoaderServi - Loading from cache: /assets/textures/Chest.png
18:11:47.160 [JavaFX Application Thread] DEBUG FXGLAssetLoaderServi - Loading from cache: /assets/textures/Chest.png
18:11:49.780 [JavaFX Application Thread] DEBUG FXGLAssetLoaderServi - Loading from cache: /assets/textures/Chest.png
18:11:50.931 [JavaFX Application Thread] DEBUG FXGLAssetLoaderServi - Loading from cache: /assets/textures/Chest.png
18:11:58.491 [JavaFX Application Thread] DEBUG FXGLAssetLoaderServi - Loading from cache: /assets/textures/Chest.png
18:12:02.685 [JavaFX Application Thread] DEBUG FXGLAssetLoaderServi - Loading from file system: /assets/levels/map_level2.txt
18:12:02.686 [JavaFX Application Thread] DEBUG FXGLAssetLoaderServi - Loading from cache: /assets/textures/murGauche.png
18:12:02.686 [JavaFX Application Thread] DEBUG FXGLAssetLoaderServi - Loading from cache: /assets/textures/murHautBas.png
18:12:02.686 [JavaFX Application Thread] DEBUG FXGLAssetLoaderServi - Loading from cache: /assets/textures/murDroite.png
18:12:02.687 [JavaFX Application Thread] DEBUG FXGLAssetLoaderServi - Loading from cache: /assets/textures/murGauche.png
18:12:02.697 [JavaFX Application Thread] DEBUG FXGLAssetLoaderServi - Loading from cache: /assets/textures/player.png
18:12:02.703 [JavaFX Application Thread] DEBUG FXGLAssetLoaderServi - Loading from cache: /assets/textures/murDroite.png
18:12:02.703 [JavaFX Application Thread] DEBUG FXGLAssetLoaderServi - Loading from cache: /assets/textures/murGauche.png
18:12:02.703 [JavaFX Application Thread] DEBUG FXGLAssetLoaderServi - Loading from cache: /assets/textures/murDroite.png
18:12:02.708 [JavaFX Application Thread] DEBUG FXGLAssetLoaderServi - Loading from cache: /assets/textures/murGauche.png
18:12:02.708 [JavaFX Application Thread] DEBUG FXGLAssetLoaderServi - Loading from cache: /assets/textures/murDroite.png
18:12:02.709 [JavaFX Application Thread] DEBUG FXGLAssetLoaderServi - Loading from cache: /assets/textures/murGauche.png
18:12:02.709 [JavaFX Application Thread] DEBUG FXGLAssetLoaderServi - Loading from cache: /assets/textures/murDroite.png
18:12:02.709 [JavaFX Application Thread] DEBUG FXGLAssetLoaderServi - Loading from cache: /assets/textures/murGauche.png
18:12:02.710 [JavaFX Application Thread] DEBUG FXGLAssetLoaderServi - Loading from cache: /assets/textures/murDroite.png
18:12:02.710 [JavaFX Application Thread] DEBUG FXGLAssetLoaderServi - Loading from cache: /assets/textures/murGauche.png
18:12:02.710 [JavaFX Application Thread] DEBUG FXGLAssetLoaderServi - Loading from cache: /assets/textures/murDroite.png
18:12:02.710 [JavaFX Application Thread] DEBUG FXGLAssetLoaderServi - Loading from cache: /assets/textures/murGauche.png
18:12:02.711 [JavaFX Application Thread] DEBUG FXGLAssetLoaderServi - Loading from cache: /assets/textures/murHautBas.png
18:12:02.711 [JavaFX Application Thread] DEBUG FXGLAssetLoaderServi - Loading from cache: /assets/textures/murHautBas.png
18:12:02.711 [JavaFX Application Thread] DEBUG FXGLAssetLoaderServi - Loading from cache: /assets/textures/murHautBas.png
18:12:02.711 [JavaFX Application Thread] DEBUG FXGLAssetLoaderServi - Loading from cache: /assets/textures/murHautBas.png
18:12:02.711 [JavaFX Application Thread] DEBUG FXGLAssetLoaderServi - Loading from cache: /assets/textures/murHautBas.png
18:12:02.711 [JavaFX Application Thread] DEBUG FXGLAssetLoaderServi - Loading from cache: /assets/textures/murHautBas.png
18:12:02.711 [JavaFX Application Thread] DEBUG FXGLAssetLoaderServi - Loading from cache: /assets/textures/murHautBas.png
18:12:02.711 [JavaFX Application Thread] DEBUG FXGLAssetLoaderServi - Loading from cache: /assets/textures/murHautBas.png
18:12:02.711 [JavaFX Application Thread] DEBUG FXGLAssetLoaderServi - Loading from cache: /assets/textures/murHautBas.png
18:12:02.711 [JavaFX Application Thread] DEBUG FXGLAssetLoaderServi - Loading from cache: /assets/textures/murHautBas.png
18:12:02.711 [JavaFX Application Thread] DEBUG FXGLAssetLoaderServi - Loading from cache: /assets/textures/murHautBas.png
18:12:02.711 [JavaFX Application Thread] DEBUG FXGLAssetLoaderServi - Loading from cache: /assets/textures/murHautBas.png
18:12:02.711 [JavaFX Application Thread] DEBUG FXGLAssetLoaderServi - Loading from cache: /assets/textures/murHautBas.png
18:12:02.711 [JavaFX Application Thread] DEBUG FXGLAssetLoaderServi - Loading from cache: /assets/textures/murHautBas.png
18:12:02.712 [JavaFX Application Thread] DEBUG FXGLAssetLoaderServi - Loading from cache: /assets/textures/murHautBas.png
18:12:02.712 [JavaFX Application Thread] DEBUG FXGLAssetLoaderServi - Loading from cache: /assets/textures/murHautBas.png
18:12:02.712 [JavaFX Application Thread] DEBUG FXGLAssetLoaderServi - Loading from cache: /assets/textures/murHautBas.png
18:12:02.712 [JavaFX Application Thread] DEBUG FXGLAssetLoaderServi - Loading from cache: /assets/textures/murHautBas.png
18:12:02.712 [JavaFX Application Thread] DEBUG FXGLAssetLoaderServi - Loading from cache: /assets/textures/murCoinDroite.png
18:12:02.712 [JavaFX Application Thread] DEBUG FXGLAssetLoaderServi - Loading from cache: /assets/textures/murGauche.png
18:12:02.713 [JavaFX Application Thread] DEBUG FXGLAssetLoaderServi - Loading from cache: /assets/textures/murDroite.png
18:12:02.713 [JavaFX Application Thread] DEBUG FXGLAssetLoaderServi - Loading from cache: /assets/textures/murGauche.png
18:12:02.714 [JavaFX Application Thread] DEBUG FXGLAssetLoaderServi - Loading from cache: /assets/textures/murDroite.png
18:12:02.714 [JavaFX Application Thread] DEBUG FXGLAssetLoaderServi - Loading from cache: /assets/textures/murGauche.png
18:12:02.715 [JavaFX Application Thread] DEBUG FXGLAssetLoaderServi - Loading from cache: /assets/textures/murDroite.png
18:12:02.715 [JavaFX Application Thread] DEBUG FXGLAssetLoaderServi - Loading from cache: /assets/textures/murGauche.png
18:12:02.716 [JavaFX Application Thread] DEBUG FXGLAssetLoaderServi - Loading from file system: /assets/textures/FireDragonBoss.png
18:12:02.721 [JavaFX Application Thread] DEBUG FXGLAssetLoaderServi - Loading from cache: /assets/textures/murDroite.png
18:12:02.721 [JavaFX Application Thread] DEBUG FXGLAssetLoaderServi - Loading from cache: /assets/textures/murGauche.png
18:12:02.722 [JavaFX Application Thread] DEBUG FXGLAssetLoaderServi - Loading from cache: /assets/textures/murDroite.png
18:12:02.722 [JavaFX Application Thread] DEBUG FXGLAssetLoaderServi - Loading from cache: /assets/textures/murGauche.png
18:12:02.723 [JavaFX Application Thread] DEBUG FXGLAssetLoaderServi - Loading from cache: /assets/textures/murDroite.png
18:12:02.723 [JavaFX Application Thread] DEBUG FXGLAssetLoaderServi - Loading from cache: /assets/textures/murGauche.png
18:12:02.723 [JavaFX Application Thread] DEBUG FXGLAssetLoaderServi - Loading from cache: /assets/textures/murHautBas.png
18:12:02.723 [JavaFX Application Thread] DEBUG FXGLAssetLoaderServi - Loading from cache: /assets/textures/murHautBas.png
18:12:02.723 [JavaFX Application Thread] DEBUG FXGLAssetLoaderServi - Loading from cache: /assets/textures/murHautBas.png
18:12:02.723 [JavaFX Application Thread] DEBUG FXGLAssetLoaderServi - Loading from cache: /assets/textures/murHautBas.png
18:12:02.723 [JavaFX Application Thread] DEBUG FXGLAssetLoaderServi - Loading from cache: /assets/textures/murHautBas.png
18:12:02.723 [JavaFX Application Thread] DEBUG FXGLAssetLoaderServi - Loading from cache: /assets/textures/murHautBas.png
18:12:02.723 [JavaFX Application Thread] DEBUG FXGLAssetLoaderServi - Loading from cache: /assets/textures/murHautBas.png
18:12:02.723 [JavaFX Application Thread] DEBUG FXGLAssetLoaderServi - Loading from cache: /assets/textures/murHautBas.png
18:12:02.723 [JavaFX Application Thread] DEBUG FXGLAssetLoaderServi - Loading from file system: /assets/textures/inG.png
18:12:02.724 [JavaFX Application Thread] DEBUG FXGLAssetLoaderServi - Loading from file system: /assets/textures/inD.png
18:12:02.725 [JavaFX Application Thread] DEBUG FXGLAssetLoaderServi - Loading from cache: /assets/textures/murHautBas.png
18:12:02.725 [JavaFX Application Thread] DEBUG FXGLAssetLoaderServi - Loading from cache: /assets/textures/murHautBas.png
18:12:02.725 [JavaFX Application Thread] DEBUG FXGLAssetLoaderServi - Loading from cache: /assets/textures/murHautBas.png
18:12:02.725 [JavaFX Application Thread] DEBUG FXGLAssetLoaderServi - Loading from cache: /assets/textures/murHautBas.png
18:12:02.725 [JavaFX Application Thread] DEBUG FXGLAssetLoaderServi - Loading from cache: /assets/textures/murHautBas.png
18:12:02.725 [JavaFX Application Thread] DEBUG FXGLAssetLoaderServi - Loading from cache: /assets/textures/murHautBas.png
18:12:02.725 [JavaFX Application Thread] DEBUG FXGLAssetLoaderServi - Loading from cache: /assets/textures/murHautBas.png
18:12:02.725 [JavaFX Application Thread] DEBUG FXGLAssetLoaderServi - Loading from cache: /assets/textures/murHautBas.png
18:12:02.725 [JavaFX Application Thread] DEBUG FXGLAssetLoaderServi - Loading from cache: /assets/textures/murDroite.png
18:12:02.726 [JavaFX Application Thread] DEBUG FXGLAssetLoaderServi - Loading from cache: /assets/textures/murGauche.png
18:12:02.726 [JavaFX Application Thread] DEBUG FXGLAssetLoaderServi - Loading from cache: /assets/textures/murDroite.png
18:12:02.726 [JavaFX Application Thread] DEBUG FXGLAssetLoaderServi - Loading from cache: /assets/textures/murGauche.png
18:12:02.726 [JavaFX Application Thread] DEBUG FXGLAssetLoaderServi - Loading from cache: /assets/textures/murDroite.png
18:12:02.727 [JavaFX Application Thread] DEBUG FXGLAssetLoaderServi - Loading from cache: /assets/textures/murGauche.png
18:12:02.727 [JavaFX Application Thread] DEBUG FXGLAssetLoaderServi - Loading from cache: /assets/textures/murDroite.png
18:12:02.727 [JavaFX Application Thread] DEBUG FXGLAssetLoaderServi - Loading from cache: /assets/textures/murGauche.png
18:12:02.728 [JavaFX Application Thread] DEBUG FXGLAssetLoaderServi - Loading from cache: /assets/textures/murDroite.png
18:12:02.728 [JavaFX Application Thread] DEBUG FXGLAssetLoaderServi - Loading from cache: /assets/textures/murGauche.png
18:12:02.728 [JavaFX Application Thread] DEBUG FXGLAssetLoaderServi - Loading from cache: /assets/textures/escalier.png
18:12:02.728 [JavaFX Application Thread] DEBUG FXGLAssetLoaderServi - Loading from cache: /assets/textures/murDroite.png
18:12:02.729 [JavaFX Application Thread] DEBUG FXGLAssetLoaderServi - Loading from cache: /assets/textures/murGauche.png
18:12:02.729 [JavaFX Application Thread] DEBUG FXGLAssetLoaderServi - Loading from cache: /assets/textures/murHautBas.png
18:12:02.729 [JavaFX Application Thread] DEBUG FXGLAssetLoaderServi - Loading from cache: /assets/textures/murDroite.png
18:12:02.729 [JavaFX Application Thread] DEBUG GameWorld            - Clearing removable entities
18:12:02.740 [JavaFX Application Thread] DEBUG GameWorld            - Setting level: com.almasb.fxgl.entity.level.Level@2cd9b5ee
18:12:08.504 [JavaFX Application Thread] DEBUG FXGLAssetLoaderServi - Loading from cache: /assets/textures/Chest.png
18:12:13.888 [JavaFX Application Thread] DEBUG MainWindow           - Push state: DialogSubScene
18:12:13.888 [JavaFX Application Thread] DEBUG Input                - Clearing active input actions
18:12:13.888 [JavaFX Application Thread] DEBUG GameApplicationServi - Removing overlay from GameScene and adding to DialogSubScene
18:12:13.888 [JavaFX Application Thread] DEBUG MainWindow           - GameScene -> DialogSubScene
18:12:15.418 [JavaFX Application Thread] DEBUG MainWindow           - Pop state: DialogSubScene
18:12:15.418 [JavaFX Application Thread] DEBUG Input                - Clearing active input actions
18:12:15.419 [JavaFX Application Thread] DEBUG GameApplicationServi - Removing overlay from DialogSubScene and adding to GameScene
18:12:15.419 [JavaFX Application Thread] DEBUG MainWindow           - GameScene <- DialogSubScene
18:12:15.419 [JavaFX Application Thread] DEBUG FXGLApplication      - Exiting FXGL
18:12:15.419 [JavaFX Application Thread] DEBUG LoopRunner           - Stopping loop
18:12:15.419 [JavaFX Application Thread] DEBUG SystemBundleService  - Saving FXGL system data
18:12:15.420 [JavaFX Application Thread] DEBUG FileSystemAccess     - Writing to: C:\Users\Araksio\eclipse-workspace\Slime-Conqueror\system\fxgl.bundle
18:12:15.421 [JavaFX Application Thread] DEBUG Async                - Shutting down background threads
18:12:15.421 [JavaFX Application Thread] DEBUG MainWindow           - Closing main window
18:12:15.435 [JavaFX Application Thread] DEBUG Logger               - Closing Logger
